2023-04-19 08:32:05,668 Forecasting C3 PT Badak ...
2023-04-19 08:32:05,669 Connecting to database ...
2023-04-19 08:32:05,809 LPG C3 PT Badak Null Value Cleaning ...
2023-04-19 08:32:06,294 LPG C3 PT Badak Prepare Data ...
2023-04-19 08:32:06,297 Create Exogenous Features for Training ...
2023-04-19 08:32:06,301 Create Exogenous Features for Future Dates ...
2023-04-19 08:32:06,307 Create Arimax Forecasting LPG C3 PT Badak ...
2023-04-19 08:32:06,314 Creating ARIMAX Model ...
2023-04-19 08:32:06,587 ARIMAX Model Summary
2023-04-19 08:32:06,591                                SARIMAX Results                                
==============================================================================
Dep. Variable:                      y   No. Observations:                  180
Model:               SARIMAX(2, 0, 2)   Log Likelihood                -925.140
Date:                Wed, 19 Apr 2023   AIC                           1864.280
Time:                        08:32:06   BIC                           1886.631
Sample:                    07-01-2022   HQIC                          1873.342
                         - 12-27-2022                                         
Covariance Type:                  opg                                         
==============================================================================
                 coef    std err          z      P>|z|      [0.025      0.975]
------------------------------------------------------------------------------
intercept     19.4110     15.892      1.221      0.222     -11.737      50.559
day            0.8388      1.290      0.650      0.516      -1.690       3.368
ar.L1          0.6877      0.305      2.252      0.024       0.089       1.286
ar.L2          0.2281      0.287      0.795      0.427      -0.334       0.791
ma.L1         -0.2190      0.320     -0.684      0.494      -0.847       0.409
ma.L2          0.1302      0.175      0.744      0.457      -0.213       0.473
sigma2      1840.4997    153.893     11.960      0.000    1538.876    2142.124
===================================================================================
Ljung-Box (L1) (Q):                   0.00   Jarque-Bera (JB):                73.82
Prob(Q):                              1.00   Prob(JB):                         0.00
Heteroskedasticity (H):               1.40   Skew:                             0.24
Prob(H) (two-sided):                  0.19   Kurtosis:                         6.10
===================================================================================

Warnings:
[1] Covariance matrix calculated using the outer product of gradients (complex-step).
2023-04-19 08:32:06,599 ARIMAX Model Prediction ..
2023-04-19 08:32:06,632 Create Sarimax Forecasting LPG C3 PT Badak ...
2023-04-19 08:32:06,636 Creating SARIMAX Model ...
2023-04-19 08:32:07,057 SARIMAX Model Summary
2023-04-19 08:32:07,060                                      SARIMAX Results                                      
==========================================================================================
Dep. Variable:                                  y   No. Observations:                  180
Model:             SARIMAX(2, 0, 0)x(1, 0, 0, 12)   Log Likelihood                -921.841
Date:                            Wed, 19 Apr 2023   AIC                           1855.682
Time:                                    08:32:07   BIC                           1874.840
Sample:                                07-01-2022   HQIC                          1863.450
                                     - 12-27-2022                                         
Covariance Type:                              opg                                         
==============================================================================
                 coef    std err          z      P>|z|      [0.025      0.975]
------------------------------------------------------------------------------
intercept     29.9246     11.133      2.688      0.007       8.104      51.746
day            0.8342      1.130      0.738      0.460      -1.380       3.049
ar.L1          0.4611      0.043     10.640      0.000       0.376       0.546
ar.L2          0.3883      0.050      7.785      0.000       0.290       0.486
ar.S.L12       0.2018      0.084      2.400      0.016       0.037       0.367
sigma2      1627.7269    118.018     13.792      0.000    1396.416    1859.038
===================================================================================
Ljung-Box (L1) (Q):                   0.06   Jarque-Bera (JB):                65.10
Prob(Q):                              0.80   Prob(JB):                         0.00
Heteroskedasticity (H):               1.46   Skew:                             0.19
Prob(H) (two-sided):                  0.14   Kurtosis:                         5.92
===================================================================================

Warnings:
[1] Covariance matrix calculated using the outer product of gradients (complex-step).
2023-04-19 08:32:07,068 SARIMAX Model Prediction ..
2023-04-19 08:32:07,102 Create Prophet Forecasting LPG C3 PT Badak ...
2023-04-19 08:32:07,106 Creating Prophet Model ....
2023-04-19 08:32:07,193 Prophet Model Prediction ...
2023-04-19 08:32:07,775 Create Random Forest Forecasting LPG C3 PT Badak ...
2023-04-19 08:32:07,780 Creating Random Forest Model ...
2023-04-19 08:32:08,103 Random Forest Model Prediction
2023-04-19 08:32:11,153 Create XGBoost Forecasting LPG C3 PT Badak ...
2023-04-19 08:32:11,157 Creating XGBoost Model ...
2023-04-19 08:32:11,256 XGBoost Model Prediction ...
2023-04-19 08:32:11,469 Create Linear Regression Forecasting LPG C3 PT Badak ...
2023-04-19 08:32:11,472 Creating Linear Regression Model ...
2023-04-19 08:32:11,482 Linear Regression Model Prediction ...
2023-04-19 08:32:11,510 Create Polynomial Regression Degree=2 Forecasting LPG C3 PT Badak ...
2023-04-19 08:32:11,513 Creating Polynomial Regression Orde 2 Model ...
2023-04-19 08:32:11,539 Polynomial Regression Orde 2 Model Prediction ...
2023-04-19 08:32:12,052 Create Polynomial Regression Degree=3 Forecasting LPG C3 PT Badak ...
2023-04-19 08:32:12,057 Creating Polynomial Regression Orde 3 Model ...
2023-04-19 08:32:12,076 Polynomial Regression Orde 3 Model Prediction ...
2023-04-19 08:32:12,096 Creating all model prediction result data frame ...
2023-04-19 08:32:12,105 Updating forecast result to database ...
2023-04-19 08:32:12,531 Updated rows: 124
2023-04-19 08:32:12,532 Done
