2023-04-19 02:25:24,599 Connecting to database ...
2023-04-19 02:25:24,749 LPG C4 PT Badak Null Value Cleaning ...
2023-04-19 02:25:25,252 LPG C4 PT Badak Prepare Data ...
2023-04-19 02:25:25,256 Create Exogenous Features for Training ...
2023-04-19 02:25:25,259 Create Exogenous Features for Future Dates ...
2023-04-19 02:25:25,266 Create Arimax Forecasting LPG C4 PT Badak ...
2023-04-19 02:25:25,273 Creating ARIMAX Model ...
2023-04-19 02:25:25,486 ARIMAX Model Summary
2023-04-19 02:25:25,564                                SARIMAX Results                                
==============================================================================
Dep. Variable:                      y   No. Observations:                  180
Model:               SARIMAX(1, 0, 2)   Log Likelihood               -1016.915
Date:                Wed, 19 Apr 2023   AIC                           2045.830
Time:                        02:25:25   BIC                           2064.988
Sample:                    07-01-2022   HQIC                          2053.598
                         - 12-27-2022                                         
Covariance Type:                  opg                                         
==============================================================================
                 coef    std err          z      P>|z|      [0.025      0.975]
------------------------------------------------------------------------------
intercept     14.3228     12.758      1.123      0.262     -10.682      39.327
day           -1.1858      1.243     -0.954      0.340      -3.623       1.251
ar.L1          0.9700      0.028     35.051      0.000       0.916       1.024
ma.L1         -0.5049      0.054     -9.272      0.000      -0.612      -0.398
ma.L2         -0.2019      0.066     -3.044      0.002      -0.332      -0.072
sigma2      4697.6865    381.190     12.324      0.000    3950.567    5444.806
===================================================================================
Ljung-Box (L1) (Q):                   0.02   Jarque-Bera (JB):               201.41
Prob(Q):                              0.88   Prob(JB):                         0.00
Heteroskedasticity (H):               0.43   Skew:                            -1.32
Prob(H) (two-sided):                  0.00   Kurtosis:                         7.46
===================================================================================

Warnings:
[1] Covariance matrix calculated using the outer product of gradients (complex-step).
2023-04-19 02:25:25,571 ARIMAX Model Prediction ..
2023-04-19 02:25:25,606 Create Sarimax Forecasting LPG C4 PT Badak ...
2023-04-19 02:25:28,382 Create Prophet Forecasting LPG C4 PT Badak ...
2023-04-19 02:25:28,986 Create Random Forest Forecasting LPG C4 PT Badak ...
2023-04-19 02:25:32,422 Create XGBoost Forecasting LPG C4 PT Badak ...
2023-04-19 02:25:32,710 Create Linear Regression Forecasting LPG C4 PT Badak ...
2023-04-19 02:25:32,756 Create Polynomial Regression Degree=2 Forecasting LPG C4 PT Badak ...
2023-04-19 02:25:32,808 Create Polynomial Regression Degree=3 Forecasting LPG C4 PT Badak ...
2023-04-19 02:25:33,778 Updating forecast result to database ...
2023-04-19 02:25:34,213 Updated rows: 124
