2023-05-08 08:21:08,834 Connecting to database ...
2023-05-08 08:21:09,259 Condensate PT Badak Null Value Cleaning ...
2023-05-08 08:21:09,410 Condensate PT Badak Prepare Data ...
2023-05-08 08:21:09,411 Condensate PT Badak Data Smoothing ...
2023-05-08 08:21:10,170 Create Exogenous Features for Training ...
2023-05-08 08:21:10,182 Create Exogenous Features for Future Dates ...
2023-05-08 08:21:10,183 Create Arimax Forecasting Condensate PT Badak ...
2023-05-08 08:21:10,187 Creating ARIMAX Model ...
2023-05-08 08:21:13,713 ARIMAX Model Summary
2023-05-08 08:21:13,717                                SARIMAX Results                                
==============================================================================
Dep. Variable:                      y   No. Observations:                 3648
Model:               SARIMAX(2, 1, 3)   Log Likelihood               -6462.053
Date:                Mon, 08 May 2023   AIC                          12942.106
Time:                        08:21:13   BIC                          12997.921
Sample:                    01-01-2013   HQIC                         12961.984
                         - 12-27-2022                                         
Covariance Type:                  opg                                         
==============================================================================
                 coef    std err          z      P>|z|      [0.025      0.975]
------------------------------------------------------------------------------
intercept     -0.0425      0.060     -0.709      0.478      -0.160       0.075
month          0.0052      0.012      0.415      0.678      -0.019       0.029
day            0.0002      0.001      0.147      0.883      -0.002       0.002
ar.L1          1.5515      0.015    101.727      0.000       1.522       1.581
ar.L2         -0.6568      0.015    -44.906      0.000      -0.685      -0.628
ma.L1          0.8834      0.018     49.184      0.000       0.848       0.919
ma.L2          0.5110      0.024     20.908      0.000       0.463       0.559
ma.L3          0.1378      0.018      7.804      0.000       0.103       0.172
sigma2         2.0217      0.029     69.425      0.000       1.965       2.079
===================================================================================
Ljung-Box (L1) (Q):                   0.05   Jarque-Bera (JB):              1913.44
Prob(Q):                              0.83   Prob(JB):                         0.00
Heteroskedasticity (H):               0.39   Skew:                            -0.12
Prob(H) (two-sided):                  0.00   Kurtosis:                         6.54
===================================================================================

Warnings:
[1] Covariance matrix calculated using the outer product of gradients (complex-step).
2023-05-08 08:21:13,725 ARIMAX Model Prediction ..
2023-05-08 08:21:13,749 Create Sarimax Forecasting Condensate PT Badak ...
2023-05-08 08:21:13,753 Creating SARIMAX Model ...
2023-05-08 08:21:16,443 SARIMAX Model Summary
2023-05-08 08:21:16,447                                SARIMAX Results                                
==============================================================================
Dep. Variable:                      y   No. Observations:                 3648
Model:               SARIMAX(3, 1, 1)   Log Likelihood               -6497.932
Date:                Mon, 08 May 2023   AIC                          13011.864
Time:                        08:21:16   BIC                          13061.477
Sample:                    01-01-2013   HQIC                         13029.534
                         - 12-27-2022                                         
Covariance Type:                  opg                                         
==============================================================================
                 coef    std err          z      P>|z|      [0.025      0.975]
------------------------------------------------------------------------------
intercept     -0.0232      0.031     -0.756      0.450      -0.083       0.037
month          0.0072      0.012      0.606      0.545      -0.016       0.030
day            0.0005      0.001      0.433      0.665      -0.002       0.003
ar.L1          2.1408      0.017    129.152      0.000       2.108       2.173
ar.L2         -1.6225      0.031    -52.615      0.000      -1.683      -1.562
ar.L3          0.4319      0.016     26.732      0.000       0.400       0.464
ma.L1          0.2818      0.018     15.637      0.000       0.246       0.317
sigma2         2.0561      0.029     69.716      0.000       1.998       2.114
===================================================================================
Ljung-Box (L1) (Q):                   1.68   Jarque-Bera (JB):              1903.46
Prob(Q):                              0.19   Prob(JB):                         0.00
Heteroskedasticity (H):               0.40   Skew:                            -0.09
Prob(H) (two-sided):                  0.00   Kurtosis:                         6.53
===================================================================================

Warnings:
[1] Covariance matrix calculated using the outer product of gradients (complex-step).
2023-05-08 08:21:16,453 SARIMAX Model Prediction ..
2023-05-08 08:21:16,473 Create Prophet Forecasting Condensate PT Badak ...
2023-05-08 08:21:16,476 Creating Prophet Model ....
2023-05-08 08:21:18,981 Prophet Model Prediction ...
2023-05-08 08:21:19,250 Create Random Forest Forecasting Condensate PT Badak ...
2023-05-08 08:21:19,255 Creating Random Forest Model ...
2023-05-08 08:21:35,679 Random Forest Model Prediction
2023-05-08 08:21:36,832 Create XGBoost Forecasting Condensate PT Badak ...
2023-05-08 08:21:36,835 Creating XGBoost Model ...
2023-05-08 08:21:36,836 XGBoost Model Prediction ...
2023-05-08 08:21:37,272 Create Linear Regression Forecasting Condensate PT Badak ...
2023-05-08 08:21:37,277 Creating Linear Regression Model ...
2023-05-08 08:21:37,286 Linear Regression Model Prediction ...
2023-05-08 08:21:37,306 Create Polynomial Regression Degree=2 Forecasting Condensate PT Badak ...
2023-05-08 08:21:37,308 Creating Polynomial Regression Orde 2 Model ...
2023-05-08 08:23:03,021 Polynomial Regression Orde 2 Model Prediction ...
2023-05-08 08:23:17,842 Create Polynomial Regression Degree=3 Forecasting Condensate PT Badak ...
2023-05-08 08:23:17,845 Creating Polynomial Regression Orde 3 Model ...
2023-05-08 08:25:24,681 Polynomial Regression Orde 3 Model Prediction ...
2023-05-08 08:25:40,908 Creating all model prediction result data frame ...
2023-05-08 08:25:40,913 Updating forecast result to database ...
2023-05-08 08:25:41,151 Updated rows: 124
2023-05-08 08:25:41,151 Done
