2023-04-12 11:17:07,484 Forecasting Condensate BP Tangguh ...
2023-04-12 11:17:07,484 Connecting to database ...
2023-04-12 11:17:07,512 Cleaning data ...
2023-04-12 11:17:07,732 Condensate Tangguh Null Value Cleaning ...
2023-04-12 11:17:07,759 Unplanned Shutdown Cleaning ...
2023-04-12 11:17:09,691 Condensate Tangguh Prepare Data ...
2023-04-12 11:17:09,695 Create Exogenous Features for Training
2023-04-12 11:17:09,707 Load Exogenous Data
2023-04-12 11:17:09,718 Create Exogenous Features for future
2023-04-12 11:17:09,773 Create Arimax Forecasting Condensate BP Tangguh ...
2023-04-12 11:17:09,780 Creating ARIMAX Model ...
2023-04-12 11:17:12,983 ARIMAX Model Summary
2023-04-12 11:17:12,990                                SARIMAX Results                                
==============================================================================
Dep. Variable:                      y   No. Observations:                 2448
Model:               SARIMAX(2, 0, 1)   Log Likelihood              -17960.432
Date:                Wed, 12 Apr 2023   AIC                          35938.864
Time:                        11:17:12   BIC                          35991.091
Sample:                    01-01-2016   HQIC                         35957.845
                         - 09-13-2022                                         
Covariance Type:                  opg                                         
====================================================================================
                       coef    std err          z      P>|z|      [0.025      0.975]
------------------------------------------------------------------------------------
intercept           11.9790     18.356      0.653      0.514     -23.998      47.955
planned_shutdown -1292.9114     43.236    -29.904      0.000   -1377.652   -1208.170
wpnb_oil             0.0287      0.048      0.594      0.553      -0.066       0.123
month                6.4418     10.771      0.598      0.550     -14.670      27.553
day                 -3.5591      1.463     -2.432      0.015      -6.427      -0.691
ar.L1                1.1776      0.016     73.580      0.000       1.146       1.209
ar.L2               -0.1797      0.015    -11.933      0.000      -0.209      -0.150
ma.L1               -0.7194      0.015    -48.860      0.000      -0.748      -0.691
sigma2            1.363e+05   1086.610    125.459      0.000    1.34e+05    1.38e+05
===================================================================================
Ljung-Box (L1) (Q):                   0.00   Jarque-Bera (JB):            216834.70
Prob(Q):                              0.96   Prob(JB):                         0.00
Heteroskedasticity (H):               0.88   Skew:                            -3.06
Prob(H) (two-sided):                  0.07   Kurtosis:                        48.70
===================================================================================

Warnings:
[1] Covariance matrix calculated using the outer product of gradients (complex-step).
2023-04-12 11:17:13,006 ARIMAX Model Prediction ..
