2023-05-08 14:25:48,311 Forecasting Feed Gas PT Badak ...
2023-05-08 14:25:48,311 Connecting to database ...
2023-05-08 14:25:48,341 Cleaning data ...
2023-05-08 14:25:49,756 Feed Gas PT Badak Null Value Cleaning ...
2023-05-08 14:25:49,773 Feed Gas PT Badak Prepare Data ...
2023-05-08 14:25:49,776 Feed Gas PT Badak Data Smoothing ...
2023-05-08 14:25:50,468 Create Exogenous Features for Training ...
2023-05-08 14:25:50,482 Create Exogenous Features for Future Dates ...
2023-05-08 14:25:50,493 Create Arimax Forecasting Feed Gas PT Badak ...
2023-05-08 14:25:50,507 Creating ARIMAX Model ...
2023-05-08 14:25:50,666 ARIMAX Model Summary
2023-05-08 14:25:50,673                                SARIMAX Results                                
==============================================================================
Dep. Variable:                      y   No. Observations:                 3500
Model:               SARIMAX(0, 1, 0)   Log Likelihood              -10673.586
Date:                Mon, 08 May 2023   AIC                          21355.171
Time:                        14:25:50   BIC                          21379.812
Sample:                    01-01-2013   HQIC                         21363.966
                         - 08-01-2022                                         
Covariance Type:                  opg                                         
==============================================================================
                 coef    std err          z      P>|z|      [0.025      0.975]
------------------------------------------------------------------------------
intercept     -0.2365      0.086     -2.736      0.006      -0.406      -0.067
month          0.0052      0.131      0.040      0.968      -0.252       0.262
day           -0.0233      0.015     -1.570      0.116      -0.052       0.006
sigma2        26.1293      0.417     62.715      0.000      25.313      26.946
===================================================================================
Ljung-Box (L1) (Q):                3417.73   Jarque-Bera (JB):               919.73
Prob(Q):                              0.00   Prob(JB):                         0.00
Heteroskedasticity (H):               0.57   Skew:                            -0.02
Prob(H) (two-sided):                  0.00   Kurtosis:                         5.51
===================================================================================

Warnings:
[1] Covariance matrix calculated using the outer product of gradients (complex-step).
2023-05-08 14:25:50,683 ARIMAX Model Prediction ..
2023-05-08 14:25:50,722 Create Sarimax Forecasting Feed Gas PT Badak ...
2023-05-08 14:25:50,726 Creating SARIMAX Model ...
2023-05-08 14:25:50,885 SARIMAX Model Summary
2023-05-08 14:25:50,891                                SARIMAX Results                                
==============================================================================
Dep. Variable:                      y   No. Observations:                 3500
Model:               SARIMAX(0, 1, 0)   Log Likelihood              -10673.586
Date:                Mon, 08 May 2023   AIC                          21355.171
Time:                        14:25:50   BIC                          21379.812
Sample:                    01-01-2013   HQIC                         21363.966
                         - 08-01-2022                                         
Covariance Type:                  opg                                         
==============================================================================
                 coef    std err          z      P>|z|      [0.025      0.975]
------------------------------------------------------------------------------
intercept     -0.2365      0.086     -2.736      0.006      -0.406      -0.067
month          0.0052      0.131      0.040      0.968      -0.252       0.262
day           -0.0233      0.015     -1.570      0.116      -0.052       0.006
sigma2        26.1293      0.417     62.715      0.000      25.313      26.946
===================================================================================
Ljung-Box (L1) (Q):                3417.73   Jarque-Bera (JB):               919.73
Prob(Q):                              0.00   Prob(JB):                         0.00
Heteroskedasticity (H):               0.57   Skew:                            -0.02
Prob(H) (two-sided):                  0.00   Kurtosis:                         5.51
===================================================================================

Warnings:
[1] Covariance matrix calculated using the outer product of gradients (complex-step).
2023-05-08 14:25:50,900 SARIMAX Model Prediction ..
2023-05-08 14:25:50,935 Create Prophet Forecasting Feed Gas PT Badak ...
2023-05-08 14:25:50,938 Creating Prophet Model ....
2023-05-08 14:25:51,169 Prophet Model Prediction ...
2023-05-08 14:25:51,692 Create Random Forest Forecasting Feed Gas PT Badak ...
2023-05-08 14:25:51,695 Creating Random Forest Model ...
2023-05-08 14:26:03,024 Random Forest Model Prediction
2023-05-08 14:26:04,180 Create XGBoost Forecasting Feed Gas PT Badak ...
2023-05-08 14:26:04,181 Creating XGBoost Model ...
2023-05-08 14:26:16,424 XGBoost Model Prediction ...
2023-05-08 14:26:16,842 Create Linear Regression Forecasting Feed Gas PT Badak ...
2023-05-08 14:26:16,843 Creating Linear Regression Model ...
2023-05-08 14:26:16,861 Linear Regression Model Prediction ...
2023-05-08 14:26:16,901 Create Polynomial Regression Degree=2 Forecasting Feed Gas PT Badak ...
2023-05-08 14:26:16,909 Creating Polynomial Regression Orde 2 Model ...
2023-05-08 14:26:16,978 Polynomial Regression Orde 2 Model Prediction ...
2023-05-08 14:26:17,008 Create Polynomial Regression Degree=3 Forecasting Feed Gas PT Badak ...
2023-05-08 14:26:17,011 Creating Polynomial Regression Orde 3 Model ...
2023-05-08 14:28:12,596 Polynomial Regression Orde 3 Model Prediction ...
2023-05-08 14:28:27,942 Creating all model prediction result data frame ...
2023-05-08 14:28:27,955 Updating forecast result to database ...
2023-05-08 14:28:28,090 Updated rows: 60
2023-05-08 14:28:28,090 Done
