2023-05-08 15:19:32,325 Forecasting Feed Gas BP Tangguh ...
2023-05-08 15:19:32,325 Connecting to database ...
2023-05-08 15:19:32,350 Cleaning data ...
2023-05-08 15:19:33,699 Feed Gas BP Tangguh Null Value Cleaning ...
2023-05-08 15:19:33,914 Feed Gas Tangguh Unplanned Shutdown Cleaning ...
2023-05-08 15:19:34,157 Feed Gas BP Tangguh Prepare Data ...
2023-05-08 15:19:34,158 Create Exogenous Features for Training ...
2023-05-08 15:19:34,175 Create Exogenous Features for Future Dates ...
2023-05-08 15:19:34,178 Create Arimax Forecasting Feed Gas BP Tangguh ...
2023-05-08 15:19:34,184 Creating ARIMAX Model ...
2023-05-08 15:19:38,256 ARIMAX Model Summary
2023-05-08 15:19:38,259                                SARIMAX Results                                
==============================================================================
Dep. Variable:                      y   No. Observations:                 2405
Model:               SARIMAX(3, 0, 2)   Log Likelihood              -13038.502
Date:                Mon, 08 May 2023   AIC                          26099.005
Time:                        15:19:38   BIC                          26162.643
Sample:                    01-01-2016   HQIC                         26122.154
                         - 08-01-2022                                         
Covariance Type:                  opg                                         
====================================================================================
                       coef    std err          z      P>|z|      [0.025      0.975]
------------------------------------------------------------------------------------
intercept            7.7618      5.105      1.520      0.128      -2.243      17.767
planned_shutdown  -222.4954      5.883    -37.817      0.000    -234.027    -210.964
wpnb_gas             0.0500      0.037      1.340      0.180      -0.023       0.123
month                0.7655      2.794      0.274      0.784      -4.712       6.242
day                 -0.3918      0.230     -1.704      0.088      -0.842       0.059
ar.L1                0.7506      0.040     18.999      0.000       0.673       0.828
ar.L2                0.6318      0.034     18.337      0.000       0.564       0.699
ar.L3               -0.3901      0.019    -20.559      0.000      -0.427      -0.353
ma.L1               -0.1647      0.038     -4.341      0.000      -0.239      -0.090
ma.L2               -0.5084      0.023    -22.513      0.000      -0.553      -0.464
sigma2            3027.0585     34.484     87.782      0.000    2959.472    3094.645
===================================================================================
Ljung-Box (L1) (Q):                   0.37   Jarque-Bera (JB):             78918.04
Prob(Q):                              0.54   Prob(JB):                         0.00
Heteroskedasticity (H):               0.38   Skew:                            -1.01
Prob(H) (two-sided):                  0.00   Kurtosis:                        30.99
===================================================================================

Warnings:
[1] Covariance matrix calculated using the outer product of gradients (complex-step).
2023-05-08 15:19:38,267 ARIMAX Model Prediction ..
2023-05-08 15:19:38,286 Create Sarimax Forecasting Feed Gas BP Tangguh ...
2023-05-08 15:19:38,292 Creating SARIMAX Model ...
