2023-03-31 13:29:45,885 Forecasting LNG Production PT Badak ...
2023-03-31 13:29:45,885 Connecting to database ...
2023-03-31 13:29:46,035 LNG Production PT Badak Null Value Cleaning ...
2023-03-31 13:29:46,212 LNG Production PT Badak Prepare Data ...
2023-03-31 13:29:46,215 Create Exogenous Features for Training ...
2023-03-31 13:29:46,222 Create Exogenous Features for Future Dates ...
2023-03-31 13:29:46,235 Create Arimax Forecasting LNG Production PT Badak ...
2023-03-31 13:29:46,238 Creating ARIMAX Model ...
2023-03-31 13:29:52,147 ARIMAX Model Summary
2023-03-31 13:29:52,151                                SARIMAX Results                                
==============================================================================
Dep. Variable:                      y   No. Observations:                 3648
Model:               SARIMAX(1, 1, 3)   Log Likelihood              -30504.514
Date:                Fri, 31 Mar 2023   AIC                          61027.028
Time:                        13:29:52   BIC                          61082.843
Sample:                    01-01-2013   HQIC                         61046.906
                         - 12-27-2022                                         
Covariance Type:                  opg                                         
==============================================================================
                 coef    std err          z      P>|z|      [0.025      0.975]
------------------------------------------------------------------------------
intercept      0.2074      0.127      1.633      0.102      -0.042       0.456
fg_exog       40.4882      0.187    215.943      0.000      40.121      40.856
month          6.1779     13.816      0.447      0.655     -20.901      33.257
day            3.1142      2.515      1.238      0.216      -1.815       8.043
ar.L1          0.7810      0.029     26.591      0.000       0.723       0.839
ma.L1         -1.5028      0.031    -49.040      0.000      -1.563      -1.443
ma.L2          0.4746      0.025     18.733      0.000       0.425       0.524
ma.L3          0.0346      0.017      1.998      0.046       0.001       0.069
sigma2      1.127e+06   1.31e+04     86.081      0.000     1.1e+06    1.15e+06
===================================================================================
Ljung-Box (L1) (Q):                   0.02   Jarque-Bera (JB):             10049.10
Prob(Q):                              0.89   Prob(JB):                         0.00
Heteroskedasticity (H):               1.08   Skew:                            -0.56
Prob(H) (two-sided):                  0.17   Kurtosis:                        11.05
===================================================================================

Warnings:
[1] Covariance matrix calculated using the outer product of gradients (complex-step).
2023-03-31 13:29:52,159 ARIMAX Model Prediction ..
2023-03-31 13:29:52,184 Create Sarimax Forecasting LNG Production PT Badak ...
2023-03-31 13:29:52,186 Creating SARIMAX Model ...
2023-03-31 13:29:58,296 SARIMAX Model Summary
2023-03-31 13:29:58,300                                      SARIMAX Results                                      
==========================================================================================
Dep. Variable:                                  y   No. Observations:                 3648
Model:             SARIMAX(1, 1, 1)x(1, 0, [], 4)   Log Likelihood              -30538.588
Date:                            Fri, 31 Mar 2023   AIC                          61093.175
Time:                                    13:29:58   BIC                          61142.788
Sample:                                01-01-2013   HQIC                         61110.845
                                     - 12-27-2022                                         
Covariance Type:                              opg                                         
==============================================================================
                 coef    std err          z      P>|z|      [0.025      0.975]
------------------------------------------------------------------------------
intercept      0.9507      0.918      1.036      0.300      -0.848       2.749
fg_exog       40.4916      0.198    204.616      0.000      40.104      40.879
month          6.7837     16.459      0.412      0.680     -25.476      39.044
day            3.1536      2.503      1.260      0.208      -1.752       8.059
ar.L1          0.2687      0.012     22.584      0.000       0.245       0.292
ma.L1         -0.9536      0.005   -190.114      0.000      -0.963      -0.944
ar.S.L4        0.0476      0.016      2.895      0.004       0.015       0.080
sigma2      1.205e+06   1.49e+04     80.765      0.000    1.18e+06    1.23e+06
===================================================================================
Ljung-Box (L1) (Q):                   2.74   Jarque-Bera (JB):              9691.38
Prob(Q):                              0.10   Prob(JB):                         0.00
Heteroskedasticity (H):               1.12   Skew:                            -0.53
Prob(H) (two-sided):                  0.06   Kurtosis:                        10.91
===================================================================================

Warnings:
[1] Covariance matrix calculated using the outer product of gradients (complex-step).
2023-03-31 13:29:58,309 SARIMAX Model Prediction ..
2023-03-31 13:29:58,331 Create Prophet Forecasting LNG Production PT Badak ...
2023-03-31 13:29:58,333 Creating Prophet Model ....
2023-03-31 13:29:58,799 Prophet Model Prediction ...
2023-03-31 13:29:59,083 Create Random Forest Forecasting LNG Production PT Badak ...
2023-03-31 13:29:59,085 Creating Random Forest Model ...
2023-03-31 13:30:03,245 Random Forest Model Prediction
2023-03-31 13:30:03,998 Create XGBoost Forecasting LNG Production PT Badak ...
2023-03-31 13:30:04,000 Creating XGBoost Model ...
2023-03-31 13:30:16,141 XGBoost Model Prediction ...
2023-03-31 13:30:16,974 Create Linear Regression Forecasting LNG Production PT Badak ...
2023-03-31 13:30:16,976 Creating Linear Regression Model ...
2023-03-31 13:30:16,984 Linear Regression Model Prediction ...
2023-03-31 13:30:17,000 Create Polynomial Regression Degree=2 Forecasting LNG Production PT Badak ...
2023-03-31 13:30:17,002 Creating Polynomial Regression Orde 2 Model ...
2023-03-31 13:30:17,061 Polynomial Regression Orde 2 Model Prediction ...
2023-03-31 13:30:17,081 Create Polynomial Regression Degree=3 Forecasting LNG Production PT Badak ...
2023-03-31 13:30:17,083 Creating Polynomial Regression Orde 3 Model ...
2023-03-31 13:30:17,127 Polynomial Regression Orde 3 Model Prediction ...
2023-03-31 13:30:17,147 Creating all model prediction result data frame ...
2023-03-31 13:30:17,257 Updating forecast result to database ...
2023-03-31 13:30:17,892 Updated rows: 124
2023-03-31 13:30:17,893 Done
