2023-04-19 01:34:34,884 Forecasting LNG Production BP Tangguh ...
2023-04-19 01:34:34,884 Connecting to database ...
2023-04-19 01:34:34,910 Cleaning data ...
2023-04-19 01:34:35,050 LNG Production Tangguh Null Value Cleaning ...
2023-04-19 01:34:35,071 Unplanned Shutdown Cleaning ...
2023-04-19 01:34:37,012 LNG Production Tangguh Prepare Data ...
2023-04-19 01:34:37,026 Load Exogenous Data
2023-04-19 01:34:37,035 Create Exogenous Features for future
2023-04-19 01:34:37,039 Create Arimax Forecasting LNG Production BP Tangguh ...
2023-04-19 01:34:37,045 Creating ARIMAX Model ...
2023-04-19 01:34:37,410 ARIMAX Model Summary
2023-04-19 01:34:37,417                                SARIMAX Results                                
==============================================================================
Dep. Variable:                      y   No. Observations:                 2448
Model:               SARIMAX(0, 1, 3)   Log Likelihood              -22185.145
Date:                Wed, 19 Apr 2023   AIC                          44386.289
Time:                        01:34:37   BIC                          44432.710
Sample:                    01-01-2016   HQIC                         44403.160
                         - 09-13-2022                                         
Covariance Type:                  opg                                         
====================================================================================
                       coef    std err          z      P>|z|      [0.025      0.975]
------------------------------------------------------------------------------------
intercept            3.4823     24.622      0.141      0.888     -44.776      51.741
planned_shutdown -1.207e+04    202.200    -59.713      0.000   -1.25e+04   -1.17e+04
month              -66.2897     99.601     -0.666      0.506    -261.505     128.926
day                -18.5642      7.831     -2.370      0.018     -33.913      -3.215
ma.L1               -0.2213      0.009    -25.413      0.000      -0.238      -0.204
ma.L2               -0.1860      0.008    -23.753      0.000      -0.201      -0.171
ma.L3               -0.0585      0.011     -5.211      0.000      -0.080      -0.036
sigma2            4.356e+06   3.31e+04    131.428      0.000    4.29e+06    4.42e+06
===================================================================================
Ljung-Box (L1) (Q):                   0.45   Jarque-Bera (JB):            118952.32
Prob(Q):                              0.50   Prob(JB):                         0.00
Heteroskedasticity (H):               0.71   Skew:                            -1.21
Prob(H) (two-sided):                  0.00   Kurtosis:                        37.07
===================================================================================

Warnings:
[1] Covariance matrix calculated using the outer product of gradients (complex-step).
2023-04-19 01:34:37,431 ARIMAX Model Prediction ..
2023-04-19 01:34:37,487 Create Sarimax Forecasting LNG Production BP Tangguh ...
2023-04-19 01:34:37,492 Creating SARIMAX Model ...
2023-04-19 01:35:14,324 SARIMAX Model Summary
2023-04-19 01:35:14,330                                       SARIMAX Results                                      
===========================================================================================
Dep. Variable:                                   y   No. Observations:                 2448
Model:             SARIMAX(1, 0, 3)x(2, 1, [], 12)   Log Likelihood              -22479.277
Date:                             Wed, 19 Apr 2023   AIC                          44980.553
Time:                                     01:35:14   BIC                          45044.333
Sample:                                 01-01-2016   HQIC                         45003.739
                                      - 09-13-2022                                         
Covariance Type:                               opg                                         
====================================================================================
                       coef    std err          z      P>|z|      [0.025      0.975]
------------------------------------------------------------------------------------
intercept            4.1452     18.073      0.229      0.819     -31.277      39.567
planned_shutdown -2.388e+04    148.265   -161.069      0.000   -2.42e+04   -2.36e+04
month              -29.6701     79.527     -0.373      0.709    -185.541     126.201
day                -16.9160      7.466     -2.266      0.023     -31.549      -2.283
ar.L1                0.9234      0.005    184.172      0.000       0.914       0.933
ma.L1               -0.3968      0.010    -37.995      0.000      -0.417      -0.376
ma.L2               -0.2064      0.014    -15.142      0.000      -0.233      -0.180
ma.L3               -0.0460      0.013     -3.498      0.000      -0.072      -0.020
ar.S.L12            -0.6184      0.008    -77.569      0.000      -0.634      -0.603
ar.S.L24            -0.2560      0.008    -30.373      0.000      -0.272      -0.239
sigma2            6.041e+06      0.182   3.31e+07      0.000    6.04e+06    6.04e+06
===================================================================================
Ljung-Box (L1) (Q):                   1.20   Jarque-Bera (JB):             44504.40
Prob(Q):                              0.27   Prob(JB):                         0.00
Heteroskedasticity (H):               0.62   Skew:                            -1.17
Prob(H) (two-sided):                  0.00   Kurtosis:                        23.81
===================================================================================

Warnings:
[1] Covariance matrix calculated using the outer product of gradients (complex-step).
[2] Covariance matrix is singular or near-singular, with condition number 3.44e+21. Standard errors may be unstable.
2023-04-19 01:35:14,347 SARIMAX Model Prediction ..
2023-04-19 01:35:14,468 Create Prophet Forecasting LNG Production BP Tangguh ...
2023-04-19 01:35:14,473 Creating Prophet Model ....
2023-04-19 01:35:14,801 Prophet Model Prediction ...
2023-04-19 01:35:15,346 Create Random Forest Forecasting LNG Production BP Tangguh ...
2023-04-19 01:35:15,351 Creating Random Forest Model ...
2023-04-19 01:35:16,034 Random Forest Model Prediction
2023-04-19 01:35:20,176 Create XGBoost Forecasting LNG Production BP Tangguh ...
2023-04-19 01:35:20,180 Creating XGBoost Model ...
2023-04-19 01:35:20,341 XGBoost Model Prediction ...
2023-04-19 01:35:20,698 Create Linear Regression Forecasting LNG Production BP Tangguh ...
2023-04-19 01:35:20,702 Creating Linear Regression Model ...
2023-04-19 01:35:20,720 Linear Regression Model Prediction ...
2023-04-19 01:35:20,785 Create Polynomial Regression Degree=2 Forecasting LNG Production BP Tangguh ...
2023-04-19 01:35:20,789 Creating Polynomial Regression Orde 2 Model ...
2023-04-19 01:35:20,832 Polynomial Regression Orde 2 Model Prediction ...
2023-04-19 01:35:20,900 Create Polynomial Regression Degree=3 Forecasting LNG Production BP Tangguh ...
2023-04-19 01:35:20,904 Creating Polynomial Regression Orde 3 Model ...
2023-04-19 01:36:31,279 Polynomial Regression Orde 3 Model Prediction ...
2023-04-19 01:37:24,947 Creating all model prediction result data frame ...
2023-04-19 01:37:24,961 Updating forecast result to database ...
2023-04-19 01:37:25,827 Updated rows: 229
2023-04-19 01:37:25,828 Done
