2022-12-13 09:36:45,322 Connecting to database ...
2022-12-13 09:36:46,510 Creating ARIMAX Model ...
2022-12-13 09:37:07,125 ARIMAX Model Summary
2022-12-13 09:37:07,127                                SARIMAX Results                                
==============================================================================
Dep. Variable:                      y   No. Observations:                  789
Model:               SARIMAX(3, 0, 1)   Log Likelihood               -6104.675
Date:                Tue, 13 Dec 2022   AIC                          12227.351
Time:                        09:37:07   BIC                          12269.388
Sample:                    01-01-2020   HQIC                         12243.510
                         - 02-27-2022                                         
Covariance Type:                  opg                                         
====================================================================================
                       coef    std err          z      P>|z|      [0.025      0.975]
------------------------------------------------------------------------------------
month               32.7100     27.988      1.169      0.243     -22.146      87.566
planned_shutdown -1634.6813    151.428    -10.795      0.000   -1931.474   -1337.889
day                 -5.2908      4.471     -1.183      0.237     -14.053       3.472
wpnb_oil            -0.0846      0.112     -0.756      0.450      -0.304       0.135
ar.L1                1.7454      0.015    113.805      0.000       1.715       1.775
ar.L2               -0.6931      0.023    -30.538      0.000      -0.738      -0.649
ar.L3               -0.0523      0.021     -2.532      0.011      -0.093      -0.012
ma.L1               -0.9838      0.014    -71.234      0.000      -1.011      -0.957
sigma2            2.949e+05      0.448   6.59e+05      0.000    2.95e+05    2.95e+05
===================================================================================
Ljung-Box (L1) (Q):                   0.02   Jarque-Bera (JB):             58638.99
Prob(Q):                              0.89   Prob(JB):                         0.00
Heteroskedasticity (H):               1.35   Skew:                            -2.77
Prob(H) (two-sided):                  0.01   Kurtosis:                        44.87
===================================================================================

Warnings:
[1] Covariance matrix calculated using the outer product of gradients (complex-step).
[2] Covariance matrix is singular or near-singular, with condition number 2.07e+20. Standard errors may be unstable.
2022-12-13 09:37:07,131 ARIMAX Model Prediction ..
2022-12-13 09:37:07,151 ARIMAX Model MAPE: 0.2035
2022-12-13 09:37:07,151 Arimax Model Parameters (3, 0, 1)
2022-12-13 09:37:07,151 Creating SARIMAX Model ...
2022-12-13 09:41:56,375 SARIMAX Model Summary
2022-12-13 09:41:56,377                                      SARIMAX Results                                      
==========================================================================================
Dep. Variable:                                  y   No. Observations:                  789
Model:             SARIMAX(3, 0, 0)x(2, 1, 0, 12)   Log Likelihood               -6130.873
Date:                            Tue, 13 Dec 2022   AIC                          12281.746
Time:                                    09:41:56   BIC                          12328.300
Sample:                                01-01-2020   HQIC                         12299.654
                                     - 02-27-2022                                         
Covariance Type:                              opg                                         
====================================================================================
                       coef    std err          z      P>|z|      [0.025      0.975]
------------------------------------------------------------------------------------
month              -18.0027     41.950     -0.429      0.668    -100.224      64.218
planned_shutdown -2321.5176    138.310    -16.785      0.000   -2592.600   -2050.436
day                 -8.1773      4.274     -1.913      0.056     -16.554       0.199
wpnb_oil             0.1010      0.094      1.069      0.285      -0.084       0.286
ar.L1                0.7271      0.013     55.292      0.000       0.701       0.753
ar.L2                0.0175      0.031      0.571      0.568      -0.043       0.078
ar.L3                0.0602      0.030      2.042      0.041       0.002       0.118
ar.S.L12            -0.6793      0.017    -39.030      0.000      -0.713      -0.645
ar.S.L24            -0.3196      0.014    -22.955      0.000      -0.347      -0.292
sigma2            4.118e+05   6948.160     59.271      0.000    3.98e+05    4.25e+05
===================================================================================
Ljung-Box (L1) (Q):                   0.03   Jarque-Bera (JB):             15674.67
Prob(Q):                              0.87   Prob(JB):                         0.00
Heteroskedasticity (H):               1.13   Skew:                            -1.81
Prob(H) (two-sided):                  0.34   Kurtosis:                        24.71
===================================================================================

Warnings:
[1] Covariance matrix calculated using the outer product of gradients (complex-step).
2022-12-13 09:41:56,382 SARIMAX Model Prediction ..
2022-12-13 09:41:56,407 SARIMAX Model MAPE: 0.1867
2022-12-13 09:41:56,407 Sarimax Model Parameters (3, 0, 0)(2, 1, 0, 12)
2022-12-13 09:41:56,753 Creating Prophet Model ...
2022-12-13 09:41:56,785 input tempfile: /tmp/tmpfut_4cok/txcgc9_k.json
2022-12-13 09:41:56,794 input tempfile: /tmp/tmpfut_4cok/fy61mbg_.json
2022-12-13 09:41:56,794 idx 0
2022-12-13 09:41:56,794 running CmdStan, num_threads: None
2022-12-13 09:41:56,794 CmdStan args: ['/home/spcuser/miniconda3/envs/py38_ts/lib/python3.8/site-packages/prophet/stan_model/prophet_model.bin', 'random', 'seed=66592', 'data', 'file=/tmp/tmpfut_4cok/txcgc9_k.json', 'init=/tmp/tmpfut_4cok/fy61mbg_.json', 'output', 'file=/tmp/tmpfut_4cok/prophet_model6kqay50c/prophet_model-20221213094156.csv', 'method=optimize', 'algorithm=lbfgs', 'iter=10000']
2022-12-13 09:41:56,794 Chain [1] start processing
2022-12-13 09:41:56,887 Chain [1] done processing
2022-12-13 09:41:56,893 <bound method BaseEstimator._get_fitted_params of Prophet(changepoint_prior_scale=0.1, daily_seasonality=5,
        holidays_prior_scale=8, n_changepoints=40,
        seasonality_mode='multiplicative', seasonality_prior_scale=0.2,
        weekly_seasonality=1, yearly_seasonality=10)>
2022-12-13 09:41:56,896 Prophet Model Prediction ...
2022-12-13 09:41:57,199 Prophet Model MAPE: 0.1833
2022-12-13 09:41:57,199 Prophet Model Parameters multiplicative, 40, 0.2, 0.1, 8, 5, 1, 10
2022-12-13 09:41:57,199 Creating Random Forest Model ...
2022-12-13 09:42:04,339 Random Forest Model Prediction ...
2022-12-13 09:42:05,655 Random Forest Model MAPE: 0.2027
2022-12-13 09:42:05,656 Random Forest Model Parameters RandomForestRegressor(n_estimators=150, random_state=0), 53
2022-12-13 09:42:05,666 Creating XGBoost Model ....
2022-12-13 09:42:05,793 XGBoost Model Prediction ...
2022-12-13 09:42:05,965 XGBoost Model MAPE: 0.1475
2022-12-13 09:42:05,966 XGBoost Model Parameters 13, reg:squarederror
2022-12-13 09:42:05,967 Creating Linear Regression Model ...
2022-12-13 09:42:05,975 Linear Regression Model Prediction ...
2022-12-13 09:42:05,997 Linear Regression Model MAPE: 0.1442
2022-12-13 09:42:05,998 Linear Regression Model Parameters LinearRegression(normalize=True), 12
2022-12-13 09:42:06,045 Creating Polynomial Regression Orde 2 Model ...
2022-12-13 09:42:06,084 Polynomial Regression Orde 2 Model Prediction ...
2022-12-13 09:42:06,155 Polynomial Regression Orde 2 Model MAPE: 0.1636
2022-12-13 09:42:06,156 Polynomial Regression Orde 2 Model Parameters PolynomRegressor(deg=2), 5
2022-12-13 09:42:06,156 Creating Polynomial Regression Orde 3 Model ...
2022-12-13 09:42:10,680 Polynomial Regression Orde 3 Model Prediction ...
2022-12-13 09:42:15,149 Polynomial Regression Orde 3 Model MAPE: 0.2134
2022-12-13 09:42:15,149 Polynomial Regression Orde 3 Model Parameters PolynomRegressor(deg=3), 466
2022-12-13 09:42:15,149 Creating all model prediction result data frame ...
2022-12-13 09:42:15,153 Creating all model mape result data frame ...
2022-12-13 09:42:15,153 Creating all model params result data frame ...
2022-12-13 09:42:15,168 Updating MAPE result to database ...
2022-12-13 09:42:15,264 Updated rows: 1
2022-12-13 09:42:15,264 Updating Model Parameter result to database ...
2022-12-13 09:42:15,386 Updated rows: 1
