2022-12-02 16:40:02,709 Connecting to database ...
2022-12-02 16:40:03,968 1. ADF : -1.1635907015976512
2022-12-02 16:40:03,968 2. P-Value : 0.689058792671317
2022-12-02 16:40:03,968 3. Num Of Lags 30: 
2022-12-02 16:40:03,968 4. Num Of Observations Used For ADF Regression: 3570
2022-12-02 16:40:03,968 5. Critical Values : 
2022-12-02 16:40:03,969 	 1%: -3.432183055516335
2022-12-02 16:40:03,969 	 5%: -2.862349940934467
2022-12-02 16:40:03,969 	 10%: -2.567201144771634
2022-12-02 16:40:57,515 Creating ARIMAX Model ...
2022-12-02 16:40:59,988 ARIMAX Model Summary
2022-12-02 16:40:59,991                                SARIMAX Results                                
==============================================================================
Dep. Variable:                      y   No. Observations:                 3601
Model:               SARIMAX(5, 1, 2)   Log Likelihood                1296.318
Date:                Fri, 02 Dec 2022   AIC                          -2576.636
Time:                        16:40:59   BIC                          -2527.126
Sample:                    01-01-2013   HQIC                         -2558.992
                         - 11-10-2022                                         
Covariance Type:                  opg                                         
==============================================================================
                 coef    std err          z      P>|z|      [0.025      0.975]
------------------------------------------------------------------------------
ar.L1          2.5956      0.026     98.048      0.000       2.544       2.648
ar.L2         -1.4186      0.077    -18.382      0.000      -1.570      -1.267
ar.L3         -1.7074      0.098    -17.340      0.000      -1.900      -1.514
ar.L4          2.2553      0.068     33.353      0.000       2.123       2.388
ar.L5         -0.7284      0.019    -37.354      0.000      -0.767      -0.690
ma.L1          0.1543      0.027      5.678      0.000       0.101       0.208
ma.L2         -0.7856      0.032    -24.860      0.000      -0.848      -0.724
sigma2         0.0284      0.000    115.736      0.000       0.028       0.029
===================================================================================
Ljung-Box (L1) (Q):                   0.42   Jarque-Bera (JB):            197846.74
Prob(Q):                              0.52   Prob(JB):                         0.00
Heteroskedasticity (H):               0.36   Skew:                            -0.53
Prob(H) (two-sided):                  0.00   Kurtosis:                        39.30
===================================================================================

Warnings:
[1] Covariance matrix calculated using the outer product of gradients (complex-step).
2022-12-02 16:40:59,996 ARIMAX Model Prediction ..
2022-12-02 16:41:00,002 Creating SARIMAX Model ...
2022-12-02 16:42:04,526 SARIMAX Model Summary
2022-12-02 16:42:04,530                                SARIMAX Results                                
==============================================================================
Dep. Variable:                      y   No. Observations:                 3601
Model:               SARIMAX(5, 1, 2)   Log Likelihood                1296.318
Date:                Fri, 02 Dec 2022   AIC                          -2576.636
Time:                        16:42:04   BIC                          -2527.126
Sample:                    01-01-2013   HQIC                         -2558.992
                         - 11-10-2022                                         
Covariance Type:                  opg                                         
==============================================================================
                 coef    std err          z      P>|z|      [0.025      0.975]
------------------------------------------------------------------------------
ar.L1          2.5956      0.026     98.048      0.000       2.544       2.648
ar.L2         -1.4186      0.077    -18.382      0.000      -1.570      -1.267
ar.L3         -1.7074      0.098    -17.340      0.000      -1.900      -1.514
ar.L4          2.2553      0.068     33.353      0.000       2.123       2.388
ar.L5         -0.7284      0.019    -37.354      0.000      -0.767      -0.690
ma.L1          0.1543      0.027      5.678      0.000       0.101       0.208
ma.L2         -0.7856      0.032    -24.860      0.000      -0.848      -0.724
sigma2         0.0284      0.000    115.736      0.000       0.028       0.029
===================================================================================
Ljung-Box (L1) (Q):                   0.42   Jarque-Bera (JB):            197846.74
Prob(Q):                              0.52   Prob(JB):                         0.00
Heteroskedasticity (H):               0.36   Skew:                            -0.53
Prob(H) (two-sided):                  0.00   Kurtosis:                        39.30
===================================================================================

Warnings:
[1] Covariance matrix calculated using the outer product of gradients (complex-step).
2022-12-02 16:42:04,534 SARIMAX Model Prediction ..
2022-12-02 16:42:04,892 Creating Prophet Model ....
2022-12-02 16:42:04,932 input tempfile: /tmp/tmp01_c1h1r/jrxx4zoi.json
2022-12-02 16:42:04,970 input tempfile: /tmp/tmp01_c1h1r/j2dl6o9h.json
2022-12-02 16:42:04,971 idx 0
2022-12-02 16:42:04,971 running CmdStan, num_threads: None
2022-12-02 16:42:04,971 CmdStan args: ['/home/spcuser/miniconda3/envs/py38_ts/lib/python3.8/site-packages/prophet/stan_model/prophet_model.bin', 'random', 'seed=8333', 'data', 'file=/tmp/tmp01_c1h1r/jrxx4zoi.json', 'init=/tmp/tmp01_c1h1r/j2dl6o9h.json', 'output', 'file=/tmp/tmp01_c1h1r/prophet_model342qft5d/prophet_model-20221202164204.csv', 'method=optimize', 'algorithm=lbfgs', 'iter=10000']
2022-12-02 16:42:04,971 Chain [1] start processing
2022-12-02 16:42:07,905 Chain [1] done processing
2022-12-02 16:42:07,918 Prophet Model Prediction ...
2022-12-02 16:42:08,187 Creating Random Forest Model ...
2022-12-02 16:42:12,358 Random Forest Model Prediction
2022-12-02 16:42:12,559 Creating XGBoost Model ...
2022-12-02 16:42:12,559 XGBoost Model Prediction ...
2022-12-02 16:42:12,776 Creating Linear Regression Model ...
2022-12-02 16:42:12,791 Linear Regression Model Prediction ...
2022-12-02 16:42:12,850 Creating Polynomial Regression Orde 2 Model ...
2022-12-02 16:42:15,948 Polynomial Regression Orde 2 Model Prediction ...
2022-12-02 16:42:15,998 Creating Polynomial Regression Orde 3 Model ...
2022-12-02 16:43:53,277 Polynomial Regression Orde 3 Model Prediction ...
2022-12-02 16:43:53,322 Creating all model prediction result data frame ...
2022-12-02 16:43:53,338 Updating forecast result to database ...
2022-12-02 16:43:56,866 Updated rows: 51
