2022-12-12 13:17:51,559 Connecting to database ...
2022-12-12 13:17:53,376 Creating ARIMAX Model ...
2022-12-12 13:19:28,973 ARIMAX Model Summary
2022-12-12 13:19:28,979                                SARIMAX Results                                
==============================================================================
Dep. Variable:                      y   No. Observations:                 3240
Model:               SARIMAX(3, 2, 5)   Log Likelihood                1156.061
Date:                Mon, 12 Dec 2022   AIC                          -2290.122
Time:                        13:19:28   BIC                          -2223.212
Sample:                    01-01-2013   HQIC                         -2266.148
                         - 11-14-2021                                         
Covariance Type:                  opg                                         
==============================================================================
                 coef    std err          z      P>|z|      [0.025      0.975]
------------------------------------------------------------------------------
month          0.0011      0.002      0.564      0.573      -0.003       0.005
day        -3.558e-06      0.000     -0.025      0.980      -0.000       0.000
ar.L1          2.3993      0.094     25.484      0.000       2.215       2.584
ar.L2         -2.0405      0.152    -13.433      0.000      -2.338      -1.743
ar.L3          0.6020      0.069      8.727      0.000       0.467       0.737
ma.L1         -0.4997      0.095     -5.262      0.000      -0.686      -0.314
ma.L2         -0.0407      0.032     -1.275      0.202      -0.103       0.022
ma.L3         -0.0418      0.027     -1.525      0.127      -0.096       0.012
ma.L4          0.1084      0.023      4.745      0.000       0.064       0.153
ma.L5          0.0597      0.024      2.440      0.015       0.012       0.108
sigma2         0.0286      0.000    126.050      0.000       0.028       0.029
===================================================================================
Ljung-Box (L1) (Q):                   0.01   Jarque-Bera (JB):            293142.53
Prob(Q):                              0.94   Prob(JB):                         0.00
Heteroskedasticity (H):               0.19   Skew:                            -1.10
Prob(H) (two-sided):                  0.00   Kurtosis:                        49.56
===================================================================================

Warnings:
[1] Covariance matrix calculated using the outer product of gradients (complex-step).
2022-12-12 13:19:28,989 ARIMAX Model Prediction ..
2022-12-12 13:19:29,039 ARIMAX Model Parameters (3, 2, 5)
2022-12-12 13:19:29,041 ARIMAX Model MAPE: 0.1728
2022-12-12 13:19:29,042 Creating SARIMAX Model ...
