2022-11-29 18:13:29,109 Connecting to database ...
2022-11-29 18:13:29,425 Cleaning data ...
2022-11-29 18:13:30,119 1. ADF : -5.278411942323324
2022-11-29 18:13:30,119 2. P-Value : 6.068549771481649e-06
2022-11-29 18:13:30,119 3. Num Of Lags 3: 
2022-11-29 18:13:30,119 4. Num Of Observations Used For ADF Regression: 983
2022-11-29 18:13:30,119 5. Critical Values : 
2022-11-29 18:13:30,119 	 1%: -3.4370198458812156
2022-11-29 18:13:30,119 	 5%: -2.864484708707697
2022-11-29 18:13:30,119 	 10%: -2.568337912084273
2022-11-29 18:13:30,196 Creating ARIMAX Model ...
2022-11-29 18:13:42,514 ARIMAX Model Summary
2022-11-29 18:13:42,516                                SARIMAX Results                                
==============================================================================
Dep. Variable:                      y   No. Observations:                  987
Model:               SARIMAX(1, 0, 2)   Log Likelihood               -7279.653
Date:                Tue, 29 Nov 2022   AIC                          14577.306
Time:                        18:13:42   BIC                          14621.358
Sample:                    01-01-2020   HQIC                         14594.060
                         - 09-13-2022                                         
Covariance Type:                  opg                                         
====================================================================================
                       coef    std err          z      P>|z|      [0.025      0.975]
------------------------------------------------------------------------------------
intercept           11.1907     30.009      0.373      0.709     -47.625      70.007
planned_shutdown -1665.6745     64.961    -25.641      0.000   -1792.997   -1538.352
wpnb_minyak         -0.0574      0.097     -0.590      0.555      -0.248       0.133
month               26.4792     22.381      1.183      0.237     -17.387      70.345
day                 -3.5533      2.814     -1.263      0.207      -9.069       1.963
ar.L1                0.9980      0.006    177.009      0.000       0.987       1.009
ma.L1               -0.5993      0.010    -60.843      0.000      -0.619      -0.580
ma.L2               -0.1263      0.017     -7.470      0.000      -0.159      -0.093
sigma2            1.483e+05   1972.999     75.146      0.000    1.44e+05    1.52e+05
===================================================================================
Ljung-Box (L1) (Q):                   0.01   Jarque-Bera (JB):            208903.14
Prob(Q):                              0.94   Prob(JB):                         0.00
Heteroskedasticity (H):               1.15   Skew:                            -4.34
Prob(H) (two-sided):                  0.19   Kurtosis:                        73.74
===================================================================================

Warnings:
[1] Covariance matrix calculated using the outer product of gradients (complex-step).
2022-11-29 18:13:42,518 ARIMAX Model Prediction ..
2022-11-29 18:13:57,801 input tempfile: /tmp/tmpnc2_9h9i/6p1figoo.json
2022-11-29 18:13:57,811 input tempfile: /tmp/tmpnc2_9h9i/v_xew5zj.json
2022-11-29 18:13:57,811 idx 0
2022-11-29 18:13:57,812 running CmdStan, num_threads: None
2022-11-29 18:13:57,812 CmdStan args: ['/home/spcuser/miniconda3/envs/py38_ts/lib/python3.8/site-packages/prophet/stan_model/prophet_model.bin', 'random', 'seed=22016', 'data', 'file=/tmp/tmpnc2_9h9i/6p1figoo.json', 'init=/tmp/tmpnc2_9h9i/v_xew5zj.json', 'output', 'file=/tmp/tmpnc2_9h9i/prophet_modelwv00pjta/prophet_model-20221129181357.csv', 'method=optimize', 'algorithm=lbfgs', 'iter=10000']
2022-11-29 18:13:57,812 Chain [1] start processing
2022-11-29 18:13:57,872 Chain [1] done processing
2022-11-29 18:14:16,736 Creating all model prediction result data frame ...
2022-11-29 18:14:16,739 Updating forecast result to database ...
2022-11-29 18:14:23,757 Updated rows: 109
