2022-12-12 12:58:09,996 Connecting to database ...
2022-12-12 12:58:10,975 Creating ARIMAX Model ...
2022-12-12 12:58:26,348 ARIMAX Model Summary
2022-12-12 12:58:26,352                                SARIMAX Results                                
==============================================================================
Dep. Variable:                      y   No. Observations:                 1059
Model:               SARIMAX(3, 0, 1)   Log Likelihood               -6021.409
Date:                Mon, 12 Dec 2022   AIC                          12058.817
Time:                        12:58:26   BIC                          12098.538
Sample:                    03-28-2019   HQIC                         12073.872
                         - 02-18-2022                                         
Covariance Type:                  opg                                         
==============================================================================
                 coef    std err          z      P>|z|      [0.025      0.975]
------------------------------------------------------------------------------
intercept      0.5488      0.646      0.850      0.395      -0.717       1.814
month         -1.1637      3.295     -0.353      0.724      -7.622       5.295
day            0.3955      0.471      0.840      0.401      -0.528       1.319
ar.L1          1.8298      0.045     40.849      0.000       1.742       1.918
ar.L2         -0.9461      0.052    -18.154      0.000      -1.048      -0.844
ar.L3          0.1114      0.024      4.649      0.000       0.064       0.158
ma.L1         -0.9611      0.034    -28.187      0.000      -1.028      -0.894
sigma2      5137.4500    175.629     29.252      0.000    4793.224    5481.676
===================================================================================
Ljung-Box (L1) (Q):                   0.20   Jarque-Bera (JB):              1006.49
Prob(Q):                              0.66   Prob(JB):                         0.00
Heteroskedasticity (H):               0.37   Skew:                             0.68
Prob(H) (two-sided):                  0.00   Kurtosis:                         7.58
===================================================================================

Warnings:
[1] Covariance matrix calculated using the outer product of gradients (complex-step).
2022-12-12 12:58:26,360 ARIMAX Model Prediction ..
2022-12-12 12:58:26,402 ARIMAX Model MAPE: 22756696512001044.0000
2022-12-12 12:58:26,402 ARIMAX Model Parameters (3, 0, 1)
2022-12-12 12:58:26,403 Creating SARIMAX Model ...
2022-12-12 13:03:22,245 SARIMAX Model Summary
2022-12-12 13:03:22,249                                       SARIMAX Results                                      
===========================================================================================
Dep. Variable:                                   y   No. Observations:                 1059
Model:             SARIMAX(1, 0, 1)x(2, 1, [], 12)   Log Likelihood               -6114.627
Date:                             Mon, 12 Dec 2022   AIC                          12243.254
Time:                                     13:03:22   BIC                          12277.930
Sample:                                 03-28-2019   HQIC                         12256.404
                                      - 02-18-2022                                         
Covariance Type:                               opg                                         
==============================================================================
                 coef    std err          z      P>|z|      [0.025      0.975]
------------------------------------------------------------------------------
month          0.6732      3.145      0.214      0.831      -5.491       6.837
day            0.3291      0.429      0.768      0.443      -0.511       1.169
ar.L1          0.7141      0.026     27.134      0.000       0.663       0.766
ma.L1          0.1582      0.032      4.960      0.000       0.096       0.221
ar.S.L12      -0.6437      0.026    -24.935      0.000      -0.694      -0.593
ar.S.L24      -0.3544      0.023    -15.348      0.000      -0.400      -0.309
sigma2      6877.3355    208.134     33.043      0.000    6469.400    7285.271
===================================================================================
Ljung-Box (L1) (Q):                   0.00   Jarque-Bera (JB):               480.57
Prob(Q):                              0.97   Prob(JB):                         0.00
Heteroskedasticity (H):               0.38   Skew:                             0.41
Prob(H) (two-sided):                  0.00   Kurtosis:                         6.22
===================================================================================

Warnings:
[1] Covariance matrix calculated using the outer product of gradients (complex-step).
2022-12-12 13:03:22,257 SARIMAX Model Prediction ..
2022-12-12 13:03:22,301 SARIMAX Model R2: 12750296161004444.0000
2022-12-12 13:03:22,302 SARIMAX Model Parameters (1, 0, 1)(2, 1, 0, 12)
2022-12-12 13:03:23,009 Creating Prophet Model ...
2022-12-12 13:03:23,088 input tempfile: /tmp/tmp4pmdrauc/2ttq8ori.json
2022-12-12 13:03:23,101 input tempfile: /tmp/tmp4pmdrauc/g7_3_jul.json
2022-12-12 13:03:23,102 idx 0
2022-12-12 13:03:23,102 running CmdStan, num_threads: None
2022-12-12 13:03:23,102 CmdStan args: ['/home/spcuser/miniconda3/envs/py38_ts/lib/python3.8/site-packages/prophet/stan_model/prophet_model.bin', 'random', 'seed=61938', 'data', 'file=/tmp/tmp4pmdrauc/2ttq8ori.json', 'init=/tmp/tmp4pmdrauc/g7_3_jul.json', 'output', 'file=/tmp/tmp4pmdrauc/prophet_model_9xgsy0u/prophet_model-20221212130323.csv', 'method=optimize', 'algorithm=lbfgs', 'iter=10000']
2022-12-12 13:03:23,102 Chain [1] start processing
2022-12-12 13:03:23,144 Chain [1] done processing
2022-12-12 13:03:23,145 Chain [1] error: error during processing Communication error on send
2022-12-12 13:03:23,145 Optimization terminated abnormally. Falling back to Newton.
2022-12-12 13:03:23,146 input tempfile: /tmp/tmp4pmdrauc/ryboiz99.json
2022-12-12 13:03:23,163 input tempfile: /tmp/tmp4pmdrauc/68lbei89.json
2022-12-12 13:03:23,164 idx 0
2022-12-12 13:03:23,164 running CmdStan, num_threads: None
2022-12-12 13:03:23,164 CmdStan args: ['/home/spcuser/miniconda3/envs/py38_ts/lib/python3.8/site-packages/prophet/stan_model/prophet_model.bin', 'random', 'seed=3065', 'data', 'file=/tmp/tmp4pmdrauc/ryboiz99.json', 'init=/tmp/tmp4pmdrauc/68lbei89.json', 'output', 'file=/tmp/tmp4pmdrauc/prophet_modelqqkzx1zz/prophet_model-20221212130323.csv', 'method=optimize', 'algorithm=newton', 'iter=10000']
2022-12-12 13:03:23,164 Chain [1] start processing
2022-12-12 13:03:23,602 Chain [1] done processing
2022-12-12 13:03:23,611 Prophet Model Prediction ...
2022-12-12 13:03:24,145 Prophet Model R2: 31145940915186276.0000
2022-12-12 13:03:24,147 Prophet Model Parameter multiplicative, 1, 10, 0.001, 2, 3, 10, 7
2022-12-12 13:03:24,148 Creating Random Forest Model ...
2022-12-12 13:03:41,634 Random Forest Model Prediction ...
2022-12-12 13:03:44,946 Random Forest Model R2: 35407059625214292.0000
2022-12-12 13:03:44,948 Random Forest Model Parameter RandomForestRegressor(random_state=0), 350
2022-12-12 13:03:44,974 Creating XGBoost Model ....
2022-12-12 13:03:45,952 XGBoost Model Prediction ...
2022-12-12 13:03:46,675 XGBoost Model R2: 39901711071628984.0000
2022-12-12 13:03:46,677 XGBoost Model Parameter 0.4, reg:squarederror
2022-12-12 13:03:46,677 Creating Linear Regression Model ...
2022-12-12 13:03:46,698 Linear Regression Model Prediction ...
2022-12-12 13:03:46,757 Linear Regression Model R2: 35621036009204028.0000
2022-12-12 13:03:46,758 Linear Regression Parameters LinearRegression(normalize=True), 50
2022-12-12 13:03:46,987 Creating Polynomial Regression Orde 2 Model ...
2022-12-12 13:03:47,902 Polynomial Regression Orde 2 Model Prediction ...
2022-12-12 13:03:49,202 Polynomial Regression Orde 2 Model R2: 26930217514489092.0000
2022-12-12 13:03:49,203 Polynomial Regression Orde 2 Parameter PolynomRegressor(deg=2), 63
2022-12-12 13:03:49,203 Creating Polynomial Regression Orde 3 Model ...
2022-12-12 13:03:49,973 Polynomial Regression Orde 3 Model Prediction ...
2022-12-12 13:03:50,632 Polynomial Regression Orde 3 Model R2: 36031422825858632.0000
2022-12-12 13:03:50,633 Polynomial Regression Orde 3 Parameter PolynomRegressor(deg=3), 32
2022-12-12 13:03:50,673 Creating all model prediction result data frame ...
2022-12-12 13:03:50,683 Creating all model mape result data frame ...
2022-12-12 13:03:50,684 Creating all model params result data frame ...
2022-12-12 13:03:50,685 Updating forecast result to database ...
2022-12-12 13:03:50,708 relation "lpg_c3_daily" does not exist
LINE 1:  UPDATE lpg_c3_daily
                ^

2022-12-12 13:03:50,729 current transaction is aborted, commands ignored until end of transaction block

2022-12-12 13:03:50,750 current transaction is aborted, commands ignored until end of transaction block

2022-12-12 13:03:50,770 current transaction is aborted, commands ignored until end of transaction block

2022-12-12 13:03:50,790 current transaction is aborted, commands ignored until end of transaction block

2022-12-12 13:03:50,811 current transaction is aborted, commands ignored until end of transaction block

2022-12-12 13:03:50,831 current transaction is aborted, commands ignored until end of transaction block

2022-12-12 13:03:50,852 current transaction is aborted, commands ignored until end of transaction block

2022-12-12 13:03:50,873 current transaction is aborted, commands ignored until end of transaction block

2022-12-12 13:03:50,894 current transaction is aborted, commands ignored until end of transaction block

2022-12-12 13:03:50,914 current transaction is aborted, commands ignored until end of transaction block

2022-12-12 13:03:50,935 current transaction is aborted, commands ignored until end of transaction block

2022-12-12 13:03:50,956 current transaction is aborted, commands ignored until end of transaction block

2022-12-12 13:03:50,976 current transaction is aborted, commands ignored until end of transaction block

2022-12-12 13:03:50,997 current transaction is aborted, commands ignored until end of transaction block

2022-12-12 13:03:51,017 current transaction is aborted, commands ignored until end of transaction block

2022-12-12 13:03:51,038 current transaction is aborted, commands ignored until end of transaction block

2022-12-12 13:03:51,058 current transaction is aborted, commands ignored until end of transaction block

2022-12-12 13:03:51,079 current transaction is aborted, commands ignored until end of transaction block

2022-12-12 13:03:51,099 current transaction is aborted, commands ignored until end of transaction block

2022-12-12 13:03:51,119 current transaction is aborted, commands ignored until end of transaction block

2022-12-12 13:03:51,140 current transaction is aborted, commands ignored until end of transaction block

2022-12-12 13:03:51,161 current transaction is aborted, commands ignored until end of transaction block

2022-12-12 13:03:51,181 current transaction is aborted, commands ignored until end of transaction block

2022-12-12 13:03:51,201 current transaction is aborted, commands ignored until end of transaction block

2022-12-12 13:03:51,222 current transaction is aborted, commands ignored until end of transaction block

2022-12-12 13:03:51,243 current transaction is aborted, commands ignored until end of transaction block

2022-12-12 13:03:51,263 current transaction is aborted, commands ignored until end of transaction block

2022-12-12 13:03:51,284 current transaction is aborted, commands ignored until end of transaction block

2022-12-12 13:03:51,304 current transaction is aborted, commands ignored until end of transaction block

2022-12-12 13:03:51,325 current transaction is aborted, commands ignored until end of transaction block

2022-12-12 13:03:51,345 current transaction is aborted, commands ignored until end of transaction block

2022-12-12 13:03:51,367 current transaction is aborted, commands ignored until end of transaction block

2022-12-12 13:03:51,388 current transaction is aborted, commands ignored until end of transaction block

2022-12-12 13:03:51,409 current transaction is aborted, commands ignored until end of transaction block

2022-12-12 13:03:51,431 current transaction is aborted, commands ignored until end of transaction block

2022-12-12 13:03:51,452 current transaction is aborted, commands ignored until end of transaction block

2022-12-12 13:03:51,475 current transaction is aborted, commands ignored until end of transaction block

2022-12-12 13:03:51,496 current transaction is aborted, commands ignored until end of transaction block

2022-12-12 13:03:51,516 current transaction is aborted, commands ignored until end of transaction block

2022-12-12 13:03:51,537 current transaction is aborted, commands ignored until end of transaction block

2022-12-12 13:03:51,558 current transaction is aborted, commands ignored until end of transaction block

2022-12-12 13:03:51,579 current transaction is aborted, commands ignored until end of transaction block

2022-12-12 13:03:51,600 current transaction is aborted, commands ignored until end of transaction block

2022-12-12 13:03:51,622 current transaction is aborted, commands ignored until end of transaction block

2022-12-12 13:03:51,643 current transaction is aborted, commands ignored until end of transaction block

2022-12-12 13:03:51,664 current transaction is aborted, commands ignored until end of transaction block

2022-12-12 13:03:51,685 current transaction is aborted, commands ignored until end of transaction block

2022-12-12 13:03:51,706 current transaction is aborted, commands ignored until end of transaction block

2022-12-12 13:03:51,727 current transaction is aborted, commands ignored until end of transaction block

2022-12-12 13:03:51,748 current transaction is aborted, commands ignored until end of transaction block

2022-12-12 13:03:51,768 current transaction is aborted, commands ignored until end of transaction block

2022-12-12 13:03:51,789 current transaction is aborted, commands ignored until end of transaction block

2022-12-12 13:03:51,810 current transaction is aborted, commands ignored until end of transaction block

2022-12-12 13:03:51,832 current transaction is aborted, commands ignored until end of transaction block

2022-12-12 13:03:51,852 current transaction is aborted, commands ignored until end of transaction block

2022-12-12 13:03:51,873 current transaction is aborted, commands ignored until end of transaction block

2022-12-12 13:03:51,893 current transaction is aborted, commands ignored until end of transaction block

2022-12-12 13:03:51,914 current transaction is aborted, commands ignored until end of transaction block

2022-12-12 13:03:51,935 current transaction is aborted, commands ignored until end of transaction block

2022-12-12 13:03:51,955 current transaction is aborted, commands ignored until end of transaction block

2022-12-12 13:03:51,976 current transaction is aborted, commands ignored until end of transaction block

2022-12-12 13:03:51,997 current transaction is aborted, commands ignored until end of transaction block

2022-12-12 13:03:52,018 current transaction is aborted, commands ignored until end of transaction block

2022-12-12 13:03:52,039 current transaction is aborted, commands ignored until end of transaction block

2022-12-12 13:03:52,061 current transaction is aborted, commands ignored until end of transaction block

2022-12-12 13:03:52,082 current transaction is aborted, commands ignored until end of transaction block

2022-12-12 13:03:52,103 current transaction is aborted, commands ignored until end of transaction block

2022-12-12 13:03:52,123 current transaction is aborted, commands ignored until end of transaction block

2022-12-12 13:03:52,144 current transaction is aborted, commands ignored until end of transaction block

2022-12-12 13:03:52,164 current transaction is aborted, commands ignored until end of transaction block

2022-12-12 13:03:52,185 current transaction is aborted, commands ignored until end of transaction block

2022-12-12 13:03:52,206 current transaction is aborted, commands ignored until end of transaction block

2022-12-12 13:03:52,227 current transaction is aborted, commands ignored until end of transaction block

2022-12-12 13:03:52,247 current transaction is aborted, commands ignored until end of transaction block

2022-12-12 13:03:52,268 current transaction is aborted, commands ignored until end of transaction block

2022-12-12 13:03:52,289 current transaction is aborted, commands ignored until end of transaction block

2022-12-12 13:03:52,309 current transaction is aborted, commands ignored until end of transaction block

2022-12-12 13:03:52,330 current transaction is aborted, commands ignored until end of transaction block

2022-12-12 13:03:52,351 current transaction is aborted, commands ignored until end of transaction block

2022-12-12 13:03:52,373 current transaction is aborted, commands ignored until end of transaction block

2022-12-12 13:03:52,394 current transaction is aborted, commands ignored until end of transaction block

2022-12-12 13:03:52,415 current transaction is aborted, commands ignored until end of transaction block

2022-12-12 13:03:52,436 current transaction is aborted, commands ignored until end of transaction block

2022-12-12 13:03:52,457 current transaction is aborted, commands ignored until end of transaction block

2022-12-12 13:03:52,477 current transaction is aborted, commands ignored until end of transaction block

2022-12-12 13:03:52,498 current transaction is aborted, commands ignored until end of transaction block

2022-12-12 13:03:52,519 current transaction is aborted, commands ignored until end of transaction block

2022-12-12 13:03:52,539 current transaction is aborted, commands ignored until end of transaction block

2022-12-12 13:03:52,560 current transaction is aborted, commands ignored until end of transaction block

2022-12-12 13:03:52,581 current transaction is aborted, commands ignored until end of transaction block

2022-12-12 13:03:52,602 current transaction is aborted, commands ignored until end of transaction block

2022-12-12 13:03:52,623 current transaction is aborted, commands ignored until end of transaction block

2022-12-12 13:03:52,643 current transaction is aborted, commands ignored until end of transaction block

2022-12-12 13:03:52,663 current transaction is aborted, commands ignored until end of transaction block

2022-12-12 13:03:52,684 current transaction is aborted, commands ignored until end of transaction block

2022-12-12 13:03:52,705 current transaction is aborted, commands ignored until end of transaction block

2022-12-12 13:03:52,726 current transaction is aborted, commands ignored until end of transaction block

2022-12-12 13:03:52,747 current transaction is aborted, commands ignored until end of transaction block

2022-12-12 13:03:52,767 current transaction is aborted, commands ignored until end of transaction block

2022-12-12 13:03:52,789 current transaction is aborted, commands ignored until end of transaction block

2022-12-12 13:03:52,809 current transaction is aborted, commands ignored until end of transaction block

2022-12-12 13:03:52,830 current transaction is aborted, commands ignored until end of transaction block

2022-12-12 13:03:52,850 current transaction is aborted, commands ignored until end of transaction block

2022-12-12 13:03:52,871 current transaction is aborted, commands ignored until end of transaction block

2022-12-12 13:03:52,891 current transaction is aborted, commands ignored until end of transaction block

2022-12-12 13:03:52,912 current transaction is aborted, commands ignored until end of transaction block

2022-12-12 13:03:52,933 current transaction is aborted, commands ignored until end of transaction block

2022-12-12 13:03:52,953 current transaction is aborted, commands ignored until end of transaction block

2022-12-12 13:03:52,974 current transaction is aborted, commands ignored until end of transaction block

2022-12-12 13:03:52,994 current transaction is aborted, commands ignored until end of transaction block

2022-12-12 13:03:53,015 current transaction is aborted, commands ignored until end of transaction block

2022-12-12 13:03:53,035 current transaction is aborted, commands ignored until end of transaction block

2022-12-12 13:03:53,056 current transaction is aborted, commands ignored until end of transaction block

2022-12-12 13:03:53,076 current transaction is aborted, commands ignored until end of transaction block

2022-12-12 13:03:53,097 current transaction is aborted, commands ignored until end of transaction block

2022-12-12 13:03:53,118 current transaction is aborted, commands ignored until end of transaction block

2022-12-12 13:03:53,139 current transaction is aborted, commands ignored until end of transaction block

2022-12-12 13:03:53,159 current transaction is aborted, commands ignored until end of transaction block

2022-12-12 13:03:53,180 current transaction is aborted, commands ignored until end of transaction block

2022-12-12 13:03:53,200 current transaction is aborted, commands ignored until end of transaction block

2022-12-12 13:03:53,221 current transaction is aborted, commands ignored until end of transaction block

2022-12-12 13:03:53,242 current transaction is aborted, commands ignored until end of transaction block

2022-12-12 13:03:53,265 current transaction is aborted, commands ignored until end of transaction block

2022-12-12 13:03:53,287 current transaction is aborted, commands ignored until end of transaction block

2022-12-12 13:03:53,309 current transaction is aborted, commands ignored until end of transaction block

2022-12-12 13:03:53,329 current transaction is aborted, commands ignored until end of transaction block

2022-12-12 13:03:53,350 current transaction is aborted, commands ignored until end of transaction block

2022-12-12 13:03:53,370 current transaction is aborted, commands ignored until end of transaction block

2022-12-12 13:03:53,391 current transaction is aborted, commands ignored until end of transaction block

2022-12-12 13:03:53,411 current transaction is aborted, commands ignored until end of transaction block

2022-12-12 13:03:53,432 current transaction is aborted, commands ignored until end of transaction block

2022-12-12 13:03:53,452 current transaction is aborted, commands ignored until end of transaction block

2022-12-12 13:03:53,473 current transaction is aborted, commands ignored until end of transaction block

2022-12-12 13:03:53,720 current transaction is aborted, commands ignored until end of transaction block

2022-12-12 13:03:53,741 current transaction is aborted, commands ignored until end of transaction block

2022-12-12 13:03:53,762 current transaction is aborted, commands ignored until end of transaction block

2022-12-12 13:03:53,782 current transaction is aborted, commands ignored until end of transaction block

2022-12-12 13:03:53,802 current transaction is aborted, commands ignored until end of transaction block

2022-12-12 13:03:53,823 current transaction is aborted, commands ignored until end of transaction block

2022-12-12 13:03:53,843 current transaction is aborted, commands ignored until end of transaction block

2022-12-12 13:03:53,864 current transaction is aborted, commands ignored until end of transaction block

2022-12-12 13:03:53,884 current transaction is aborted, commands ignored until end of transaction block

2022-12-12 13:03:53,904 current transaction is aborted, commands ignored until end of transaction block

2022-12-12 13:03:53,925 current transaction is aborted, commands ignored until end of transaction block

2022-12-12 13:03:53,946 current transaction is aborted, commands ignored until end of transaction block

2022-12-12 13:03:53,966 current transaction is aborted, commands ignored until end of transaction block

2022-12-12 13:03:53,986 current transaction is aborted, commands ignored until end of transaction block

2022-12-12 13:03:54,007 current transaction is aborted, commands ignored until end of transaction block

2022-12-12 13:03:54,027 current transaction is aborted, commands ignored until end of transaction block

2022-12-12 13:03:54,047 current transaction is aborted, commands ignored until end of transaction block

2022-12-12 13:03:54,068 current transaction is aborted, commands ignored until end of transaction block

2022-12-12 13:03:54,089 current transaction is aborted, commands ignored until end of transaction block

2022-12-12 13:03:54,110 current transaction is aborted, commands ignored until end of transaction block

2022-12-12 13:03:54,132 current transaction is aborted, commands ignored until end of transaction block

2022-12-12 13:03:54,155 current transaction is aborted, commands ignored until end of transaction block

2022-12-12 13:03:54,176 current transaction is aborted, commands ignored until end of transaction block

2022-12-12 13:03:54,199 current transaction is aborted, commands ignored until end of transaction block

2022-12-12 13:03:54,219 current transaction is aborted, commands ignored until end of transaction block

2022-12-12 13:03:54,239 current transaction is aborted, commands ignored until end of transaction block

2022-12-12 13:03:54,261 current transaction is aborted, commands ignored until end of transaction block

2022-12-12 13:03:54,282 current transaction is aborted, commands ignored until end of transaction block

2022-12-12 13:03:54,302 current transaction is aborted, commands ignored until end of transaction block

2022-12-12 13:03:54,323 current transaction is aborted, commands ignored until end of transaction block

2022-12-12 13:03:54,344 current transaction is aborted, commands ignored until end of transaction block

2022-12-12 13:03:54,364 current transaction is aborted, commands ignored until end of transaction block

2022-12-12 13:03:54,385 current transaction is aborted, commands ignored until end of transaction block

2022-12-12 13:03:54,405 current transaction is aborted, commands ignored until end of transaction block

2022-12-12 13:03:54,426 current transaction is aborted, commands ignored until end of transaction block

2022-12-12 13:03:54,447 current transaction is aborted, commands ignored until end of transaction block

2022-12-12 13:03:54,467 current transaction is aborted, commands ignored until end of transaction block

2022-12-12 13:03:54,487 current transaction is aborted, commands ignored until end of transaction block

2022-12-12 13:03:54,508 current transaction is aborted, commands ignored until end of transaction block

2022-12-12 13:03:54,529 current transaction is aborted, commands ignored until end of transaction block

2022-12-12 13:03:54,549 current transaction is aborted, commands ignored until end of transaction block

2022-12-12 13:03:54,570 current transaction is aborted, commands ignored until end of transaction block

2022-12-12 13:03:54,591 current transaction is aborted, commands ignored until end of transaction block

2022-12-12 13:03:54,611 current transaction is aborted, commands ignored until end of transaction block

2022-12-12 13:03:54,632 current transaction is aborted, commands ignored until end of transaction block

2022-12-12 13:03:54,652 current transaction is aborted, commands ignored until end of transaction block

2022-12-12 13:03:54,673 current transaction is aborted, commands ignored until end of transaction block

2022-12-12 13:03:54,693 current transaction is aborted, commands ignored until end of transaction block

2022-12-12 13:03:54,714 current transaction is aborted, commands ignored until end of transaction block

2022-12-12 13:03:54,735 current transaction is aborted, commands ignored until end of transaction block

2022-12-12 13:03:54,755 current transaction is aborted, commands ignored until end of transaction block

2022-12-12 13:03:54,776 current transaction is aborted, commands ignored until end of transaction block

2022-12-12 13:03:54,796 current transaction is aborted, commands ignored until end of transaction block

2022-12-12 13:03:54,817 current transaction is aborted, commands ignored until end of transaction block

2022-12-12 13:03:54,838 current transaction is aborted, commands ignored until end of transaction block

2022-12-12 13:03:54,858 current transaction is aborted, commands ignored until end of transaction block

2022-12-12 13:03:54,879 current transaction is aborted, commands ignored until end of transaction block

2022-12-12 13:03:54,899 current transaction is aborted, commands ignored until end of transaction block

2022-12-12 13:03:54,919 current transaction is aborted, commands ignored until end of transaction block

2022-12-12 13:03:54,940 current transaction is aborted, commands ignored until end of transaction block

2022-12-12 13:03:54,960 current transaction is aborted, commands ignored until end of transaction block

2022-12-12 13:03:54,981 current transaction is aborted, commands ignored until end of transaction block

2022-12-12 13:03:55,001 current transaction is aborted, commands ignored until end of transaction block

2022-12-12 13:03:55,021 current transaction is aborted, commands ignored until end of transaction block

2022-12-12 13:03:55,042 current transaction is aborted, commands ignored until end of transaction block

2022-12-12 13:03:55,062 current transaction is aborted, commands ignored until end of transaction block

2022-12-12 13:03:55,082 current transaction is aborted, commands ignored until end of transaction block

2022-12-12 13:03:55,103 current transaction is aborted, commands ignored until end of transaction block

2022-12-12 13:03:55,124 current transaction is aborted, commands ignored until end of transaction block

2022-12-12 13:03:55,145 current transaction is aborted, commands ignored until end of transaction block

2022-12-12 13:03:55,165 current transaction is aborted, commands ignored until end of transaction block

2022-12-12 13:03:55,185 current transaction is aborted, commands ignored until end of transaction block

2022-12-12 13:03:55,206 current transaction is aborted, commands ignored until end of transaction block

2022-12-12 13:03:55,226 current transaction is aborted, commands ignored until end of transaction block

2022-12-12 13:03:55,246 current transaction is aborted, commands ignored until end of transaction block

2022-12-12 13:03:55,267 current transaction is aborted, commands ignored until end of transaction block

2022-12-12 13:03:55,287 current transaction is aborted, commands ignored until end of transaction block

2022-12-12 13:03:55,307 current transaction is aborted, commands ignored until end of transaction block

2022-12-12 13:03:55,328 current transaction is aborted, commands ignored until end of transaction block

2022-12-12 13:03:55,349 current transaction is aborted, commands ignored until end of transaction block

2022-12-12 13:03:55,369 current transaction is aborted, commands ignored until end of transaction block

2022-12-12 13:03:55,390 current transaction is aborted, commands ignored until end of transaction block

2022-12-12 13:03:55,410 current transaction is aborted, commands ignored until end of transaction block

2022-12-12 13:03:55,431 current transaction is aborted, commands ignored until end of transaction block

2022-12-12 13:03:55,451 current transaction is aborted, commands ignored until end of transaction block

2022-12-12 13:03:55,472 current transaction is aborted, commands ignored until end of transaction block

2022-12-12 13:03:55,493 current transaction is aborted, commands ignored until end of transaction block

2022-12-12 13:03:55,514 current transaction is aborted, commands ignored until end of transaction block

2022-12-12 13:03:55,535 current transaction is aborted, commands ignored until end of transaction block

2022-12-12 13:03:55,556 current transaction is aborted, commands ignored until end of transaction block

2022-12-12 13:03:55,577 current transaction is aborted, commands ignored until end of transaction block

2022-12-12 13:03:55,598 current transaction is aborted, commands ignored until end of transaction block

2022-12-12 13:03:55,618 current transaction is aborted, commands ignored until end of transaction block

2022-12-12 13:03:55,640 current transaction is aborted, commands ignored until end of transaction block

2022-12-12 13:03:55,661 current transaction is aborted, commands ignored until end of transaction block

2022-12-12 13:03:55,683 current transaction is aborted, commands ignored until end of transaction block

2022-12-12 13:03:55,703 current transaction is aborted, commands ignored until end of transaction block

2022-12-12 13:03:55,724 current transaction is aborted, commands ignored until end of transaction block

2022-12-12 13:03:55,745 current transaction is aborted, commands ignored until end of transaction block

2022-12-12 13:03:55,766 current transaction is aborted, commands ignored until end of transaction block

2022-12-12 13:03:55,787 current transaction is aborted, commands ignored until end of transaction block

2022-12-12 13:03:55,808 current transaction is aborted, commands ignored until end of transaction block

2022-12-12 13:03:55,834 current transaction is aborted, commands ignored until end of transaction block

2022-12-12 13:03:55,854 current transaction is aborted, commands ignored until end of transaction block

2022-12-12 13:03:55,875 current transaction is aborted, commands ignored until end of transaction block

2022-12-12 13:03:55,896 current transaction is aborted, commands ignored until end of transaction block

2022-12-12 13:03:55,917 current transaction is aborted, commands ignored until end of transaction block

2022-12-12 13:03:55,938 current transaction is aborted, commands ignored until end of transaction block

2022-12-12 13:03:55,958 current transaction is aborted, commands ignored until end of transaction block

2022-12-12 13:03:55,979 current transaction is aborted, commands ignored until end of transaction block

2022-12-12 13:03:56,000 current transaction is aborted, commands ignored until end of transaction block

2022-12-12 13:03:56,020 current transaction is aborted, commands ignored until end of transaction block

2022-12-12 13:03:56,041 current transaction is aborted, commands ignored until end of transaction block

2022-12-12 13:03:56,061 current transaction is aborted, commands ignored until end of transaction block

2022-12-12 13:03:56,083 current transaction is aborted, commands ignored until end of transaction block

2022-12-12 13:03:56,104 current transaction is aborted, commands ignored until end of transaction block

2022-12-12 13:03:56,125 current transaction is aborted, commands ignored until end of transaction block

2022-12-12 13:03:56,146 current transaction is aborted, commands ignored until end of transaction block

2022-12-12 13:03:56,167 current transaction is aborted, commands ignored until end of transaction block

2022-12-12 13:03:56,187 current transaction is aborted, commands ignored until end of transaction block

2022-12-12 13:03:56,208 current transaction is aborted, commands ignored until end of transaction block

2022-12-12 13:03:56,229 current transaction is aborted, commands ignored until end of transaction block

2022-12-12 13:03:56,249 current transaction is aborted, commands ignored until end of transaction block

2022-12-12 13:03:56,270 current transaction is aborted, commands ignored until end of transaction block

2022-12-12 13:03:56,291 current transaction is aborted, commands ignored until end of transaction block

2022-12-12 13:03:56,312 current transaction is aborted, commands ignored until end of transaction block

2022-12-12 13:03:56,333 current transaction is aborted, commands ignored until end of transaction block

2022-12-12 13:03:56,354 current transaction is aborted, commands ignored until end of transaction block

2022-12-12 13:03:56,376 current transaction is aborted, commands ignored until end of transaction block

2022-12-12 13:03:56,397 current transaction is aborted, commands ignored until end of transaction block

2022-12-12 13:03:56,417 current transaction is aborted, commands ignored until end of transaction block

2022-12-12 13:03:56,418 Updated rows: 0
2022-12-12 13:03:56,418 Updating MAPE result to database ...
2022-12-12 13:03:56,439 current transaction is aborted, commands ignored until end of transaction block

2022-12-12 13:03:56,439 Updated rows: 0
2022-12-12 13:03:56,439 Updating Model Parameter result to database ...
2022-12-12 13:03:56,460 current transaction is aborted, commands ignored until end of transaction block

2022-12-12 13:03:56,461 Updated rows: 0
