Script started on 2023-05-17 15:26:13+0700
Connecting to database ...
1. ADF : -1.8447408956054685
2. P-Value : 0.3584860243471938
3. Num Of Lags : 0
4. Num Of Observations Used For ADF Regression: 120
5. Critical Values : 
	 1%: -3.486055829282407
	 5%: -2.8859430324074076
	 10%: -2.5797850694444446
Creating ARIMAX Model ...
Performing stepwise search to minimize aic
 ARIMA(0,1,0)(0,0,0)[0] intercept   : AIC=-267.947, Time=0.06 sec
 ARIMA(1,1,0)(0,0,0)[0] intercept   : AIC=-266.060, Time=0.06 sec
 ARIMA(0,1,1)(0,0,0)[0] intercept   : AIC=-266.043, Time=0.07 sec
 ARIMA(0,1,0)(0,0,0)[0]             : AIC=143.758, Time=0.05 sec
 ARIMA(1,1,1)(0,0,0)[0] intercept   : AIC=-263.974, Time=0.08 sec

Best model:  ARIMA(0,1,0)(0,0,0)[0] intercept
Total fit time: 0.312 seconds
ARIMAX Model Summary
                               SARIMAX Results                                
==============================================================================
Dep. Variable:                      y   No. Observations:                  112
Model:               SARIMAX(0, 1, 0)   Log Likelihood                 141.974
Date:                Wed, 17 May 2023   AIC                           -267.947
Time:                        15:26:15   BIC                           -246.271
Sample:                    01-31-2013   HQIC                          -259.154
                         - 04-30-2022                                         
Covariance Type:                  opg                                         
=======================================================================================
                          coef    std err          z      P>|z|      [0.025      0.975]
---------------------------------------------------------------------------------------
intercept              -0.0062      0.011     -0.583      0.560      -0.027       0.015
drilling_explor_cum     0.0004      0.001      0.505      0.613      -0.001       0.002
drilling_explot_cum     0.0003      0.000      2.350      0.019     4.5e-05       0.000
workover_cum           -0.0001   9.32e-05     -1.178      0.239      -0.000    7.29e-05
wellservice_cum      5.061e-06   2.12e-06      2.386      0.017    9.04e-07    9.22e-06
survei_seismic_cum     -0.0033      0.002     -1.441      0.149      -0.008       0.001
bulan                  -0.0088      0.011     -0.838      0.402      -0.030       0.012
sigma2                  0.0045      0.000     15.706      0.000       0.004       0.005
===================================================================================
Ljung-Box (L1) (Q):                   0.12   Jarque-Bera (JB):               909.05
Prob(Q):                              0.73   Prob(JB):                         0.00
Heteroskedasticity (H):               3.04   Skew:                             0.88
Prob(H) (two-sided):                  0.00   Kurtosis:                        16.91
===================================================================================

Warnings:
[1] Covariance matrix calculated using the outer product of gradients (complex-step).
ARIMAX Model Prediction ..
ARIMAX Model MAPE: 0.1402
Arimax Model Parameters (0, 1, 0)
Creating XGBoost Model ....
XGBoost Model Prediction ...
XGBoost Model MAPE: 0.2120
XGBoost Model Parameters {'window_length': 8}
Creating Random Forest Model ...
Random Forest Model Prediction ...
Random Forest Model MAPE: 0.1799
Random Forest Model Parameters {'estimator__n_estimators': 100, 'window_length': 19}
Creating Linear Regression Model ...
/home/spcuser/miniconda3/envs/py38_ts/lib/python3.8/site-packages/sklearn/linear_model/_base.py:141: FutureWarning: 'normalize' was deprecated in version 1.0 and will be removed in 1.2.
If you wish to scale the data, use Pipeline with a StandardScaler in a preprocessing stage. To reproduce the previous behavior:

from sklearn.pipeline import make_pipeline

model = make_pipeline(StandardScaler(with_mean=False), LinearRegression())

If you wish to pass a sample_weight parameter, you need to pass it as a fit parameter to each step of the pipeline as follows:

kwargs = {s[0] + '__sample_weight': sample_weight for s in model.steps}
model.fit(X, y, **kwargs)


  warnings.warn(
Linear Regression Model Prediction ...
Linear Regression Model MAPE: 0.2407
Linear Regression Model Parameters {'window_length': 1}
Creating Polynomial Regression Orde 2 Model ...
Polynomial Regression Orde 2 Model Prediction ...
Polynomial Regression Orde 2 Model MAPE: 0.1246
Polynomial Regression Orde 2 Model Parameters {'window_length': 1}
Creating Polynomial Regression Orde 3 Model ...
Polynomial Regression Orde 3 Model Prediction ...
Polynomial Regression Orde 3 Model MAPE: 0.2663
Polynomial Regression Orde 3 Model Parameters {'window_length': 1}
Creating all model mape result data frame ...
Creating all model params result data frame ...
Updating MAPE result to database ...
Updated rows: 1
Updating Model Parameter result to database ...
Updated rows: 1
Done
Connecting to database ...
1. ADF : -1.1639275351059495
2. P-Value : 0.6889175933723927
3. Num Of Lags : 2
4. Num Of Observations Used For ADF Regression: 8
5. Critical Values : 
	 1%: -4.6651863281249994
	 5%: -3.3671868750000002
	 10%: -2.802960625
Performing stepwise search to minimize aic
 ARIMA(0,1,0)(0,0,0)[0] intercept   : AIC=5.362, Time=0.06 sec
 ARIMA(1,1,0)(0,0,0)[0] intercept   : AIC=11.118, Time=0.08 sec
 ARIMA(0,1,1)(0,0,0)[0] intercept   : AIC=7.420, Time=0.08 sec
 ARIMA(0,1,0)(0,0,0)[0]             : AIC=13.729, Time=0.02 sec
 ARIMA(1,1,1)(0,0,0)[0] intercept   : AIC=16.619, Time=0.08 sec

Best model:  ARIMA(0,1,0)(0,0,0)[0] intercept
Total fit time: 0.326 seconds
Creating ARIMAX Model ...
ARIMAX Model Summary
                               SARIMAX Results                                
==============================================================================
Dep. Variable:                      y   No. Observations:                    9
Model:               SARIMAX(0, 1, 0)   Log Likelihood                   4.319
Date:                Wed, 17 May 2023   AIC                              5.362
Time:                        15:26:18   BIC                              5.918
Sample:                    12-31-2013   HQIC                             1.612
                         - 12-31-2021                                         
Covariance Type:                  opg                                         
===================================================================================
                      coef    std err          z      P>|z|      [0.025      0.975]
-----------------------------------------------------------------------------------
intercept          -0.0436      0.132     -0.330      0.742      -0.303       0.216
survey_seismic     -0.0084      0.011     -0.753      0.452      -0.030       0.014
bor_eksplorasi      0.0016      0.014      0.115      0.908      -0.026       0.029
bor_eksploitasi     0.0003      0.002      0.117      0.907      -0.004       0.005
workover            0.0001      0.002      0.043      0.966      -0.005       0.005
wellservice      9.008e-06   6.74e-05      0.134      0.894      -0.000       0.000
sigma2              0.0199      0.015      1.284      0.199      -0.010       0.050
===================================================================================
Ljung-Box (L1) (Q):                   3.23   Jarque-Bera (JB):                 0.20
Prob(Q):                              0.07   Prob(JB):                         0.90
Heteroskedasticity (H):               5.94   Skew:                            -0.39
Prob(H) (two-sided):                  0.18   Kurtosis:                         2.97
===================================================================================

Warnings:
[1] Covariance matrix calculated using the outer product of gradients (complex-step).
ARIMAX Model Prediction ..
ARIMAX Model MAPE: 0.0902
Arimax Model Parameters (0, 1, 0)
Creating XGBoost Model ....
XGBoost Model Prediction ...
XGBoost Model MAPE: 0.4141
XGBoost Model Parameters {'window_length': 6}
Creating Random Forest Model ...
Random Forest Model Prediction ...
Random Forest Model MAPE: 0.4172
Random Forest Model Parameters {'estimator__n_estimators': 100, 'window_length': 8}
Creating Linear Regression Model ...
/home/spcuser/miniconda3/envs/py38_ts/lib/python3.8/site-packages/sklearn/linear_model/_base.py:141: FutureWarning: 'normalize' was deprecated in version 1.0 and will be removed in 1.2.
If you wish to scale the data, use Pipeline with a StandardScaler in a preprocessing stage. To reproduce the previous behavior:

from sklearn.pipeline import make_pipeline

model = make_pipeline(StandardScaler(with_mean=False), LinearRegression())

If you wish to pass a sample_weight parameter, you need to pass it as a fit parameter to each step of the pipeline as follows:

kwargs = {s[0] + '__sample_weight': sample_weight for s in model.steps}
model.fit(X, y, **kwargs)


  warnings.warn(
Linear Regression Model Prediction ...
Linear Regression Model MAPE: 0.8015
Linear Regression Model Parameters {'window_length': 4}
Creating Polynomial Regression Orde 2 Model ...
Polynomial Regression Orde 2 Model Prediction ...
Polynomial Regression Orde 2 Model MAPE: 0.6144
Polynomial Regression Orde 2 Model Parameters {'window_length': 3}
Creating Polynomial Regression Orde 3 Model ...
Polynomial Regression Orde 3 Model Prediction ...
Polynomial Regression Orde 3 Model MAPE: 0.5295
Polynomial Regression Orde 3 Model Parameters {'window_length': 3}
Creating all model params result data frame ...
Updating MAPE result to database ...
Updated rows: 1
Updating Model Parameter result to database ...
Updated rows: 1
Done

real	0m5,650s
user	0m7,079s
sys	0m2,595s

Script done on 2023-05-17 15:26:18+0700
