2022-12-02 06:41:20,394 Connecting to database ...
2022-12-02 06:41:20,858 1. ADF : -1.3585867703753205
2022-12-02 06:41:20,858 2. P-Value : 0.6019613591264149
2022-12-02 06:41:20,858 3. Num Of Lags 29: 
2022-12-02 06:41:20,858 4. Num Of Observations Used For ADF Regression: 3571
2022-12-02 06:41:20,858 5. Critical Values : 
2022-12-02 06:41:20,858 	 1%: -3.432182541829493
2022-12-02 06:41:20,858 	 5%: -2.8623497140302914
2022-12-02 06:41:20,858 	 10%: -2.5672010239749072
2022-12-02 06:41:21,019 Creating ARIMAX Model ...
2022-12-02 06:42:22,518 ARIMAX Model Summary
2022-12-02 06:42:22,522                                SARIMAX Results                                
==============================================================================
Dep. Variable:                      y   No. Observations:                 3601
Model:               SARIMAX(1, 1, 3)   Log Likelihood              -32244.898
Date:                Fri, 02 Dec 2022   AIC                          64505.795
Time:                        06:42:22   BIC                          64555.305
Sample:                    01-01-2013   HQIC                         64523.439
                         - 11-10-2022                                         
Covariance Type:                  opg                                         
==============================================================================
                 coef    std err          z      P>|z|      [0.025      0.975]
------------------------------------------------------------------------------
fg_exog       36.4418      0.250    146.021      0.000      35.953      36.931
month        -43.8708     14.023     -3.129      0.002     -71.355     -16.387
day          -17.8555      3.513     -5.082      0.000     -24.741     -10.970
ar.L1          0.8937      0.016     56.657      0.000       0.863       0.925
ma.L1         -1.1819      0.019    -63.777      0.000      -1.218      -1.146
ma.L2          0.1552      0.015     10.641      0.000       0.127       0.184
ma.L3          0.0530      0.012      4.334      0.000       0.029       0.077
sigma2      3.585e+06   3.16e+04    113.521      0.000    3.52e+06    3.65e+06
===================================================================================
Ljung-Box (L1) (Q):                   0.00   Jarque-Bera (JB):             81179.16
Prob(Q):                              0.96   Prob(JB):                         0.00
Heteroskedasticity (H):               2.16   Skew:                            -1.67
Prob(H) (two-sided):                  0.00   Kurtosis:                        26.02
===================================================================================

Warnings:
[1] Covariance matrix calculated using the outer product of gradients (complex-step).
[2] Covariance matrix is singular or near-singular, with condition number 6.36e+14. Standard errors may be unstable.
2022-12-02 06:42:22,526 ARIMAX Model Prediction ..
2022-12-02 06:42:22,537 Creating ARIMAX Model ...
2022-12-02 06:58:37,238 ARIMAX Model Summary
2022-12-02 06:58:37,242                                SARIMAX Results                                
==============================================================================
Dep. Variable:                      y   No. Observations:                 3601
Model:               SARIMAX(1, 1, 3)   Log Likelihood              -32244.898
Date:                Fri, 02 Dec 2022   AIC                          64505.795
Time:                        06:58:37   BIC                          64555.305
Sample:                    01-01-2013   HQIC                         64523.439
                         - 11-10-2022                                         
Covariance Type:                  opg                                         
==============================================================================
                 coef    std err          z      P>|z|      [0.025      0.975]
------------------------------------------------------------------------------
fg_exog       36.4418      0.250    146.021      0.000      35.953      36.931
month        -43.8708     14.023     -3.129      0.002     -71.355     -16.387
day          -17.8555      3.513     -5.082      0.000     -24.741     -10.970
ar.L1          0.8937      0.016     56.657      0.000       0.863       0.925
ma.L1         -1.1819      0.019    -63.777      0.000      -1.218      -1.146
ma.L2          0.1552      0.015     10.641      0.000       0.127       0.184
ma.L3          0.0530      0.012      4.334      0.000       0.029       0.077
sigma2      3.585e+06   3.16e+04    113.521      0.000    3.52e+06    3.65e+06
===================================================================================
Ljung-Box (L1) (Q):                   0.00   Jarque-Bera (JB):             81179.16
Prob(Q):                              0.96   Prob(JB):                         0.00
Heteroskedasticity (H):               2.16   Skew:                            -1.67
Prob(H) (two-sided):                  0.00   Kurtosis:                        26.02
===================================================================================

Warnings:
[1] Covariance matrix calculated using the outer product of gradients (complex-step).
[2] Covariance matrix is singular or near-singular, with condition number 6.36e+14. Standard errors may be unstable.
2022-12-02 06:58:37,246 ARIMAX Model Prediction ..
2022-12-02 06:58:37,629 Creating Prophet Model ....
2022-12-02 06:58:37,673 input tempfile: /tmp/tmpug908ucx/k1vek6ft.json
2022-12-02 06:58:37,714 input tempfile: /tmp/tmpug908ucx/lyvs1nb4.json
2022-12-02 06:58:37,715 idx 0
2022-12-02 06:58:37,715 running CmdStan, num_threads: None
2022-12-02 06:58:37,715 CmdStan args: ['/home/spcuser/miniconda3/envs/py38_ts/lib/python3.8/site-packages/prophet/stan_model/prophet_model.bin', 'random', 'seed=64050', 'data', 'file=/tmp/tmpug908ucx/k1vek6ft.json', 'init=/tmp/tmpug908ucx/lyvs1nb4.json', 'output', 'file=/tmp/tmpug908ucx/prophet_model__ypva4_/prophet_model-20221202065837.csv', 'method=optimize', 'algorithm=lbfgs', 'iter=10000']
2022-12-02 06:58:37,715 Chain [1] start processing
2022-12-02 06:58:37,871 Chain [1] done processing
2022-12-02 06:58:37,887 Prophet Model Prediction ...
2022-12-02 06:58:38,156 Creating Random Forest Model ...
2022-12-02 06:58:53,079 Random Forest Model Prediction
2022-12-02 06:58:53,328 Creating XGBoost Model ...
2022-12-02 06:58:53,843 XGBoost Model Prediction ...
2022-12-02 06:58:53,892 Creating Linear Regression Model ...
2022-12-02 06:58:53,922 Linear Regression Model Prediction ...
2022-12-02 06:58:53,984 Creating Polynomial Regression Orde 2 Model ...
2022-12-02 06:58:54,206 Polynomial Regression Orde 2 Model Prediction ...
2022-12-02 06:58:54,227 Creating Polynomial Regression Orde 3 Model ...
2022-12-02 06:58:54,274 Polynomial Regression Orde 3 Model Prediction ...
2022-12-02 06:58:54,302 Updating forecast result to database ...
2022-12-02 06:58:57,603 Updated rows: 51
