2022-12-08 10:30:59,429 Connecting to database ...
2022-12-08 10:30:59,519 Cleaning data ...
2022-12-08 10:31:06,082 Creating ARIMAX Model ...
2022-12-08 10:31:06,243 ARIMAX Model Summary
2022-12-08 10:31:06,245                                SARIMAX Results                                
==============================================================================
Dep. Variable:                      y   No. Observations:                  789
Model:               SARIMAX(1, 1, 1)   Log Likelihood               -7173.977
Date:                Thu, 08 Dec 2022   AIC                          14359.955
Time:                        10:31:06   BIC                          14387.971
Sample:                    01-01-2020   HQIC                         14370.725
                         - 02-27-2022                                         
Covariance Type:                  opg                                         
====================================================================================
                       coef    std err          z      P>|z|      [0.025      0.975]
------------------------------------------------------------------------------------
month               49.5320    418.397      0.118      0.906    -770.511     869.575
day                -18.6544     27.803     -0.671      0.502     -73.148      35.839
planned_shutdown -7408.2503    352.763    -21.001      0.000   -8099.654   -6716.847
ar.L1                0.5579      0.094      5.938      0.000       0.374       0.742
ma.L1               -0.6932      0.088     -7.838      0.000      -0.867      -0.520
sigma2            4.734e+06   5.32e+04     89.028      0.000    4.63e+06    4.84e+06
===================================================================================
Ljung-Box (L1) (Q):                   1.68   Jarque-Bera (JB):             53545.00
Prob(Q):                              0.20   Prob(JB):                         0.00
Heteroskedasticity (H):               3.39   Skew:                             1.42
Prob(H) (two-sided):                  0.00   Kurtosis:                        43.28
===================================================================================

Warnings:
[1] Covariance matrix calculated using the outer product of gradients (complex-step).
2022-12-08 10:31:06,248 ARIMAX Model Prediction ..
2022-12-08 10:31:06,259 ARIMAX Model MAPE: 0.1885
2022-12-08 10:31:35,417 Creating SARIMAX Model ...
2022-12-08 10:31:37,097 SARIMAX Model Summary
2022-12-08 10:31:37,099                                       SARIMAX Results                                      
===========================================================================================
Dep. Variable:                                   y   No. Observations:                  789
Model:             SARIMAX(1, 0, 2)x(0, 1, [1], 4)   Log Likelihood               -7234.132
Date:                             Thu, 08 Dec 2022   AIC                          14486.265
Time:                                     10:31:37   BIC                          14528.256
Sample:                                 01-01-2020   HQIC                         14502.410
                                      - 02-27-2022                                         
Covariance Type:                               opg                                         
====================================================================================
                       coef    std err          z      P>|z|      [0.025      0.975]
------------------------------------------------------------------------------------
intercept            2.0254      2.727      0.743      0.458      -3.319       7.369
month               64.7959    396.115      0.164      0.870    -711.575     841.167
day                -25.8701     34.647     -0.747      0.455     -93.777      42.037
planned_shutdown -1.733e+04    398.204    -43.522      0.000   -1.81e+04   -1.66e+04
ar.L1                0.9766      0.010     96.098      0.000       0.957       0.997
ma.L1               -0.4162      0.021    -19.687      0.000      -0.458      -0.375
ma.L2               -0.1453      0.023     -6.420      0.000      -0.190      -0.101
ma.S.L4             -0.9542      0.027    -35.108      0.000      -1.007      -0.901
sigma2            7.471e+06      0.260   2.87e+07      0.000    7.47e+06    7.47e+06
===================================================================================
Ljung-Box (L1) (Q):                   4.93   Jarque-Bera (JB):             26723.39
Prob(Q):                              0.03   Prob(JB):                         0.00
Heteroskedasticity (H):               1.75   Skew:                             0.66
Prob(H) (two-sided):                  0.00   Kurtosis:                        31.55
===================================================================================

Warnings:
[1] Covariance matrix calculated using the outer product of gradients (complex-step).
[2] Covariance matrix is singular or near-singular, with condition number 8.12e+22. Standard errors may be unstable.
2022-12-08 10:31:37,103 SARIMAX Model Prediction ..
2022-12-08 10:31:37,113 SARIMAX Model MAPE: 0.1285
2022-12-08 10:31:37,451 Creating Prophet Model ....
2022-12-08 10:31:37,481 input tempfile: /tmp/tmp9juhm2j7/xh_avpim.json
2022-12-08 10:31:37,489 input tempfile: /tmp/tmp9juhm2j7/oepybvhm.json
2022-12-08 10:31:37,490 idx 0
2022-12-08 10:31:37,490 running CmdStan, num_threads: None
2022-12-08 10:31:37,490 CmdStan args: ['/home/spcuser/miniconda3/envs/py38_ts/lib/python3.8/site-packages/prophet/stan_model/prophet_model.bin', 'random', 'seed=35992', 'data', 'file=/tmp/tmp9juhm2j7/xh_avpim.json', 'init=/tmp/tmp9juhm2j7/oepybvhm.json', 'output', 'file=/tmp/tmp9juhm2j7/prophet_modelfcwtvn24/prophet_model-20221208103137.csv', 'method=optimize', 'algorithm=lbfgs', 'iter=10000']
2022-12-08 10:31:37,490 Chain [1] start processing
2022-12-08 10:31:37,579 Chain [1] done processing
2022-12-08 10:31:37,584 Prophet Model Prediction ...
2022-12-08 10:31:37,879 Prophet Model MAPE: 0.1360
2022-12-08 10:31:37,879 Creating Random Forest Model ...
2022-12-08 10:31:44,477 Random Forest Model Prediction ...
2022-12-08 10:31:45,855 Random Forest Model MAPE: 0.1271
2022-12-08 10:31:45,865 Creating XGBoost Model ....
2022-12-08 10:31:45,965 XGBoost Model Prediction ...
2022-12-08 10:31:46,121 XGBoost Model MAPE: 0.1285
2022-12-08 10:31:46,122 Creating Linear Regression Model ...
2022-12-08 10:31:46,129 Linear Regression Model Prediction ...
2022-12-08 10:31:46,150 Linear Regression Model MAPE: 0.1364
2022-12-08 10:31:46,196 Creating Polynomial Regression Orde 2 Model ...
2022-12-08 10:31:46,220 Polynomial Regression Orde 2 Model Prediction ...
2022-12-08 10:31:46,260 Polynomial Regression Degree=2 Model MAPE: 0.1332
2022-12-08 10:31:46,260 Creating Polynomial Regression Orde 3 Model ...
2022-12-08 10:31:49,662 Polynomial Regression Orde 3 Model Prediction ...
2022-12-08 10:31:53,105 Polynomial Regression Degree=3 Model MAPE: 0.1423
2022-12-08 10:31:53,119 Creating all model prediction result data frame ...
2022-12-08 10:31:53,123 Creating all model mape result data frame ...
2022-12-08 10:31:53,123 Updating forecast result to database ...
2022-12-08 10:32:05,646 Updated rows: 198
2022-12-08 10:32:05,646 Updating MAPE result to database ...
2022-12-08 10:32:05,709 Updated rows: 1
