2022-12-12 16:31:12,644 Connecting to database ...
2022-12-12 16:31:13,469 Creating ARIMAX Model ...
2022-12-12 16:31:31,216 ARIMAX Model Summary
2022-12-12 16:31:31,221                                SARIMAX Results                                
==============================================================================
Dep. Variable:                      y   No. Observations:                 1569
Model:               SARIMAX(2, 1, 1)   Log Likelihood               -8248.380
Date:                Mon, 12 Dec 2022   AIC                          16508.760
Time:                        16:31:31   BIC                          16540.905
Sample:                    02-01-2018   HQIC                         16520.709
                         - 05-19-2022                                         
Covariance Type:                  opg                                         
==============================================================================
                 coef    std err          z      P>|z|      [0.025      0.975]
------------------------------------------------------------------------------
month         -0.6258      1.959     -0.319      0.749      -4.465       3.213
day            0.1442      0.331      0.436      0.663      -0.505       0.793
ar.L1          0.6253      0.016     38.280      0.000       0.593       0.657
ar.L2          0.1605      0.014     11.444      0.000       0.133       0.188
ma.L1         -0.9783      0.005   -205.774      0.000      -0.988      -0.969
sigma2      2169.6187     39.845     54.451      0.000    2091.523    2247.714
===================================================================================
Ljung-Box (L1) (Q):                   0.67   Jarque-Bera (JB):              6436.39
Prob(Q):                              0.41   Prob(JB):                         0.00
Heteroskedasticity (H):               1.86   Skew:                             0.61
Prob(H) (two-sided):                  0.00   Kurtosis:                        12.85
===================================================================================

Warnings:
[1] Covariance matrix calculated using the outer product of gradients (complex-step).
2022-12-12 16:31:31,228 ARIMAX Model Prediction ..
2022-12-12 16:31:31,265 ARIMAX Model MAPE: 2537622117592323.0000
2022-12-12 16:31:31,265 Arimax Model Parameters (2, 1, 1)
2022-12-12 16:31:31,266 Creating SARIMAX Model ...
2022-12-12 16:33:56,014 SARIMAX Model Summary
2022-12-12 16:33:56,017                                SARIMAX Results                                
==============================================================================
Dep. Variable:                      y   No. Observations:                 1569
Model:               SARIMAX(2, 1, 1)   Log Likelihood               -8248.380
Date:                Mon, 12 Dec 2022   AIC                          16508.760
Time:                        16:33:56   BIC                          16540.905
Sample:                    02-01-2018   HQIC                         16520.709
                         - 05-19-2022                                         
Covariance Type:                  opg                                         
==============================================================================
                 coef    std err          z      P>|z|      [0.025      0.975]
------------------------------------------------------------------------------
month         -0.6258      1.959     -0.319      0.749      -4.465       3.213
day            0.1442      0.331      0.436      0.663      -0.505       0.793
ar.L1          0.6253      0.016     38.280      0.000       0.593       0.657
ar.L2          0.1605      0.014     11.444      0.000       0.133       0.188
ma.L1         -0.9783      0.005   -205.774      0.000      -0.988      -0.969
sigma2      2169.6187     39.845     54.451      0.000    2091.523    2247.714
===================================================================================
Ljung-Box (L1) (Q):                   0.67   Jarque-Bera (JB):              6436.39
Prob(Q):                              0.41   Prob(JB):                         0.00
Heteroskedasticity (H):               1.86   Skew:                             0.61
Prob(H) (two-sided):                  0.00   Kurtosis:                        12.85
===================================================================================

Warnings:
[1] Covariance matrix calculated using the outer product of gradients (complex-step).
2022-12-12 16:33:56,024 SARIMAX Model Prediction ..
2022-12-12 16:33:56,056 SARIMAX Model MAPE: 2537622117592323.0000
2022-12-12 16:33:56,057 Sarimax Model Parameters (2, 1, 1)(0, 0, 0, 12)
2022-12-12 16:33:56,778 Creating Prophet Model ...
2022-12-12 16:33:56,862 input tempfile: /tmp/tmplunceeos/6asysl6v.json
2022-12-12 16:33:56,886 input tempfile: /tmp/tmplunceeos/odiaxqup.json
2022-12-12 16:33:56,887 idx 0
2022-12-12 16:33:56,887 running CmdStan, num_threads: None
2022-12-12 16:33:56,887 CmdStan args: ['/home/spcuser/miniconda3/envs/py38_ts/lib/python3.8/site-packages/prophet/stan_model/prophet_model.bin', 'random', 'seed=34005', 'data', 'file=/tmp/tmplunceeos/6asysl6v.json', 'init=/tmp/tmplunceeos/odiaxqup.json', 'output', 'file=/tmp/tmplunceeos/prophet_modelc2xl2ik9/prophet_model-20221212163356.csv', 'method=optimize', 'algorithm=lbfgs', 'iter=10000']
2022-12-12 16:33:56,888 Chain [1] start processing
2022-12-12 16:33:56,955 Chain [1] done processing
2022-12-12 16:33:56,964 <bound method BaseEstimator._get_fitted_params of Prophet(changepoint_prior_scale=0.002, daily_seasonality=3,
        holidays_prior_scale=2, n_changepoints=4,
        seasonality_mode='multiplicative', seasonality_prior_scale=8,
        weekly_seasonality=10, yearly_seasonality=13)>
2022-12-12 16:33:56,968 Prophet Model Prediction ...
2022-12-12 16:33:57,486 Prophet Model MAPE: 2826885506024950.5000
2022-12-12 16:33:57,488 Prophet Model Parameters multiplicative, 4, 8, 0.002, 2, 3, 10, 13
2022-12-12 16:33:57,488 Creating Random Forest Model ...
2022-12-12 16:34:05,467 Random Forest Model Prediction ...
2022-12-12 16:34:07,653 Random Forest Model MAPE: 985644947018800.6250
2022-12-12 16:34:07,654 Random Forest Model Parameters RandomForestRegressor(random_state=0), 1413
2022-12-12 16:34:07,680 Creating XGBoost Model ....
2022-12-12 16:34:08,468 XGBoost Model Prediction ...
2022-12-12 16:34:08,841 XGBoost Model MAPE: 4448967643365376.0000
2022-12-12 16:34:08,843 XGBoost Model Parameters 0.81, reg:squarederror
2022-12-12 16:34:08,844 Creating Linear Regression Model ...
2022-12-12 16:34:08,936 Linear Regression Model Prediction ...
2022-12-12 16:34:08,984 Linear Regression Model MAPE: 6841820878454127.0000
2022-12-12 16:34:08,986 Linear Regression Model Parameters LinearRegression(normalize=True), 1460
2022-12-12 16:34:09,119 Creating Polynomial Regression Orde 2 Model ...
2022-12-12 16:34:11,018 Polynomial Regression Orde 2 Model Prediction ...
2022-12-12 16:34:30,146 Polynomial Regression Orde 2 Model MAPE: 7812517521134481.0000
2022-12-12 16:34:30,147 Polynomial Regression Orde 2 Model Parameters PolynomRegressor(deg=2), 1444
2022-12-12 16:34:30,147 Creating Polynomial Regression Orde 3 Model ...
2022-12-12 16:34:35,097 Polynomial Regression Orde 3 Model Prediction ...
2022-12-12 16:34:54,767 Polynomial Regression Orde 3 Model MAPE: 7162429418386572.0000
2022-12-12 16:34:54,768 Polynomial Regression Orde 3 Model Parameters PolynomRegressor(deg=3), 1413
2022-12-12 16:34:54,811 Creating all model prediction result data frame ...
2022-12-12 16:34:54,821 Creating all model mape result data frame ...
2022-12-12 16:34:54,822 Creating all model params result data frame ...
2022-12-12 16:34:54,823 Updating forecast result to database ...
2022-12-12 16:35:06,825 Updated rows: 175
2022-12-12 16:35:06,825 Updating MAPE result to database ...
2022-12-12 16:35:06,887 Updated rows: 1
2022-12-12 16:35:06,887 Updating Model Parameter result to database ...
2022-12-12 16:35:06,950 Updated rows: 1
