2022-12-02 17:04:01,932 Connecting to database ...
2022-12-02 17:04:02,374 1. ADF : -5.342088339578342
2022-12-02 17:04:02,374 2. P-Value : 4.4770789175323335e-06
2022-12-02 17:04:02,374 3. Num Of Lags 14: 
2022-12-02 17:04:02,374 4. Num Of Observations Used For ADF Regression: 1309
2022-12-02 17:04:02,374 5. Critical Values : 
2022-12-02 17:04:02,374 	 1%: -3.4353554773774553
2022-12-02 17:04:02,374 	 5%: -2.86375051023515
2022-12-02 17:04:02,375 	 10%: -2.5679468876340037
2022-12-02 17:04:06,884 Creating ARIMAX Model ...
2022-12-02 17:04:07,728 ARIMAX Model Summary
2022-12-02 17:04:07,730                                SARIMAX Results                                
==============================================================================
Dep. Variable:                      y   No. Observations:                 1324
Model:               SARIMAX(2, 0, 1)   Log Likelihood               -7477.837
Date:                Fri, 02 Dec 2022   AIC                          14965.675
Time:                        17:04:07   BIC                          14991.617
Sample:                    03-28-2019   HQIC                         14975.399
                         - 11-10-2022                                         
Covariance Type:                  opg                                         
==============================================================================
                 coef    std err          z      P>|z|      [0.025      0.975]
------------------------------------------------------------------------------
intercept     46.8313      7.737      6.053      0.000      31.668      61.995
ar.L1         -0.0403      0.059     -0.683      0.495      -0.156       0.075
ar.L2          0.6967      0.056     12.457      0.000       0.587       0.806
ma.L1          0.9024      0.051     17.704      0.000       0.802       1.002
sigma2      4708.7107    146.839     32.067      0.000    4420.911    4996.511
===================================================================================
Ljung-Box (L1) (Q):                   0.33   Jarque-Bera (JB):              1217.63
Prob(Q):                              0.57   Prob(JB):                         0.00
Heteroskedasticity (H):               0.46   Skew:                             0.42
Prob(H) (two-sided):                  0.00   Kurtosis:                         7.62
===================================================================================

Warnings:
[1] Covariance matrix calculated using the outer product of gradients (complex-step).
2022-12-02 17:04:07,733 ARIMAX Model Prediction ..
2022-12-02 17:05:04,171 Creating SARIMAX Model ...
2022-12-02 17:05:09,300 SARIMAX Model Summary
2022-12-02 17:05:09,302                                SARIMAX Results                                
==============================================================================
Dep. Variable:                      y   No. Observations:                 1324
Model:               SARIMAX(2, 0, 1)   Log Likelihood               -7477.837
Date:                Fri, 02 Dec 2022   AIC                          14965.675
Time:                        17:05:09   BIC                          14991.617
Sample:                    03-28-2019   HQIC                         14975.399
                         - 11-10-2022                                         
Covariance Type:                  opg                                         
==============================================================================
                 coef    std err          z      P>|z|      [0.025      0.975]
------------------------------------------------------------------------------
intercept     46.8313      7.737      6.053      0.000      31.668      61.995
ar.L1         -0.0403      0.059     -0.683      0.495      -0.156       0.075
ar.L2          0.6967      0.056     12.457      0.000       0.587       0.806
ma.L1          0.9024      0.051     17.704      0.000       0.802       1.002
sigma2      4708.7107    146.839     32.067      0.000    4420.911    4996.511
===================================================================================
Ljung-Box (L1) (Q):                   0.33   Jarque-Bera (JB):              1217.63
Prob(Q):                              0.57   Prob(JB):                         0.00
Heteroskedasticity (H):               0.46   Skew:                             0.42
Prob(H) (two-sided):                  0.00   Kurtosis:                         7.62
===================================================================================

Warnings:
[1] Covariance matrix calculated using the outer product of gradients (complex-step).
2022-12-02 17:05:09,306 SARIMAX Model Prediction ..
2022-12-02 17:05:09,676 Creating Prophet Model ....
2022-12-02 17:05:09,707 input tempfile: /tmp/tmpysthm_kp/bjp0pw93.json
2022-12-02 17:05:09,722 input tempfile: /tmp/tmpysthm_kp/1cp5p0dv.json
2022-12-02 17:05:09,723 idx 0
2022-12-02 17:05:09,723 running CmdStan, num_threads: None
2022-12-02 17:05:09,723 CmdStan args: ['/home/spcuser/miniconda3/envs/py38_ts/lib/python3.8/site-packages/prophet/stan_model/prophet_model.bin', 'random', 'seed=60035', 'data', 'file=/tmp/tmpysthm_kp/bjp0pw93.json', 'init=/tmp/tmpysthm_kp/1cp5p0dv.json', 'output', 'file=/tmp/tmpysthm_kp/prophet_modelox1rtuxd/prophet_model-20221202170509.csv', 'method=optimize', 'algorithm=lbfgs', 'iter=10000']
2022-12-02 17:05:09,723 Chain [1] start processing
2022-12-02 17:05:09,760 Chain [1] done processing
2022-12-02 17:05:09,760 Chain [1] error: error during processing Communication error on send
2022-12-02 17:05:09,760 Optimization terminated abnormally. Falling back to Newton.
2022-12-02 17:05:09,760 input tempfile: /tmp/tmpysthm_kp/qxpmlp9w.json
2022-12-02 17:05:09,782 input tempfile: /tmp/tmpysthm_kp/_3lvd4c6.json
2022-12-02 17:05:09,783 idx 0
2022-12-02 17:05:09,783 running CmdStan, num_threads: None
2022-12-02 17:05:09,783 CmdStan args: ['/home/spcuser/miniconda3/envs/py38_ts/lib/python3.8/site-packages/prophet/stan_model/prophet_model.bin', 'random', 'seed=15036', 'data', 'file=/tmp/tmpysthm_kp/qxpmlp9w.json', 'init=/tmp/tmpysthm_kp/_3lvd4c6.json', 'output', 'file=/tmp/tmpysthm_kp/prophet_modelout_vlp6/prophet_model-20221202170509.csv', 'method=optimize', 'algorithm=newton', 'iter=10000']
2022-12-02 17:05:09,783 Chain [1] start processing
2022-12-02 17:05:12,323 Chain [1] done processing
2022-12-02 17:05:12,331 Prophet Model Prediction ...
2022-12-02 17:05:12,604 Creating Random Forest Model ...
2022-12-02 17:05:39,830 Random Forest Model Prediction
2022-12-02 17:05:40,081 Creating XGBoost Model ...
2022-12-02 17:05:40,826 XGBoost Model Prediction ...
2022-12-02 17:05:40,921 Creating Linear Regression Model ...
2022-12-02 17:05:40,989 Linear Regression Model Prediction ...
2022-12-02 17:05:41,052 Creating Polynomial Regression Orde 2 Model ...
2022-12-02 17:05:42,141 Polynomial Regression Orde 2 Model Prediction ...
2022-12-02 17:05:42,234 Creating Polynomial Regression Orde 3 Model ...
2022-12-02 17:05:43,188 Polynomial Regression Orde 3 Model Prediction ...
2022-12-02 17:05:43,240 Creating all model prediction result data frame ...
2022-12-02 17:05:43,264 Updating forecast result to database ...
2022-12-02 17:05:46,654 Updated rows: 51
