2023-01-16 01:12:58,740 Connecting to database ...
2023-01-16 01:12:59,106 1. ADF : -1.4794367420058536
2023-01-16 01:12:59,106 2. P-Value : 0.5436580595807815
2023-01-16 01:12:59,106 3. Num Of Lags : 0
2023-01-16 01:12:59,106 4. Num Of Observations Used For ADF Regression: 117
2023-01-16 01:12:59,106 5. Critical Values : 
2023-01-16 01:12:59,106 	 1%: -3.487517288664615
2023-01-16 01:12:59,106 	 5%: -2.8865777180380032
2023-01-16 01:12:59,106 	 10%: -2.5801239192052012
2023-01-16 01:12:59,170 Creating ARIMAX Model ...
2023-01-16 01:12:59,499 ARIMAX Model Summary
2023-01-16 01:12:59,500                                SARIMAX Results                                
==============================================================================
Dep. Variable:                      y   No. Observations:                  109
Model:               SARIMAX(0, 1, 0)   Log Likelihood                 136.936
Date:                Mon, 16 Jan 2023   AIC                           -257.873
Time:                        01:12:59   BIC                           -236.416
Sample:                    01-31-2013   HQIC                          -249.173
                         - 01-31-2022                                         
Covariance Type:                  opg                                         
=======================================================================================
                          coef    std err          z      P>|z|      [0.025      0.975]
---------------------------------------------------------------------------------------
intercept              -0.0067      0.011     -0.602      0.547      -0.028       0.015
drilling_explor_cum     0.0004      0.001      0.493      0.622      -0.001       0.002
drilling_explot_cum     0.0003      0.000      2.261      0.024    3.58e-05       0.001
workover_cum           -0.0001   9.62e-05     -1.159      0.246      -0.000     7.7e-05
wellservice_cum      5.004e-06   2.19e-06      2.287      0.022    7.15e-07    9.29e-06
survei_seismic_cum     -0.0033      0.002     -1.367      0.172      -0.008       0.001
bulan                  -0.0087      0.011     -0.799      0.424      -0.030       0.013
sigma2                  0.0046      0.000     15.306      0.000       0.004       0.005
===================================================================================
Ljung-Box (L1) (Q):                   0.13   Jarque-Bera (JB):               858.95
Prob(Q):                              0.72   Prob(JB):                         0.00
Heteroskedasticity (H):               3.24   Skew:                             0.89
Prob(H) (two-sided):                  0.00   Kurtosis:                        16.70
===================================================================================

Warnings:
[1] Covariance matrix calculated using the outer product of gradients (complex-step).
2023-01-16 01:12:59,504 ARIMAX Model Prediction ..
2023-01-16 01:12:59,513 ARIMAX Model MAPE: 0.1177
2023-01-16 01:12:59,513 Arimax Model Parameters (0, 1, 0)
2023-01-16 01:12:59,522 Creating XGBoost Model ....
2023-01-16 01:12:59,610 XGBoost Model Prediction ...
2023-01-16 01:12:59,627 XGBoost Model MAPE: 0.1403
2023-01-16 01:12:59,630 XGBoost Model Parameters 8, reg:squarederror
2023-01-16 01:12:59,630 Creating Random Forest Model ...
2023-01-16 01:12:59,851 Random Forest Model Prediction ...
2023-01-16 01:12:59,899 Random Forest Model MAPE: 0.1189
2023-01-16 01:12:59,920 Random Forest Model Parameters RandomForestRegressor(random_state=0), 19
2023-01-16 01:12:59,921 Creating Linear Regression Model ...
2023-01-16 01:12:59,927 Linear Regression Model Prediction ...
2023-01-16 01:12:59,932 Linear Regression Model MAPE: 0.1347
2023-01-16 01:12:59,932 Linear Regression Model Parameters LinearRegression(normalize=True), 1
2023-01-16 01:12:59,969 Creating Polynomial Regression Orde 2 Model ...
2023-01-16 01:12:59,980 Polynomial Regression Orde 2 Model Prediction ...
2023-01-16 01:12:59,986 Polynomial Regression Orde 2 Model MAPE: 0.0599
2023-01-16 01:12:59,986 Polynomial Regression Orde 2 Model Parameters PolynomRegressor(deg=2), 1
2023-01-16 01:12:59,986 Creating Polynomial Regression Orde 3 Model ...
2023-01-16 01:12:59,997 Polynomial Regression Orde 3 Model Prediction ...
2023-01-16 01:13:00,002 Polynomial Regression Orde 3 Model MAPE: 0.7395
2023-01-16 01:13:00,003 Polynomial Regression Orde 3 Model Parameters PolynomRegressor(deg=3), 1
2023-01-16 01:13:00,003 Creating all model mape result data frame ...
2023-01-16 01:13:00,003 Creating all model params result data frame ...
2023-01-16 01:13:00,003 Updating MAPE result to database ...
2023-01-16 01:13:00,047 Updated rows: 1
2023-01-16 01:13:00,047 Updating Model Parameter result to database ...
2023-01-16 01:13:00,112 Updated rows: 1
2023-01-16 01:13:00,112 Done
