2023-03-20 10:01:58,343 Creating Feed Gas BP Tangguh Model ...
2023-03-20 10:01:58,343 Connecting to database ...
2023-03-20 10:01:58,385 Cleaning data ...
2023-03-20 10:01:58,498 Null Value Cleaning ...
2023-03-20 10:01:58,705 Unplanned Shutdown Cleaning ...
2023-03-20 10:01:58,945 Final Data Prepare ...
2023-03-20 10:01:58,946 AD Fuller Test ...
2023-03-20 10:01:59,087 Creating Sarimax Model Forecasting Insample Feed Gas BP Tangguh ...
2023-03-20 10:01:59,088 Creating SARIMAX Model ...
2023-03-20 10:04:17,307 SARIMAX Model Summary
2023-03-20 10:04:17,309                                       SARIMAX Results                                      
===========================================================================================
Dep. Variable:                                   y   No. Observations:                 2165
Model:             SARIMAX(1, 0, 1)x(1, 1, [], 12)   Log Likelihood              -12057.569
Date:                             Mon, 20 Mar 2023   AIC                          24131.138
Time:                                     10:04:17   BIC                          24176.535
Sample:                                 01-01-2016   HQIC                         24147.745
                                      - 12-04-2021                                         
Covariance Type:                               opg                                         
====================================================================================
                       coef    std err          z      P>|z|      [0.025      0.975]
------------------------------------------------------------------------------------
month               -1.4943      2.339     -0.639      0.523      -6.080       3.091
planned_shutdown  -428.7488      6.241    -68.696      0.000    -440.981    -416.516
day                 -0.3394      0.198     -1.716      0.086      -0.727       0.048
wpnb_gas             0.0370      0.028      1.332      0.183      -0.017       0.091
ar.L1                0.8583      0.008    113.983      0.000       0.844       0.873
ma.L1               -0.4302      0.012    -36.096      0.000      -0.454      -0.407
ar.S.L12            -0.4608      0.007    -64.437      0.000      -0.475      -0.447
sigma2            4137.8788     47.425     87.252      0.000    4044.928    4230.829
===================================================================================
Ljung-Box (L1) (Q):                   0.01   Jarque-Bera (JB):             24819.82
Prob(Q):                              0.93   Prob(JB):                         0.00
Heteroskedasticity (H):               0.26   Skew:                            -0.51
Prob(H) (two-sided):                  0.00   Kurtosis:                        19.60
===================================================================================

Warnings:
[1] Covariance matrix calculated using the outer product of gradients (complex-step).
2023-03-20 10:04:17,313 SARIMAX Model Prediction ..
2023-03-20 10:04:17,346 SARIMAX Model MAPE: 0.0581
2023-03-20 10:04:17,347 Sarimax Model Parameters {'sarimax_order': (1, 0, 1), 'sarimax_seasonal_order': (1, 1, 0, 12)}
2023-03-20 10:04:17,348 Creating Arimax Model Forecasting Insample Feed Gas BP Tangguh ...
2023-03-20 10:04:17,348 Creating ARIMAX Model ...
2023-03-20 10:04:56,182 ARIMAX Model Summary
2023-03-20 10:04:56,184                                SARIMAX Results                                
==============================================================================
Dep. Variable:                      y   No. Observations:                 2165
Model:               SARIMAX(2, 0, 3)   Log Likelihood              -11738.182
Date:                Mon, 20 Mar 2023   AIC                          23498.364
Time:                        10:04:56   BIC                          23560.846
Sample:                    01-01-2016   HQIC                         23521.214
                         - 12-04-2021                                         
Covariance Type:                  opg                                         
====================================================================================
                       coef    std err          z      P>|z|      [0.025      0.975]
------------------------------------------------------------------------------------
intercept            5.2094      8.260      0.631      0.528     -10.980      21.399
month               -2.7541      3.297     -0.835      0.404      -9.217       3.709
planned_shutdown  -226.9684      5.918    -38.354      0.000    -238.567    -215.370
day                 -0.5383      0.238     -2.265      0.023      -1.004      -0.073
wpnb_gas             0.0340      0.038      0.885      0.376      -0.041       0.109
ar.L1                0.2409      0.020     11.833      0.000       0.201       0.281
ar.L2                0.7539      0.019     38.901      0.000       0.716       0.792
ma.L1                0.3337      0.021     16.008      0.000       0.293       0.375
ma.L2               -0.3753      0.013    -29.111      0.000      -0.401      -0.350
ma.L3               -0.1715      0.009    -19.091      0.000      -0.189      -0.154
sigma2            2980.1259     33.619     88.644      0.000    2914.233    3046.018
===================================================================================
Ljung-Box (L1) (Q):                   0.01   Jarque-Bera (JB):             66398.64
Prob(Q):                              0.90   Prob(JB):                         0.00
Heteroskedasticity (H):               0.28   Skew:                            -1.47
Prob(H) (two-sided):                  0.00   Kurtosis:                        29.97
===================================================================================

Warnings:
[1] Covariance matrix calculated using the outer product of gradients (complex-step).
2023-03-20 10:04:56,192 ARIMAX Model Prediction ..
2023-03-20 10:04:56,222 ARIMAX Model MAPE: 0.0974
2023-03-20 10:04:56,223 Arimax Model Parameters (2, 0, 3)
2023-03-20 10:04:56,285 Creating Prophet Model Forecasting Insample Feed Gas BP Tangguh ...
2023-03-20 10:04:56,285 Creating Prophet Regressor Object ....
2023-03-20 10:04:56,285 Creating Window Splitter Prophet Model ....
2023-03-20 10:04:56,286 Creating Prophet Model ...
2023-03-20 10:05:29,916 Best Prophet Models {'changepoint_prior_scale': 0.1, 'daily_seasonality': 8, 'n_changepoints': 2, 'seasonality_mode': 'multiplicative', 'seasonality_prior_scale': 0.05, 'weekly_seasonality': 1, 'yearly_seasonality': 8}
2023-03-20 10:05:29,916 Prophet Model Prediction ...
2023-03-20 10:05:30,235 Prophet Model MAPE: 0.0533
2023-03-20 10:05:30,294 Creating Random Forest Model Forecasting Insample Feed Gas BP Tangguh ...
2023-03-20 10:05:30,295 Creating Window Splitter Random Forest Model ....
2023-03-20 10:05:30,295 Creating Random Forest Model ...
2023-03-20 10:06:42,411 Show Best Random Forest Models ...
2023-03-20 10:06:42,411 Best Random Forest Models {'estimator__n_estimators': 200, 'window_length': 19}
2023-03-20 10:06:42,411 Random Forest Model Prediction ...
2023-03-20 10:06:45,636 Random Forest Model MAPE: 0.1562
2023-03-20 10:06:45,694 Creating XGBoost Model Forecasting Insample Feed Gas BP Tangguh ...
2023-03-20 10:06:45,694 Creating XGBoost Model ....
2023-03-20 10:06:49,917 Show Best XGBoost Models ...
2023-03-20 10:06:49,917 Best XGBoost Models {'estimator__n_estimators': 200, 'window_length': 6}
2023-03-20 10:06:49,917 XGBoost Model Prediction ...
2023-03-20 10:06:50,193 XGBoost Model MAPE: 0.0712
2023-03-20 10:06:50,252 Creating Linear Regression Model Forecasting Insample Feed Gas BP Tangguh ...
2023-03-20 10:06:50,253 Creating Linear Regression Model ...
2023-03-20 10:06:50,489 Show Best Linear Regression Models ...
2023-03-20 10:06:50,490 Best Linear Regression Models {'window_length': 2}
2023-03-20 10:06:50,490 Linear Regression Model Prediction ...
2023-03-20 10:06:50,519 Linear Regression Model MAPE: 0.0580
2023-03-20 10:06:50,578 Creating Polynomial Regression Degree=2 Model Forecasting Insample Feed Gas BP Tangguh ...
2023-03-20 10:06:50,579 Creating Polynomial Regression Orde 2 Model ...
2023-03-20 10:06:50,720 Show Best Polynomial Regression Degree=2 Models ...
2023-03-20 10:06:50,720 Best Polynomial Regression Degree=3 Models {'window_length': 1}
2023-03-20 10:06:50,720 Polynomial Regression Degree=2 Model Prediction ...
2023-03-20 10:06:50,762 Polynomial Regression Degree=2 Model MAPE: 0.0833
2023-03-20 10:06:50,827 Creating Polynomial Regression Degree=3 Model Forecasting Insample Feed Gas BP Tangguh ...
2023-03-20 10:06:50,827 Creating Polynomial Regression Orde 3 Model ...
2023-03-20 10:10:10,820 Show Best Polynomial Regression Degree=3 Models ...
2023-03-20 10:10:10,820 Best Polynomial Regression Degree=3 Models {'window_length': 0.8}
2023-03-20 10:10:10,820 Polynomial Regression Degree=3 Model Prediction ...
2023-03-20 10:10:56,305 Polynomial Regression Degree=3 Model MAPE: 0.1321
2023-03-20 10:10:56,375 Creating all model mape result data frame ...
2023-03-20 10:10:56,375 Creating all model params result data frame ...
2023-03-20 10:10:56,376 Updating MAPE result to database ...
2023-03-20 10:10:56,406 Updated rows: 1
2023-03-20 10:10:56,406 Updating Model Parameter result to database ...
2023-03-20 10:10:56,424 Updated rows: 1
2023-03-20 10:10:56,424 

2023-03-20 10:10:56,425 Creating Condensate Tangguh Model ...
2023-03-20 10:10:56,425 Connecting to database ...
2023-03-20 10:10:56,463 Cleaning data ...
2023-03-20 10:10:56,509 Null Value Cleaning ...
2023-03-20 10:10:56,517 Unplanned Shutdown Cleaning ...
2023-03-20 10:10:56,756 AD Fuller Test ...
2023-03-20 10:10:56,875 Creating Sarimax Model Forecasting Insample Condensate BP Tangguh ...
2023-03-20 10:10:56,876 Creating SARIMAX Model ...
2023-03-20 10:12:51,450 SARIMAX Model Summary
2023-03-20 10:12:51,453                                       SARIMAX Results                                      
===========================================================================================
Dep. Variable:                                   y   No. Observations:                 2083
Model:             SARIMAX(1, 0, 1)x(1, 1, [], 12)   Log Likelihood              -15556.938
Date:                             Mon, 20 Mar 2023   AIC                          31129.875
Time:                                     10:12:51   BIC                          31174.961
Sample:                                 01-01-2016   HQIC                         31146.401
                                      - 09-13-2021                                         
Covariance Type:                               opg                                         
====================================================================================
                       coef    std err          z      P>|z|      [0.025      0.975]
------------------------------------------------------------------------------------
month               -6.2360     11.781     -0.529      0.597     -29.327      16.855
planned_shutdown -2686.5275     48.149    -55.796      0.000   -2780.898   -2592.157
day                 -2.9549      1.314     -2.249      0.025      -5.530      -0.380
wpnb_oil             0.0510      0.045      1.127      0.260      -0.038       0.140
ar.L1                0.8150      0.015     54.405      0.000       0.786       0.844
ma.L1               -0.5391      0.020    -26.751      0.000      -0.579      -0.500
ar.S.L12            -0.4693      0.006    -75.194      0.000      -0.482      -0.457
sigma2            1.942e+05   1835.715    105.809      0.000    1.91e+05    1.98e+05
===================================================================================
Ljung-Box (L1) (Q):                   1.76   Jarque-Bera (JB):             57225.55
Prob(Q):                              0.19   Prob(JB):                         0.00
Heteroskedasticity (H):               0.75   Skew:                            -1.40
Prob(H) (two-sided):                  0.00   Kurtosis:                        28.60
===================================================================================

Warnings:
[1] Covariance matrix calculated using the outer product of gradients (complex-step).
2023-03-20 10:12:51,457 SARIMAX Model Prediction ..
2023-03-20 10:12:51,489 SARIMAX Model MAPE: 0.1362
2023-03-20 10:12:51,490 Sarimax Model Parameters {'sarimax_order': (1, 0, 1), 'sarimax_seasonal_order': (1, 1, 0, 12)}
2023-03-20 10:12:51,549 Creating Arimax Model Forecasting Insample Condensate BP Tangguh ...
2023-03-20 10:12:51,550 Creating ARIMAX Model ...
2023-03-20 10:13:09,420 ARIMAX Model Summary
2023-03-20 10:13:09,422                                SARIMAX Results                                
==============================================================================
Dep. Variable:                      y   No. Observations:                 2083
Model:               SARIMAX(2, 0, 1)   Log Likelihood              -15304.357
Date:                Mon, 20 Mar 2023   AIC                          30626.715
Time:                        10:13:09   BIC                          30677.489
Sample:                    01-01-2016   HQIC                         30645.319
                         - 09-13-2021                                         
Covariance Type:                  opg                                         
====================================================================================
                       coef    std err          z      P>|z|      [0.025      0.975]
------------------------------------------------------------------------------------
intercept           16.2051     23.138      0.700      0.484     -29.144      61.554
month                1.7263     13.403      0.129      0.898     -24.544      27.996
planned_shutdown -1350.9520     48.436    -27.892      0.000   -1445.884   -1256.020
day                 -3.5574      1.599     -2.225      0.026      -6.692      -0.423
wpnb_oil             0.0719      0.049      1.466      0.143      -0.024       0.168
ar.L1                1.2138      0.016     74.512      0.000       1.182       1.246
ar.L2               -0.2170      0.015    -14.835      0.000      -0.246      -0.188
ma.L1               -0.7574      0.015    -52.124      0.000      -0.786      -0.729
sigma2            1.392e+05   1259.423    110.504      0.000    1.37e+05    1.42e+05
===================================================================================
Ljung-Box (L1) (Q):                   0.02   Jarque-Bera (JB):            212568.23
Prob(Q):                              0.88   Prob(JB):                         0.00
Heteroskedasticity (H):               0.76   Skew:                            -3.47
Prob(H) (two-sided):                  0.00   Kurtosis:                        52.00
===================================================================================

Warnings:
[1] Covariance matrix calculated using the outer product of gradients (complex-step).
2023-03-20 10:13:09,429 ARIMAX Model Prediction ..
2023-03-20 10:13:09,459 ARIMAX Model MAPE: 0.1154
2023-03-20 10:13:09,459 Arimax Model Parameters (2, 0, 1)
2023-03-20 10:13:09,522 Creating Prophet Model Forecasting Insample Condensate BP Tangguh ...
2023-03-20 10:13:09,522 Creating Prophet Regressor Object ....
2023-03-20 10:13:09,522 Creating Window Splitter Prophet Model ....
2023-03-20 10:13:09,523 Creating Prophet Model ...
2023-03-20 10:13:18,272 Optimization terminated abnormally. Falling back to Newton.
2023-03-20 10:13:27,339 Optimization terminated abnormally. Falling back to Newton.
2023-03-20 10:13:30,752 Optimization terminated abnormally. Falling back to Newton.
2023-03-20 10:13:32,614 Optimization terminated abnormally. Falling back to Newton.
2023-03-20 10:13:55,912 Best Prophet Models {'changepoint_prior_scale': 0.1, 'daily_seasonality': 5, 'n_changepoints': 6, 'seasonality_mode': 'additive', 'seasonality_prior_scale': 0.2, 'weekly_seasonality': 1, 'yearly_seasonality': 8}
2023-03-20 10:13:55,912 Prophet Model Prediction ...
2023-03-20 10:13:56,239 Prophet Model MAPE: 0.0507
2023-03-20 10:13:56,299 Creating Random Forest Model Forecasting Insample Condensate BP Tangguh ...
2023-03-20 10:13:56,299 Creating Window Splitter Random Forest Model ....
2023-03-20 10:13:56,300 Creating Random Forest Model ...
2023-03-20 10:14:24,490 Show Best Random Forest Models ...
2023-03-20 10:14:24,490 Best Random Forest Models {'estimator__n_estimators': 100, 'window_length': 6}
2023-03-20 10:14:24,490 Random Forest Model Prediction ...
2023-03-20 10:14:26,161 Random Forest Model MAPE: 0.0699
2023-03-20 10:14:26,220 Creating XGBoost Model Forecasting Insample Condensate BP Tangguh ...
2023-03-20 10:14:26,221 Creating XGBoost Model ....
2023-03-20 10:14:31,495 Show Best XGBoost Models ...
2023-03-20 10:14:31,496 Best XGBoost Models {'estimator__n_estimators': 300, 'window_length': 13}
2023-03-20 10:14:31,496 XGBoost Model Prediction ...
2023-03-20 10:14:31,772 XGBoost Model MAPE: 0.0591
2023-03-20 10:14:31,831 Creating Linear Regression Model Forecasting Insample Condensate BP Tangguh ...
2023-03-20 10:14:31,831 Creating Linear Regression Model ...
2023-03-20 10:14:32,019 Show Best Linear Regression Models ...
2023-03-20 10:14:32,019 Best Linear Regression Models {'window_length': 6}
2023-03-20 10:14:32,020 Linear Regression Model Prediction ...
2023-03-20 10:14:32,049 Linear Regression Model MAPE: 0.0534
2023-03-20 10:14:32,108 Creating Polynomial Regression Degree=2 Model Forecasting Insample Condensate BP Tangguh ...
2023-03-20 10:14:32,108 Creating Polynomial Regression Orde 2 Model ...
2023-03-20 10:14:32,248 Show Best Polynomial Regression Degree=2 Models ...
2023-03-20 10:14:32,248 Best Polynomial Regression Degree=3 Models {'window_length': 1}
2023-03-20 10:14:32,248 Polynomial Regression Degree=2 Model Prediction ...
2023-03-20 10:14:32,290 Polynomial Regression Degree=2 Model MAPE: 0.0514
2023-03-20 10:14:32,356 Creating Polynomial Regression Degree=3 Model Forecasting Insample Condensate BP Tangguh ...
2023-03-20 10:14:32,356 Creating Polynomial Regression Orde 3 Model ...
2023-03-20 10:14:47,957 Show Best Polynomial Regression Degree=3 Models ...
2023-03-20 10:14:47,957 Best Polynomial Regression Degree=3 Models {'window_length': 0.8}
2023-03-20 10:14:47,957 Polynomial Regression Degree=3 Model Prediction ...
2023-03-20 10:14:53,702 Polynomial Regression Degree=3 Model MAPE: 0.1603
2023-03-20 10:14:53,760 Creating all model mape result data frame ...
2023-03-20 10:14:53,760 Creating all model params result data frame ...
2023-03-20 10:14:53,761 Updating MAPE result to database ...
2023-03-20 10:14:53,772 Updated rows: 1
2023-03-20 10:14:53,772 Updating Model Parameter result to database ...
2023-03-20 10:14:53,783 Updated rows: 1
2023-03-20 10:14:53,784 Creating Condensate Tangguh Model in : 30 minutes and 21.45 seconds
2023-03-20 10:14:53,784 

2023-03-20 10:14:53,785 Creating LNG Production Tangguh Model ...
2023-03-20 10:14:53,785 Connecting to database ...
2023-03-20 10:14:53,816 Cleaning data ...
2023-03-20 10:14:53,849 Null Value Cleaning ...
2023-03-20 10:14:53,857 Unplanned Shutdown Cleaning ...
2023-03-20 10:14:54,100 Final Data Prepare ...
2023-03-20 10:14:54,102 AD Fuller Test ...
2023-03-20 10:14:54,226 Creating Sarimax Model Forecasting Insample LNG Production BP Tangguh ...
2023-03-20 10:14:54,227 Creating SARIMAX Model ...
2023-03-20 10:16:11,672 SARIMAX Model Summary
2023-03-20 10:16:11,676                                       SARIMAX Results                                      
===========================================================================================
Dep. Variable:                                   y   No. Observations:                 2083
Model:             SARIMAX(1, 0, 1)x(1, 1, [], 12)   Log Likelihood              -19219.407
Date:                             Mon, 20 Mar 2023   AIC                          38452.813
Time:                                     10:16:11   BIC                          38492.264
Sample:                                 01-01-2016   HQIC                         38467.273
                                      - 09-13-2021                                         
Covariance Type:                               opg                                         
====================================================================================
                       coef    std err          z      P>|z|      [0.025      0.975]
------------------------------------------------------------------------------------
month              -30.0253    102.222     -0.294      0.769    -230.376     170.325
day                -22.2581      9.335     -2.384      0.017     -40.554      -3.962
planned_shutdown -2.403e+04    221.817   -108.335      0.000   -2.45e+04   -2.36e+04
ar.L1                0.7659      0.009     83.393      0.000       0.748       0.784
ma.L1               -0.2352      0.020    -11.966      0.000      -0.274      -0.197
ar.S.L12            -0.4332      0.007    -63.102      0.000      -0.447      -0.420
sigma2            7.953e+06      0.227    3.5e+07      0.000    7.95e+06    7.95e+06
===================================================================================
Ljung-Box (L1) (Q):                   7.40   Jarque-Bera (JB):             27284.28
Prob(Q):                              0.01   Prob(JB):                         0.00
Heteroskedasticity (H):               0.46   Skew:                            -1.16
Prob(H) (two-sided):                  0.00   Kurtosis:                        20.63
===================================================================================

Warnings:
[1] Covariance matrix calculated using the outer product of gradients (complex-step).
[2] Covariance matrix is singular or near-singular, with condition number  8e+22. Standard errors may be unstable.
2023-03-20 10:16:11,689 SARIMAX Model Prediction ..
2023-03-20 10:16:11,721 SARIMAX Model MAPE: 0.1049
2023-03-20 10:16:11,722 Sarimax Model Parameters {'sarimax_order': (1, 0, 1), 'sarimax_seasonal_order': (1, 1, 0, 12)}
2023-03-20 10:16:11,781 Creating Arimax Model Forecasting Insample LNG Production BP Tangguh ...
2023-03-20 10:16:11,782 Creating ARIMAX Model ...
2023-03-20 10:16:17,670 ARIMAX Model Summary
2023-03-20 10:16:17,673                                SARIMAX Results                                
==============================================================================
Dep. Variable:                      y   No. Observations:                 2083
Model:               SARIMAX(0, 1, 3)   Log Likelihood              -18848.171
Date:                Mon, 20 Mar 2023   AIC                          37710.341
Time:                        10:16:17   BIC                          37749.829
Sample:                    01-01-2016   HQIC                         37724.811
                         - 09-13-2021                                         
Covariance Type:                  opg                                         
====================================================================================
                       coef    std err          z      P>|z|      [0.025      0.975]
------------------------------------------------------------------------------------
month              -77.5580     97.708     -0.794      0.427    -269.062     113.946
day                -19.9653      7.954     -2.510      0.012     -35.555      -4.376
planned_shutdown -1.298e+04    214.403    -60.562      0.000   -1.34e+04   -1.26e+04
ma.L1               -0.1945      0.009    -21.129      0.000      -0.213      -0.176
ma.L2               -0.2130      0.008    -27.163      0.000      -0.228      -0.198
ma.L3               -0.0572      0.012     -4.891      0.000      -0.080      -0.034
sigma2            4.235e+06    3.5e+04    120.921      0.000    4.17e+06     4.3e+06
===================================================================================
Ljung-Box (L1) (Q):                   0.28   Jarque-Bera (JB):             91330.30
Prob(Q):                              0.60   Prob(JB):                         0.00
Heteroskedasticity (H):               0.54   Skew:                            -2.12
Prob(H) (two-sided):                  0.00   Kurtosis:                        35.17
===================================================================================

Warnings:
[1] Covariance matrix calculated using the outer product of gradients (complex-step).
2023-03-20 10:16:17,681 ARIMAX Model Prediction ..
2023-03-20 10:16:17,712 ARIMAX Model MAPE: 0.1406
2023-03-20 10:16:17,712 Arimax Model Parameters (0, 1, 3)
2023-03-20 10:16:17,774 Creating Prophet Model Forecasting Insample LNG Production BP Tangguh ...
2023-03-20 10:16:17,774 Creating Prophet Regressor Object ....
2023-03-20 10:16:17,775 Creating Window Splitter Prophet Model ....
2023-03-20 10:16:17,775 Creating Prophet Model ...
2023-03-20 10:16:28,305 Optimization terminated abnormally. Falling back to Newton.
2023-03-20 10:16:35,396 Optimization terminated abnormally. Falling back to Newton.
2023-03-20 10:17:29,390 Show Best Prophet Models ...
2023-03-20 10:17:29,390 Best Prophet Models {'changepoint_prior_scale': 0.5, 'daily_seasonality': 10, 'n_changepoints': 6, 'seasonality_mode': 'multiplicative', 'seasonality_prior_scale': 0.05, 'weekly_seasonality': 1, 'yearly_seasonality': 8}
2023-03-20 10:17:29,390 Prophet Model Prediction ...
2023-03-20 10:17:29,707 Prophet Model MAPE: 0.0308
2023-03-20 10:17:29,766 Creating Random Forest Model Forecasting Insample LNG Production BP Tangguh ...
2023-03-20 10:17:29,766 Creating Window Splitter Random Forest Model ....
2023-03-20 10:17:29,766 Creating Random Forest Model ...
2023-03-20 10:18:04,716 Show Best Random Forest Models ...
2023-03-20 10:18:04,716 Best Random Forest Models {'estimator__n_estimators': 150, 'window_length': 1}
2023-03-20 10:18:04,717 Random Forest Model Prediction ...
2023-03-20 10:18:07,208 Random Forest Model MAPE: 0.0733
2023-03-20 10:18:07,267 Creating XGBoost Model Forecasting Insample LNG Production BP Tangguh ...
2023-03-20 10:18:07,268 Creating XGBoost Model ....
2023-03-20 10:18:10,952 Show Best XGBoost Models ...
2023-03-20 10:18:10,953 Best XGBoost Models {'estimator__n_estimators': 100, 'window_length': 2}
2023-03-20 10:18:10,953 XGBoost Model Prediction ...
2023-03-20 10:18:11,223 XGBoost Model MAPE: 0.0698
2023-03-20 10:18:11,282 Creating Linear Regression Model Forecasting Insample LNG Production BP Tangguh ...
2023-03-20 10:18:11,283 Creating Linear Regression Model ...
2023-03-20 10:18:11,486 Show Best Linear Regression Models ...
2023-03-20 10:18:11,486 Best Linear Regression Models {'window_length': 2}
2023-03-20 10:18:11,486 Linear Regression Model Prediction ...
2023-03-20 10:18:11,511 Linear Regression Model MAPE: 0.0494
2023-03-20 10:18:11,570 Creating Polynomial Regression Degree=2 Model Forecasting Insample LNG Production BP Tangguh ...
2023-03-20 10:18:11,570 Creating Polynomial Regression Orde 2 Model ...
2023-03-20 10:18:11,696 Show Best Polynomial Regression Degree=2 Models ...
2023-03-20 10:18:11,696 Best Polynomial Regression Degree=3 Models {'window_length': 1}
2023-03-20 10:18:11,696 Polynomial Regression Degree=2 Model Prediction ...
2023-03-20 10:18:11,732 Polynomial Regression Degree=2 Model MAPE: 0.0479
2023-03-20 10:18:11,798 Creating Polynomial Regression Degree=3 Model Forecasting Insample LNG Production BP Tangguh ...
2023-03-20 10:18:11,798 Creating Polynomial Regression Orde 3 Model ...
2023-03-20 10:18:31,362 Show Best Polynomial Regression Degree=3 Models ...
2023-03-20 10:18:31,362 Best Polynomial Regression Degree=3 Models {'window_length': 0.8}
2023-03-20 10:18:31,362 Polynomial Regression Degree=3 Model Prediction ...
2023-03-20 10:18:37,363 Polynomial Regression Degree=3 Model MAPE: 0.1495
2023-03-20 10:18:37,421 Creating all model mape result data frame ...
2023-03-20 10:18:37,422 Creating all model params result data frame ...
2023-03-20 10:18:37,422 Updating MAPE result to database ...
2023-03-20 10:18:37,428 Updated rows: 1
2023-03-20 10:18:37,428 Updating Model Parameter result to database ...
2023-03-20 10:18:37,433 Updated rows: 1
2023-03-20 10:18:37,433 Creating LNG Production Tangguh Model in: 23 minutes and 50.53 seconds
2023-03-20 10:18:37,433 

2023-03-20 10:18:37,434 Creating Feed Gas PT Badak Model ....
2023-03-20 10:18:37,434 Connecting to database ...
2023-03-20 10:18:37,593 Finished Query
2023-03-20 10:18:37,593 Null Value Cleaning ...
2023-03-20 10:18:38,310 AD Fuller Test ...
2023-03-20 10:18:38,460 Creating Sarimax Model Forecasting Insample Feed Gas PT Badak ...
2023-03-20 10:18:38,460 Creating SARIMAX Model ...
2023-03-20 10:19:02,205 SARIMAX Model Summary
2023-03-20 10:19:02,210                                SARIMAX Results                                
==============================================================================
Dep. Variable:                      y   No. Observations:                 3283
Model:               SARIMAX(0, 1, 0)   Log Likelihood               34758.871
Date:                Mon, 20 Mar 2023   AIC                         -69509.742
Time:                        10:19:02   BIC                         -69485.357
Sample:                    01-01-2013   HQIC                        -69501.011
                         - 12-27-2021                                         
Covariance Type:                  opg                                         
==============================================================================
                 coef    std err          z      P>|z|      [0.025      0.975]
------------------------------------------------------------------------------
month       5.076e-16   1.33e-24   3.82e+08      0.000    5.08e-16    5.08e-16
day         1.567e-15   5.35e-24   2.93e+08      0.000    1.57e-15    1.57e-15
fg_exog        1.0000   1.91e-22   5.24e+21      0.000       1.000       1.000
sigma2          1e-10   3.46e-11      2.890      0.004    3.22e-11    1.68e-10
===================================================================================
Ljung-Box (L1) (Q):                 455.84   Jarque-Bera (JB):              1391.84
Prob(Q):                              0.00   Prob(JB):                         0.00
Heteroskedasticity (H):               1.05   Skew:                             0.00
Prob(H) (two-sided):                  0.42   Kurtosis:                         6.19
===================================================================================

Warnings:
[1] Covariance matrix calculated using the outer product of gradients (complex-step).
[2] Covariance matrix is singular or near-singular, with condition number 1.32e+42. Standard errors may be unstable.
2023-03-20 10:19:02,217 SARIMAX Model Prediction ..
2023-03-20 10:19:02,257 SARIMAX Model MAPE: 0.0429
2023-03-20 10:19:02,258 Sarimax Model Parameters {'sarimax_order': (0, 1, 0), 'sarimax_seasonal_order': (0, 0, 0, 12)}
2023-03-20 10:19:02,329 Creating Arimax Model Forecasting Insample Feed Gas PT Badak ...
2023-03-20 10:19:02,330 Creating ARIMAX Model ...
2023-03-20 10:19:09,103 ARIMAX Model Summary
2023-03-20 10:19:09,107                                SARIMAX Results                                
==============================================================================
Dep. Variable:                      y   No. Observations:                 3283
Model:               SARIMAX(0, 1, 0)   Log Likelihood               34758.871
Date:                Mon, 20 Mar 2023   AIC                         -69509.742
Time:                        10:19:09   BIC                         -69485.357
Sample:                    01-01-2013   HQIC                        -69501.011
                         - 12-27-2021                                         
Covariance Type:                  opg                                         
==============================================================================
                 coef    std err          z      P>|z|      [0.025      0.975]
------------------------------------------------------------------------------
month       5.076e-16   1.33e-24   3.82e+08      0.000    5.08e-16    5.08e-16
day         1.567e-15   5.35e-24   2.93e+08      0.000    1.57e-15    1.57e-15
fg_exog        1.0000   1.91e-22   5.24e+21      0.000       1.000       1.000
sigma2          1e-10   3.46e-11      2.890      0.004    3.22e-11    1.68e-10
===================================================================================
Ljung-Box (L1) (Q):                 455.84   Jarque-Bera (JB):              1391.84
Prob(Q):                              0.00   Prob(JB):                         0.00
Heteroskedasticity (H):               1.05   Skew:                             0.00
Prob(H) (two-sided):                  0.42   Kurtosis:                         6.19
===================================================================================

Warnings:
[1] Covariance matrix calculated using the outer product of gradients (complex-step).
[2] Covariance matrix is singular or near-singular, with condition number 1.32e+42. Standard errors may be unstable.
2023-03-20 10:19:09,120 ARIMAX Model Prediction ..
2023-03-20 10:19:09,152 ARIMAX Model MAPE: 0.0429
2023-03-20 10:19:09,153 Arimax Model Parameters (0, 1, 0)
2023-03-20 10:19:09,223 Creating Prophet Model Forecasting Insample Feed Gas PT Badak ...
2023-03-20 10:19:09,223 Creating Prophet Regressor Object ....
2023-03-20 10:19:09,224 Creating Window Splitter Prophet Model ....
2023-03-20 10:19:09,224 Creating Prophet Model ...
2023-03-20 10:31:36,958 Show Best Prophet Models ...
2023-03-20 10:31:36,958 Best Prophet Models {'changepoint_prior_scale': 0.1, 'daily_seasonality': 10, 'n_changepoints': 8, 'seasonality_mode': 'additive', 'seasonality_prior_scale': 0.1, 'weekly_seasonality': 1, 'yearly_seasonality': 8}
2023-03-20 10:31:36,958 Prophet Model Prediction ...
2023-03-20 10:31:37,269 Prophet Model MAPE: 0.0429
2023-03-20 10:31:37,329 Creating Random Forest Model Forecasting Insample Feed Gas PT Badak ...
2023-03-20 10:31:37,329 Creating Window Splitter Random Forest Model ....
2023-03-20 10:31:37,330 Creating Random Forest Model ...
2023-03-20 10:32:56,809 Show Best Random Forest Models ...
2023-03-20 10:32:56,809 Best Random Forest Models {'estimator__n_estimators': 80, 'window_length': 12}
2023-03-20 10:32:56,809 Random Forest Model Prediction ...
2023-03-20 10:32:58,159 Random Forest Model MAPE: 0.0492
2023-03-20 10:32:58,218 Creating XGBoost Model Forecasting Insample Feed Gas PT Badak ...
2023-03-20 10:32:58,218 Creating XGBoost Model ....
2023-03-20 10:33:04,083 Show Best XGBoost Models ...
2023-03-20 10:33:04,085 Best XGBoost Models {'estimator__n_estimators': 200, 'window_length': 8}
2023-03-20 10:33:04,085 XGBoost Model Prediction ...
2023-03-20 10:33:04,345 XGBoost Model MAPE: 0.1276
2023-03-20 10:33:04,404 Creating Linear Regression Model Forecasting Insample Feed Gas PT Badak ...
2023-03-20 10:33:04,405 Creating Linear Regression Model ...
2023-03-20 10:33:04,577 Show Best Linear Regression Models ...
2023-03-20 10:33:04,577 Best Linear Regression Models {'window_length': 3}
2023-03-20 10:33:04,577 Linear Regression Model Prediction ...
2023-03-20 10:33:04,603 Linear Regression Model MAPE: 0.0420
2023-03-20 10:33:04,661 Creating Polynomial Regression Degree=2 Model Forecasting Insample Feed Gas PT Badak ...
2023-03-20 10:33:04,662 Creating Polynomial Regression Orde 2 Model ...
2023-03-20 10:33:04,827 Show Best Polynomial Regression Degree=2 Models ...
2023-03-20 10:33:04,827 Best Polynomial Regression Degree=3 Models {'window_length': 1}
2023-03-20 10:33:04,827 Polynomial Regression Degree=2 Model Prediction ...
2023-03-20 10:33:04,864 Polynomial Regression Degree=2 Model MAPE: 0.0437
2023-03-20 10:33:04,930 Creating Polynomial Regression Degree=3 Model Forecasting Insample Feed Gas PT Badak ...
2023-03-20 10:33:04,931 Creating Polynomial Regression Orde 3 Model ...
2023-03-20 10:39:51,552 Show Best Polynomial Regression Degree=3 Models ...
2023-03-20 10:39:51,553 Best Polynomial Regression Degree=3 Models {'window_length': 0.8}
2023-03-20 10:39:51,553 Polynomial Regression Degree=3 Model Prediction ...
2023-03-20 10:40:48,346 Polynomial Regression Degree=3 Model MAPE: 0.1407
2023-03-20 10:40:48,441 Creating all model params result data frame ...
2023-03-20 10:40:48,442 Creating all model mape result data frame ...
2023-03-20 10:40:48,442 Updating MAPE result to database ...
2023-03-20 10:40:48,456 Updated rows: 1
2023-03-20 10:40:48,456 Updating Model Parameter result to database ...
2023-03-20 10:40:48,467 Updated rows: 1
2023-03-20 10:40:48,467 Creating Feed Gas PT Badak Model in: 36 minutes and 37.42 seconds
2023-03-20 10:40:48,467 

2023-03-20 10:40:48,468 Forecasting LNG Production PT Badak ...
2023-03-20 10:40:48,468 Connecting to database ...
2023-03-20 10:40:48,496 Connected to Database
2023-03-20 10:40:48,552 Finished Query
2023-03-20 10:40:48,553 Null Value Cleaning ...
2023-03-20 10:40:48,576 AD Fuller Test ...
2023-03-20 10:40:48,733 Creating Sarimax Model Forecasting Insample LNG Production PT Badak ...
2023-03-20 10:40:48,734 Creating SARIMAX Model ...
2023-03-20 10:41:52,218 SARIMAX Model Summary
2023-03-20 10:41:52,223                                      SARIMAX Results                                      
==========================================================================================
Dep. Variable:                                  y   No. Observations:                 3283
Model:             SARIMAX(1, 1, 1)x(1, 0, [], 4)   Log Likelihood              -27136.361
Date:                            Mon, 20 Mar 2023   AIC                          54286.722
Time:                                    10:41:52   BIC                          54329.396
Sample:                                01-01-2013   HQIC                         54302.002
                                     - 12-27-2021                                         
Covariance Type:                              opg                                         
==============================================================================
                 coef    std err          z      P>|z|      [0.025      0.975]
------------------------------------------------------------------------------
month        -18.6220     12.209     -1.525      0.127     -42.552       5.308
fg_exog       40.8372      0.137    297.227      0.000      40.568      41.106
day           -0.6272      2.048     -0.306      0.759      -4.641       3.387
ar.L1          0.1245      0.013      9.235      0.000       0.098       0.151
ma.L1         -0.9518      0.005   -179.316      0.000      -0.962      -0.941
ar.S.L4        0.0332      0.017      1.923      0.055      -0.001       0.067
sigma2      8.889e+05   9710.078     91.542      0.000     8.7e+05    9.08e+05
===================================================================================
Ljung-Box (L1) (Q):                   0.23   Jarque-Bera (JB):             15101.16
Prob(Q):                              0.63   Prob(JB):                         0.00
Heteroskedasticity (H):               0.51   Skew:                            -0.88
Prob(H) (two-sided):                  0.00   Kurtosis:                        13.36
===================================================================================

Warnings:
[1] Covariance matrix calculated using the outer product of gradients (complex-step).
2023-03-20 10:41:52,240 SARIMAX Model Prediction ..
2023-03-20 10:41:52,280 SARIMAX Model MAPE: 0.0588
2023-03-20 10:41:52,281 Sarimax Model Parameters {'sarimax_order': (1, 1, 1), 'sarimax_seasonal_order': (1, 0, 0, 4)}
2023-03-20 10:41:52,351 Creating Arimax Model Forecasting Insample LNG Production PT Badak ...
2023-03-20 10:41:52,352 Creating ARIMAX Model ...
2023-03-20 10:43:27,597 ARIMAX Model Summary
2023-03-20 10:43:27,601                                SARIMAX Results                                
==============================================================================
Dep. Variable:                      y   No. Observations:                 3283
Model:               SARIMAX(1, 1, 3)   Log Likelihood              -27128.376
Date:                Mon, 20 Mar 2023   AIC                          54272.753
Time:                        10:43:27   BIC                          54321.523
Sample:                    01-01-2013   HQIC                         54290.215
                         - 12-27-2021                                         
Covariance Type:                  opg                                         
==============================================================================
                 coef    std err          z      P>|z|      [0.025      0.975]
------------------------------------------------------------------------------
month         -9.0508     12.606     -0.718      0.473     -33.758      15.657
day           -0.8826      2.199     -0.401      0.688      -5.193       3.428
fg_exog       40.8506      0.147    278.108      0.000      40.563      41.138
ar.L1          0.8877      0.040     22.334      0.000       0.810       0.966
ma.L1         -1.7281      0.043    -40.464      0.000      -1.812      -1.644
ma.L2          0.6890      0.038     18.208      0.000       0.615       0.763
ma.L3          0.0432      0.016      2.730      0.006       0.012       0.074
sigma2      9.267e+05   1.04e+04     89.424      0.000    9.06e+05    9.47e+05
===================================================================================
Ljung-Box (L1) (Q):                   0.00   Jarque-Bera (JB):             15505.42
Prob(Q):                              0.97   Prob(JB):                         0.00
Heteroskedasticity (H):               0.50   Skew:                            -0.88
Prob(H) (two-sided):                  0.00   Kurtosis:                        13.50
===================================================================================

Warnings:
[1] Covariance matrix calculated using the outer product of gradients (complex-step).
[2] Covariance matrix is singular or near-singular, with condition number 5.95e+14. Standard errors may be unstable.
2023-03-20 10:43:27,617 ARIMAX Model Prediction ..
2023-03-20 10:43:27,649 ARIMAX Model MAPE: 0.0588
2023-03-20 10:43:27,650 Arimax Model Parameters (1, 1, 3)
2023-03-20 10:43:27,720 Creating Prophet Model Forecasting Insample LNG Production PT Badak ...
2023-03-20 10:43:27,720 Creating Prophet Regressor Object ....
2023-03-20 10:43:27,721 Creating Window Splitter Prophet Model ....
2023-03-20 10:43:27,721 Creating Prophet Model ...
2023-03-20 10:46:11,410 Show Best Prophet Models ...
2023-03-20 10:46:11,411 Best Prophet Models {'changepoint_prior_scale': 0.1, 'daily_seasonality': 8, 'n_changepoints': 8, 'seasonality_mode': 'additive', 'seasonality_prior_scale': 0.05, 'weekly_seasonality': 1, 'yearly_seasonality': 8}
2023-03-20 10:46:11,411 Prophet Model Prediction ...
2023-03-20 10:46:11,731 Prophet Model MAPE: 0.0616
2023-03-20 10:46:11,791 Creating Random Forest Model Forecasting Insample LNG Production PT Badak ...
2023-03-20 10:46:11,791 Creating Window Splitter Random Forest Model ....
2023-03-20 10:46:11,791 Creating Random Forest Model ...
2023-03-20 10:47:19,403 Show Best Random Forest Models ...
2023-03-20 10:47:19,403 Best Random Forest Models {'estimator__n_estimators': 100, 'window_length': 8}
2023-03-20 10:47:19,403 Random Forest Model Prediction ...
2023-03-20 10:47:21,103 Random Forest Model MAPE: 0.0642
2023-03-20 10:47:21,162 Creating XGBoost Model Forecasting Insample LNG Production PT Badak ...
2023-03-20 10:47:21,162 Creating XGBoost Model ....
2023-03-20 10:47:25,016 Show Best XGBoost Models ...
2023-03-20 10:47:25,016 Best XGBoost Models {'estimator__n_estimators': 100, 'window_length': 2}
2023-03-20 10:47:25,017 XGBoost Model Prediction ...
2023-03-20 10:47:25,273 XGBoost Model MAPE: 0.0704
2023-03-20 10:47:25,332 Creating Linear Regression Model Forecasting Insample LNG Production PT Badak ...
2023-03-20 10:47:25,333 Creating Linear Regression Model ...
2023-03-20 10:47:25,540 Show Best Linear Regression Models ...
2023-03-20 10:47:25,540 Best Linear Regression Models {'window_length': 2}
2023-03-20 10:47:25,541 Linear Regression Model Prediction ...
2023-03-20 10:47:25,569 Linear Regression Model MAPE: 0.0646
2023-03-20 10:47:25,628 Creating Polynomial Regression Degree=2 Model Forecasting Insample LNG Production PT Badak ...
2023-03-20 10:47:25,628 Creating Polynomial Regression Orde 2 Model ...
2023-03-20 10:47:25,811 Show Best Polynomial Regression Degree=2 Models ...
2023-03-20 10:47:25,811 Best Polynomial Regression Degree=3 Models {'window_length': 1}
2023-03-20 10:47:25,811 Polynomial Regression Degree=2 Model Prediction ...
2023-03-20 10:47:25,848 Polynomial Regression Degree=2 Model MAPE: 0.0610
2023-03-20 10:47:25,913 Creating Polynomial Regression Degree=3 Model Forecasting Insample LNG Production PT Badak ...
2023-03-20 10:47:25,914 Creating Polynomial Regression Orde 3 Model ...
2023-03-20 10:47:26,110 Show Best Polynomial Regression Degree=3 Models ...
2023-03-20 10:47:26,110 Best Polynomial Regression Degree=3 Models {'window_length': 1}
2023-03-20 10:47:26,110 Polynomial Regression Degree=3 Model Prediction ...
2023-03-20 10:47:26,147 Polynomial Regression Degree=3 Model MAPE: 0.0597
2023-03-20 10:47:26,212 Creating all model params result data frame ...
2023-03-20 10:47:26,212 Creating all model mape result data frame ...
2023-03-20 10:47:26,213 Updating MAPE result to database ...
2023-03-20 10:47:26,219 Updated rows: 1
2023-03-20 10:47:26,219 Updating Model Parameter result to database ...
2023-03-20 10:47:26,225 Updated rows: 1
2023-03-20 10:47:26,226 Creating LNG Production PT Badak Model in: 47 minutes and 50.41 seconds
2023-03-20 10:47:26,226 

2023-03-20 10:47:26,227 Connecting to database ...
2023-03-20 10:47:26,330 Condensate PT Badak Prepare Data ...
2023-03-20 10:47:26,375 Finished Query
2023-03-20 10:47:26,375 Null Value Cleaning ...
2023-03-20 10:47:26,375 Condensate PT Badak Data Smoothing ...
2023-03-20 10:47:27,090 AD Fuller Test ...
2023-03-20 10:47:27,240 Creating Sarimax Model Forecasting Insample Condensate PT Badak ...
2023-03-20 10:47:27,241 Creating SARIMAX Model ...
2023-03-20 10:49:12,361 SARIMAX Model Summary
2023-03-20 10:49:12,366                                SARIMAX Results                                
==============================================================================
Dep. Variable:                      y   No. Observations:                 3283
Model:               SARIMAX(1, 1, 1)   Log Likelihood              -21419.890
Date:                Mon, 20 Mar 2023   AIC                          42851.779
Time:                        10:49:12   BIC                          42888.356
Sample:                    01-01-2013   HQIC                         42864.876
                         - 12-27-2021                                         
Covariance Type:                  opg                                         
==============================================================================
                 coef    std err          z      P>|z|      [0.025      0.975]
------------------------------------------------------------------------------
month         -3.4239      2.435     -1.406      0.160      -8.197       1.349
day            0.9607      0.344      2.790      0.005       0.286       1.635
fg_exog        1.2864      0.025     52.389      0.000       1.238       1.334
ar.L1         -0.0737      0.011     -6.874      0.000      -0.095      -0.053
ma.L1         -0.9190      0.007   -126.993      0.000      -0.933      -0.905
sigma2       2.73e+04    287.931     94.798      0.000    2.67e+04    2.79e+04
===================================================================================
Ljung-Box (L1) (Q):                   0.01   Jarque-Bera (JB):             30756.89
Prob(Q):                              0.93   Prob(JB):                         0.00
Heteroskedasticity (H):               0.20   Skew:                             1.43
Prob(H) (two-sided):                  0.00   Kurtosis:                        17.72
===================================================================================

Warnings:
[1] Covariance matrix calculated using the outer product of gradients (complex-step).
2023-03-20 10:49:12,375 SARIMAX Model Prediction ..
2023-03-20 10:49:12,415 SARIMAX Model MAPE: 0.1610
2023-03-20 10:49:12,417 Sarimax Model Parameters {'sarimax_order': (1, 1, 1), 'sarimax_seasonal_order': (0, 0, 0, 12)}
2023-03-20 10:49:12,488 Creating Arimax Model Forecasting Insample Condensate PT Badak ...
2023-03-20 10:49:12,488 Creating ARIMAX Model ...
2023-03-20 10:50:23,326 ARIMAX Model Summary
2023-03-20 10:50:23,330                                SARIMAX Results                                
==============================================================================
Dep. Variable:                      y   No. Observations:                 3283
Model:               SARIMAX(2, 1, 3)   Log Likelihood              -21414.954
Date:                Mon, 20 Mar 2023   AIC                          42849.907
Time:                        10:50:23   BIC                          42910.869
Sample:                    01-01-2013   HQIC                         42871.735
                         - 12-27-2021                                         
Covariance Type:                  opg                                         
==============================================================================
                 coef    std err          z      P>|z|      [0.025      0.975]
------------------------------------------------------------------------------
intercept     -0.6309      0.788     -0.801      0.423      -2.175       0.913
month         -3.1547      2.436     -1.295      0.195      -7.929       1.619
day            0.9737      0.354      2.751      0.006       0.280       1.667
fg_exog        1.2866      0.025     50.885      0.000       1.237       1.336
ar.L1         -1.5967      0.090    -17.751      0.000      -1.773      -1.420
ar.L2         -0.7534      0.065    -11.637      0.000      -0.880      -0.627
ma.L1          0.6162      0.092      6.723      0.000       0.437       0.796
ma.L2         -0.7165      0.051    -14.138      0.000      -0.816      -0.617
ma.L3         -0.6580      0.063    -10.488      0.000      -0.781      -0.535
sigma2       2.74e+04    314.100     87.236      0.000    2.68e+04     2.8e+04
===================================================================================
Ljung-Box (L1) (Q):                   0.22   Jarque-Bera (JB):             30968.90
Prob(Q):                              0.64   Prob(JB):                         0.00
Heteroskedasticity (H):               0.20   Skew:                             1.41
Prob(H) (two-sided):                  0.00   Kurtosis:                        17.78
===================================================================================

Warnings:
[1] Covariance matrix calculated using the outer product of gradients (complex-step).
2023-03-20 10:50:23,344 ARIMAX Model Prediction ..
2023-03-20 10:50:23,375 ARIMAX Model MAPE: 0.1918
2023-03-20 10:50:23,376 Arimax Model Parameters (2, 1, 3)
2023-03-20 10:50:23,447 Creating Prophet Model Forecasting Insample Condensate PT Badak ...
2023-03-20 10:50:23,447 Creating Prophet Regressor Object ....
2023-03-20 10:50:23,447 Creating Window Splitter Prophet Model ....
2023-03-20 10:50:23,448 Creating Prophet Model ...
2023-03-20 10:55:40,359 Show Best Prophet Models ...
2023-03-20 10:55:40,359 Best Prophet Models {'changepoint_prior_scale': 0.1, 'daily_seasonality': 8, 'n_changepoints': 18, 'seasonality_mode': 'multiplicative', 'seasonality_prior_scale': 0.05, 'weekly_seasonality': 1, 'yearly_seasonality': 10}
2023-03-20 10:55:40,359 Prophet Model Prediction ...
2023-03-20 10:55:40,683 Prophet Model MAPE: 0.2459
2023-03-20 10:55:40,742 Creating Random Forest Model Forecasting Insample Condensate PT Badak ...
2023-03-20 10:55:40,742 Creating Window Splitter Random Forest Model ....
2023-03-20 10:55:40,743 Creating Random Forest Model ...
2023-03-20 10:57:53,878 Show Best Random Forest Models ...
2023-03-20 10:57:53,878 Best Random Forest Models {'estimator__n_estimators': 100, 'window_length': 18}
2023-03-20 10:57:53,878 Random Forest Model Prediction ...
2023-03-20 10:57:55,545 Random Forest Model MAPE: 0.1809
2023-03-20 10:57:55,603 Creating XGBoost Model Forecasting Insample Condensate PT Badak ...
2023-03-20 10:57:55,604 Creating XGBoost Model ....
2023-03-20 10:58:02,598 Show Best XGBoost Models ...
2023-03-20 10:58:02,599 Best XGBoost Models {'estimator__n_estimators': 200, 'window_length': 29}
2023-03-20 10:58:02,599 XGBoost Model Prediction ...
2023-03-20 10:58:02,862 XGBoost Model MAPE: 0.1906
2023-03-20 10:58:02,921 Creating Linear Regression Model Forecasting Insample Condensate PT Badak ...
2023-03-20 10:58:02,922 Creating Linear Regression Model ...
2023-03-20 10:58:03,212 Show Best Linear Regression Models ...
2023-03-20 10:58:03,213 Best Linear Regression Models {'window_length': 7}
2023-03-20 10:58:03,214 Linear Regression Model Prediction ...
2023-03-20 10:58:03,242 Linear Regression Model MAPE: 0.1431
2023-03-20 10:58:03,302 Creating Polynomial Regression Degree=2 Model Forecasting Insample Condensate PT Badak ...
2023-03-20 10:58:03,303 Creating Polynomial Regression Orde 2 Model ...
2023-03-20 11:02:39,491 Show Best Polynomial Regression Degree=2 Models ...
2023-03-20 11:02:39,492 Best Polynomial Regression Degree=2 Models {'window_length': 0.8}
2023-03-20 11:02:39,492 Polynomial Regression Degree=2 Model Prediction ...
2023-03-20 11:03:31,026 Polynomial Regression Degree=2 Model MAPE: 0.2605
2023-03-20 11:03:31,097 Creating Polynomial Regression Degree=3 Model Forecasting Insample Condensate PT Badak ...
2023-03-20 11:03:31,097 Creating Polynomial Regression Orde 3 Model ...
2023-03-20 11:10:01,584 Show Best Polynomial Regression Degree=3 Models ...
2023-03-20 11:10:01,584 Best Polynomial Regression Degree=3 Models {'window_length': 0.8}
2023-03-20 11:10:01,584 Polynomial Regression Degree=3 Model Prediction ...
2023-03-20 11:10:57,315 Polynomial Regression Degree=3 Model MAPE: 0.2618
2023-03-20 11:10:57,386 Creating all model mape result data frame ...
2023-03-20 11:10:57,386 Creating all model params result data frame ...
2023-03-20 11:10:57,387 Updating MAPE result to database ...
2023-03-20 11:10:57,397 Updated rows: 1
2023-03-20 11:10:57,397 Updating Model Parameter result to database ...
2023-03-20 11:10:57,407 Updated rows: 1
2023-03-20 11:10:57,408 

2023-03-20 11:10:57,409 Connecting to database ...
2023-03-20 11:10:57,451 Data Null Cleaning ...
2023-03-20 11:10:57,507 Finished Query
2023-03-20 11:10:57,507 Null Value Cleaning ...
2023-03-20 11:10:57,509 AD Fuller Test ...
2023-03-20 11:10:57,517 Creating Sarimax Model Forecasting Insample LPG C3 PT Badak ...
2023-03-20 11:10:57,518 Creating SARIMAX Model ...
2023-03-20 11:10:59,798 SARIMAX Model Summary
2023-03-20 11:10:59,800                                      SARIMAX Results                                      
==========================================================================================
Dep. Variable:                                  y   No. Observations:                  144
Model:             SARIMAX(1, 1, 0)x(1, 0, 0, 12)   Log Likelihood                -701.174
Date:                            Mon, 20 Mar 2023   AIC                           1412.348
Time:                                    11:10:59   BIC                           1427.162
Sample:                                07-01-2022   HQIC                          1418.367
                                     - 11-21-2022                                         
Covariance Type:                              opg                                         
==============================================================================
                 coef    std err          z      P>|z|      [0.025      0.975]
------------------------------------------------------------------------------
day            0.9470      0.741      1.279      0.201      -0.504       2.399
fg_exog        0.1200      0.119      1.008      0.314      -0.113       0.353
ar.L1         -0.3751      0.066     -5.709      0.000      -0.504      -0.246
ar.S.L12       0.3254      0.069      4.729      0.000       0.191       0.460
sigma2      1051.8481    103.103     10.202      0.000     849.770    1253.926
===================================================================================
Ljung-Box (L1) (Q):                   0.00   Jarque-Bera (JB):                35.29
Prob(Q):                              0.97   Prob(JB):                         0.00
Heteroskedasticity (H):               0.31   Skew:                            -0.10
Prob(H) (two-sided):                  0.00   Kurtosis:                         5.43
===================================================================================

Warnings:
[1] Covariance matrix calculated using the outer product of gradients (complex-step).
2023-03-20 11:10:59,803 SARIMAX Model Prediction ..
2023-03-20 11:10:59,813 SARIMAX Model MAPE: 0.2861
2023-03-20 11:10:59,814 Sarimax Model Parameters {'sarimax_order': (1, 1, 0), 'sarimax_seasonal_order': (1, 0, 0, 12)}
2023-03-20 11:10:59,814 Creating Arimax Model Forecasting Insample LPG C3 PT Badak ...
2023-03-20 11:10:59,814 Creating ARIMAX Model ...
2023-03-20 11:11:03,342 ARIMAX Model Summary
2023-03-20 11:11:03,344                                SARIMAX Results                                
==============================================================================
Dep. Variable:                      y   No. Observations:                  144
Model:               SARIMAX(3, 1, 2)   Log Likelihood                -696.173
Date:                Mon, 20 Mar 2023   AIC                           1408.345
Time:                        11:11:03   BIC                           1432.048
Sample:                    07-01-2022   HQIC                          1417.977
                         - 11-21-2022                                         
Covariance Type:                  opg                                         
==============================================================================
                 coef    std err          z      P>|z|      [0.025      0.975]
------------------------------------------------------------------------------
day            1.0138      0.617      1.642      0.101      -0.196       2.224
fg_exog        0.0692      0.117      0.592      0.554      -0.160       0.298
ar.L1         -2.0394      0.098    -20.874      0.000      -2.231      -1.848
ar.L2         -1.4857      0.169     -8.796      0.000      -1.817      -1.155
ar.L3         -0.2806      0.096     -2.929      0.003      -0.468      -0.093
ma.L1          1.7816      0.057     31.232      0.000       1.670       1.893
ma.L2          0.9472      0.058     16.414      0.000       0.834       1.060
sigma2       962.1775    106.004      9.077      0.000     754.413    1169.942
===================================================================================
Ljung-Box (L1) (Q):                   0.03   Jarque-Bera (JB):                15.11
Prob(Q):                              0.86   Prob(JB):                         0.00
Heteroskedasticity (H):               0.35   Skew:                            -0.20
Prob(H) (two-sided):                  0.00   Kurtosis:                         4.54
===================================================================================

Warnings:
[1] Covariance matrix calculated using the outer product of gradients (complex-step).
2023-03-20 11:11:03,348 ARIMAX Model Prediction ..
2023-03-20 11:11:03,357 ARIMAX Model MAPE: 0.2551
2023-03-20 11:11:03,357 Arimax Model Parameters (3, 1, 2)
2023-03-20 11:11:03,357 Creating Prophet Model Forecasting Insample LPG C3 PT Badak ...
2023-03-20 11:11:03,357 Creating Prophet Regressor Object ....
2023-03-20 11:11:03,358 Creating Window Splitter Prophet Model ....
2023-03-20 11:11:03,358 Creating Prophet Model ...
2023-03-20 11:11:03,457 Optimization terminated abnormally. Falling back to Newton.
2023-03-20 11:11:03,829 Optimization terminated abnormally. Falling back to Newton.
2023-03-20 11:11:04,270 Optimization terminated abnormally. Falling back to Newton.
2023-03-20 11:11:04,665 Optimization terminated abnormally. Falling back to Newton.
2023-03-20 11:11:05,259 Optimization terminated abnormally. Falling back to Newton.
2023-03-20 11:11:05,712 Optimization terminated abnormally. Falling back to Newton.
2023-03-20 11:11:06,098 Optimization terminated abnormally. Falling back to Newton.
2023-03-20 11:11:06,560 Optimization terminated abnormally. Falling back to Newton.
2023-03-20 11:11:06,926 Optimization terminated abnormally. Falling back to Newton.
2023-03-20 11:11:07,360 Optimization terminated abnormally. Falling back to Newton.
2023-03-20 11:11:07,738 Optimization terminated abnormally. Falling back to Newton.
2023-03-20 11:11:08,222 Optimization terminated abnormally. Falling back to Newton.
2023-03-20 11:11:08,604 Optimization terminated abnormally. Falling back to Newton.
2023-03-20 11:11:09,077 Optimization terminated abnormally. Falling back to Newton.
2023-03-20 11:11:09,760 Optimization terminated abnormally. Falling back to Newton.
2023-03-20 11:11:10,230 Optimization terminated abnormally. Falling back to Newton.
2023-03-20 11:11:10,817 Optimization terminated abnormally. Falling back to Newton.
2023-03-20 11:11:11,377 Optimization terminated abnormally. Falling back to Newton.
2023-03-20 11:11:11,854 Optimization terminated abnormally. Falling back to Newton.
2023-03-20 11:11:12,513 Optimization terminated abnormally. Falling back to Newton.
2023-03-20 11:11:13,248 Optimization terminated abnormally. Falling back to Newton.
2023-03-20 11:11:13,676 Optimization terminated abnormally. Falling back to Newton.
2023-03-20 11:11:14,237 Optimization terminated abnormally. Falling back to Newton.
2023-03-20 11:11:14,722 Optimization terminated abnormally. Falling back to Newton.
2023-03-20 11:11:31,536 Optimization terminated abnormally. Falling back to Newton.
2023-03-20 11:11:32,004 Optimization terminated abnormally. Falling back to Newton.
2023-03-20 11:11:32,411 Optimization terminated abnormally. Falling back to Newton.
2023-03-20 11:11:32,886 Optimization terminated abnormally. Falling back to Newton.
2023-03-20 11:11:33,444 Optimization terminated abnormally. Falling back to Newton.
2023-03-20 11:11:33,898 Optimization terminated abnormally. Falling back to Newton.
2023-03-20 11:11:34,364 Optimization terminated abnormally. Falling back to Newton.
2023-03-20 11:11:35,135 Optimization terminated abnormally. Falling back to Newton.
2023-03-20 11:11:35,534 Optimization terminated abnormally. Falling back to Newton.
2023-03-20 11:11:36,008 Optimization terminated abnormally. Falling back to Newton.
2023-03-20 11:11:36,437 Optimization terminated abnormally. Falling back to Newton.
2023-03-20 11:11:36,919 Optimization terminated abnormally. Falling back to Newton.
2023-03-20 11:11:37,534 Optimization terminated abnormally. Falling back to Newton.
2023-03-20 11:11:39,446 Optimization terminated abnormally. Falling back to Newton.
2023-03-20 11:11:40,858 Optimization terminated abnormally. Falling back to Newton.
2023-03-20 11:11:43,487 Optimization terminated abnormally. Falling back to Newton.
2023-03-20 11:11:44,089 Optimization terminated abnormally. Falling back to Newton.
2023-03-20 11:11:50,591 Optimization terminated abnormally. Falling back to Newton.
2023-03-20 11:11:51,602 Optimization terminated abnormally. Falling back to Newton.
2023-03-20 11:11:52,171 Optimization terminated abnormally. Falling back to Newton.
2023-03-20 11:11:54,539 Optimization terminated abnormally. Falling back to Newton.
2023-03-20 11:12:11,450 Optimization terminated abnormally. Falling back to Newton.
2023-03-20 11:12:11,831 Optimization terminated abnormally. Falling back to Newton.
2023-03-20 11:12:12,330 Optimization terminated abnormally. Falling back to Newton.
2023-03-20 11:12:12,785 Optimization terminated abnormally. Falling back to Newton.
2023-03-20 11:12:13,236 Optimization terminated abnormally. Falling back to Newton.
2023-03-20 11:12:14,003 Optimization terminated abnormally. Falling back to Newton.
2023-03-20 11:12:15,148 Optimization terminated abnormally. Falling back to Newton.
2023-03-20 11:12:15,527 Optimization terminated abnormally. Falling back to Newton.
2023-03-20 11:12:15,989 Optimization terminated abnormally. Falling back to Newton.
2023-03-20 11:12:16,380 Optimization terminated abnormally. Falling back to Newton.
2023-03-20 11:12:16,882 Optimization terminated abnormally. Falling back to Newton.
2023-03-20 11:12:17,279 Optimization terminated abnormally. Falling back to Newton.
2023-03-20 11:12:18,469 Optimization terminated abnormally. Falling back to Newton.
2023-03-20 11:12:19,925 Optimization terminated abnormally. Falling back to Newton.
2023-03-20 11:12:20,450 Optimization terminated abnormally. Falling back to Newton.
2023-03-20 11:12:20,952 Optimization terminated abnormally. Falling back to Newton.
2023-03-20 11:12:37,173 Optimization terminated abnormally. Falling back to Newton.
2023-03-20 11:12:38,585 Optimization terminated abnormally. Falling back to Newton.
2023-03-20 11:12:39,045 Optimization terminated abnormally. Falling back to Newton.
2023-03-20 11:12:40,150 Optimization terminated abnormally. Falling back to Newton.
2023-03-20 11:12:41,245 Optimization terminated abnormally. Falling back to Newton.
2023-03-20 11:12:42,019 Optimization terminated abnormally. Falling back to Newton.
2023-03-20 11:12:44,493 Optimization terminated abnormally. Falling back to Newton.
2023-03-20 11:12:45,054 Optimization terminated abnormally. Falling back to Newton.
2023-03-20 11:12:45,637 Optimization terminated abnormally. Falling back to Newton.
2023-03-20 11:13:01,862 Show Best Prophet Models ...
2023-03-20 11:13:01,862 Best Prophet Models {'changepoint_prior_scale': 0.002, 'daily_seasonality': 10, 'n_changepoints': 5, 'seasonality_mode': 'additive', 'seasonality_prior_scale': 0.1, 'weekly_seasonality': 10, 'yearly_seasonality': 7}
2023-03-20 11:13:01,862 Prophet Model Prediction ...
2023-03-20 11:13:02,046 Prophet Model MAPE: 0.2104
2023-03-20 11:13:02,046 Prophet Model MAPE: 0.2104
2023-03-20 11:13:02,047 Prophet Model Parameters {'add_country_holidays': None, 'add_seasonality': None, 'alpha': 0.05, 'changepoint_prior_scale': 0.05, 'changepoint_range': 0.8, 'changepoints': None, 'daily_seasonality': 'auto', 'freq': None, 'growth': 'linear', 'growth_cap': None, 'growth_floor': 0.0, 'holidays': None, 'holidays_prior_scale': 10.0, 'mcmc_samples': 0, 'n_changepoints': 25, 'seasonality_mode': 'additive', 'seasonality_prior_scale': 10.0, 'stan_backend': None, 'uncertainty_samples': 1000, 'verbose': 0, 'weekly_seasonality': 'auto', 'yearly_seasonality': 'auto'}
2023-03-20 11:13:02,047 Creating Random Forest Model Forecasting Insample LPG C3 PT Badak ...
2023-03-20 11:13:02,047 Creating Window Splitter Random Forest Model ....
2023-03-20 11:13:02,047 Creating Random Forest Model ...
2023-03-20 11:13:03,830 Show Best Random Forest Models ...
2023-03-20 11:13:03,830 Best Random Forest Models {'estimator__n_estimators': 200, 'window_length': 1}
2023-03-20 11:13:03,830 Random Forest Model Prediction ...
2023-03-20 11:13:04,169 Random Forest Model MAPE: 0.2973
2023-03-20 11:13:04,170 Creating XGBoost Model Forecasting Insample LPG C3 PT Badak ...
2023-03-20 11:13:04,170 Creating XGBoost Model ....
2023-03-20 11:13:04,701 Show Best XGBoost Models ...
2023-03-20 11:13:04,701 Best XGBoost Models {'estimator__n_estimators': 200, 'window_length': 1}
2023-03-20 11:13:04,702 XGBoost Model Prediction ...
2023-03-20 11:13:04,732 XGBoost Model MAPE: 0.3466
2023-03-20 11:13:04,732 Creating Linear Regression Model Forecasting Insample LPG C3 PT Badak ...
2023-03-20 11:13:04,733 Creating Linear Regression Model ...
2023-03-20 11:13:04,785 Show Best Linear Regression Models ...
2023-03-20 11:13:04,786 Best Linear Regression Models {'window_length': 1}
2023-03-20 11:13:04,786 Linear Regression Model Prediction ...
2023-03-20 11:13:04,791 Linear Regression Model MAPE: 0.2043
2023-03-20 11:13:04,791 Creating Polynomial Regression Degree=2 Model Forecasting Insample LPG C3 PT Badak ...
2023-03-20 11:13:04,792 Creating Polynomial Regression Orde 2 Model ...
2023-03-20 11:13:04,977 Show Best Polynomial Regression Degree=2 Models ...
2023-03-20 11:13:04,977 Best Polynomial Regression Degree=2 Models {'window_length': 0.8}
2023-03-20 11:13:04,977 Polynomial Regression Degree=2 Model Prediction ...
2023-03-20 11:13:05,103 Polynomial Regression Degree=2 Model MAPE: 0.2605
2023-03-20 11:13:05,103 Creating Polynomial Regression Degree=3 Model Forecasting Insample LPG C3 PT Badak ...
2023-03-20 11:13:05,103 Creating Polynomial Regression Orde 3 Model ...
2023-03-20 11:13:05,278 Show Best Polynomial Regression Degree=3 Models ...
2023-03-20 11:13:05,278 Best Polynomial Regression Degree=3 Models {'window_length': 0.8}
2023-03-20 11:13:05,278 Polynomial Regression Degree=3 Model Prediction ...
2023-03-20 11:13:05,403 Polynomial Regression Degree=3 Model MAPE: 0.2560
2023-03-20 11:13:05,403 Creating all model mape result data frame ...
2023-03-20 11:13:05,403 Creating all model params result data frame ...
2023-03-20 11:13:05,404 Updating MAPE result to database ...
2023-03-20 11:13:05,415 Updated rows: 1
2023-03-20 11:13:05,415 Updating Model Parameter result to database ...
2023-03-20 11:13:05,426 Updated rows: 1
2023-03-20 11:13:05,426 

2023-03-20 11:13:05,427 Connecting to database ...
2023-03-20 11:13:05,586 LPG C4 PT Badak Null Value Cleaning ...
2023-03-20 11:13:05,639 Finished Query
2023-03-20 11:13:05,639 Null Value Cleaning ...
2023-03-20 11:13:05,640 AD Fuller Test ...
2023-03-20 11:13:05,708 Creating Sarimax Model Forecasting Insample LPG C4 PT Badak ...
2023-03-20 11:13:05,709 Creating SARIMAX Model ...
2023-03-20 11:14:01,897 SARIMAX Model Summary
2023-03-20 11:14:01,900                                       SARIMAX Results                                      
===========================================================================================
Dep. Variable:                                   y   No. Observations:                  144
Model:             SARIMAX(2, 0, 1)x(2, 1, [], 12)   Log Likelihood                -763.818
Date:                             Mon, 20 Mar 2023   AIC                           1543.636
Time:                                     11:14:01   BIC                           1566.698
Sample:                                 07-01-2022   HQIC                          1553.007
                                      - 11-21-2022                                         
Covariance Type:                               opg                                         
==============================================================================
                 coef    std err          z      P>|z|      [0.025      0.975]
------------------------------------------------------------------------------
day           -1.0272      1.392     -0.738      0.461      -3.755       1.701
fg_exog        0.0885      0.240      0.368      0.713      -0.383       0.560
ar.L1          1.2156      0.170      7.133      0.000       0.882       1.550
ar.L2         -0.2411      0.143     -1.682      0.092      -0.522       0.040
ma.L1         -0.7865      0.145     -5.411      0.000      -1.071      -0.502
ar.S.L12      -0.9567      0.074    -12.842      0.000      -1.103      -0.811
ar.S.L24      -0.3627      0.074     -4.898      0.000      -0.508      -0.218
sigma2      5699.9113    658.116      8.661      0.000    4410.028    6989.795
===================================================================================
Ljung-Box (L1) (Q):                   0.05   Jarque-Bera (JB):                25.90
Prob(Q):                              0.83   Prob(JB):                         0.00
Heteroskedasticity (H):               0.32   Skew:                            -0.72
Prob(H) (two-sided):                  0.00   Kurtosis:                         4.63
===================================================================================

Warnings:
[1] Covariance matrix calculated using the outer product of gradients (complex-step).
2023-03-20 11:14:01,911 SARIMAX Model Prediction ..
2023-03-20 11:14:01,926 SARIMAX Model MAPE: 0.1606
2023-03-20 11:14:01,927 Sarimax Model Parameters {'sarimax_order': (2, 0, 1), 'sarimax_seasonal_order': (2, 1, 0, 12)}
2023-03-20 11:14:01,995 Creating Arimax Model Forecasting Insample LPG C4 PT Badak ...
2023-03-20 11:14:01,995 Creating ARIMAX Model ...
2023-03-20 11:14:03,547 ARIMAX Model Summary
2023-03-20 11:14:03,548                                SARIMAX Results                                
==============================================================================
Dep. Variable:                      y   No. Observations:                  144
Model:               SARIMAX(1, 0, 2)   Log Likelihood                -816.053
Date:                Mon, 20 Mar 2023   AIC                           1646.107
Time:                        11:14:03   BIC                           1666.895
Sample:                    07-01-2022   HQIC                          1654.554
                         - 11-21-2022                                         
Covariance Type:                  opg                                         
==============================================================================
                 coef    std err          z      P>|z|      [0.025      0.975]
------------------------------------------------------------------------------
intercept     10.5979     12.880      0.823      0.411     -14.647      35.843
day           -0.8535      1.670     -0.511      0.609      -4.127       2.420
fg_exog        0.1375      0.299      0.461      0.645      -0.448       0.723
ar.L1          0.9715      0.030     32.602      0.000       0.913       1.030
ma.L1         -0.4851      0.058     -8.345      0.000      -0.599      -0.371
ma.L2         -0.2191      0.078     -2.805      0.005      -0.372      -0.066
sigma2      4662.8530    393.074     11.863      0.000    3892.443    5433.264
===================================================================================
Ljung-Box (L1) (Q):                   0.00   Jarque-Bera (JB):               225.50
Prob(Q):                              0.99   Prob(JB):                         0.00
Heteroskedasticity (H):               0.24   Skew:                            -1.51
Prob(H) (two-sided):                  0.00   Kurtosis:                         8.34
===================================================================================

Warnings:
[1] Covariance matrix calculated using the outer product of gradients (complex-step).
2023-03-20 11:14:03,552 ARIMAX Model Prediction ..
2023-03-20 11:14:03,561 ARIMAX Model MAPE: 0.1599
2023-03-20 11:14:03,561 Arimax Model Parameters (1, 0, 2)
2023-03-20 11:14:03,621 Creating Prophet Model Forecasting Insample LPG C4 PT Badak ...
2023-03-20 11:14:03,621 Creating Prophet Regressor Object ....
2023-03-20 11:14:03,621 Creating Window Splitter Prophet Model ....
2023-03-20 11:14:03,622 Creating Prophet Model ...
2023-03-20 11:15:05,054 Optimization terminated abnormally. Falling back to Newton.
2023-03-20 11:15:06,964 Optimization terminated abnormally. Falling back to Newton.
2023-03-20 11:15:08,769 Show Best Prophet Models ...
2023-03-20 11:15:08,770 Best Prophet Models {'changepoint_prior_scale': 0.002, 'daily_seasonality': 10, 'n_changepoints': 7, 'seasonality_mode': 'multiplicative', 'seasonality_prior_scale': 1, 'weekly_seasonality': 5, 'yearly_seasonality': 7}
2023-03-20 11:15:08,770 Prophet Model Prediction ...
2023-03-20 11:15:08,953 Prophet Model MAPE: 0.8103
2023-03-20 11:15:09,018 Creating Random Forest Model Forecasting Insample LPG C4 PT Badak ...
2023-03-20 11:15:09,018 Creating Window Splitter Random Forest Model ....
2023-03-20 11:15:09,019 Creating Random Forest Model ...
2023-03-20 11:15:11,693 Show Best Random Forest Models ...
2023-03-20 11:15:11,693 Best Random Forest Models {'estimator__n_estimators': 200, 'window_length': 5}
2023-03-20 11:15:11,693 Random Forest Model Prediction ...
2023-03-20 11:15:12,033 Random Forest Model MAPE: 0.2172
2023-03-20 11:15:12,092 Creating XGBoost Model Forecasting Insample LPG C4 PT Badak ...
2023-03-20 11:15:12,092 Creating XGBoost Model ....
2023-03-20 11:15:12,756 Show Best XGBoost Models ...
2023-03-20 11:15:12,757 Best XGBoost Models {'estimator__n_estimators': 100, 'window_length': 7}
2023-03-20 11:15:12,757 XGBoost Model Prediction ...
2023-03-20 11:15:12,788 XGBoost Model MAPE: 0.2653
2023-03-20 11:15:12,847 Creating Linear Regression Model Forecasting Insample LPG C4 PT Badak ...
2023-03-20 11:15:12,847 Creating Linear Regression Model ...
2023-03-20 11:15:12,919 Show Best Linear Regression Models ...
2023-03-20 11:15:12,919 Best Linear Regression Models {'window_length': 7}
2023-03-20 11:15:12,919 Linear Regression Model Prediction ...
2023-03-20 11:15:12,924 Linear Regression Model MAPE: 0.2974
2023-03-20 11:15:12,983 Creating Polynomial Regression Degree=2 Model Forecasting Insample LPG C4 PT Badak ...
2023-03-20 11:15:12,984 Creating Polynomial Regression Orde 2 Model ...
2023-03-20 11:15:13,028 Show Best Polynomial Regression Degree=2 Models ...
2023-03-20 11:15:13,028 Best Polynomial Regression Degree=2 Models {'window_length': 1}
2023-03-20 11:15:13,028 Polynomial Regression Degree=2 Model Prediction ...
2023-03-20 11:15:13,033 Polynomial Regression Degree=2 Model MAPE: 0.3615
2023-03-20 11:15:13,092 Creating Polynomial Regression Degree=3 Model Forecasting Insample LPG C4 PT Badak ...
2023-03-20 11:15:13,092 Creating Polynomial Regression Orde 3 Model ...
2023-03-20 11:15:13,285 Show Best Polynomial Regression Degree=3 Models ...
2023-03-20 11:15:13,286 Best Polynomial Regression Degree=3 Models {'window_length': 0.8}
2023-03-20 11:15:13,286 Polynomial Regression Degree=3 Model Prediction ...
2023-03-20 11:15:13,411 Polynomial Regression Degree=3 Model MAPE: 0.2460
2023-03-20 11:15:13,470 Creating all model mape result data frame ...
2023-03-20 11:15:13,470 Creating all model params result data frame ...
2023-03-20 11:15:13,471 Updating MAPE result to database ...
2023-03-20 11:15:13,479 Updated rows: 1
2023-03-20 11:15:13,479 Updating Model Parameter result to database ...
2023-03-20 11:15:13,489 Updated rows: 1
2023-03-20 11:15:13,489 

2023-03-20 11:15:13,490 Total execution time : 5 hours, 5 minutes and 56.48 seconds
