2023-01-19 06:00:03,823 Forecasting Feed Gas BP Tangguh ...
2023-01-19 06:00:03,823 Connecting to database ...
2023-01-19 06:00:03,912 Cleaning data ...
2023-01-19 06:00:04,584 Creating ARIMAX Model ...
2023-01-19 06:00:05,517 ARIMAX Model Summary
2023-01-19 06:00:05,519                                SARIMAX Results                                
==============================================================================
Dep. Variable:                      y   No. Observations:                 1055
Model:               SARIMAX(1, 0, 3)   Log Likelihood               -5511.699
Date:                Thu, 19 Jan 2023   AIC                          11043.397
Time:                        06:00:05   BIC                          11093.010
Sample:                    01-01-2020   HQIC                         11062.204
                         - 11-20-2022                                         
Covariance Type:                  opg                                         
====================================================================================
                       coef    std err          z      P>|z|      [0.025      0.975]
------------------------------------------------------------------------------------
intercept            1.9717      4.058      0.486      0.627      -5.982       9.926
planned_shutdown  -345.4681      6.398    -53.996      0.000    -358.008    -332.928
wpnb_gas             0.0044      0.079      0.056      0.955      -0.151       0.159
month               -0.0269      4.202     -0.006      0.995      -8.262       8.209
day                 -0.1757      0.293     -0.600      0.549      -0.750       0.398
ar.L1                0.9982      0.004    255.853      0.000       0.991       1.006
ma.L1               -0.4668      0.016    -29.071      0.000      -0.498      -0.435
ma.L2               -0.1694      0.016    -10.303      0.000      -0.202      -0.137
ma.L3               -0.0678      0.023     -2.897      0.004      -0.114      -0.022
sigma2            2027.4847     23.598     85.918      0.000    1981.234    2073.736
===================================================================================
Ljung-Box (L1) (Q):                   0.00   Jarque-Bera (JB):             62932.50
Prob(Q):                              1.00   Prob(JB):                         0.00
Heteroskedasticity (H):               1.98   Skew:                            -0.94
Prob(H) (two-sided):                  0.00   Kurtosis:                        40.79
===================================================================================

Warnings:
[1] Covariance matrix calculated using the outer product of gradients (complex-step).
2023-01-19 06:00:05,526 ARIMAX Model Prediction ..
2023-01-19 06:00:05,571 Creating SARIMAX Model ...
2023-01-19 06:00:28,889 SARIMAX Model Summary
2023-01-19 06:00:28,892                                      SARIMAX Results                                      
==========================================================================================
Dep. Variable:                                  y   No. Observations:                 1055
Model:             SARIMAX(5, 0, 0)x(2, 1, 0, 12)   Log Likelihood               -5566.759
Date:                            Thu, 19 Jan 2023   AIC                          11159.518
Time:                                    06:00:28   BIC                          11223.866
Sample:                                01-01-2020   HQIC                         11183.925
                                     - 11-20-2022                                         
Covariance Type:                              opg                                         
====================================================================================
                       coef    std err          z      P>|z|      [0.025      0.975]
------------------------------------------------------------------------------------
intercept            1.0310      1.667      0.618      0.536      -2.237       4.299
planned_shutdown  -512.3771      6.040    -84.830      0.000    -524.215    -500.539
wpnb_gas            -0.0161      0.029     -0.562      0.574      -0.072       0.040
month                0.9766      1.796      0.544      0.587      -2.543       4.496
day                 -0.2129      0.226     -0.941      0.347      -0.657       0.231
ar.L1                0.3547      0.016     21.733      0.000       0.323       0.387
ar.L2                0.0485      0.028      1.761      0.078      -0.005       0.102
ar.L3                0.0243      0.027      0.893      0.372      -0.029       0.078
ar.L4                0.0191      0.034      0.567      0.571      -0.047       0.085
ar.L5                0.0776      0.036      2.145      0.032       0.007       0.149
ar.S.L12            -0.6861      0.016    -41.690      0.000      -0.718      -0.654
ar.S.L24            -0.3268      0.018    -18.578      0.000      -0.361      -0.292
sigma2            2492.5193     32.851     75.875      0.000    2428.133    2556.905
===================================================================================
Ljung-Box (L1) (Q):                   0.12   Jarque-Bera (JB):             36636.43
Prob(Q):                              0.73   Prob(JB):                         0.00
Heteroskedasticity (H):               1.75   Skew:                            -1.23
Prob(H) (two-sided):                  0.00   Kurtosis:                        31.93
===================================================================================

Warnings:
[1] Covariance matrix calculated using the outer product of gradients (complex-step).
2023-01-19 06:00:28,900 SARIMAX Model Prediction ..
2023-01-19 06:00:28,950 Creating Prophet Model ....
2023-01-19 06:00:29,188 Prophet Model Prediction ...
2023-01-19 06:00:29,407 Creating Random Forest Model ...
2023-01-19 06:00:35,833 Random Forest Model Prediction ...
2023-01-19 06:00:37,316 Creating XGBoost Model ....
2023-01-19 06:00:37,424 XGBoost Model Prediction ...
2023-01-19 06:00:37,565 Creating Linear Regression Model ...
2023-01-19 06:00:37,570 Linear Regression Model Prediction ...
2023-01-19 06:00:37,611 Creating Polynomial Regression Orde 2 Model ...
2023-01-19 06:00:37,639 Polynomial Regression Orde 2 Model Prediction ...
2023-01-19 06:00:37,685 Creating Polynomial Regression Orde 3 Model ...
2023-01-19 06:00:37,714 Polynomial Regression Orde 3 Model Prediction ...
2023-01-19 06:00:37,749 Creating all model prediction result data frame ...
2023-01-19 06:00:37,776 Updating forecast result to database ...
2023-01-19 06:00:47,972 Updated rows: 161
2023-01-19 06:00:47,972 Done
2023-01-19 06:00:47,980 Forecasting Feed Gas BP Tangguh : 6 minutes and 31.41 seconds
2023-01-19 06:00:47,981 

2023-01-19 06:00:47,981 Forecasting Feed Gas PT Badak ...
2023-01-19 06:00:47,981 Connecting to database ...
2023-01-19 06:00:48,987 1. ADF : -1.0051220078341785
2023-01-19 06:00:48,987 2. P-Value : 0.7513915851932109
2023-01-19 06:00:48,987 3. Num Of Lags : 26
2023-01-19 06:00:48,987 4. Num Of Observations Used For ADF Regression: 3574
2023-01-19 06:00:48,987 5. Critical Values : 
2023-01-19 06:00:48,987 	 1%: -3.432181002494954
2023-01-19 06:00:48,987 	 5%: -2.8623490340799274
2023-01-19 06:00:48,987 	 10%: -2.5672006619905186
2023-01-19 06:00:49,042 Creating ARIMAX Model ...
2023-01-19 06:00:52,276 ARIMAX Model Summary
2023-01-19 06:00:52,280                                SARIMAX Results                                
==============================================================================
Dep. Variable:                      y   No. Observations:                 3601
Model:               SARIMAX(3, 1, 2)   Log Likelihood                3546.239
Date:                Thu, 19 Jan 2023   AIC                          -7074.477
Time:                        06:00:52   BIC                          -7018.779
Sample:                    01-01-2013   HQIC                         -7054.628
                         - 11-10-2022                                         
Covariance Type:                  opg                                         
==============================================================================
                 coef    std err          z      P>|z|      [0.025      0.975]
------------------------------------------------------------------------------
intercept     -0.0065      0.002     -2.895      0.004      -0.011      -0.002
month         -0.0003      0.001     -0.478      0.633      -0.002       0.001
day         6.245e-06   7.72e-05      0.081      0.936      -0.000       0.000
ar.L1          2.5568      0.013    202.781      0.000       2.532       2.582
ar.L2         -2.2289      0.025    -89.876      0.000      -2.278      -2.180
ar.L3          0.6649      0.013     52.658      0.000       0.640       0.690
ma.L1          0.1404      0.012     11.795      0.000       0.117       0.164
ma.L2          0.3890      0.009     43.583      0.000       0.371       0.406
sigma2         0.0078   5.98e-05    130.323      0.000       0.008       0.008
===================================================================================
Ljung-Box (L1) (Q):                   4.53   Jarque-Bera (JB):            164979.91
Prob(Q):                              0.03   Prob(JB):                         0.00
Heteroskedasticity (H):               0.98   Skew:                            -0.77
Prob(H) (two-sided):                  0.68   Kurtosis:                        36.13
===================================================================================

Warnings:
[1] Covariance matrix calculated using the outer product of gradients (complex-step).
2023-01-19 06:00:52,286 ARIMAX Model Prediction ..
2023-01-19 06:00:52,331 Creating SARIMAX Model ...
2023-01-19 06:01:58,675 SARIMAX Model Summary
2023-01-19 06:01:58,679                                      SARIMAX Results                                      
==========================================================================================
Dep. Variable:                                  y   No. Observations:                 3601
Model:             SARIMAX(2, 1, 2)x(1, 1, 2, 12)   Log Likelihood                2973.573
Date:                            Thu, 19 Jan 2023   AIC                          -5925.145
Time:                                    06:01:58   BIC                          -5857.106
Sample:                                01-01-2013   HQIC                         -5900.893
                                     - 11-10-2022                                         
Covariance Type:                              opg                                         
==============================================================================
                 coef    std err          z      P>|z|      [0.025      0.975]
------------------------------------------------------------------------------
intercept  -3.118e-05      0.000     -0.105      0.916      -0.001       0.001
month          0.0005      0.001      0.762      0.446      -0.001       0.002
day         9.907e-05   7.64e-05      1.296      0.195   -5.07e-05       0.000
ar.L1          1.8945      0.004    425.488      0.000       1.886       1.903
ar.L2         -0.9243      0.004   -206.318      0.000      -0.933      -0.916
ma.L1          0.6598      0.007     90.857      0.000       0.646       0.674
ma.L2          0.6493      0.007     89.698      0.000       0.635       0.664
ar.S.L12      -0.6603      0.033    -20.179      0.000      -0.724      -0.596
ma.S.L12      -0.1684      0.029     -5.778      0.000      -0.226      -0.111
ma.S.L24      -0.7718      0.026    -29.736      0.000      -0.823      -0.721
sigma2         0.0111      0.000     83.132      0.000       0.011       0.011
===================================================================================
Ljung-Box (L1) (Q):                 190.67   Jarque-Bera (JB):              9093.35
Prob(Q):                              0.00   Prob(JB):                         0.00
Heteroskedasticity (H):               0.75   Skew:                            -0.14
Prob(H) (two-sided):                  0.00   Kurtosis:                        10.79
===================================================================================

Warnings:
[1] Covariance matrix calculated using the outer product of gradients (complex-step).
2023-01-19 06:01:58,687 SARIMAX Model Prediction ..
2023-01-19 06:01:58,735 Creating Prophet Model ....
2023-01-19 06:01:59,308 Prophet Model Prediction ...
2023-01-19 06:01:59,525 Creating Random Forest Model ...
2023-01-19 06:02:02,823 Random Forest Model Prediction
2023-01-19 06:02:04,033 Creating XGBoost Model ...
2023-01-19 06:02:04,187 XGBoost Model Prediction ...
2023-01-19 06:02:04,344 Creating Linear Regression Model ...
2023-01-19 06:02:04,356 Linear Regression Model Prediction ...
2023-01-19 06:02:04,398 Creating Polynomial Regression Orde 2 Model ...
2023-01-19 06:02:04,439 Polynomial Regression Orde 2 Model Prediction ...
2023-01-19 06:02:04,480 Creating Polynomial Regression Orde 3 Model ...
2023-01-19 06:02:05,470 Polynomial Regression Orde 3 Model Prediction ...
2023-01-19 06:02:05,511 Creating all model prediction result data frame ...
2023-01-19 06:02:05,534 Updating forecast result to database ...
2023-01-19 06:02:16,568 Updated rows: 171
2023-01-19 06:02:16,568 Done
2023-01-19 06:02:16,587 Forecasting Feed Gas PT Badak : 16 minutes and 11.28 seconds
2023-01-19 06:02:16,588 

2023-01-19 06:02:16,588 Forecasting LNG Production BP Tangguh ...
2023-01-19 06:02:16,588 Connecting to database ...
2023-01-19 06:02:16,672 Cleaning data ...
2023-01-19 06:02:17,135 1. ADF : -7.101364919135545
2023-01-19 06:02:17,135 2. P-Value : 4.1598440521924854e-10
2023-01-19 06:02:17,135 3. Num Of Lags : 3
2023-01-19 06:02:17,135 4. Num Of Observations Used For ADF Regression: 2445
2023-01-19 06:02:17,135 5. Critical Values : 
2023-01-19 06:02:17,135 	 1%: -3.4330273737125445
2023-01-19 06:02:17,135 	 5%: -2.8627228377894505
2023-01-19 06:02:17,135 	 10%: -2.567399672341618
2023-01-19 06:02:17,194 Creating ARIMAX Model ...
2023-01-19 06:02:17,483 ARIMAX Model Summary
2023-01-19 06:02:17,486                                SARIMAX Results                                
==============================================================================
Dep. Variable:                      y   No. Observations:                 2449
Model:               SARIMAX(0, 1, 3)   Log Likelihood              -22193.999
Date:                Thu, 19 Jan 2023   AIC                          44403.997
Time:                        06:02:17   BIC                          44450.421
Sample:                    01-01-2016   HQIC                         44420.869
                         - 09-14-2022                                         
Covariance Type:                  opg                                         
====================================================================================
                       coef    std err          z      P>|z|      [0.025      0.975]
------------------------------------------------------------------------------------
intercept            2.8527     24.589      0.116      0.908     -45.340      51.045
planned_shutdown -1.207e+04    202.155    -59.726      0.000   -1.25e+04   -1.17e+04
month              -66.2961     99.572     -0.666      0.506    -261.453     128.861
day                -18.5902      7.829     -2.374      0.018     -33.936      -3.245
ma.L1               -0.2214      0.009    -25.432      0.000      -0.238      -0.204
ma.L2               -0.1860      0.008    -23.763      0.000      -0.201      -0.171
ma.L3               -0.0587      0.011     -5.232      0.000      -0.081      -0.037
sigma2            4.355e+06   3.31e+04    131.454      0.000    4.29e+06    4.42e+06
===================================================================================
Ljung-Box (L1) (Q):                   0.45   Jarque-Bera (JB):            118966.61
Prob(Q):                              0.50   Prob(JB):                         0.00
Heteroskedasticity (H):               0.71   Skew:                            -1.21
Prob(H) (two-sided):                  0.00   Kurtosis:                        37.07
===================================================================================

Warnings:
[1] Covariance matrix calculated using the outer product of gradients (complex-step).
2023-01-19 06:02:17,492 ARIMAX Model Prediction ..
2023-01-19 06:02:17,543 Creating ARIMAX Model ...
2023-01-19 06:02:27,788 SARIMAX Model Summary
2023-01-19 06:02:27,792                                      SARIMAX Results                                      
==========================================================================================
Dep. Variable:                                  y   No. Observations:                 2449
Model:             SARIMAX(5, 0, 0)x(2, 1, 0, 12)   Log Likelihood              -22550.179
Date:                            Thu, 19 Jan 2023   AIC                          45124.357
Time:                                    06:02:27   BIC                          45193.939
Sample:                                01-01-2016   HQIC                         45149.651
                                     - 09-14-2022                                         
Covariance Type:                              opg                                         
====================================================================================
                       coef    std err          z      P>|z|      [0.025      0.975]
------------------------------------------------------------------------------------
intercept            2.6138     70.219      0.037      0.970    -135.012     140.240
planned_shutdown  -2.39e+04    205.100   -116.535      0.000   -2.43e+04   -2.35e+04
month              -29.9192    109.727     -0.273      0.785    -244.980     185.141
day                -16.3849     10.290     -1.592      0.111     -36.553       3.784
ar.L1                0.5334      0.013     42.598      0.000       0.509       0.558
ar.L2                0.0098      0.019      0.525      0.600      -0.027       0.047
ar.L3                0.0732      0.022      3.288      0.001       0.030       0.117
ar.L4                0.0702      0.026      2.677      0.007       0.019       0.122
ar.L5                0.0688      0.021      3.199      0.001       0.027       0.111
ar.S.L12            -0.6032      0.011    -54.689      0.000      -0.625      -0.582
ar.S.L24            -0.2389      0.011    -21.044      0.000      -0.261      -0.217
sigma2            8.232e+06      0.184   4.47e+07      0.000    8.23e+06    8.23e+06
===================================================================================
Ljung-Box (L1) (Q):                   0.92   Jarque-Bera (JB):             42605.10
Prob(Q):                              0.34   Prob(JB):                         0.00
Heteroskedasticity (H):               0.62   Skew:                            -1.09
Prob(H) (two-sided):                  0.00   Kurtosis:                        23.37
===================================================================================

Warnings:
[1] Covariance matrix calculated using the outer product of gradients (complex-step).
[2] Covariance matrix is singular or near-singular, with condition number 1.41e+23. Standard errors may be unstable.
2023-01-19 06:02:27,799 SARIMAX Model Prediction ..
2023-01-19 06:02:27,852 string indices must be integers
2023-01-19 06:02:27,860 Forecasting LNG Production BP Tangguh : 2 minutes and 47.42 seconds
2023-01-19 06:02:27,860 

2023-01-19 06:02:27,860 Forecasting LNG Production PT Badak ...
2023-01-19 06:02:27,860 Connecting to database ...
2023-01-19 06:02:28,162 1. ADF : -1.3585867703753223
2023-01-19 06:02:28,162 2. P-Value : 0.601961359126414
2023-01-19 06:02:28,162 3. Num Of Lags : 29
2023-01-19 06:02:28,162 4. Num Of Observations Used For ADF Regression: 3571
2023-01-19 06:02:28,162 5. Critical Values : 
2023-01-19 06:02:28,162 	 1%: -3.432182541829493
2023-01-19 06:02:28,162 	 5%: -2.8623497140302914
2023-01-19 06:02:28,162 	 10%: -2.5672010239749072
2023-01-19 06:02:28,230 Creating ARIMAX Model ...
2023-01-19 06:02:31,875 ARIMAX Model Summary
2023-01-19 06:02:31,879                                SARIMAX Results                                
==============================================================================
Dep. Variable:                      y   No. Observations:                 3601
Model:               SARIMAX(1, 1, 2)   Log Likelihood              -30019.730
Date:                Thu, 19 Jan 2023   AIC                          60055.459
Time:                        06:02:31   BIC                          60104.969
Sample:                    01-01-2013   HQIC                         60073.103
                         - 11-10-2022                                         
Covariance Type:                  opg                                         
==============================================================================
                 coef    std err          z      P>|z|      [0.025      0.975]
------------------------------------------------------------------------------
intercept      0.2029      0.138      1.470      0.142      -0.068       0.474
fg_exog       40.6251      0.186    218.864      0.000      40.261      40.989
month         12.2114     14.685      0.832      0.406     -16.570      40.993
day            1.1951      2.495      0.479      0.632      -3.696       6.086
ar.L1          0.7969      0.020     38.934      0.000       0.757       0.837
ma.L1         -1.5399      0.026    -59.053      0.000      -1.591      -1.489
ma.L2          0.5471      0.025     21.877      0.000       0.498       0.596
sigma2      1.091e+06    1.3e+04     83.862      0.000    1.07e+06    1.12e+06
===================================================================================
Ljung-Box (L1) (Q):                   0.99   Jarque-Bera (JB):             10470.86
Prob(Q):                              0.32   Prob(JB):                         0.00
Heteroskedasticity (H):               0.93   Skew:                            -0.64
Prob(H) (two-sided):                  0.20   Kurtosis:                        11.26
===================================================================================

Warnings:
[1] Covariance matrix calculated using the outer product of gradients (complex-step).
2023-01-19 06:02:31,885 ARIMAX Model Prediction ..
2023-01-19 06:02:31,932 Creating SARIMAX Model ...
2023-01-19 06:02:36,178 SARIMAX Model Summary
2023-01-19 06:02:36,182                                SARIMAX Results                                
==============================================================================
Dep. Variable:                      y   No. Observations:                 3601
Model:               SARIMAX(1, 1, 2)   Log Likelihood              -30019.730
Date:                Thu, 19 Jan 2023   AIC                          60055.459
Time:                        06:02:36   BIC                          60104.969
Sample:                    01-01-2013   HQIC                         60073.103
                         - 11-10-2022                                         
Covariance Type:                  opg                                         
==============================================================================
                 coef    std err          z      P>|z|      [0.025      0.975]
------------------------------------------------------------------------------
intercept      0.2029      0.138      1.470      0.142      -0.068       0.474
fg_exog       40.6251      0.186    218.864      0.000      40.261      40.989
month         12.2114     14.685      0.832      0.406     -16.570      40.993
day            1.1951      2.495      0.479      0.632      -3.696       6.086
ar.L1          0.7969      0.020     38.934      0.000       0.757       0.837
ma.L1         -1.5399      0.026    -59.053      0.000      -1.591      -1.489
ma.L2          0.5471      0.025     21.877      0.000       0.498       0.596
sigma2      1.091e+06    1.3e+04     83.862      0.000    1.07e+06    1.12e+06
===================================================================================
Ljung-Box (L1) (Q):                   0.99   Jarque-Bera (JB):             10470.86
Prob(Q):                              0.32   Prob(JB):                         0.00
Heteroskedasticity (H):               0.93   Skew:                            -0.64
Prob(H) (two-sided):                  0.20   Kurtosis:                        11.26
===================================================================================

Warnings:
[1] Covariance matrix calculated using the outer product of gradients (complex-step).
2023-01-19 06:02:36,188 SARIMAX Model Prediction ..
2023-01-19 06:02:36,233 Creating Prophet Model ....
2023-01-19 06:02:36,433 Prophet Model Prediction ...
2023-01-19 06:02:36,726 Creating Random Forest Model ...
2023-01-19 06:02:39,046 Random Forest Model Prediction
2023-01-19 06:02:40,641 Creating XGBoost Model ...
2023-01-19 06:02:41,064 XGBoost Model Prediction ...
2023-01-19 06:02:41,225 Creating Linear Regression Model ...
2023-01-19 06:02:41,236 Linear Regression Model Prediction ...
2023-01-19 06:02:41,280 Creating Polynomial Regression Orde 2 Model ...
2023-01-19 06:02:41,349 Polynomial Regression Orde 2 Model Prediction ...
2023-01-19 06:02:41,401 Creating Polynomial Regression Orde 3 Model ...
2023-01-19 06:02:41,501 Polynomial Regression Orde 3 Model Prediction ...
2023-01-19 06:02:41,551 Creating all model prediction result data frame ...
2023-01-19 06:02:41,572 Updating forecast result to database ...
2023-01-19 06:02:53,697 Updated rows: 171
2023-01-19 06:02:53,697 Done
2023-01-19 06:02:53,699 Forecasting LNG Production PT Badak : 2 minutes and 26.31 seconds
2023-01-19 06:02:53,699 

2023-01-19 06:02:53,699 Forecasting Condensate BP Tangguh ...
2023-01-19 06:02:53,699 Connecting to database ...
2023-01-19 06:02:53,782 Cleaning data ...
2023-01-19 06:02:54,071 1. ADF : -5.2259291963531105
2023-01-19 06:02:54,071 2. P-Value : 7.781336993248257e-06
2023-01-19 06:02:54,071 3. Num Of Lags : 3
2023-01-19 06:02:54,071 4. Num Of Observations Used For ADF Regression: 983
2023-01-19 06:02:54,071 5. Critical Values : 
2023-01-19 06:02:54,071 	 1%: -3.4370198458812156
2023-01-19 06:02:54,071 	 5%: -2.864484708707697
2023-01-19 06:02:54,071 	 10%: -2.568337912084273
2023-01-19 06:02:54,140 index 0 is out of bounds for axis 0 with size 0
2023-01-19 06:02:54,140 Forecasting Condensate BP Tangguh : 1.39 seconds
2023-01-19 06:02:54,140 

2023-01-19 06:02:54,140 Forecasting Condensate PT Badak ...
2023-01-19 06:02:54,140 Connecting to database ...
2023-01-19 06:02:55,148 1. ADF : -1.1773751967714217
2023-01-19 06:02:55,148 2. P-Value : 0.6832518344337071
2023-01-19 06:02:55,148 3. Num Of Lags : 28
2023-01-19 06:02:55,148 4. Num Of Observations Used For ADF Regression: 3572
2023-01-19 06:02:55,148 5. Critical Values : 
2023-01-19 06:02:55,148 	 1%: -3.4321820284304763
2023-01-19 06:02:55,148 	 5%: -2.862349487253214
2023-01-19 06:02:55,148 	 10%: -2.5672009032458503
2023-01-19 06:02:55,213 Creating ARIMAX Model ...
2023-01-19 06:03:00,657 ARIMAX Model Summary
2023-01-19 06:03:00,662                                SARIMAX Results                                
==============================================================================
Dep. Variable:                      y   No. Observations:                 3601
Model:               SARIMAX(5, 1, 5)   Log Likelihood               -6339.560
Date:                Thu, 19 Jan 2023   AIC                          12707.121
Time:                        06:03:00   BIC                          12793.763
Sample:                    01-01-2013   HQIC                         12737.998
                         - 11-10-2022                                         
Covariance Type:                  opg                                         
==============================================================================
                 coef    std err          z      P>|z|      [0.025      0.975]
------------------------------------------------------------------------------
intercept     -0.2560      0.228     -1.124      0.261      -0.702       0.190
month         -0.0039      0.011     -0.350      0.726      -0.026       0.018
day            0.0007      0.001      0.621      0.535      -0.001       0.003
ar.L1          0.1048      0.097      1.084      0.278      -0.085       0.294
ar.L2          0.6160      0.089      6.901      0.000       0.441       0.791
ar.L3          0.2764      0.101      2.738      0.006       0.079       0.474
ar.L4         -0.2353      0.090     -2.601      0.009      -0.413      -0.058
ar.L5         -0.1368      0.068     -2.011      0.044      -0.270      -0.003
ma.L1          2.3672      0.097     24.502      0.000       2.178       2.557
ma.L2          2.8314      0.199     14.198      0.000       2.441       3.222
ma.L3          2.0735      0.213      9.734      0.000       1.656       2.491
ma.L4          0.9847      0.116      8.472      0.000       0.757       1.212
ma.L5          0.2575      0.034      7.665      0.000       0.192       0.323
sigma2         1.9990      0.031     64.960      0.000       1.939       2.059
===================================================================================
Ljung-Box (L1) (Q):                   0.13   Jarque-Bera (JB):              1728.31
Prob(Q):                              0.72   Prob(JB):                         0.00
Heteroskedasticity (H):               0.38   Skew:                            -0.10
Prob(H) (two-sided):                  0.00   Kurtosis:                         6.39
===================================================================================

Warnings:
[1] Covariance matrix calculated using the outer product of gradients (complex-step).
2023-01-19 06:03:00,670 ARIMAX Model Prediction ..
2023-01-19 06:03:00,718 Creating SARIMAX Model ...
2023-01-19 06:03:55,169 SARIMAX Model Summary
2023-01-19 06:03:55,172                                       SARIMAX Results                                       
============================================================================================
Dep. Variable:                                    y   No. Observations:                 3601
Model:             SARIMAX(4, 1, 5)x(2, 0, [1], 12)   Log Likelihood               -6178.168
Date:                              Thu, 19 Jan 2023   AIC                          12388.335
Time:                                      06:03:55   BIC                          12487.354
Sample:                                  01-01-2013   HQIC                         12423.623
                                       - 11-10-2022                                         
Covariance Type:                                opg                                         
==============================================================================
                 coef    std err          z      P>|z|      [0.025      0.975]
------------------------------------------------------------------------------
intercept     -0.0209      0.017     -1.212      0.225      -0.055       0.013
month       3.153e-05      0.012      0.003      0.998      -0.023       0.023
day            0.0003      0.001      0.277      0.782      -0.002       0.002
ar.L1          3.2041      0.016    202.645      0.000       3.173       3.235
ar.L2         -4.1870      0.042    -98.897      0.000      -4.270      -4.104
ar.L3          2.6184      0.042     62.622      0.000       2.536       2.700
ar.L4         -0.6690      0.015    -44.098      0.000      -0.699      -0.639
ma.L1         -0.8433      0.019    -44.682      0.000      -0.880      -0.806
ma.L2          0.0047      0.019      0.254      0.800      -0.032       0.041
ma.L3          0.1553      0.020      7.626      0.000       0.115       0.195
ma.L4          0.2233      0.019     11.608      0.000       0.186       0.261
ma.L5          0.1506      0.018      8.388      0.000       0.115       0.186
ar.S.L12      -0.0810      0.276     -0.293      0.770      -0.623       0.461
ar.S.L24      -0.0525      0.015     -3.485      0.000      -0.082      -0.023
ma.S.L12       0.0617      0.277      0.223      0.824      -0.481       0.605
sigma2         1.7964      0.026     69.222      0.000       1.746       1.847
===================================================================================
Ljung-Box (L1) (Q):                   0.05   Jarque-Bera (JB):              2052.65
Prob(Q):                              0.81   Prob(JB):                         0.00
Heteroskedasticity (H):               0.36   Skew:                            -0.21
Prob(H) (two-sided):                  0.00   Kurtosis:                         6.67
===================================================================================

Warnings:
[1] Covariance matrix calculated using the outer product of gradients (complex-step).
2023-01-19 06:03:55,179 SARIMAX Model Prediction ..
2023-01-19 06:03:55,221 Creating Prophet Model ....
2023-01-19 06:03:57,861 Prophet Model Prediction ...
2023-01-19 06:03:58,153 Creating Random Forest Model ...
2023-01-19 06:03:59,635 Random Forest Model Prediction
2023-01-19 06:04:00,864 Creating XGBoost Model ...
2023-01-19 06:04:00,865 XGBoost Model Prediction ...
2023-01-19 06:04:01,156 Creating Linear Regression Model ...
2023-01-19 06:04:01,174 Linear Regression Model Prediction ...
2023-01-19 06:04:01,234 Creating Polynomial Regression Orde 2 Model ...
2023-01-19 06:04:02,519 Polynomial Regression Orde 2 Model Prediction ...
2023-01-19 06:04:02,686 Creating Polynomial Regression Orde 3 Model ...
2023-01-19 06:04:06,645 Polynomial Regression Orde 3 Model Prediction ...
2023-01-19 06:04:06,794 Creating all model prediction result data frame ...
2023-01-19 06:04:06,811 Updating forecast result to database ...
2023-01-19 06:04:18,735 Updated rows: 171
2023-01-19 06:04:18,735 Done
2023-01-19 06:04:18,737 Forecasting Condensate PT Badak : 15 minutes and 14.93 seconds
2023-01-19 06:04:18,737 

2023-01-19 06:04:18,737 Forecasting C3 PT Badak ...
2023-01-19 06:04:18,737 Connecting to database ...
2023-01-19 06:04:18,877 1. ADF : -1.703416707702902
2023-01-19 06:04:18,877 2. P-Value : 0.42935295165320564
2023-01-19 06:04:18,877 3. Num Of Lags : 12
2023-01-19 06:04:18,877 4. Num Of Observations Used For ADF Regression: 120
2023-01-19 06:04:18,877 5. Critical Values : 
2023-01-19 06:04:18,878 	 1%: -3.486055829282407
2023-01-19 06:04:18,878 	 5%: -2.8859430324074076
2023-01-19 06:04:18,878 	 10%: -2.5797850694444446
2023-01-19 06:04:18,925 Creating ARIMAX Model ...
2023-01-19 06:04:19,105 ARIMAX Model Summary
2023-01-19 06:04:19,106                                SARIMAX Results                                
==============================================================================
Dep. Variable:                      y   No. Observations:                  133
Model:               SARIMAX(3, 1, 3)   Log Likelihood                -643.840
Date:                Thu, 19 Jan 2023   AIC                           1305.679
Time:                        06:04:19   BIC                           1331.624
Sample:                    07-01-2022   HQIC                          1316.222
                         - 11-10-2022                                         
Covariance Type:                  opg                                         
==============================================================================
                 coef    std err          z      P>|z|      [0.025      0.975]
------------------------------------------------------------------------------
intercept      0.4907      0.350      1.402      0.161      -0.195       1.177
day            0.7585      0.643      1.179      0.239      -0.503       2.020
ar.L1         -0.9307      0.079    -11.711      0.000      -1.086      -0.775
ar.L2          0.4499      0.133      3.372      0.001       0.188       0.711
ar.L3          0.8060      0.076     10.623      0.000       0.657       0.955
ma.L1          0.6934      1.440      0.482      0.630      -2.129       3.515
ma.L2         -0.8260      2.436     -0.339      0.735      -5.600       3.948
ma.L3         -0.8657      1.240     -0.698      0.485      -3.296       1.564
sigma2       968.2628   1374.927      0.704      0.481   -1726.545    3663.070
===================================================================================
Ljung-Box (L1) (Q):                   1.81   Jarque-Bera (JB):                11.53
Prob(Q):                              0.18   Prob(JB):                         0.00
Heteroskedasticity (H):               0.32   Skew:                            -0.38
Prob(H) (two-sided):                  0.00   Kurtosis:                         4.23
===================================================================================

Warnings:
[1] Covariance matrix calculated using the outer product of gradients (complex-step).
2023-01-19 06:04:19,111 ARIMAX Model Prediction ..
2023-01-19 06:04:19,151 Creating SARIMAX Model ...
2023-01-19 06:04:19,686 SARIMAX Model Summary
2023-01-19 06:04:19,688                                       SARIMAX Results                                       
============================================================================================
Dep. Variable:                                    y   No. Observations:                  133
Model:             SARIMAX(3, 1, 2)x(0, 0, [1], 12)   Log Likelihood                -644.274
Date:                              Thu, 19 Jan 2023   AIC                           1306.549
Time:                                      06:04:19   BIC                           1332.494
Sample:                                  07-01-2022   HQIC                          1317.092
                                       - 11-10-2022                                         
Covariance Type:                                opg                                         
==============================================================================
                 coef    std err          z      P>|z|      [0.025      0.975]
------------------------------------------------------------------------------
intercept      1.3167      5.433      0.242      0.809      -9.332      11.965
day            1.0204      0.685      1.489      0.137      -0.323       2.364
ar.L1         -0.8246      0.671     -1.229      0.219      -2.140       0.490
ar.L2          0.0391      0.807      0.049      0.961      -1.542       1.620
ar.L3          0.2822      0.297      0.950      0.342      -0.300       0.864
ma.L1          0.5069      0.698      0.726      0.468      -0.861       1.875
ma.L2         -0.1617      0.601     -0.269      0.788      -1.340       1.017
ma.S.L12       0.4270      0.095      4.484      0.000       0.240       0.614
sigma2       992.6863    103.799      9.563      0.000     789.243    1196.130
===================================================================================
Ljung-Box (L1) (Q):                   0.00   Jarque-Bera (JB):                55.78
Prob(Q):                              0.96   Prob(JB):                         0.00
Heteroskedasticity (H):               0.29   Skew:                            -0.15
Prob(H) (two-sided):                  0.00   Kurtosis:                         6.17
===================================================================================

Warnings:
[1] Covariance matrix calculated using the outer product of gradients (complex-step).
2023-01-19 06:04:19,694 SARIMAX Model Prediction ..
2023-01-19 06:04:19,737 Creating Prophet Model ....
2023-01-19 06:04:19,788 Optimization terminated abnormally. Falling back to Newton.
2023-01-19 06:04:35,229 Prophet Model Prediction ...
2023-01-19 06:04:35,456 Creating Random Forest Model ...
2023-01-19 06:04:35,531 Random Forest Model Prediction
2023-01-19 06:04:36,341 Creating XGBoost Model ...
2023-01-19 06:04:36,386 XGBoost Model Prediction ...
2023-01-19 06:04:36,531 Creating Linear Regression Model ...
2023-01-19 06:04:36,535 Linear Regression Model Prediction ...
2023-01-19 06:04:36,570 Creating Polynomial Regression Orde 2 Model ...
2023-01-19 06:04:36,577 Polynomial Regression Orde 2 Model Prediction ...
2023-01-19 06:04:36,610 Creating Polynomial Regression Orde 3 Model ...
2023-01-19 06:04:36,615 Polynomial Regression Orde 3 Model Prediction ...
2023-01-19 06:04:36,626 Creating all model prediction result data frame ...
2023-01-19 06:04:36,642 Updating forecast result to database ...
2023-01-19 06:04:47,140 Updated rows: 171
2023-01-19 06:04:47,141 Done
2023-01-19 06:04:47,142 Forecasting C3 PT Badak : 13.9 seconds
2023-01-19 06:04:47,142 

2023-01-19 06:04:47,142 Connecting to database ...
2023-01-19 06:04:47,282 1. ADF : -2.1499680963724295
2023-01-19 06:04:47,282 2. P-Value : 0.22490230306169667
2023-01-19 06:04:47,282 3. Num Of Lags : 5
2023-01-19 06:04:47,282 4. Num Of Observations Used For ADF Regression: 127
2023-01-19 06:04:47,282 5. Critical Values : 
2023-01-19 06:04:47,282 	 1%: -3.482920063655088
2023-01-19 06:04:47,282 	 5%: -2.884580323367261
2023-01-19 06:04:47,282 	 10%: -2.5790575441750883
2023-01-19 06:04:47,330 Creating ARIMAX Model ...
2023-01-19 06:04:47,411 ARIMAX Model Summary
2023-01-19 06:04:47,413                                SARIMAX Results                                
==============================================================================
Dep. Variable:                      y   No. Observations:                  133
Model:               SARIMAX(0, 1, 2)   Log Likelihood                -746.434
Date:                Thu, 19 Jan 2023   AIC                           1502.868
Time:                        06:04:47   BIC                           1517.282
Sample:                    07-01-2022   HQIC                          1508.725
                         - 11-10-2022                                         
Covariance Type:                  opg                                         
==============================================================================
                 coef    std err          z      P>|z|      [0.025      0.975]
------------------------------------------------------------------------------
intercept      1.4181      1.835      0.773      0.440      -2.178       5.014
day           -0.9906      1.425     -0.695      0.487      -3.783       1.801
ma.L1         -0.5017      0.054     -9.375      0.000      -0.607      -0.397
ma.L2         -0.2535      0.074     -3.421      0.001      -0.399      -0.108
sigma2      4751.0411    418.967     11.340      0.000    3929.881    5572.201
===================================================================================
Ljung-Box (L1) (Q):                   0.03   Jarque-Bera (JB):               183.65
Prob(Q):                              0.87   Prob(JB):                         0.00
Heteroskedasticity (H):               0.11   Skew:                            -1.25
Prob(H) (two-sided):                  0.00   Kurtosis:                         8.21
===================================================================================

Warnings:
[1] Covariance matrix calculated using the outer product of gradients (complex-step).
2023-01-19 06:04:47,416 ARIMAX Model Prediction ..
2023-01-19 06:04:52,386 Updating forecast result to database ...
2023-01-19 06:05:02,966 Updated rows: 171
2023-01-19 06:05:02,967 Forecasting C4 PT Badak : 45.3 seconds
2023-01-19 06:05:02,967 

2023-01-19 06:05:02,967 Total execution time : 44 minutes and 11.94 seconds
