2023-05-17 15:26:17,848 Connecting to database ...
2023-05-17 15:26:18,021 1. ADF : -1.1639275351059495
2023-05-17 15:26:18,021 2. P-Value : 0.6889175933723927
2023-05-17 15:26:18,021 3. Num Of Lags : 2
2023-05-17 15:26:18,021 4. Num Of Observations Used For ADF Regression: 8
2023-05-17 15:26:18,021 5. Critical Values : 
2023-05-17 15:26:18,021 	 1%: -4.6651863281249994
2023-05-17 15:26:18,021 	 5%: -3.3671868750000002
2023-05-17 15:26:18,021 	 10%: -2.802960625
2023-05-17 15:26:18,351 Creating ARIMAX Model ...
2023-05-17 15:26:18,413 ARIMAX Model Summary
2023-05-17 15:26:18,415                                SARIMAX Results                                
==============================================================================
Dep. Variable:                      y   No. Observations:                    9
Model:               SARIMAX(0, 1, 0)   Log Likelihood                   4.319
Date:                Wed, 17 May 2023   AIC                              5.362
Time:                        15:26:18   BIC                              5.918
Sample:                    12-31-2013   HQIC                             1.612
                         - 12-31-2021                                         
Covariance Type:                  opg                                         
===================================================================================
                      coef    std err          z      P>|z|      [0.025      0.975]
-----------------------------------------------------------------------------------
intercept          -0.0436      0.132     -0.330      0.742      -0.303       0.216
survey_seismic     -0.0084      0.011     -0.753      0.452      -0.030       0.014
bor_eksplorasi      0.0016      0.014      0.115      0.908      -0.026       0.029
bor_eksploitasi     0.0003      0.002      0.117      0.907      -0.004       0.005
workover            0.0001      0.002      0.043      0.966      -0.005       0.005
wellservice      9.008e-06   6.74e-05      0.134      0.894      -0.000       0.000
sigma2              0.0199      0.015      1.284      0.199      -0.010       0.050
===================================================================================
Ljung-Box (L1) (Q):                   3.23   Jarque-Bera (JB):                 0.20
Prob(Q):                              0.07   Prob(JB):                         0.90
Heteroskedasticity (H):               5.94   Skew:                            -0.39
Prob(H) (two-sided):                  0.18   Kurtosis:                         2.97
===================================================================================

Warnings:
[1] Covariance matrix calculated using the outer product of gradients (complex-step).
2023-05-17 15:26:18,418 ARIMAX Model Prediction ..
2023-05-17 15:26:18,423 ARIMAX Model MAPE: 0.0902
2023-05-17 15:26:18,423 Arimax Model Parameters (0, 1, 0)
2023-05-17 15:26:18,424 Creating XGBoost Model ....
2023-05-17 15:26:18,473 XGBoost Model Prediction ...
2023-05-17 15:26:18,481 XGBoost Model MAPE: 0.4141
2023-05-17 15:26:18,481 XGBoost Model Parameters {'window_length': 6}
2023-05-17 15:26:18,482 Creating Random Forest Model ...
2023-05-17 15:26:18,549 Random Forest Model Prediction ...
2023-05-17 15:26:18,563 Random Forest Model MAPE: 0.4172
2023-05-17 15:26:18,563 Random Forest Model Parameters {'estimator__n_estimators': 100, 'window_length': 8}
2023-05-17 15:26:18,563 Creating Linear Regression Model ...
2023-05-17 15:26:18,568 Linear Regression Model Prediction ...
2023-05-17 15:26:18,572 Linear Regression Model MAPE: 0.8015
2023-05-17 15:26:18,572 Linear Regression Model Parameters {'window_length': 4}
2023-05-17 15:26:18,572 Creating Polynomial Regression Orde 2 Model ...
2023-05-17 15:26:18,580 Polynomial Regression Orde 2 Model Prediction ...
2023-05-17 15:26:18,585 Polynomial Regression Orde 2 Model MAPE: 0.6144
2023-05-17 15:26:18,586 Polynomial Regression Orde 2 Model Parameters {'window_length': 3}
2023-05-17 15:26:18,586 Creating Polynomial Regression Orde 3 Model ...
2023-05-17 15:26:18,593 Polynomial Regression Orde 3 Model Prediction ...
2023-05-17 15:26:18,598 Polynomial Regression Orde 3 Model MAPE: 0.5295
2023-05-17 15:26:18,598 Polynomial Regression Orde 3 Model Parameters {'window_length': 3}
2023-05-17 15:26:18,598 Creating all model params result data frame ...
2023-05-17 15:26:18,599 Updating MAPE result to database ...
2023-05-17 15:26:18,604 Updated rows: 1
2023-05-17 15:26:18,604 Updating Model Parameter result to database ...
2023-05-17 15:26:18,608 Updated rows: 1
2023-05-17 15:26:18,608 Done
