2023-06-30 15:17:48,939 Connecting to database ...
2023-06-30 15:17:49,159 1. ADF : -1.8447408956054685
2023-06-30 15:17:49,159 2. P-Value : 0.3584860243471938
2023-06-30 15:17:49,159 3. Num Of Lags : 0
2023-06-30 15:17:49,159 4. Num Of Observations Used For ADF Regression: 120
2023-06-30 15:17:49,159 5. Critical Values : 
2023-06-30 15:17:49,159 	 1%: -3.486055829282407
2023-06-30 15:17:49,159 	 5%: -2.8859430324074076
2023-06-30 15:17:49,159 	 10%: -2.5797850694444446
2023-06-30 15:17:49,163 Creating ARIMAX Model ...
2023-06-30 15:17:49,508 ARIMAX Model Summary
2023-06-30 15:17:49,510                                SARIMAX Results                                
==============================================================================
Dep. Variable:                      y   No. Observations:                  112
Model:               SARIMAX(0, 1, 0)   Log Likelihood                 141.974
Date:                Fri, 30 Jun 2023   AIC                           -267.947
Time:                        15:17:49   BIC                           -246.271
Sample:                    01-31-2013   HQIC                          -259.154
                         - 04-30-2022                                         
Covariance Type:                  opg                                         
=======================================================================================
                          coef    std err          z      P>|z|      [0.025      0.975]
---------------------------------------------------------------------------------------
intercept              -0.0062      0.011     -0.583      0.560      -0.027       0.015
drilling_explor_cum     0.0004      0.001      0.505      0.613      -0.001       0.002
drilling_explot_cum     0.0003      0.000      2.350      0.019     4.5e-05       0.000
workover_cum           -0.0001   9.32e-05     -1.178      0.239      -0.000    7.29e-05
wellservice_cum      5.061e-06   2.12e-06      2.386      0.017    9.04e-07    9.22e-06
survei_seismic_cum     -0.0033      0.002     -1.441      0.149      -0.008       0.001
bulan                  -0.0088      0.011     -0.838      0.402      -0.030       0.012
sigma2                  0.0045      0.000     15.706      0.000       0.004       0.005
===================================================================================
Ljung-Box (L1) (Q):                   0.12   Jarque-Bera (JB):               909.05
Prob(Q):                              0.73   Prob(JB):                         0.00
Heteroskedasticity (H):               3.04   Skew:                             0.88
Prob(H) (two-sided):                  0.00   Kurtosis:                        16.91
===================================================================================

Warnings:
[1] Covariance matrix calculated using the outer product of gradients (complex-step).
2023-06-30 15:17:49,514 ARIMAX Model Prediction ..
2023-06-30 15:17:49,523 ARIMAX Model MAPE: 0.1402
2023-06-30 15:17:49,523 Arimax Model Parameters (0, 1, 0)
2023-06-30 15:17:49,523 Creating XGBoost Model ....
2023-06-30 15:17:49,602 XGBoost Model Prediction ...
2023-06-30 15:17:49,615 XGBoost Model MAPE: 0.2120
2023-06-30 15:17:49,615 XGBoost Model Parameters {'window_length': 8}
2023-06-30 15:17:49,615 Creating Random Forest Model ...
2023-06-30 15:17:49,838 Random Forest Model Prediction ...
2023-06-30 15:17:49,884 Random Forest Model MAPE: 0.1799
2023-06-30 15:17:49,885 Random Forest Model Parameters {'estimator__n_estimators': 100, 'window_length': 19}
2023-06-30 15:17:49,885 Creating Linear Regression Model ...
2023-06-30 15:17:49,889 Linear Regression Model Prediction ...
2023-06-30 15:17:49,894 Linear Regression Model MAPE: 0.2407
2023-06-30 15:17:49,894 Linear Regression Model Parameters {'window_length': 1}
2023-06-30 15:17:49,894 Creating Polynomial Regression Orde 2 Model ...
2023-06-30 15:17:49,903 Polynomial Regression Orde 2 Model Prediction ...
2023-06-30 15:17:49,908 Polynomial Regression Orde 2 Model MAPE: 0.1246
2023-06-30 15:17:49,908 Polynomial Regression Orde 2 Model Parameters {'window_length': 1}
2023-06-30 15:17:49,908 Creating Polynomial Regression Orde 3 Model ...
2023-06-30 15:17:49,916 Polynomial Regression Orde 3 Model Prediction ...
2023-06-30 15:17:49,922 Polynomial Regression Orde 3 Model MAPE: 0.2663
2023-06-30 15:17:49,922 Polynomial Regression Orde 3 Model Parameters {'window_length': 1}
2023-06-30 15:17:49,922 Creating all model mape result data frame ...
2023-06-30 15:17:49,922 Creating all model params result data frame ...
2023-06-30 15:17:49,922 Updating MAPE result to database ...
2023-06-30 15:17:49,958 Updated rows: 1
2023-06-30 15:17:49,958 Updating Model Parameter result to database ...
2023-06-30 15:17:49,966 Updated rows: 1
2023-06-30 15:17:49,966 Done
