2023-05-08 15:41:46,507 Forecasting C3 PT Badak ...
2023-05-08 15:41:46,507 Connecting to database ...
2023-05-08 15:41:46,959 LPG C3 PT Badak Null Value Cleaning ...
2023-05-08 15:41:47,103 LPG C3 PT Badak Prepare Data ...
2023-05-08 15:41:47,104 Create Exogenous Features for Training ...
2023-05-08 15:41:47,106 Create Exogenous Features for Future Dates ...
2023-05-08 15:41:47,111 Create Arimax Forecasting LPG C3 PT Badak ...
2023-05-08 15:41:47,119 Creating ARIMAX Model ...
2023-05-08 15:41:47,330 ARIMAX Model Summary
2023-05-08 15:41:47,332                                SARIMAX Results                                
==============================================================================
Dep. Variable:                      y   No. Observations:                  180
Model:               SARIMAX(2, 0, 2)   Log Likelihood                -925.140
Date:                Mon, 08 May 2023   AIC                           1864.280
Time:                        15:41:47   BIC                           1886.631
Sample:                    07-01-2022   HQIC                          1873.342
                         - 12-27-2022                                         
Covariance Type:                  opg                                         
==============================================================================
                 coef    std err          z      P>|z|      [0.025      0.975]
------------------------------------------------------------------------------
intercept     19.4110     15.892      1.221      0.222     -11.737      50.559
day            0.8388      1.290      0.650      0.516      -1.690       3.368
ar.L1          0.6877      0.305      2.252      0.024       0.089       1.286
ar.L2          0.2281      0.287      0.795      0.427      -0.334       0.791
ma.L1         -0.2190      0.320     -0.684      0.494      -0.847       0.409
ma.L2          0.1302      0.175      0.744      0.457      -0.213       0.473
sigma2      1840.4997    153.893     11.960      0.000    1538.876    2142.124
===================================================================================
Ljung-Box (L1) (Q):                   0.00   Jarque-Bera (JB):                73.82
Prob(Q):                              1.00   Prob(JB):                         0.00
Heteroskedasticity (H):               1.40   Skew:                             0.24
Prob(H) (two-sided):                  0.19   Kurtosis:                         6.10
===================================================================================

Warnings:
[1] Covariance matrix calculated using the outer product of gradients (complex-step).
2023-05-08 15:41:47,336 ARIMAX Model Prediction ..
2023-05-08 15:41:47,352 Create Sarimax Forecasting LPG C3 PT Badak ...
2023-05-08 15:41:47,354 Creating SARIMAX Model ...
2023-05-08 15:41:47,863 SARIMAX Model Summary
2023-05-08 15:41:47,865                                      SARIMAX Results                                      
==========================================================================================
Dep. Variable:                                  y   No. Observations:                  180
Model:             SARIMAX(2, 0, 0)x(1, 0, 0, 12)   Log Likelihood                -921.841
Date:                            Mon, 08 May 2023   AIC                           1855.682
Time:                                    15:41:47   BIC                           1874.840
Sample:                                07-01-2022   HQIC                          1863.450
                                     - 12-27-2022                                         
Covariance Type:                              opg                                         
==============================================================================
                 coef    std err          z      P>|z|      [0.025      0.975]
------------------------------------------------------------------------------
intercept     29.9246     11.133      2.688      0.007       8.104      51.746
day            0.8342      1.130      0.738      0.460      -1.380       3.049
ar.L1          0.4611      0.043     10.640      0.000       0.376       0.546
ar.L2          0.3883      0.050      7.785      0.000       0.290       0.486
ar.S.L12       0.2018      0.084      2.400      0.016       0.037       0.367
sigma2      1627.7269    118.018     13.792      0.000    1396.416    1859.038
===================================================================================
Ljung-Box (L1) (Q):                   0.06   Jarque-Bera (JB):                65.10
Prob(Q):                              0.80   Prob(JB):                         0.00
Heteroskedasticity (H):               1.46   Skew:                             0.19
Prob(H) (two-sided):                  0.14   Kurtosis:                         5.92
===================================================================================

Warnings:
[1] Covariance matrix calculated using the outer product of gradients (complex-step).
2023-05-08 15:41:47,870 SARIMAX Model Prediction ..
2023-05-08 15:41:47,890 Create Prophet Forecasting LPG C3 PT Badak ...
2023-05-08 15:41:47,893 Creating Prophet Model ....
2023-05-08 15:41:47,937 Prophet Model Prediction ...
2023-05-08 15:41:48,197 Create Random Forest Forecasting LPG C3 PT Badak ...
2023-05-08 15:41:48,200 Creating Random Forest Model ...
2023-05-08 15:41:48,403 Random Forest Model Prediction
2023-05-08 15:41:49,548 Create XGBoost Forecasting LPG C3 PT Badak ...
2023-05-08 15:41:49,551 Creating XGBoost Model ...
2023-05-08 15:41:49,640 XGBoost Model Prediction ...
2023-05-08 15:41:49,739 Create Linear Regression Forecasting LPG C3 PT Badak ...
2023-05-08 15:41:49,741 Creating Linear Regression Model ...
2023-05-08 15:41:49,745 Linear Regression Model Prediction ...
2023-05-08 15:41:49,759 Create Polynomial Regression Degree=2 Forecasting LPG C3 PT Badak ...
2023-05-08 15:41:49,761 Creating Polynomial Regression Orde 2 Model ...
2023-05-08 15:41:49,771 Polynomial Regression Orde 2 Model Prediction ...
2023-05-08 15:41:49,975 Create Polynomial Regression Degree=3 Forecasting LPG C3 PT Badak ...
2023-05-08 15:41:49,977 Creating Polynomial Regression Orde 3 Model ...
2023-05-08 15:41:49,984 Polynomial Regression Orde 3 Model Prediction ...
2023-05-08 15:41:49,994 Creating all model prediction result data frame ...
2023-05-08 15:41:49,998 Updating forecast result to database ...
2023-05-08 15:41:50,239 Updated rows: 124
2023-05-08 15:41:50,239 Done
