2023-05-16 14:14:12,235 Connecting to database ...
2023-05-16 14:14:12,342 LPG C4 PT Badak Null Value Cleaning ...
2023-05-16 14:14:12,628 LPG C4 PT Badak Prepare Data ...
2023-05-16 14:14:12,689 Create Exogenous Features for Training ...
2023-05-16 14:14:12,691 Create Exogenous Features for Future Dates ...
2023-05-16 14:14:12,707 Create Arimax Forecasting LPG C4 PT Badak ...
2023-05-16 14:14:12,710 Creating ARIMAX Model ...
2023-05-16 14:14:12,952 ARIMAX Model Summary
2023-05-16 14:14:12,954                                SARIMAX Results                                
==============================================================================
Dep. Variable:                      y   No. Observations:                  291
Model:               SARIMAX(2, 0, 1)   Log Likelihood               -1601.546
Date:                Tue, 16 May 2023   AIC                           3217.093
Time:                        14:14:12   BIC                           3242.806
Sample:                    07-01-2022   HQIC                          3227.394
                         - 04-17-2023                                         
Covariance Type:                  opg                                         
==============================================================================
                 coef    std err          z      P>|z|      [0.025      0.975]
------------------------------------------------------------------------------
intercept      8.5019      6.650      1.278      0.201      -4.532      21.536
fg_exog        0.0869      0.173      0.503      0.615      -0.252       0.425
day           -0.4732      0.759     -0.623      0.533      -1.962       1.015
ar.L1          1.2381      0.062     19.968      0.000       1.117       1.360
ar.L2         -0.2594      0.054     -4.810      0.000      -0.365      -0.154
ma.L1         -0.8042      0.050    -16.033      0.000      -0.903      -0.706
sigma2      3501.0404    177.038     19.776      0.000    3154.053    3848.028
===================================================================================
Ljung-Box (L1) (Q):                   0.01   Jarque-Bera (JB):               557.43
Prob(Q):                              0.93   Prob(JB):                         0.00
Heteroskedasticity (H):               0.09   Skew:                            -1.16
Prob(H) (two-sided):                  0.00   Kurtosis:                         9.37
===================================================================================

Warnings:
[1] Covariance matrix calculated using the outer product of gradients (complex-step).
2023-05-16 14:14:12,958 ARIMAX Model Prediction ..
2023-05-16 14:14:12,983 Create Sarimax Forecasting LPG C4 PT Badak ...
2023-05-16 14:14:17,043 Create Prophet Forecasting LPG C4 PT Badak ...
2023-05-16 14:14:17,427 Create Random Forest Forecasting LPG C4 PT Badak ...
2023-05-16 14:14:20,273 Create XGBoost Forecasting LPG C4 PT Badak ...
2023-05-16 14:14:20,567 Create Linear Regression Forecasting LPG C4 PT Badak ...
2023-05-16 14:14:20,597 Create Polynomial Regression Degree=2 Forecasting LPG C4 PT Badak ...
2023-05-16 14:14:20,630 Create Polynomial Regression Degree=3 Forecasting LPG C4 PT Badak ...
2023-05-16 14:14:22,495 Updating forecast result to database ...
2023-05-16 14:14:23,677 Updated rows: 258
