2023-05-16 14:05:42,330 Connecting to database ...
2023-05-16 14:05:42,494 Condensate PT Badak Null Value Cleaning ...
2023-05-16 14:05:42,781 Condensate PT Badak Prepare Data ...
2023-05-16 14:05:42,783 Condensate PT Badak Data Smoothing ...
2023-05-16 14:05:43,625 Create Exogenous Features for Training ...
2023-05-16 14:05:43,634 Create Exogenous Features for Future Dates ...
2023-05-16 14:05:43,651 Create Arimax Forecasting Condensate PT Badak ...
2023-05-16 14:05:43,654 Creating ARIMAX Model ...
2023-05-16 14:05:47,930 ARIMAX Model Summary
2023-05-16 14:05:47,935                                SARIMAX Results                                
==============================================================================
Dep. Variable:                      y   No. Observations:                 3759
Model:               SARIMAX(1, 1, 2)   Log Likelihood              -24368.487
Date:                Tue, 16 May 2023   AIC                          48752.974
Time:                        14:05:47   BIC                          48802.827
Sample:                    01-01-2013   HQIC                         48770.702
                         - 04-17-2023                                         
Covariance Type:                  opg                                         
==============================================================================
                 coef    std err          z      P>|z|      [0.025      0.975]
------------------------------------------------------------------------------
intercept     -0.2285      0.338     -0.677      0.499      -0.890       0.433
fg_exog        1.2667      0.023     55.092      0.000       1.222       1.312
month         -2.8744      2.189     -1.313      0.189      -7.166       1.417
day            0.9021      0.313      2.878      0.004       0.288       1.516
ar.L1         -0.5503      0.139     -3.970      0.000      -0.822      -0.279
ma.L1         -0.4291      0.141     -3.037      0.002      -0.706      -0.152
ma.L2         -0.4531      0.133     -3.396      0.001      -0.715      -0.192
sigma2      2.511e+04    259.068     96.912      0.000    2.46e+04    2.56e+04
===================================================================================
Ljung-Box (L1) (Q):                   0.09   Jarque-Bera (JB):             39688.19
Prob(Q):                              0.77   Prob(JB):                         0.00
Heteroskedasticity (H):               0.21   Skew:                             1.39
Prob(H) (two-sided):                  0.00   Kurtosis:                        18.67
===================================================================================

Warnings:
[1] Covariance matrix calculated using the outer product of gradients (complex-step).
2023-05-16 14:05:47,942 ARIMAX Model Prediction ..
2023-05-16 14:05:47,978 Create Sarimax Forecasting Condensate PT Badak ...
2023-05-16 14:05:47,981 Creating SARIMAX Model ...
2023-05-16 14:05:51,853 SARIMAX Model Summary
2023-05-16 14:05:51,858                                SARIMAX Results                                
==============================================================================
Dep. Variable:                      y   No. Observations:                 3759
Model:               SARIMAX(1, 1, 1)   Log Likelihood              -24371.532
Date:                Tue, 16 May 2023   AIC                          48757.064
Time:                        14:05:51   BIC                          48800.685
Sample:                    01-01-2013   HQIC                         48772.576
                         - 04-17-2023                                         
Covariance Type:                  opg                                         
==============================================================================
                 coef    std err          z      P>|z|      [0.025      0.975]
------------------------------------------------------------------------------
intercept     -0.1462      0.235     -0.623      0.533      -0.606       0.314
fg_exog        1.2649      0.023     55.185      0.000       1.220       1.310
month         -3.0504      2.199     -1.387      0.165      -7.360       1.259
day            0.9030      0.311      2.906      0.004       0.294       1.512
ar.L1         -0.0594      0.010     -5.931      0.000      -0.079      -0.040
ma.L1         -0.9177      0.007   -136.115      0.000      -0.931      -0.904
sigma2      2.514e+04    259.663     96.799      0.000    2.46e+04    2.56e+04
===================================================================================
Ljung-Box (L1) (Q):                   0.01   Jarque-Bera (JB):             39794.26
Prob(Q):                              0.92   Prob(JB):                         0.00
Heteroskedasticity (H):               0.21   Skew:                             1.39
Prob(H) (two-sided):                  0.00   Kurtosis:                        18.70
===================================================================================

Warnings:
[1] Covariance matrix calculated using the outer product of gradients (complex-step).
2023-05-16 14:05:51,865 SARIMAX Model Prediction ..
2023-05-16 14:05:51,894 Create Prophet Forecasting Condensate PT Badak ...
2023-05-16 14:05:51,898 Creating Prophet Model ....
2023-05-16 14:05:53,635 Prophet Model Prediction ...
2023-05-16 14:05:53,944 Create Random Forest Forecasting Condensate PT Badak ...
2023-05-16 14:05:53,946 Creating Random Forest Model ...
2023-05-16 14:06:13,277 Random Forest Model Prediction
2023-05-16 14:06:15,642 Create XGBoost Forecasting Condensate PT Badak ...
2023-05-16 14:06:15,644 Creating XGBoost Model ...
2023-05-16 14:06:15,644 XGBoost Model Prediction ...
2023-05-16 14:06:16,276 Create Linear Regression Forecasting Condensate PT Badak ...
2023-05-16 14:06:16,280 Creating Linear Regression Model ...
2023-05-16 14:06:16,291 Linear Regression Model Prediction ...
2023-05-16 14:06:16,322 Create Polynomial Regression Degree=2 Forecasting Condensate PT Badak ...
2023-05-16 14:06:16,326 Creating Polynomial Regression Orde 2 Model ...
2023-05-16 14:08:47,125 Polynomial Regression Orde 2 Model Prediction ...
2023-05-16 14:09:29,108 Create Polynomial Regression Degree=3 Forecasting Condensate PT Badak ...
2023-05-16 14:09:29,110 Creating Polynomial Regression Orde 3 Model ...
2023-05-16 14:13:14,529 Polynomial Regression Orde 3 Model Prediction ...
2023-05-16 14:14:00,898 Creating all model prediction result data frame ...
2023-05-16 14:14:00,902 Updating forecast result to database ...
2023-05-16 14:14:02,102 Updated rows: 258
2023-05-16 14:14:02,102 Done
