2023-05-09 15:56:19,690 Forecasting Condensate BP Tangguh ...
2023-05-09 15:56:19,690 Connecting to database ...
2023-05-09 15:56:19,723 Cleaning data ...
2023-05-09 15:56:21,083 Condensate Tangguh Null Value Cleaning ...
2023-05-09 15:56:21,096 Unplanned Shutdown Cleaning ...
2023-05-09 15:56:21,459 Condensate Tangguh Prepare Data ...
2023-05-09 15:56:21,461 Create Exogenous Features for Training
2023-05-09 15:56:21,466 Load Exogenous Data
2023-05-09 15:56:21,472 Create Exogenous Features for future
2023-05-09 15:56:21,474 Create Arimax Forecasting Condensate BP Tangguh ...
2023-05-09 15:56:21,479 Creating ARIMAX Model ...
2023-05-09 15:56:24,308 ARIMAX Model Summary
2023-05-09 15:56:24,311                                SARIMAX Results                                
==============================================================================
Dep. Variable:                      y   No. Observations:                 2312
Model:               SARIMAX(2, 0, 1)   Log Likelihood              -17005.918
Date:                Tue, 09 May 2023   AIC                          34029.836
Time:                        15:56:24   BIC                          34081.549
Sample:                    01-01-2016   HQIC                         34048.685
                         - 04-30-2022                                         
Covariance Type:                  opg                                         
====================================================================================
                       coef    std err          z      P>|z|      [0.025      0.975]
------------------------------------------------------------------------------------
intercept           13.4660     21.003      0.641      0.521     -27.698      54.630
planned_shutdown -1309.1832     45.285    -28.910      0.000   -1397.939   -1220.427
wpnb_oil             0.0485      0.049      0.987      0.323      -0.048       0.145
month                8.4812     10.650      0.796      0.426     -12.393      29.355
day                 -3.4401      1.554     -2.213      0.027      -6.486      -0.394
ar.L1                1.1787      0.017     69.623      0.000       1.146       1.212
ar.L2               -0.1812      0.016    -11.579      0.000      -0.212      -0.151
ma.L1               -0.7211      0.015    -46.824      0.000      -0.751      -0.691
sigma2            1.412e+05   1210.435    116.613      0.000    1.39e+05    1.44e+05
===================================================================================
Ljung-Box (L1) (Q):                   0.07   Jarque-Bera (JB):            196351.33
Prob(Q):                              0.79   Prob(JB):                         0.00
Heteroskedasticity (H):               0.87   Skew:                            -3.05
Prob(H) (two-sided):                  0.06   Kurtosis:                        47.73
===================================================================================

Warnings:
[1] Covariance matrix calculated using the outer product of gradients (complex-step).
2023-05-09 15:56:24,319 ARIMAX Model Prediction ..
2023-05-09 15:56:24,345 Create Sarimax Forecasting Condensate BP Tangguh ...
2023-05-09 15:56:24,351 Creating SARIMAX Model ...
2023-05-09 15:57:04,636 SARIMAX Model Summary
2023-05-09 15:57:04,640                                       SARIMAX Results                                      
===========================================================================================
Dep. Variable:                                   y   No. Observations:                 2312
Model:             SARIMAX(1, 0, 2)x(2, 1, [], 12)   Log Likelihood              -17178.959
Date:                             Tue, 09 May 2023   AIC                          34379.918
Time:                                     15:57:04   BIC                          34443.066
Sample:                                 01-01-2016   HQIC                         34402.941
                                      - 04-30-2022                                         
Covariance Type:                               opg                                         
====================================================================================
                       coef    std err          z      P>|z|      [0.025      0.975]
------------------------------------------------------------------------------------
intercept            4.9632      3.452      1.438      0.151      -1.803      11.729
planned_shutdown -2665.7054     39.221    -67.967      0.000   -2742.576   -2588.834
wpnb_oil             0.0353      0.033      1.064      0.287      -0.030       0.100
month               -9.0856     10.259     -0.886      0.376     -29.193      11.021
day                 -2.9566      1.378     -2.146      0.032      -5.657      -0.256
ar.L1                0.8752      0.016     53.117      0.000       0.843       0.907
ma.L1               -0.5633      0.018    -30.888      0.000      -0.599      -0.528
ma.L2               -0.0746      0.016     -4.774      0.000      -0.105      -0.044
ar.S.L12            -0.6417      0.009    -70.237      0.000      -0.660      -0.624
ar.S.L24            -0.3051      0.010    -31.706      0.000      -0.324      -0.286
sigma2            1.786e+05   1610.412    110.873      0.000    1.75e+05    1.82e+05
===================================================================================
Ljung-Box (L1) (Q):                   0.17   Jarque-Bera (JB):             66391.42
Prob(Q):                              0.68   Prob(JB):                         0.00
Heteroskedasticity (H):               0.82   Skew:                            -1.72
Prob(H) (two-sided):                  0.01   Kurtosis:                        29.10
===================================================================================

Warnings:
[1] Covariance matrix calculated using the outer product of gradients (complex-step).
2023-05-09 15:57:04,649 SARIMAX Model Prediction ..
2023-05-09 15:57:04,676 Create Prophet Forecasting Condensate BP Tangguh ...
2023-05-09 15:57:04,680 Creating Prophet Model ....
2023-05-09 15:57:05,040 Prophet Model Prediction ...
2023-05-09 15:57:05,314 Create Random Forest Forecasting Condensate BP Tangguh ...
2023-05-09 15:57:05,319 Creating Random Forest Model ...
2023-05-09 15:57:08,903 Random Forest Model Prediction
2023-05-09 15:57:09,848 Create XGBoost Forecasting Condensate BP Tangguh ...
2023-05-09 15:57:09,852 Creating XGBoost Model ...
2023-05-09 15:57:09,852 XGBoost Model Prediction ...
2023-05-09 15:57:10,235 Create Linear Regression Forecasting Condensate BP Tangguh ...
2023-05-09 15:57:10,237 Creating Linear Regression Model ...
2023-05-09 15:57:10,247 Linear Regression Model Prediction ...
2023-05-09 15:57:10,268 Create Polynomial Regression Degree=2 Forecasting Condensate BP Tangguh ...
2023-05-09 15:57:10,272 Creating Polynomial Regression Orde 2 Model ...
2023-05-09 15:57:10,315 Polynomial Regression Orde 2 Model Prediction ...
2023-05-09 15:57:10,339 Create Polynomial Regression Degree=3 Forecasting Condensate BP Tangguh ...
2023-05-09 15:57:10,345 Creating Polynomial Regression Orde 3 Model ...
2023-05-09 15:57:10,345 Polynomial Regression Orde 3 Model Prediction ...
2023-05-09 15:58:20,275 Creating all model prediction result data frame ...
2023-05-09 15:58:20,280 Updating forecast result to database ...
2023-05-09 15:58:20,871 Updated rows: 136
2023-05-09 15:58:20,871 Done
