2023-05-15 16:22:40,785 Forecasting Feed Gas PT Badak ...
2023-05-15 16:22:40,786 Connecting to database ...
2023-05-15 16:22:40,813 Cleaning data ...
2023-05-15 16:22:42,211 Feed Gas PT Badak Null Value Cleaning ...
2023-05-15 16:22:42,228 Feed Gas PT Badak Prepare Data ...
2023-05-15 16:22:42,231 Feed Gas PT Badak Data Smoothing ...
2023-05-15 16:22:44,147 Create Exogenous Features for Training ...
2023-05-15 16:22:44,162 Create Exogenous Features for Future Dates ...
2023-05-15 16:24:26,564 Create Arimax Forecasting Feed Gas PT Badak ...
2023-05-15 16:24:26,569 Creating ARIMAX Model ...
2023-05-15 16:24:28,441 ARIMAX Model Summary
2023-05-15 16:24:28,449                                SARIMAX Results                                
==============================================================================
Dep. Variable:                      y   No. Observations:                 3407
Model:               SARIMAX(0, 1, 2)   Log Likelihood               -9358.309
Date:                Mon, 15 May 2023   AIC                          18730.618
Time:                        16:24:28   BIC                          18773.551
Sample:                    01-01-2013   HQIC                         18745.961
                         - 04-30-2022                                         
Covariance Type:                  opg                                         
==============================================================================
                 coef    std err          z      P>|z|      [0.025      0.975]
------------------------------------------------------------------------------
intercept      0.0012      0.029      0.040      0.968      -0.055       0.057
fg_exog        0.9987      0.004    235.961      0.000       0.990       1.007
month         -0.0316      0.101     -0.312      0.755      -0.231       0.167
day           -0.0038      0.008     -0.484      0.628      -0.019       0.012
ma.L1         -0.1577      0.003    -53.927      0.000      -0.163      -0.152
ma.L2         -0.4313      0.003   -126.899      0.000      -0.438      -0.425
sigma2        14.2574      0.080    178.641      0.000      14.101      14.414
===================================================================================
Ljung-Box (L1) (Q):                   6.96   Jarque-Bera (JB):           1547446.52
Prob(Q):                              0.01   Prob(JB):                         0.00
Heteroskedasticity (H):            3347.44   Skew:                            -0.06
Prob(H) (two-sided):                  0.00   Kurtosis:                       107.42
===================================================================================

Warnings:
[1] Covariance matrix calculated using the outer product of gradients (complex-step).
2023-05-15 16:24:28,463 ARIMAX Model Prediction ..
2023-05-15 16:24:28,531 Create Sarimax Forecasting Feed Gas PT Badak ...
2023-05-15 16:24:28,534 Creating SARIMAX Model ...
2023-05-15 16:24:38,114 SARIMAX Model Summary
2023-05-15 16:24:38,121                                       SARIMAX Results                                       
============================================================================================
Dep. Variable:                                    y   No. Observations:                 3407
Model:             SARIMAX(1, 1, 0)x(1, 0, [1], 12)   Log Likelihood               -9580.004
Date:                              Mon, 15 May 2023   AIC                          19176.008
Time:                                      16:24:38   BIC                          19225.074
Sample:                                  01-01-2013   HQIC                         19193.543
                                       - 04-30-2022                                         
Covariance Type:                                opg                                         
==============================================================================
                 coef    std err          z      P>|z|      [0.025      0.975]
------------------------------------------------------------------------------
intercept     -0.0044      0.079     -0.057      0.955      -0.158       0.150
fg_exog        0.9987      0.005    213.335      0.000       0.990       1.008
month          0.1282      0.141      0.910      0.363      -0.148       0.404
day           -0.0083      0.010     -0.838      0.402      -0.028       0.011
ar.L1         -0.0140      0.003     -4.231      0.000      -0.020      -0.008
ar.S.L12       0.0352      0.087      0.404      0.686      -0.136       0.206
ma.S.L12       0.0114      0.087      0.132      0.895      -0.158       0.181
sigma2        16.2400      0.081    199.373      0.000      16.080      16.400
===================================================================================
Ljung-Box (L1) (Q):                   0.04   Jarque-Bera (JB):           1852648.47
Prob(Q):                              0.84   Prob(JB):                         0.00
Heteroskedasticity (H):            2488.74   Skew:                            -0.03
Prob(H) (two-sided):                  0.00   Kurtosis:                       117.26
===================================================================================

Warnings:
[1] Covariance matrix calculated using the outer product of gradients (complex-step).
2023-05-15 16:24:38,136 SARIMAX Model Prediction ..
2023-05-15 16:24:38,196 Create Prophet Forecasting Feed Gas PT Badak ...
2023-05-15 16:24:38,199 Creating Prophet Model ....
2023-05-15 16:24:38,926 Prophet Model Prediction ...
2023-05-15 16:24:39,479 Create Random Forest Forecasting Feed Gas PT Badak ...
2023-05-15 16:24:39,480 Creating Random Forest Model ...
2023-05-15 16:24:45,317 Random Forest Model Prediction
2023-05-15 16:24:49,732 Create XGBoost Forecasting Feed Gas PT Badak ...
2023-05-15 16:24:49,735 Creating XGBoost Model ...
2023-05-15 16:24:50,193 XGBoost Model Prediction ...
2023-05-15 16:24:50,568 Create Linear Regression Forecasting Feed Gas PT Badak ...
2023-05-15 16:24:50,570 Creating Linear Regression Model ...
2023-05-15 16:24:50,591 Linear Regression Model Prediction ...
2023-05-15 16:24:50,656 Create Polynomial Regression Degree=2 Forecasting Feed Gas PT Badak ...
2023-05-15 16:24:50,659 Creating Polynomial Regression Orde 2 Model ...
