2023-05-15 16:27:16,631 Forecasting LNG Production PT Badak ...
2023-05-15 16:27:16,632 Connecting to database ...
2023-05-15 16:27:16,657 Cleaning data ...
2023-05-15 16:27:19,444 LNG Production PT Badak Null Value Cleaning ...
2023-05-15 16:27:19,461 LNG Production PT Badak Prepare Data ...
2023-05-15 16:27:19,464 Create Exogenous Features for Training ...
2023-05-15 16:27:19,478 Create Exogenous Features for Future Dates ...
2023-05-15 16:30:37,454 Create Arimax Forecasting LNG Production PT Badak ...
2023-05-15 16:30:37,459 Creating ARIMAX Model ...
2023-05-15 16:30:42,611 ARIMAX Model Summary
2023-05-15 16:30:42,619                                SARIMAX Results                                
==============================================================================
Dep. Variable:                      y   No. Observations:                 3407
Model:               SARIMAX(1, 1, 2)   Log Likelihood              -28227.610
Date:                Mon, 15 May 2023   AIC                          56471.219
Time:                        16:30:42   BIC                          56520.285
Sample:                    01-01-2013   HQIC                         56488.754
                         - 04-30-2022                                         
Covariance Type:                  opg                                         
==============================================================================
                 coef    std err          z      P>|z|      [0.025      0.975]
------------------------------------------------------------------------------
intercept      0.2044      0.099      2.061      0.039       0.010       0.399
fg_exog       40.8118      0.158    258.118      0.000      40.502      41.122
month         16.0517     13.596      1.181      0.238     -10.597      42.700
day           -0.6368      2.253     -0.283      0.777      -5.053       3.779
ar.L1          0.8808      0.025     34.977      0.000       0.831       0.930
ma.L1         -1.7213      0.032    -54.532      0.000      -1.783      -1.659
ma.L2          0.7260      0.030     23.980      0.000       0.667       0.785
sigma2      9.816e+05   1.15e+04     85.128      0.000    9.59e+05       1e+06
===================================================================================
Ljung-Box (L1) (Q):                   4.43   Jarque-Bera (JB):             13061.08
Prob(Q):                              0.04   Prob(JB):                         0.00
Heteroskedasticity (H):               0.64   Skew:                            -0.79
Prob(H) (two-sided):                  0.00   Kurtosis:                        12.46
===================================================================================

Warnings:
[1] Covariance matrix calculated using the outer product of gradients (complex-step).
2023-05-15 16:30:42,636 ARIMAX Model Prediction ..
