2023-06-30 14:12:24,334 Forecasting LNG Production BP Tangguh ...
2023-06-30 14:12:24,334 Connecting to database ...
2023-06-30 14:12:24,360 Cleaning data ...
2023-06-30 14:12:24,450 LNG Production Tangguh Null Value Cleaning ...
2023-06-30 14:12:24,462 Unplanned Shutdown Cleaning ...
2023-06-30 14:12:24,875 LNG Production Tangguh Prepare Data ...
2023-06-30 14:12:24,882 Load Exogenous Data
2023-06-30 14:12:24,890 Create Exogenous Features for future
2023-06-30 14:12:24,892 Create Arimax Forecasting LNG Production BP Tangguh ...
2023-06-30 14:12:24,897 Creating ARIMAX Model ...
2023-06-30 14:12:25,266 ARIMAX Model Summary
2023-06-30 14:12:25,269                                SARIMAX Results                                
==============================================================================
Dep. Variable:                      y   No. Observations:                 2732
Model:               SARIMAX(0, 1, 3)   Log Likelihood              -24866.236
Date:                Fri, 30 Jun 2023   AIC                          49748.471
Time:                        14:12:25   BIC                          49795.771
Sample:                    01-01-2016   HQIC                         49765.566
                         - 06-24-2023                                         
Covariance Type:                  opg                                         
====================================================================================
                       coef    std err          z      P>|z|      [0.025      0.975]
------------------------------------------------------------------------------------
intercept            2.0667     26.714      0.077      0.938     -50.292      54.425
planned_shutdown -7865.6056    158.962    -49.481      0.000   -8177.165   -7554.046
month              -50.9052     92.489     -0.550      0.582    -232.180     130.370
day                -14.8469      7.671     -1.936      0.053     -29.881       0.187
ma.L1               -0.1685      0.009    -18.174      0.000      -0.187      -0.150
ma.L2               -0.1833      0.008    -24.416      0.000      -0.198      -0.169
ma.L3               -0.0600      0.012     -4.863      0.000      -0.084      -0.036
sigma2            4.725e+06   3.42e+04    138.261      0.000    4.66e+06    4.79e+06
===================================================================================
Ljung-Box (L1) (Q):                   0.19   Jarque-Bera (JB):            124388.31
Prob(Q):                              0.66   Prob(JB):                         0.00
Heteroskedasticity (H):               0.87   Skew:                            -1.18
Prob(H) (two-sided):                  0.04   Kurtosis:                        35.98
===================================================================================

Warnings:
[1] Covariance matrix calculated using the outer product of gradients (complex-step).
2023-06-30 14:12:25,275 ARIMAX Model Prediction ..
2023-06-30 14:12:25,304 Create Sarimax Forecasting LNG Production BP Tangguh ...
2023-06-30 14:12:25,307 Creating SARIMAX Model ...
2023-06-30 14:12:59,347 SARIMAX Model Summary
2023-06-30 14:12:59,350                                       SARIMAX Results                                      
===========================================================================================
Dep. Variable:                                   y   No. Observations:                 2732
Model:             SARIMAX(1, 0, 1)x(2, 1, [], 12)   Log Likelihood              -25341.873
Date:                             Fri, 30 Jun 2023   AIC                          50701.745
Time:                                     14:12:59   BIC                          50754.921
Sample:                                 01-01-2016   HQIC                         50720.968
                                      - 06-24-2023                                         
Covariance Type:                               opg                                         
====================================================================================
                       coef    std err          z      P>|z|      [0.025      0.975]
------------------------------------------------------------------------------------
intercept           23.8888     48.151      0.496      0.620     -70.485     118.263
planned_shutdown  -2.08e+04    165.515   -125.662      0.000   -2.11e+04   -2.05e+04
month               -1.3455     82.605     -0.016      0.987    -163.248     160.557
day                 -8.6110      8.279     -1.040      0.298     -24.837       7.615
ar.L1                0.7383      0.007     98.628      0.000       0.724       0.753
ma.L1               -0.1013      0.014     -7.187      0.000      -0.129      -0.074
ar.S.L12            -0.5949      0.008    -72.979      0.000      -0.611      -0.579
ar.S.L24            -0.2551      0.009    -28.818      0.000      -0.272      -0.238
sigma2            7.183e+06   7.43e+04     96.675      0.000    7.04e+06    7.33e+06
===================================================================================
Ljung-Box (L1) (Q):                   2.35   Jarque-Bera (JB):             37273.26
Prob(Q):                              0.13   Prob(JB):                         0.00
Heteroskedasticity (H):               1.03   Skew:                            -0.71
Prob(H) (two-sided):                  0.65   Kurtosis:                        21.08
===================================================================================

Warnings:
[1] Covariance matrix calculated using the outer product of gradients (complex-step).
2023-06-30 14:12:59,358 SARIMAX Model Prediction ..
2023-06-30 14:12:59,387 Create Prophet Forecasting LNG Production BP Tangguh ...
2023-06-30 14:12:59,390 Creating Prophet Model ....
2023-06-30 14:12:59,758 Prophet Model Prediction ...
2023-06-30 14:13:00,033 Create Random Forest Forecasting LNG Production BP Tangguh ...
2023-06-30 14:13:00,036 Creating Random Forest Model ...
2023-06-30 14:13:03,209 Random Forest Model Prediction
2023-06-30 14:13:04,494 Create XGBoost Forecasting LNG Production BP Tangguh ...
2023-06-30 14:13:04,496 Creating XGBoost Model ...
2023-06-30 14:13:04,635 XGBoost Model Prediction ...
2023-06-30 14:13:04,783 Create Linear Regression Forecasting LNG Production BP Tangguh ...
2023-06-30 14:13:04,786 Creating Linear Regression Model ...
2023-06-30 14:13:04,794 Linear Regression Model Prediction ...
2023-06-30 14:13:04,820 Create Polynomial Regression Degree=2 Forecasting LNG Production BP Tangguh ...
2023-06-30 14:13:04,824 Creating Polynomial Regression Orde 2 Model ...
2023-06-30 14:13:04,867 Polynomial Regression Orde 2 Model Prediction ...
2023-06-30 14:13:04,896 Create Polynomial Regression Degree=3 Forecasting LNG Production BP Tangguh ...
2023-06-30 14:13:04,899 Creating Polynomial Regression Orde 3 Model ...
2023-06-30 14:14:38,449 Polynomial Regression Orde 3 Model Prediction ...
2023-06-30 14:15:02,459 Creating all model prediction result data frame ...
2023-06-30 14:15:02,463 Updating forecast result to database ...
2023-06-30 14:15:03,082 Updated rows: 190
2023-06-30 14:15:03,082 Done
