2023-05-08 01:06:38,755 Connecting to database ...
2023-05-08 01:06:39,059 1. ADF : -1.8447408956054685
2023-05-08 01:06:39,059 2. P-Value : 0.3584860243471938
2023-05-08 01:06:39,059 3. Num Of Lags : 0
2023-05-08 01:06:39,059 4. Num Of Observations Used For ADF Regression: 120
2023-05-08 01:06:39,059 5. Critical Values : 
2023-05-08 01:06:39,059 	 1%: -3.486055829282407
2023-05-08 01:06:39,059 	 5%: -2.8859430324074076
2023-05-08 01:06:39,059 	 10%: -2.5797850694444446
2023-05-08 01:06:39,084 ARIMAX Model IR Monthly Cumulative Forecasting ...
2023-05-08 01:06:39,089 Creating ARIMAX Model ...
2023-05-08 01:06:39,195 ARIMAX Model Summary
2023-05-08 01:06:39,197                                SARIMAX Results                                
==============================================================================
Dep. Variable:                      y   No. Observations:                  121
Model:               SARIMAX(0, 1, 0)   Log Likelihood                 150.838
Date:                Mon, 08 May 2023   AIC                           -285.677
Time:                        01:06:39   BIC                           -263.377
Sample:                    01-31-2013   HQIC                          -276.621
                         - 01-31-2023                                         
Covariance Type:                  opg                                         
=======================================================================================
                          coef    std err          z      P>|z|      [0.025      0.975]
---------------------------------------------------------------------------------------
intercept              -0.0035      0.011     -0.326      0.744      -0.025       0.018
drilling_explor_cum     0.0017      0.001      2.922      0.003       0.001       0.003
drilling_explot_cum  5.851e-05    9.5e-05      0.616      0.538      -0.000       0.000
workover_cum           -0.0001      0.000     -1.203      0.229      -0.000    8.07e-05
wellservice_cum      3.226e-06   2.15e-06      1.500      0.134   -9.89e-07    7.44e-06
survei_seismic_cum     -0.0039      0.002     -1.923      0.055      -0.008    7.55e-05
bulan                  -0.0055      0.011     -0.498      0.618      -0.027       0.016
sigma2                  0.0047      0.000     16.617      0.000       0.004       0.005
===================================================================================
Ljung-Box (L1) (Q):                   0.07   Jarque-Bera (JB):               877.49
Prob(Q):                              0.80   Prob(JB):                         0.00
Heteroskedasticity (H):               3.58   Skew:                             0.38
Prob(H) (two-sided):                  0.00   Kurtosis:                        16.23
===================================================================================

Warnings:
[1] Covariance matrix calculated using the outer product of gradients (complex-step).
2023-05-08 01:06:39,204 ARIMAX Model Prediction ..
2023-05-08 01:06:39,220 XGBoost Model IR Monthly Cumulative Forecasting ...
2023-05-08 01:06:39,225 Creating XGBoost Model ....
2023-05-08 01:07:07,972 XGBoost Model Prediction ...
2023-05-08 01:07:08,375 Random Forest Model IR Monthly Cumulative Forecasting ...
2023-05-08 01:07:08,377 Creating Random Forest Model ...
2023-05-08 01:07:08,716 Random Forest Model Prediction
2023-05-08 01:07:08,800 Creating Linear Regression Model ...
2023-05-08 01:07:08,805 Linear Regression Model Prediction ...
2023-05-08 01:07:08,815 Creating Polynomial Regression Orde 2 Model ...
2023-05-08 01:07:08,827 Polynomial Regression Orde 2 Model Prediction ...
2023-05-08 01:07:08,836 Creating Polynomial Regression Orde 3 Model ...
2023-05-08 01:07:08,848 Polynomial Regression Orde 3 Model Prediction ...
2023-05-08 01:07:08,855 Creating all model prediction result data frame ...
2023-05-08 01:07:09,007 Updating forecast result to database ...
2023-05-08 01:07:09,026 Updated rows: 11
2023-05-08 01:07:09,026 Done
