2023-03-31 22:44:42,175 Connecting to database ...
2023-03-31 22:44:42,332 1. ADF : -1.4794367420058536
2023-03-31 22:44:42,332 2. P-Value : 0.5436580595807815
2023-03-31 22:44:42,332 3. Num Of Lags : 0
2023-03-31 22:44:42,332 4. Num Of Observations Used For ADF Regression: 117
2023-03-31 22:44:42,333 5. Critical Values : 
2023-03-31 22:44:42,333 	 1%: -3.487517288664615
2023-03-31 22:44:42,333 	 5%: -2.8865777180380032
2023-03-31 22:44:42,333 	 10%: -2.5801239192052012
2023-03-31 22:44:42,344 Creating ARIMAX Model ...
2023-03-31 22:44:42,812 ARIMAX Model Summary
2023-03-31 22:44:42,816                                SARIMAX Results                                
==============================================================================
Dep. Variable:                      y   No. Observations:                  109
Model:               SARIMAX(0, 1, 0)   Log Likelihood                 136.919
Date:                Fri, 31 Mar 2023   AIC                           -257.838
Time:                        22:44:42   BIC                           -236.381
Sample:                    01-31-2013   HQIC                          -249.138
                         - 01-31-2022                                         
Covariance Type:                  opg                                         
=======================================================================================
                          coef    std err          z      P>|z|      [0.025      0.975]
---------------------------------------------------------------------------------------
intercept              -0.0066      0.011     -0.599      0.549      -0.028       0.015
drilling_explor_cum     0.0004      0.001      0.508      0.612      -0.001       0.002
drilling_explot_cum     0.0003      0.000      2.236      0.025     3.3e-05       0.001
workover_cum           -0.0001   9.63e-05     -1.147      0.251      -0.000    7.83e-05
wellservice_cum      5.021e-06   2.19e-06      2.289      0.022    7.21e-07    9.32e-06
survei_seismic_cum     -0.0033      0.002     -1.377      0.168      -0.008       0.001
bulan                  -0.0089      0.011     -0.814      0.415      -0.030       0.012
sigma2                  0.0046      0.000     15.291      0.000       0.004       0.005
===================================================================================
Ljung-Box (L1) (Q):                   0.13   Jarque-Bera (JB):               855.22
Prob(Q):                              0.72   Prob(JB):                         0.00
Heteroskedasticity (H):               3.24   Skew:                             0.88
Prob(H) (two-sided):                  0.00   Kurtosis:                        16.67
===================================================================================

Warnings:
[1] Covariance matrix calculated using the outer product of gradients (complex-step).
2023-03-31 22:44:42,824 ARIMAX Model Prediction ..
2023-03-31 22:44:42,845 ARIMAX Model MAPE: 0.1737
2023-03-31 22:44:42,846 Arimax Model Parameters (0, 1, 0)
2023-03-31 22:44:42,847 Creating XGBoost Model ....
2023-03-31 22:44:42,923 XGBoost Model Prediction ...
2023-03-31 22:44:42,952 XGBoost Model MAPE: 0.1422
2023-03-31 22:44:42,953 XGBoost Model Parameters {'window_length': 8}
2023-03-31 22:44:42,953 Creating Random Forest Model ...
2023-03-31 22:44:43,256 Random Forest Model Prediction ...
2023-03-31 22:44:43,378 Random Forest Model MAPE: 0.1191
2023-03-31 22:44:43,379 Random Forest Model Parameters {'estimator__n_estimators': 100, 'window_length': 19}
2023-03-31 22:44:43,379 Creating Linear Regression Model ...
2023-03-31 22:44:43,390 Linear Regression Model Prediction ...
2023-03-31 22:44:43,404 Linear Regression Model MAPE: 0.1395
2023-03-31 22:44:43,404 Linear Regression Model Parameters {'window_length': 1}
2023-03-31 22:44:43,404 Creating Polynomial Regression Orde 2 Model ...
2023-03-31 22:44:43,428 Polynomial Regression Orde 2 Model Prediction ...
2023-03-31 22:44:43,443 Polynomial Regression Orde 2 Model MAPE: 0.0613
2023-03-31 22:44:43,443 Polynomial Regression Orde 2 Model Parameters {'window_length': 1}
2023-03-31 22:44:43,443 Creating Polynomial Regression Orde 3 Model ...
2023-03-31 22:44:43,464 Polynomial Regression Orde 3 Model Prediction ...
2023-03-31 22:44:43,478 Polynomial Regression Orde 3 Model MAPE: 0.7506
2023-03-31 22:44:43,478 Polynomial Regression Orde 3 Model Parameters {'window_length': 1}
2023-03-31 22:44:43,478 Creating all model mape result data frame ...
2023-03-31 22:44:43,479 Creating all model params result data frame ...
