2023-05-09 11:33:44,418 Connecting to database ...
2023-05-09 11:33:44,629 Data Null Cleaning ...
2023-05-09 11:33:45,124 Finished Query
2023-05-09 11:33:45,124 Null Value Cleaning ...
2023-05-09 11:33:45,127 AD Fuller Test ...
2023-05-09 11:33:45,202 Creating Sarimax Model Forecasting Insample LPG C3 PT Badak ...
2023-05-09 11:33:45,204 Creating SARIMAX Model ...
2023-05-09 11:33:55,186 SARIMAX Model Summary
2023-05-09 11:33:55,191                                       SARIMAX Results                                      
===========================================================================================
Dep. Variable:                                   y   No. Observations:                  144
Model:             SARIMAX(1, 0, 1)x(1, 0, [], 12)   Log Likelihood                -704.235
Date:                             Tue, 09 May 2023   AIC                           1422.471
Time:                                     11:33:55   BIC                           1443.259
Sample:                                 07-01-2022   HQIC                          1430.918
                                      - 11-21-2022                                         
Covariance Type:                               opg                                         
==============================================================================
                 coef    std err          z      P>|z|      [0.025      0.975]
------------------------------------------------------------------------------
intercept     10.9384      8.826      1.239      0.215      -6.360      28.237
day            0.7472      0.818      0.913      0.361      -0.856       2.350
fg_exog        0.1199      0.119      1.010      0.313      -0.113       0.353
ar.L1          0.8773      0.067     13.080      0.000       0.746       1.009
ma.L1         -0.2564      0.101     -2.535      0.011      -0.455      -0.058
ar.S.L12       0.3370      0.072      4.653      0.000       0.195       0.479
sigma2      1017.3788    102.046      9.970      0.000     817.373    1217.385
===================================================================================
Ljung-Box (L1) (Q):                   0.42   Jarque-Bera (JB):                49.18
Prob(Q):                              0.52   Prob(JB):                         0.00
Heteroskedasticity (H):               0.32   Skew:                            -0.38
Prob(H) (two-sided):                  0.00   Kurtosis:                         5.76
===================================================================================

Warnings:
[1] Covariance matrix calculated using the outer product of gradients (complex-step).
2023-05-09 11:33:55,203 SARIMAX Model Prediction ..
2023-05-09 11:33:55,233 SARIMAX Model MAPE: 0.2108
2023-05-09 11:33:55,235 Sarimax Model Parameters {'sarimax_order': (1, 0, 1), 'sarimax_seasonal_order': (1, 0, 0, 12)}
2023-05-09 11:33:55,299 Creating Arimax Model Forecasting Insample LPG C3 PT Badak ...
2023-05-09 11:33:55,300 Creating ARIMAX Model ...
2023-05-09 11:33:59,581 ARIMAX Model Summary
2023-05-09 11:33:59,584                                SARIMAX Results                                
==============================================================================
Dep. Variable:                      y   No. Observations:                  144
Model:               SARIMAX(2, 0, 2)   Log Likelihood                -703.245
Date:                Tue, 09 May 2023   AIC                           1420.489
Time:                        11:33:59   BIC                           1441.278
Sample:                    07-01-2022   HQIC                          1428.936
                         - 11-21-2022                                         
Covariance Type:                  opg                                         
==============================================================================
                 coef    std err          z      P>|z|      [0.025      0.975]
------------------------------------------------------------------------------
day            1.4873      0.632      2.355      0.019       0.249       2.725
fg_exog        0.2808      0.023     12.041      0.000       0.235       0.327
ar.L1          1.4147      0.159      8.925      0.000       1.104       1.725
ar.L2         -0.5507      0.151     -3.646      0.000      -0.847      -0.255
ma.L1         -0.9643      0.151     -6.397      0.000      -1.260      -0.669
ma.L2          0.5776      0.105      5.511      0.000       0.372       0.783
sigma2      1010.5700     99.672     10.139      0.000     815.216    1205.923
===================================================================================
Ljung-Box (L1) (Q):                   0.03   Jarque-Bera (JB):                34.16
Prob(Q):                              0.87   Prob(JB):                         0.00
Heteroskedasticity (H):               0.36   Skew:                            -0.16
Prob(H) (two-sided):                  0.00   Kurtosis:                         5.36
===================================================================================

Warnings:
[1] Covariance matrix calculated using the outer product of gradients (complex-step).
2023-05-09 11:33:59,591 ARIMAX Model Prediction ..
2023-05-09 11:33:59,609 ARIMAX Model MAPE: 0.1918
2023-05-09 11:33:59,609 Arimax Model Parameters (2, 0, 2)
2023-05-09 11:33:59,671 Creating Prophet Model Forecasting Insample LPG C3 PT Badak ...
2023-05-09 11:33:59,672 Creating Prophet Regressor Object ....
2023-05-09 11:33:59,673 Creating Window Splitter Prophet Model ....
2023-05-09 11:33:59,674 Creating Prophet Model ...
2023-05-09 11:33:59,791 Optimization terminated abnormally. Falling back to Newton.
2023-05-09 11:34:00,402 Optimization terminated abnormally. Falling back to Newton.
2023-05-09 11:34:01,071 Optimization terminated abnormally. Falling back to Newton.
2023-05-09 11:34:01,681 Optimization terminated abnormally. Falling back to Newton.
2023-05-09 11:34:02,350 Optimization terminated abnormally. Falling back to Newton.
2023-05-09 11:34:02,955 Optimization terminated abnormally. Falling back to Newton.
2023-05-09 11:34:03,627 Optimization terminated abnormally. Falling back to Newton.
2023-05-09 11:34:04,225 Optimization terminated abnormally. Falling back to Newton.
2023-05-09 11:34:19,670 Optimization terminated abnormally. Falling back to Newton.
2023-05-09 11:34:20,338 Optimization terminated abnormally. Falling back to Newton.
2023-05-09 11:34:20,939 Optimization terminated abnormally. Falling back to Newton.
2023-05-09 11:34:21,613 Optimization terminated abnormally. Falling back to Newton.
2023-05-09 11:34:22,210 Optimization terminated abnormally. Falling back to Newton.
2023-05-09 11:34:22,876 Optimization terminated abnormally. Falling back to Newton.
2023-05-09 11:34:23,456 Optimization terminated abnormally. Falling back to Newton.
2023-05-09 11:34:24,121 Optimization terminated abnormally. Falling back to Newton.
2023-05-09 11:34:39,361 Optimization terminated abnormally. Falling back to Newton.
2023-05-09 11:34:39,963 Optimization terminated abnormally. Falling back to Newton.
2023-05-09 11:34:40,636 Optimization terminated abnormally. Falling back to Newton.
2023-05-09 11:34:41,236 Optimization terminated abnormally. Falling back to Newton.
2023-05-09 11:34:41,908 Optimization terminated abnormally. Falling back to Newton.
2023-05-09 11:34:42,502 Optimization terminated abnormally. Falling back to Newton.
2023-05-09 11:34:43,167 Optimization terminated abnormally. Falling back to Newton.
2023-05-09 11:34:43,760 Optimization terminated abnormally. Falling back to Newton.
2023-05-09 11:34:59,327 Show Best Prophet Models ...
2023-05-09 11:34:59,327 Best Prophet Models {'changepoint_prior_scale': 0.005, 'daily_seasonality': False, 'n_changepoints': 7, 'seasonality_mode': 'additive', 'seasonality_prior_scale': 0.06, 'weekly_seasonality': False, 'yearly_seasonality': False}
2023-05-09 11:34:59,327 Prophet Model Prediction ...
2023-05-09 11:34:59,789 Prophet Model MAPE: 0.2005
2023-05-09 11:34:59,791 Prophet Model MAPE: 0.2005
2023-05-09 11:34:59,791 Prophet Model Parameters {'add_country_holidays': None, 'add_seasonality': None, 'alpha': 0.05, 'changepoint_prior_scale': 0.05, 'changepoint_range': 0.8, 'changepoints': None, 'daily_seasonality': 'auto', 'freq': None, 'growth': 'linear', 'growth_cap': None, 'growth_floor': 0.0, 'holidays': None, 'holidays_prior_scale': 10.0, 'mcmc_samples': 0, 'n_changepoints': 25, 'seasonality_mode': 'additive', 'seasonality_prior_scale': 10.0, 'stan_backend': None, 'uncertainty_samples': 1000, 'verbose': 0, 'weekly_seasonality': 'auto', 'yearly_seasonality': 'auto'}
2023-05-09 11:34:59,859 Creating Random Forest Model Forecasting Insample LPG C3 PT Badak ...
2023-05-09 11:34:59,860 Creating Window Splitter Random Forest Model ....
2023-05-09 11:34:59,861 Creating Random Forest Model ...
2023-05-09 11:35:05,958 Show Best Random Forest Models ...
2023-05-09 11:35:05,958 Best Random Forest Models {'estimator__n_estimators': 200, 'window_length': 1}
2023-05-09 11:35:05,959 Random Forest Model Prediction ...
2023-05-09 11:35:06,845 Random Forest Model MAPE: 0.2973
2023-05-09 11:35:06,909 Creating XGBoost Model Forecasting Insample LPG C3 PT Badak ...
2023-05-09 11:35:06,910 Creating XGBoost Model ....
2023-05-09 11:35:08,682 Show Best XGBoost Models ...
2023-05-09 11:35:08,683 Best XGBoost Models {'estimator__n_estimators': 200, 'window_length': 1}
2023-05-09 11:35:08,683 XGBoost Model Prediction ...
2023-05-09 11:35:08,742 XGBoost Model MAPE: 0.3466
2023-05-09 11:35:08,808 Creating Linear Regression Model Forecasting Insample LPG C3 PT Badak ...
2023-05-09 11:35:08,809 Creating Linear Regression Model ...
2023-05-09 11:35:08,940 Show Best Linear Regression Models ...
2023-05-09 11:35:08,940 Best Linear Regression Models {'window_length': 1}
2023-05-09 11:35:08,940 Linear Regression Model Prediction ...
2023-05-09 11:35:08,953 Linear Regression Model MAPE: 0.2043
2023-05-09 11:35:09,018 Creating Polynomial Regression Degree=2 Model Forecasting Insample LPG C3 PT Badak ...
2023-05-09 11:35:09,020 Creating Polynomial Regression Orde 2 Model ...
2023-05-09 11:35:09,443 Show Best Polynomial Regression Degree=2 Models ...
2023-05-09 11:35:09,444 Best Polynomial Regression Degree=2 Models {'window_length': 0.92}
2023-05-09 11:35:09,444 Polynomial Regression Degree=2 Model Prediction ...
2023-05-09 11:35:09,827 Polynomial Regression Degree=2 Model MAPE: 0.2952
2023-05-09 11:35:09,891 Creating Polynomial Regression Degree=3 Model Forecasting Insample LPG C3 PT Badak ...
2023-05-09 11:35:09,892 Creating Polynomial Regression Orde 3 Model ...
2023-05-09 11:35:10,006 Show Best Polynomial Regression Degree=3 Models ...
2023-05-09 11:35:10,006 Best Polynomial Regression Degree=3 Models {'window_length': 2}
2023-05-09 11:35:10,006 Polynomial Regression Degree=3 Model Prediction ...
2023-05-09 11:35:10,021 Polynomial Regression Degree=3 Model MAPE: 0.2226
2023-05-09 11:35:10,085 Creating best model config dataframe ...
2023-05-09 11:35:10,151 Creating all model mape result data frame ...
2023-05-09 11:35:10,152 Creating all model params result data frame ...
2023-05-09 11:35:10,152 Updating MAPE result to database ...
2023-05-09 11:35:10,163 Updated rows: 1
2023-05-09 11:35:10,232 Updating Model Parameter result to database ...
2023-05-09 11:35:10,235 Updated rows: 1
2023-05-09 11:35:10,301 Updating Model Config to database ...
2023-05-09 11:35:10,305 Updated rows: 1
