2023-05-04 18:51:48,192 Connecting to database ...
2023-05-04 18:51:48,285 LPG C4 PT Badak Null Value Cleaning ...
2023-05-04 18:51:48,455 Finished Query
2023-05-04 18:51:48,456 Null Value Cleaning ...
2023-05-04 18:51:48,456 AD Fuller Test ...
2023-05-04 18:51:48,523 Creating Sarimax Model Forecasting Insample LPG C4 PT Badak ...
2023-05-04 18:51:48,523 Creating SARIMAX Model ...
2023-05-04 18:52:44,575 SARIMAX Model Summary
2023-05-04 18:52:44,577                                       SARIMAX Results                                      
===========================================================================================
Dep. Variable:                                   y   No. Observations:                  144
Model:             SARIMAX(2, 0, 1)x(2, 1, [], 12)   Log Likelihood                -763.818
Date:                             Thu, 04 May 2023   AIC                           1543.636
Time:                                     18:52:44   BIC                           1566.698
Sample:                                 07-01-2022   HQIC                          1553.007
                                      - 11-21-2022                                         
Covariance Type:                               opg                                         
==============================================================================
                 coef    std err          z      P>|z|      [0.025      0.975]
------------------------------------------------------------------------------
day           -1.0272      1.392     -0.738      0.461      -3.755       1.701
fg_exog        0.0885      0.240      0.368      0.713      -0.383       0.560
ar.L1          1.2156      0.170      7.133      0.000       0.882       1.550
ar.L2         -0.2411      0.143     -1.682      0.092      -0.522       0.040
ma.L1         -0.7865      0.145     -5.411      0.000      -1.071      -0.502
ar.S.L12      -0.9567      0.074    -12.842      0.000      -1.103      -0.811
ar.S.L24      -0.3627      0.074     -4.898      0.000      -0.508      -0.218
sigma2      5699.9113    658.116      8.661      0.000    4410.028    6989.795
===================================================================================
Ljung-Box (L1) (Q):                   0.05   Jarque-Bera (JB):                25.90
Prob(Q):                              0.83   Prob(JB):                         0.00
Heteroskedasticity (H):               0.32   Skew:                            -0.72
Prob(H) (two-sided):                  0.00   Kurtosis:                         4.63
===================================================================================

Warnings:
[1] Covariance matrix calculated using the outer product of gradients (complex-step).
2023-05-04 18:52:44,584 SARIMAX Model Prediction ..
2023-05-04 18:52:44,599 SARIMAX Model MAPE: 0.1606
2023-05-04 18:52:44,599 Sarimax Model Parameters {'sarimax_order': (2, 0, 1), 'sarimax_seasonal_order': (2, 1, 0, 12)}
2023-05-04 18:52:44,666 Creating Arimax Model Forecasting Insample LPG C4 PT Badak ...
2023-05-04 18:52:44,667 Creating ARIMAX Model ...
2023-05-04 18:52:46,348 ARIMAX Model Summary
2023-05-04 18:52:46,350                                SARIMAX Results                                
==============================================================================
Dep. Variable:                      y   No. Observations:                  144
Model:               SARIMAX(1, 0, 2)   Log Likelihood                -816.053
Date:                Thu, 04 May 2023   AIC                           1646.107
Time:                        18:52:46   BIC                           1666.895
Sample:                    07-01-2022   HQIC                          1654.554
                         - 11-21-2022                                         
Covariance Type:                  opg                                         
==============================================================================
                 coef    std err          z      P>|z|      [0.025      0.975]
------------------------------------------------------------------------------
intercept     10.5979     12.880      0.823      0.411     -14.647      35.843
day           -0.8535      1.670     -0.511      0.609      -4.127       2.420
fg_exog        0.1375      0.299      0.461      0.645      -0.448       0.723
ar.L1          0.9715      0.030     32.602      0.000       0.913       1.030
ma.L1         -0.4851      0.058     -8.345      0.000      -0.599      -0.371
ma.L2         -0.2191      0.078     -2.805      0.005      -0.372      -0.066
sigma2      4662.8530    393.074     11.863      0.000    3892.443    5433.264
===================================================================================
Ljung-Box (L1) (Q):                   0.00   Jarque-Bera (JB):               225.50
Prob(Q):                              0.99   Prob(JB):                         0.00
Heteroskedasticity (H):               0.24   Skew:                            -1.51
Prob(H) (two-sided):                  0.00   Kurtosis:                         8.34
===================================================================================

Warnings:
[1] Covariance matrix calculated using the outer product of gradients (complex-step).
2023-05-04 18:52:46,354 ARIMAX Model Prediction ..
2023-05-04 18:52:46,362 ARIMAX Model MAPE: 0.1599
2023-05-04 18:52:46,362 Arimax Model Parameters (1, 0, 2)
2023-05-04 18:52:46,422 Creating Prophet Model Forecasting Insample LPG C4 PT Badak ...
2023-05-04 18:52:46,422 Creating Prophet Regressor Object ....
2023-05-04 18:52:46,422 Creating Window Splitter Prophet Model ....
2023-05-04 18:52:46,422 Creating Prophet Model ...
2023-05-04 18:54:00,210 Optimization terminated abnormally. Falling back to Newton.
2023-05-04 18:54:02,087 Optimization terminated abnormally. Falling back to Newton.
2023-05-04 18:54:03,821 Show Best Prophet Models ...
2023-05-04 18:54:03,821 Best Prophet Models {'changepoint_prior_scale': 0.002, 'daily_seasonality': 10, 'n_changepoints': 7, 'seasonality_mode': 'multiplicative', 'seasonality_prior_scale': 1, 'weekly_seasonality': 5, 'yearly_seasonality': 7}
2023-05-04 18:54:03,821 Prophet Model Prediction ...
2023-05-04 18:54:03,994 Prophet Model MAPE: 0.8103
2023-05-04 18:54:04,058 Creating Random Forest Model Forecasting Insample LPG C4 PT Badak ...
2023-05-04 18:54:04,059 Creating Window Splitter Random Forest Model ....
2023-05-04 18:54:04,059 Creating Random Forest Model ...
2023-05-04 18:54:07,484 Show Best Random Forest Models ...
2023-05-04 18:54:07,484 Best Random Forest Models {'estimator__n_estimators': 200, 'window_length': 5}
2023-05-04 18:54:07,484 Random Forest Model Prediction ...
2023-05-04 18:54:07,814 Random Forest Model MAPE: 0.2172
2023-05-04 18:54:07,874 Creating XGBoost Model Forecasting Insample LPG C4 PT Badak ...
2023-05-04 18:54:07,875 Creating XGBoost Model ....
2023-05-04 18:54:08,742 Show Best XGBoost Models ...
2023-05-04 18:54:08,742 Best XGBoost Models {'estimator__n_estimators': 100, 'window_length': 7}
2023-05-04 18:54:08,742 XGBoost Model Prediction ...
2023-05-04 18:54:08,772 XGBoost Model MAPE: 0.2653
2023-05-04 18:54:08,833 Creating Linear Regression Model Forecasting Insample LPG C4 PT Badak ...
2023-05-04 18:54:08,834 Creating Linear Regression Model ...
2023-05-04 18:54:08,903 Show Best Linear Regression Models ...
2023-05-04 18:54:08,903 Best Linear Regression Models {'window_length': 7}
2023-05-04 18:54:08,903 Linear Regression Model Prediction ...
2023-05-04 18:54:08,909 Linear Regression Model MAPE: 0.2974
2023-05-04 18:54:08,969 Creating Polynomial Regression Degree=2 Model Forecasting Insample LPG C4 PT Badak ...
2023-05-04 18:54:08,969 Creating Polynomial Regression Orde 2 Model ...
2023-05-04 18:54:09,014 Show Best Polynomial Regression Degree=2 Models ...
2023-05-04 18:54:09,014 Best Polynomial Regression Degree=2 Models {'window_length': 1}
2023-05-04 18:54:09,014 Polynomial Regression Degree=2 Model Prediction ...
2023-05-04 18:54:09,019 Polynomial Regression Degree=2 Model MAPE: 0.3615
2023-05-04 18:54:09,079 Creating Polynomial Regression Degree=3 Model Forecasting Insample LPG C4 PT Badak ...
2023-05-04 18:54:09,080 Creating Polynomial Regression Orde 3 Model ...
2023-05-04 18:54:09,273 Show Best Polynomial Regression Degree=3 Models ...
2023-05-04 18:54:09,273 Best Polynomial Regression Degree=3 Models {'window_length': 0.8}
2023-05-04 18:54:09,273 Polynomial Regression Degree=3 Model Prediction ...
2023-05-04 18:54:09,398 Polynomial Regression Degree=3 Model MAPE: 0.2460
2023-05-04 18:54:09,458 Creating best model config dataframe ...
2023-05-04 18:54:09,519 Creating all model mape result data frame ...
2023-05-04 18:54:09,520 Creating all model params result data frame ...
2023-05-04 18:54:09,520 Creating all adjustment value dataframe ...
2023-05-04 18:54:09,520 Updating MAPE result to database ...
2023-05-04 18:54:09,530 Updated rows: 1
2023-05-04 18:54:09,592 Updating Model Parameter result to database ...
2023-05-04 18:54:09,596 Updated rows: 1
2023-05-04 18:54:09,658 Updating Adjustment Value result to database ...
2023-05-04 18:54:09,666 Updated rows: 1
2023-05-04 18:54:09,727 Updating Model Config to database ...
2023-05-04 18:54:09,731 Updated rows: 1
