2023-05-05 13:28:24,673 Connecting to database ...
2023-05-05 13:28:26,211 Condensate PT Badak Prepare Data ...
2023-05-05 13:28:27,469 Finished Query
2023-05-05 13:28:27,469 Null Value Cleaning ...
2023-05-05 13:28:27,470 Condensate PT Badak Data Smoothing ...
2023-05-05 13:28:28,221 AD Fuller Test ...
2023-05-05 13:28:28,383 Creating Sarimax Model Forecasting Insample Condensate PT Badak ...
2023-05-05 13:28:28,383 Creating SARIMAX Model ...
2023-05-05 13:32:56,514 SARIMAX Model Summary
2023-05-05 13:32:56,518                                SARIMAX Results                                
==============================================================================
Dep. Variable:                      y   No. Observations:                 3283
Model:               SARIMAX(3, 1, 1)   Log Likelihood              -21417.103
Date:                Fri, 05 May 2023   AIC                          42850.205
Time:                        13:32:56   BIC                          42898.975
Sample:                    01-01-2013   HQIC                         42867.668
                         - 12-27-2021                                         
Covariance Type:                  opg                                         
==============================================================================
                 coef    std err          z      P>|z|      [0.025      0.975]
------------------------------------------------------------------------------
month         -3.4644      2.437     -1.421      0.155      -8.242       1.313
day            0.9821      0.345      2.844      0.004       0.305       1.659
fg_exog        1.2854      0.025     52.277      0.000       1.237       1.334
ar.L1         -0.0705      0.012     -5.847      0.000      -0.094      -0.047
ar.L2          0.0257      0.017      1.536      0.125      -0.007       0.058
ar.L3         -0.0303      0.017     -1.773      0.076      -0.064       0.003
ma.L1         -0.9191      0.009   -104.968      0.000      -0.936      -0.902
sigma2      2.726e+04    289.970     94.016      0.000    2.67e+04    2.78e+04
===================================================================================
Ljung-Box (L1) (Q):                   0.00   Jarque-Bera (JB):             30873.20
Prob(Q):                              0.98   Prob(JB):                         0.00
Heteroskedasticity (H):               0.20   Skew:                             1.43
Prob(H) (two-sided):                  0.00   Kurtosis:                        17.75
===================================================================================

Warnings:
[1] Covariance matrix calculated using the outer product of gradients (complex-step).
2023-05-05 13:32:56,524 SARIMAX Model Prediction ..
2023-05-05 13:32:56,557 SARIMAX Model MAPE: 0.1610
2023-05-05 13:32:56,558 Sarimax Model Parameters {'sarimax_order': (3, 1, 1), 'sarimax_seasonal_order': (0, 0, 0, 12)}
2023-05-05 13:32:56,631 Creating Arimax Model Forecasting Insample Condensate PT Badak ...
2023-05-05 13:32:56,632 Creating ARIMAX Model ...
2023-05-05 13:34:09,806 ARIMAX Model Summary
2023-05-05 13:34:09,810                                SARIMAX Results                                
==============================================================================
Dep. Variable:                      y   No. Observations:                 3283
Model:               SARIMAX(2, 1, 3)   Log Likelihood              -21414.954
Date:                Fri, 05 May 2023   AIC                          42849.907
Time:                        13:34:09   BIC                          42910.869
Sample:                    01-01-2013   HQIC                         42871.735
                         - 12-27-2021                                         
Covariance Type:                  opg                                         
==============================================================================
                 coef    std err          z      P>|z|      [0.025      0.975]
------------------------------------------------------------------------------
intercept     -0.6309      0.788     -0.801      0.423      -2.175       0.913
month         -3.1547      2.436     -1.295      0.195      -7.929       1.619
day            0.9737      0.354      2.751      0.006       0.280       1.667
fg_exog        1.2866      0.025     50.885      0.000       1.237       1.336
ar.L1         -1.5967      0.090    -17.751      0.000      -1.773      -1.420
ar.L2         -0.7534      0.065    -11.637      0.000      -0.880      -0.627
ma.L1          0.6162      0.092      6.723      0.000       0.437       0.796
ma.L2         -0.7165      0.051    -14.138      0.000      -0.816      -0.617
ma.L3         -0.6580      0.063    -10.488      0.000      -0.781      -0.535
sigma2       2.74e+04    314.100     87.236      0.000    2.68e+04     2.8e+04
===================================================================================
Ljung-Box (L1) (Q):                   0.22   Jarque-Bera (JB):             30968.90
Prob(Q):                              0.64   Prob(JB):                         0.00
Heteroskedasticity (H):               0.20   Skew:                             1.41
Prob(H) (two-sided):                  0.00   Kurtosis:                        17.78
===================================================================================

Warnings:
[1] Covariance matrix calculated using the outer product of gradients (complex-step).
2023-05-05 13:34:09,818 ARIMAX Model Prediction ..
2023-05-05 13:34:09,849 ARIMAX Model MAPE: 0.1918
2023-05-05 13:34:09,850 Arimax Model Parameters (2, 1, 3)
2023-05-05 13:34:09,921 Creating Prophet Model Forecasting Insample Condensate PT Badak ...
2023-05-05 13:34:09,921 Creating Prophet Regressor Object ....
2023-05-05 13:34:09,922 Creating Window Splitter Prophet Model ....
2023-05-05 13:34:09,922 Creating Prophet Model ...
2023-05-05 13:37:57,332 Show Best Prophet Models ...
2023-05-05 13:37:57,333 Best Prophet Models {'changepoint_prior_scale': 0.1, 'daily_seasonality': 10, 'n_changepoints': 30, 'seasonality_mode': 'multiplicative', 'seasonality_prior_scale': 0.05, 'weekly_seasonality': 1, 'yearly_seasonality': 10}
2023-05-05 13:37:57,333 Prophet Model Prediction ...
2023-05-05 13:37:57,644 Prophet Model MAPE: 0.2470
2023-05-05 13:37:57,706 Creating Random Forest Model Forecasting Insample Condensate PT Badak ...
2023-05-05 13:37:57,707 Creating Window Splitter Random Forest Model ....
2023-05-05 13:37:57,707 Creating Random Forest Model ...
2023-05-05 13:40:52,482 Show Best Random Forest Models ...
2023-05-05 13:40:52,482 Best Random Forest Models {'estimator__n_estimators': 200, 'window_length': 30}
2023-05-05 13:40:52,482 Random Forest Model Prediction ...
2023-05-05 13:40:55,794 Random Forest Model MAPE: 0.1896
2023-05-05 13:40:55,855 Creating XGBoost Model Forecasting Insample Condensate PT Badak ...
2023-05-05 13:40:55,856 Creating XGBoost Model ....
2023-05-05 13:41:03,009 Show Best XGBoost Models ...
2023-05-05 13:41:03,009 Best XGBoost Models {'estimator__n_estimators': 200, 'window_length': 30}
2023-05-05 13:41:03,010 XGBoost Model Prediction ...
2023-05-05 13:41:03,280 XGBoost Model MAPE: 0.2024
2023-05-05 13:41:03,342 Creating Linear Regression Model Forecasting Insample Condensate PT Badak ...
2023-05-05 13:41:03,342 Creating Linear Regression Model ...
2023-05-05 13:41:03,571 Show Best Linear Regression Models ...
2023-05-05 13:41:03,571 Best Linear Regression Models {'window_length': 7}
2023-05-05 13:41:03,571 Linear Regression Model Prediction ...
2023-05-05 13:41:03,599 Linear Regression Model MAPE: 0.1431
2023-05-05 13:41:03,661 Creating Polynomial Regression Degree=2 Model Forecasting Insample Condensate PT Badak ...
2023-05-05 13:41:03,662 Creating Polynomial Regression Orde 2 Model ...
2023-05-05 13:46:24,288 Show Best Polynomial Regression Degree=2 Models ...
2023-05-05 13:46:24,289 Best Polynomial Regression Degree=2 Models {'window_length': 0.8}
2023-05-05 13:46:24,289 Polynomial Regression Degree=2 Model Prediction ...
2023-05-05 13:47:15,344 Polynomial Regression Degree=2 Model MAPE: 0.2605
2023-05-05 13:47:15,418 Creating Polynomial Regression Degree=3 Model Forecasting Insample Condensate PT Badak ...
2023-05-05 13:47:15,418 Creating Polynomial Regression Orde 3 Model ...
2023-05-05 13:54:52,368 Show Best Polynomial Regression Degree=3 Models ...
2023-05-05 13:54:52,368 Best Polynomial Regression Degree=3 Models {'window_length': 0.8}
2023-05-05 13:54:52,368 Polynomial Regression Degree=3 Model Prediction ...
2023-05-05 13:55:47,896 Polynomial Regression Degree=3 Model MAPE: 0.2618
2023-05-05 13:55:47,969 Creating best model config dataframe ...
2023-05-05 13:55:48,031 Creating all model mape result data frame ...
2023-05-05 13:55:48,032 Creating all model params result data frame ...
2023-05-05 13:55:48,032 Creating all adjustment value dataframe ...
2023-05-05 13:55:48,032 Updating MAPE result to database ...
2023-05-05 13:55:48,043 Updated rows: 1
2023-05-05 13:55:48,102 Updating Model Parameter result to database ...
2023-05-05 13:55:48,110 Updated rows: 1
2023-05-05 13:55:48,170 Updating Adjustment Value result to database ...
2023-05-05 13:55:48,179 Updated rows: 1
2023-05-05 13:55:48,238 Updating Model Config to database ...
2023-05-05 13:55:48,247 Updated rows: 1
