2023-05-04 15:28:41,644 Creating Condensate Tangguh Model ...
2023-05-04 15:28:41,644 Connecting to database ...
2023-05-04 15:28:41,669 Cleaning data ...
2023-05-04 15:28:42,074 Null Value Cleaning ...
2023-05-04 15:28:42,083 Unplanned Shutdown Cleaning ...
2023-05-04 15:28:42,466 AD Fuller Test ...
2023-05-04 15:28:42,605 Creating Sarimax Model Forecasting Insample Condensate BP Tangguh ...
2023-05-04 15:28:42,606 Creating SARIMAX Model ...
2023-05-04 15:46:42,713 SARIMAX Model Summary
2023-05-04 15:46:42,716                                       SARIMAX Results                                      
===========================================================================================
Dep. Variable:                                   y   No. Observations:                 2083
Model:             SARIMAX(1, 0, 2)x(2, 1, [], 12)   Log Likelihood              -15447.802
Date:                             Thu, 04 May 2023   AIC                          30915.603
Time:                                     15:46:42   BIC                          30971.961
Sample:                                 01-01-2016   HQIC                         30936.260
                                      - 09-13-2021                                         
Covariance Type:                               opg                                         
====================================================================================
                       coef    std err          z      P>|z|      [0.025      0.975]
------------------------------------------------------------------------------------
month               -6.6914     12.181     -0.549      0.583     -30.565      17.182
planned_shutdown -2686.5692     40.590    -66.188      0.000   -2766.125   -2607.014
day                 -2.5564      1.450     -1.763      0.078      -5.398       0.285
wpnb_oil             0.0548      0.043      1.268      0.205      -0.030       0.139
ar.L1                0.8765      0.016     53.326      0.000       0.844       0.909
ma.L1               -0.5657      0.018    -31.344      0.000      -0.601      -0.530
ma.L2               -0.0697      0.016     -4.438      0.000      -0.100      -0.039
ar.S.L12            -0.6355      0.009    -70.020      0.000      -0.653      -0.618
ar.S.L24            -0.3115      0.010    -32.284      0.000      -0.330      -0.293
sigma2            1.743e+05   1529.733    113.913      0.000    1.71e+05    1.77e+05
===================================================================================
Ljung-Box (L1) (Q):                   0.17   Jarque-Bera (JB):             75350.95
Prob(Q):                              0.68   Prob(JB):                         0.00
Heteroskedasticity (H):               0.71   Skew:                            -2.03
Prob(H) (two-sided):                  0.00   Kurtosis:                        32.27
===================================================================================

Warnings:
[1] Covariance matrix calculated using the outer product of gradients (complex-step).
2023-05-04 15:46:42,720 SARIMAX Model Prediction ..
2023-05-04 15:46:42,764 SARIMAX Model MAPE: 0.1148
2023-05-04 15:46:42,765 Sarimax Model Parameters {'sarimax_order': (1, 0, 2), 'sarimax_seasonal_order': (2, 1, 0, 12)}
2023-05-04 15:46:42,833 Creating Arimax Model Forecasting Insample Condensate BP Tangguh ...
2023-05-04 15:46:42,834 Creating ARIMAX Model ...
2023-05-04 15:47:01,166 ARIMAX Model Summary
2023-05-04 15:47:01,169                                SARIMAX Results                                
==============================================================================
Dep. Variable:                      y   No. Observations:                 2083
Model:               SARIMAX(2, 0, 1)   Log Likelihood              -15304.357
Date:                Thu, 04 May 2023   AIC                          30626.715
Time:                        15:47:01   BIC                          30677.489
Sample:                    01-01-2016   HQIC                         30645.319
                         - 09-13-2021                                         
Covariance Type:                  opg                                         
====================================================================================
                       coef    std err          z      P>|z|      [0.025      0.975]
------------------------------------------------------------------------------------
intercept           16.2051     23.138      0.700      0.484     -29.144      61.554
month                1.7263     13.403      0.129      0.898     -24.544      27.996
planned_shutdown -1350.9520     48.436    -27.892      0.000   -1445.884   -1256.020
day                 -3.5574      1.599     -2.225      0.026      -6.692      -0.423
wpnb_oil             0.0719      0.049      1.466      0.143      -0.024       0.168
ar.L1                1.2138      0.016     74.512      0.000       1.182       1.246
ar.L2               -0.2170      0.015    -14.835      0.000      -0.246      -0.188
ma.L1               -0.7574      0.015    -52.124      0.000      -0.786      -0.729
sigma2            1.392e+05   1259.423    110.504      0.000    1.37e+05    1.42e+05
===================================================================================
Ljung-Box (L1) (Q):                   0.02   Jarque-Bera (JB):            212568.23
Prob(Q):                              0.88   Prob(JB):                         0.00
Heteroskedasticity (H):               0.76   Skew:                            -3.47
Prob(H) (two-sided):                  0.00   Kurtosis:                        52.00
===================================================================================

Warnings:
[1] Covariance matrix calculated using the outer product of gradients (complex-step).
2023-05-04 15:47:01,176 ARIMAX Model Prediction ..
2023-05-04 15:47:01,206 ARIMAX Model MAPE: 0.1154
2023-05-04 15:47:01,207 Arimax Model Parameters (2, 0, 1)
2023-05-04 15:47:01,272 Creating Prophet Model Forecasting Insample Condensate BP Tangguh ...
2023-05-04 15:47:01,272 Creating Prophet Regressor Object ....
2023-05-04 15:47:01,272 Creating Window Splitter Prophet Model ....
2023-05-04 15:47:01,273 Creating Prophet Model ...
2023-05-04 15:47:09,783 Optimization terminated abnormally. Falling back to Newton.
2023-05-04 15:47:11,069 Optimization terminated abnormally. Falling back to Newton.
2023-05-04 15:48:54,055 Best Prophet Models {'changepoint_prior_scale': 0.1, 'daily_seasonality': 10, 'n_changepoints': 7, 'seasonality_mode': 'additive', 'seasonality_prior_scale': 0.1, 'weekly_seasonality': 1, 'yearly_seasonality': 10}
2023-05-04 15:48:54,055 Prophet Model Prediction ...
2023-05-04 15:48:54,305 Prophet Model MAPE: 0.0524
2023-05-04 15:48:54,371 Creating Random Forest Model Forecasting Insample Condensate BP Tangguh ...
2023-05-04 15:48:54,371 Creating Window Splitter Random Forest Model ....
2023-05-04 15:48:54,371 Creating Random Forest Model ...
2023-05-04 15:50:16,612 Show Best Random Forest Models ...
2023-05-04 15:50:16,612 Best Random Forest Models {'estimator__n_estimators': 100, 'window_length': 31}
2023-05-04 15:50:16,612 Random Forest Model Prediction ...
2023-05-04 15:50:18,267 Random Forest Model MAPE: 0.0575
2023-05-04 15:50:18,329 Creating XGBoost Model Forecasting Insample Condensate BP Tangguh ...
2023-05-04 15:50:18,329 Creating XGBoost Model ....
2023-05-04 15:50:22,972 Show Best XGBoost Models ...
2023-05-04 15:50:22,972 Best XGBoost Models {'estimator__n_estimators': 200, 'window_length': 13}
2023-05-04 15:50:22,972 XGBoost Model Prediction ...
2023-05-04 15:50:23,240 XGBoost Model MAPE: 0.0614
2023-05-04 15:50:23,302 Creating Linear Regression Model Forecasting Insample Condensate BP Tangguh ...
2023-05-04 15:50:23,302 Creating Linear Regression Model ...
2023-05-04 15:50:23,496 Show Best Linear Regression Models ...
2023-05-04 15:50:23,496 Best Linear Regression Models {'window_length': 7}
2023-05-04 15:50:23,496 Linear Regression Model Prediction ...
2023-05-04 15:50:23,525 Linear Regression Model MAPE: 0.0538
2023-05-04 15:50:23,587 Creating Polynomial Regression Degree=2 Model Forecasting Insample Condensate BP Tangguh ...
2023-05-04 15:50:23,588 Creating Polynomial Regression Orde 2 Model ...
2023-05-04 15:50:23,727 Show Best Polynomial Regression Degree=2 Models ...
2023-05-04 15:50:23,727 Best Polynomial Regression Degree=3 Models {'window_length': 1}
2023-05-04 15:50:23,728 Polynomial Regression Degree=2 Model Prediction ...
2023-05-04 15:50:23,769 Polynomial Regression Degree=2 Model MAPE: 0.0514
2023-05-04 15:50:23,836 Creating Polynomial Regression Degree=3 Model Forecasting Insample Condensate BP Tangguh ...
2023-05-04 15:50:23,837 Creating Polynomial Regression Orde 3 Model ...
2023-05-04 15:50:39,635 Show Best Polynomial Regression Degree=3 Models ...
2023-05-04 15:50:39,635 Best Polynomial Regression Degree=3 Models {'window_length': 0.8}
2023-05-04 15:50:39,635 Polynomial Regression Degree=3 Model Prediction ...
2023-05-04 15:50:45,420 Polynomial Regression Degree=3 Model MAPE: 0.1603
2023-05-04 15:50:45,481 Creating best model config dataframe ...
2023-05-04 15:50:45,542 Creating all model mape result data frame ...
2023-05-04 15:50:45,542 Creating all model params result data frame ...
2023-05-04 15:50:45,543 Creating all adjustment value dataframe ...
2023-05-04 15:50:45,543 Updating MAPE result to database ...
2023-05-04 15:50:45,576 Updated rows: 1
2023-05-04 15:50:45,635 Updating Model Parameter result to database ...
2023-05-04 15:50:45,647 Updated rows: 1
2023-05-04 15:50:45,707 Updating Adjustment Value result to database ...
2023-05-04 15:50:45,722 Updated rows: 1
2023-05-04 15:50:45,783 Updating Model Config to database ...
2023-05-04 15:50:45,795 Updated rows: 1
