2023-04-05 15:22:10,729 Creating Feed Gas BP Tangguh Model ...
2023-04-05 15:22:10,730 Connecting to database ...
2023-04-05 15:22:10,757 Cleaning data ...
2023-04-05 15:22:10,972 Null Value Cleaning ...
2023-04-05 15:22:11,804 Unplanned Shutdown Cleaning ...
2023-04-05 15:22:13,246 Final Data Prepare ...
2023-04-05 15:22:13,250 AD Fuller Test ...
2023-04-05 15:22:13,401 Creating Sarimax Model Forecasting Insample Feed Gas BP Tangguh ...
2023-04-05 15:22:13,402 Creating SARIMAX Model ...
2023-04-05 15:24:41,765 SARIMAX Model Summary
2023-04-05 15:24:41,771                                       SARIMAX Results                                      
===========================================================================================
Dep. Variable:                                   y   No. Observations:                 2165
Model:             SARIMAX(1, 0, 1)x(1, 1, [], 12)   Log Likelihood              -12057.569
Date:                             Wed, 05 Apr 2023   AIC                          24131.138
Time:                                     15:24:41   BIC                          24176.535
Sample:                                 01-01-2016   HQIC                         24147.745
                                      - 12-04-2021                                         
Covariance Type:                               opg                                         
====================================================================================
                       coef    std err          z      P>|z|      [0.025      0.975]
------------------------------------------------------------------------------------
month               -1.4943      2.339     -0.639      0.523      -6.080       3.091
planned_shutdown  -428.7488      6.241    -68.696      0.000    -440.981    -416.516
day                 -0.3394      0.198     -1.716      0.086      -0.727       0.048
wpnb_gas             0.0370      0.028      1.332      0.183      -0.017       0.091
ar.L1                0.8583      0.008    113.983      0.000       0.844       0.873
ma.L1               -0.4302      0.012    -36.096      0.000      -0.454      -0.407
ar.S.L12            -0.4608      0.007    -64.437      0.000      -0.475      -0.447
sigma2            4137.8788     47.425     87.252      0.000    4044.928    4230.829
===================================================================================
Ljung-Box (L1) (Q):                   0.01   Jarque-Bera (JB):             24819.82
Prob(Q):                              0.93   Prob(JB):                         0.00
Heteroskedasticity (H):               0.26   Skew:                            -0.51
Prob(H) (two-sided):                  0.00   Kurtosis:                        19.60
===================================================================================

Warnings:
[1] Covariance matrix calculated using the outer product of gradients (complex-step).
2023-04-05 15:24:41,779 SARIMAX Model Prediction ..
2023-04-05 15:24:41,835 SARIMAX Model MAPE: 0.0581
2023-04-05 15:24:41,836 Sarimax Model Parameters {'sarimax_order': (1, 0, 1), 'sarimax_seasonal_order': (1, 1, 0, 12)}
