2023-05-05 11:11:45,693 Creating Feed Gas PT Badak Model ....
2023-05-05 11:11:45,693 Connecting to database ...
2023-05-05 11:11:54,247 Finished Query
2023-05-05 11:11:54,247 Null Value Cleaning ...
2023-05-05 11:11:55,034 AD Fuller Test ...
2023-05-05 11:11:55,193 Creating Sarimax Model Forecasting Insample Feed Gas PT Badak ...
2023-05-05 11:11:55,193 Creating SARIMAX Model ...
2023-05-05 11:12:26,627 SARIMAX Model Summary
2023-05-05 11:12:26,631                                SARIMAX Results                                
==============================================================================
Dep. Variable:                      y   No. Observations:                 3283
Model:               SARIMAX(0, 1, 0)   Log Likelihood               34758.871
Date:                Fri, 05 May 2023   AIC                         -69509.742
Time:                        11:12:26   BIC                         -69485.357
Sample:                    01-01-2013   HQIC                        -69501.011
                         - 12-27-2021                                         
Covariance Type:                  opg                                         
==============================================================================
                 coef    std err          z      P>|z|      [0.025      0.975]
------------------------------------------------------------------------------
month       5.076e-16   1.33e-24   3.82e+08      0.000    5.08e-16    5.08e-16
day         1.567e-15   5.35e-24   2.93e+08      0.000    1.57e-15    1.57e-15
fg_exog        1.0000   1.91e-22   5.24e+21      0.000       1.000       1.000
sigma2          1e-10   3.46e-11      2.890      0.004    3.22e-11    1.68e-10
===================================================================================
Ljung-Box (L1) (Q):                 455.84   Jarque-Bera (JB):              1391.84
Prob(Q):                              0.00   Prob(JB):                         0.00
Heteroskedasticity (H):               1.05   Skew:                             0.00
Prob(H) (two-sided):                  0.42   Kurtosis:                         6.19
===================================================================================

Warnings:
[1] Covariance matrix calculated using the outer product of gradients (complex-step).
[2] Covariance matrix is singular or near-singular, with condition number 1.32e+42. Standard errors may be unstable.
2023-05-05 11:12:26,637 SARIMAX Model Prediction ..
2023-05-05 11:12:26,678 SARIMAX Model MAPE: 0.0429
2023-05-05 11:12:26,679 Sarimax Model Parameters {'sarimax_order': (0, 1, 0), 'sarimax_seasonal_order': (0, 0, 0, 12)}
2023-05-05 11:12:26,750 Creating Arimax Model Forecasting Insample Feed Gas PT Badak ...
2023-05-05 11:12:26,750 Creating ARIMAX Model ...
2023-05-05 11:12:33,472 ARIMAX Model Summary
2023-05-05 11:12:33,476                                SARIMAX Results                                
==============================================================================
Dep. Variable:                      y   No. Observations:                 3283
Model:               SARIMAX(0, 1, 0)   Log Likelihood               34758.871
Date:                Fri, 05 May 2023   AIC                         -69509.742
Time:                        11:12:33   BIC                         -69485.357
Sample:                    01-01-2013   HQIC                        -69501.011
                         - 12-27-2021                                         
Covariance Type:                  opg                                         
==============================================================================
                 coef    std err          z      P>|z|      [0.025      0.975]
------------------------------------------------------------------------------
month       5.076e-16   1.33e-24   3.82e+08      0.000    5.08e-16    5.08e-16
day         1.567e-15   5.35e-24   2.93e+08      0.000    1.57e-15    1.57e-15
fg_exog        1.0000   1.91e-22   5.24e+21      0.000       1.000       1.000
sigma2          1e-10   3.46e-11      2.890      0.004    3.22e-11    1.68e-10
===================================================================================
Ljung-Box (L1) (Q):                 455.84   Jarque-Bera (JB):              1391.84
Prob(Q):                              0.00   Prob(JB):                         0.00
Heteroskedasticity (H):               1.05   Skew:                             0.00
Prob(H) (two-sided):                  0.42   Kurtosis:                         6.19
===================================================================================

Warnings:
[1] Covariance matrix calculated using the outer product of gradients (complex-step).
[2] Covariance matrix is singular or near-singular, with condition number 1.32e+42. Standard errors may be unstable.
2023-05-05 11:12:33,481 ARIMAX Model Prediction ..
2023-05-05 11:12:33,513 ARIMAX Model MAPE: 0.0429
2023-05-05 11:12:33,513 Arimax Model Parameters (0, 1, 0)
2023-05-05 11:12:33,584 Creating Prophet Model Forecasting Insample Feed Gas PT Badak ...
2023-05-05 11:12:33,584 Creating Prophet Regressor Object ....
2023-05-05 11:12:33,585 Creating Window Splitter Prophet Model ....
2023-05-05 11:12:33,585 Creating Prophet Model ...
2023-05-05 11:13:39,669 Optimization terminated abnormally. Falling back to Newton.
2023-05-05 11:13:48,889 Optimization terminated abnormally. Falling back to Newton.
2023-05-05 11:22:52,672 Optimization terminated abnormally. Falling back to Newton.
2023-05-05 11:24:32,246 Optimization terminated abnormally. Falling back to Newton.
2023-05-05 11:24:42,111 Optimization terminated abnormally. Falling back to Newton.
2023-05-05 11:25:01,303 Optimization terminated abnormally. Falling back to Newton.
2023-05-05 11:34:07,011 Optimization terminated abnormally. Falling back to Newton.
2023-05-05 11:46:11,060 Optimization terminated abnormally. Falling back to Newton.
2023-05-05 11:46:37,400 Optimization terminated abnormally. Falling back to Newton.
2023-05-05 11:47:58,320 Optimization terminated abnormally. Falling back to Newton.
2023-05-05 11:58:00,372 Optimization terminated abnormally. Falling back to Newton.
2023-05-05 12:08:59,476 Optimization terminated abnormally. Falling back to Newton.
2023-05-05 12:09:31,728 Optimization terminated abnormally. Falling back to Newton.
2023-05-05 12:13:23,944 Optimization terminated abnormally. Falling back to Newton.
2023-05-05 12:17:43,111 Optimization terminated abnormally. Falling back to Newton.
2023-05-05 12:18:53,366 Optimization terminated abnormally. Falling back to Newton.
2023-05-05 12:27:52,630 Optimization terminated abnormally. Falling back to Newton.
2023-05-05 12:29:05,940 Optimization terminated abnormally. Falling back to Newton.
2023-05-05 12:29:37,672 Optimization terminated abnormally. Falling back to Newton.
2023-05-05 12:38:40,823 Optimization terminated abnormally. Falling back to Newton.
2023-05-05 12:49:10,215 Optimization terminated abnormally. Falling back to Newton.
2023-05-05 12:49:34,759 Optimization terminated abnormally. Falling back to Newton.
2023-05-05 12:49:55,100 Optimization terminated abnormally. Falling back to Newton.
2023-05-05 12:53:51,125 Optimization terminated abnormally. Falling back to Newton.
2023-05-05 13:03:52,117 Optimization terminated abnormally. Falling back to Newton.
2023-05-05 13:08:30,886 Show Best Prophet Models ...
2023-05-05 13:08:30,886 Best Prophet Models {'changepoint_prior_scale': 0.1, 'daily_seasonality': 10, 'n_changepoints': 1, 'seasonality_mode': 'additive', 'seasonality_prior_scale': 0.1, 'weekly_seasonality': 1, 'yearly_seasonality': 8}
2023-05-05 13:08:30,886 Prophet Model Prediction ...
2023-05-05 13:08:31,126 Prophet Model MAPE: 0.0429
2023-05-05 13:08:31,193 Creating Random Forest Model Forecasting Insample Feed Gas PT Badak ...
2023-05-05 13:08:31,193 Creating Window Splitter Random Forest Model ....
2023-05-05 13:08:31,193 Creating Random Forest Model ...
2023-05-05 13:10:29,251 Show Best Random Forest Models ...
2023-05-05 13:10:29,251 Best Random Forest Models {'estimator__n_estimators': 150, 'window_length': 30}
2023-05-05 13:10:29,251 Random Forest Model Prediction ...
2023-05-05 13:10:31,645 Random Forest Model MAPE: 0.0631
2023-05-05 13:10:31,706 Creating XGBoost Model Forecasting Insample Feed Gas PT Badak ...
2023-05-05 13:10:31,707 Creating XGBoost Model ....
2023-05-05 13:10:39,476 Show Best XGBoost Models ...
2023-05-05 13:10:39,477 Best XGBoost Models {'estimator__n_estimators': 200, 'window_length': 8}
2023-05-05 13:10:39,477 XGBoost Model Prediction ...
2023-05-05 13:10:39,741 XGBoost Model MAPE: 0.1276
2023-05-05 13:10:39,803 Creating Linear Regression Model Forecasting Insample Feed Gas PT Badak ...
2023-05-05 13:10:39,804 Creating Linear Regression Model ...
2023-05-05 13:10:39,976 Show Best Linear Regression Models ...
2023-05-05 13:10:39,976 Best Linear Regression Models {'window_length': 3}
2023-05-05 13:10:39,976 Linear Regression Model Prediction ...
2023-05-05 13:10:40,002 Linear Regression Model MAPE: 0.0420
2023-05-05 13:10:40,063 Creating Polynomial Regression Degree=2 Model Forecasting Insample Feed Gas PT Badak ...
2023-05-05 13:10:40,064 Creating Polynomial Regression Orde 2 Model ...
2023-05-05 13:10:40,226 Show Best Polynomial Regression Degree=2 Models ...
2023-05-05 13:10:40,226 Best Polynomial Regression Degree=3 Models {'window_length': 1}
2023-05-05 13:10:40,226 Polynomial Regression Degree=2 Model Prediction ...
2023-05-05 13:10:40,262 Polynomial Regression Degree=2 Model MAPE: 0.0437
2023-05-05 13:10:40,331 Creating Polynomial Regression Degree=3 Model Forecasting Insample Feed Gas PT Badak ...
2023-05-05 13:10:40,331 Creating Polynomial Regression Orde 3 Model ...
2023-05-05 13:18:19,539 Show Best Polynomial Regression Degree=3 Models ...
2023-05-05 13:18:19,539 Best Polynomial Regression Degree=3 Models {'window_length': 0.8}
2023-05-05 13:18:19,539 Polynomial Regression Degree=3 Model Prediction ...
2023-05-05 13:19:14,920 Polynomial Regression Degree=3 Model MAPE: 0.1407
2023-05-05 13:19:14,994 Creating best model config dataframe ...
2023-05-05 13:19:15,055 Creating all model params result data frame ...
2023-05-05 13:19:15,056 Creating all model mape result data frame ...
2023-05-05 13:19:15,056 Creating all adjustment value dataframe ...
2023-05-05 13:19:15,056 Updating MAPE result to database ...
2023-05-05 13:19:15,061 Updated rows: 1
2023-05-05 13:19:15,122 Updating Model Parameter result to database ...
2023-05-05 13:19:15,131 Updated rows: 1
2023-05-05 13:19:15,193 Updating Adjustment Value result to database ...
2023-05-05 13:19:15,202 Updated rows: 1
2023-05-05 13:19:15,263 Updating Model Config to database ...
2023-05-05 13:19:15,271 Updated rows: 1
