2023-04-11 15:29:30,531 Creating LNG Production Tangguh Model ...
2023-04-11 15:29:30,531 Connecting to database ...
2023-04-11 15:29:30,560 Cleaning data ...
2023-04-11 15:29:30,648 Null Value Cleaning ...
2023-04-11 15:29:30,659 Unplanned Shutdown Cleaning ...
2023-04-11 15:29:31,048 Final Data Prepare ...
2023-04-11 15:29:31,049 AD Fuller Test ...
2023-04-11 15:29:31,181 Creating Sarimax Model Forecasting Insample LNG Production BP Tangguh ...
2023-04-11 15:29:31,182 Creating SARIMAX Model ...
2023-04-11 15:41:31,535 SARIMAX Model Summary
2023-04-11 15:41:31,538                                       SARIMAX Results                                      
===========================================================================================
Dep. Variable:                                   y   No. Observations:                 2083
Model:             SARIMAX(1, 0, 3)x(2, 1, [], 12)   Log Likelihood              -19100.425
Date:                             Tue, 11 Apr 2023   AIC                          38222.850
Time:                                     15:41:31   BIC                          38284.844
Sample:                                 01-01-2016   HQIC                         38245.572
                                      - 09-13-2021                                         
Covariance Type:                               opg                                         
====================================================================================
                       coef    std err          z      P>|z|      [0.025      0.975]
------------------------------------------------------------------------------------
intercept           18.6184     20.829      0.894      0.371     -22.205      59.442
month              -32.0793     88.988     -0.360      0.718    -206.492     142.334
day                -10.6549      8.358     -1.275      0.202     -27.036       5.727
planned_shutdown -2.401e+04    162.483   -147.782      0.000   -2.43e+04   -2.37e+04
ar.L1                0.9185      0.006    161.954      0.000       0.907       0.930
ma.L1               -0.3693      0.012    -30.225      0.000      -0.393      -0.345
ma.L2               -0.2390      0.015    -15.734      0.000      -0.269      -0.209
ma.L3               -0.0273      0.015     -1.836      0.066      -0.057       0.002
ar.S.L12            -0.6096      0.009    -69.065      0.000      -0.627      -0.592
ar.S.L24            -0.2513      0.009    -27.093      0.000      -0.269      -0.233
sigma2            6.062e+06      0.219   2.76e+07      0.000    6.06e+06    6.06e+06
===================================================================================
Ljung-Box (L1) (Q):                   5.77   Jarque-Bera (JB):             36643.35
Prob(Q):                              0.02   Prob(JB):                         0.00
Heteroskedasticity (H):               0.44   Skew:                            -1.74
Prob(H) (two-sided):                  0.00   Kurtosis:                        23.31
===================================================================================

Warnings:
[1] Covariance matrix calculated using the outer product of gradients (complex-step).
[2] Covariance matrix is singular or near-singular, with condition number 3.36e+21. Standard errors may be unstable.
2023-04-11 15:41:31,543 SARIMAX Model Prediction ..
2023-04-11 15:41:31,586 SARIMAX Model MAPE: 0.0775
2023-04-11 15:41:31,587 Sarimax Model Parameters {'sarimax_order': (1, 0, 3), 'sarimax_seasonal_order': (2, 1, 0, 12)}
2023-04-11 15:41:31,658 Creating Arimax Model Forecasting Insample LNG Production BP Tangguh ...
2023-04-11 15:41:31,659 Creating ARIMAX Model ...
2023-04-11 15:41:37,791 ARIMAX Model Summary
2023-04-11 15:41:37,794                                SARIMAX Results                                
==============================================================================
Dep. Variable:                      y   No. Observations:                 2083
Model:               SARIMAX(0, 1, 3)   Log Likelihood              -18848.171
Date:                Tue, 11 Apr 2023   AIC                          37710.341
Time:                        15:41:37   BIC                          37749.829
Sample:                    01-01-2016   HQIC                         37724.811
                         - 09-13-2021                                         
Covariance Type:                  opg                                         
====================================================================================
                       coef    std err          z      P>|z|      [0.025      0.975]
------------------------------------------------------------------------------------
month              -77.5580     97.708     -0.794      0.427    -269.062     113.946
day                -19.9653      7.954     -2.510      0.012     -35.555      -4.376
planned_shutdown -1.298e+04    214.403    -60.562      0.000   -1.34e+04   -1.26e+04
ma.L1               -0.1945      0.009    -21.129      0.000      -0.213      -0.176
ma.L2               -0.2130      0.008    -27.163      0.000      -0.228      -0.198
ma.L3               -0.0572      0.012     -4.891      0.000      -0.080      -0.034
sigma2            4.235e+06    3.5e+04    120.921      0.000    4.17e+06     4.3e+06
===================================================================================
Ljung-Box (L1) (Q):                   0.28   Jarque-Bera (JB):             91330.30
Prob(Q):                              0.60   Prob(JB):                         0.00
Heteroskedasticity (H):               0.54   Skew:                            -2.12
Prob(H) (two-sided):                  0.00   Kurtosis:                        35.17
===================================================================================

Warnings:
[1] Covariance matrix calculated using the outer product of gradients (complex-step).
2023-04-11 15:41:37,800 ARIMAX Model Prediction ..
2023-04-11 15:41:37,831 ARIMAX Model MAPE: 0.1406
2023-04-11 15:41:37,832 Arimax Model Parameters (0, 1, 3)
2023-04-11 15:41:37,898 Creating Prophet Model Forecasting Insample LNG Production BP Tangguh ...
2023-04-11 15:41:37,898 Creating Prophet Regressor Object ....
2023-04-11 15:41:37,899 Creating Window Splitter Prophet Model ....
2023-04-11 15:41:37,899 Creating Prophet Model ...
2023-04-11 15:41:47,927 Optimization terminated abnormally. Falling back to Newton.
2023-04-11 15:41:54,590 Optimization terminated abnormally. Falling back to Newton.
2023-04-11 15:42:45,770 Show Best Prophet Models ...
2023-04-11 15:42:45,770 Best Prophet Models {'changepoint_prior_scale': 0.5, 'daily_seasonality': 10, 'n_changepoints': 6, 'seasonality_mode': 'multiplicative', 'seasonality_prior_scale': 0.05, 'weekly_seasonality': 1, 'yearly_seasonality': 8}
2023-04-11 15:42:45,770 Prophet Model Prediction ...
2023-04-11 15:42:46,095 Prophet Model MAPE: 0.0308
2023-04-11 15:42:46,158 Creating Random Forest Model Forecasting Insample LNG Production BP Tangguh ...
2023-04-11 15:42:46,158 Creating Window Splitter Random Forest Model ....
2023-04-11 15:42:46,159 Creating Random Forest Model ...
2023-04-11 15:43:22,743 Show Best Random Forest Models ...
2023-04-11 15:43:22,743 Best Random Forest Models {'estimator__n_estimators': 150, 'window_length': 1}
2023-04-11 15:43:22,743 Random Forest Model Prediction ...
2023-04-11 15:43:25,311 Random Forest Model MAPE: 0.0733
2023-04-11 15:43:25,375 Creating XGBoost Model Forecasting Insample LNG Production BP Tangguh ...
2023-04-11 15:43:25,375 Creating XGBoost Model ....
2023-04-11 15:43:29,425 Show Best XGBoost Models ...
2023-04-11 15:43:29,425 Best XGBoost Models {'estimator__n_estimators': 100, 'window_length': 2}
2023-04-11 15:43:29,425 XGBoost Model Prediction ...
2023-04-11 15:43:29,708 XGBoost Model MAPE: 0.0698
2023-04-11 15:43:29,771 Creating Linear Regression Model Forecasting Insample LNG Production BP Tangguh ...
2023-04-11 15:43:29,772 Creating Linear Regression Model ...
2023-04-11 15:43:29,981 Show Best Linear Regression Models ...
2023-04-11 15:43:29,981 Best Linear Regression Models {'window_length': 2}
2023-04-11 15:43:29,981 Linear Regression Model Prediction ...
2023-04-11 15:43:30,008 Linear Regression Model MAPE: 0.0494
2023-04-11 15:43:30,071 Creating Polynomial Regression Degree=2 Model Forecasting Insample LNG Production BP Tangguh ...
2023-04-11 15:43:30,072 Creating Polynomial Regression Orde 2 Model ...
2023-04-11 15:43:30,199 Show Best Polynomial Regression Degree=2 Models ...
2023-04-11 15:43:30,199 Best Polynomial Regression Degree=3 Models {'window_length': 1}
2023-04-11 15:43:30,199 Polynomial Regression Degree=2 Model Prediction ...
2023-04-11 15:43:30,236 Polynomial Regression Degree=2 Model MAPE: 0.0479
2023-04-11 15:43:30,306 Creating Polynomial Regression Degree=3 Model Forecasting Insample LNG Production BP Tangguh ...
2023-04-11 15:43:30,307 Creating Polynomial Regression Orde 3 Model ...
2023-04-11 15:43:50,299 Show Best Polynomial Regression Degree=3 Models ...
2023-04-11 15:43:50,299 Best Polynomial Regression Degree=3 Models {'window_length': 0.8}
2023-04-11 15:43:50,299 Polynomial Regression Degree=3 Model Prediction ...
2023-04-11 15:43:56,067 Polynomial Regression Degree=3 Model MAPE: 0.1495
2023-04-11 15:43:56,130 Creating best model config dataframe ...
2023-04-11 15:43:56,191 Creating all model mape result data frame ...
2023-04-11 15:43:56,191 Creating all model params result data frame ...
2023-04-11 15:43:56,191 Creating all adjustment value dataframe ...
2023-04-11 15:43:56,192 Updating MAPE result to database ...
2023-04-11 15:43:56,196 Updated rows: 1
2023-04-11 15:43:56,258 Updating Model Parameter result to database ...
2023-04-11 15:43:56,263 Updated rows: 1
2023-04-11 15:43:56,324 Updating Adjustment Value result to database ...
2023-04-11 15:43:56,328 Updated rows: 1
2023-04-11 15:43:56,389 Updating Model Config to database ...
2023-04-11 15:43:56,393 Updated rows: 1
