2023-05-04 18:08:37,852 Forecasting LNG Production PT Badak ...
2023-05-04 18:08:37,852 Connecting to database ...
2023-05-04 18:08:37,882 Connected to Database
2023-05-04 18:08:39,282 Finished Query
2023-05-04 18:08:39,282 Null Value Cleaning ...
2023-05-04 18:08:39,425 AD Fuller Test ...
2023-05-04 18:08:39,596 Creating Sarimax Model Forecasting Insample LNG Production PT Badak ...
2023-05-04 18:08:39,596 Creating SARIMAX Model ...
2023-05-04 18:11:22,909 SARIMAX Model Summary
2023-05-04 18:11:22,913                                        SARIMAX Results                                        
==============================================================================================
Dep. Variable:                                      y   No. Observations:                 3283
Model:             SARIMAX(1, 1, 1)x(0, 0, [1, 2], 4)   Log Likelihood              -27134.343
Date:                                Thu, 04 May 2023   AIC                          54284.687
Time:                                        18:11:22   BIC                          54333.456
Sample:                                    01-01-2013   HQIC                         54302.149
                                         - 12-27-2021                                         
Covariance Type:                                  opg                                         
==============================================================================
                 coef    std err          z      P>|z|      [0.025      0.975]
------------------------------------------------------------------------------
month        -20.6136     12.360     -1.668      0.095     -44.839       3.611
fg_exog       40.8221      0.137    298.227      0.000      40.554      41.090
day           -0.8927      2.048     -0.436      0.663      -4.906       3.121
ar.L1          0.1259      0.014      9.311      0.000       0.099       0.152
ma.L1         -0.9532      0.005   -176.143      0.000      -0.964      -0.943
ma.S.L4        0.0322      0.017      1.864      0.062      -0.002       0.066
ma.S.L8        0.0365      0.016      2.309      0.021       0.006       0.068
sigma2      8.877e+05   9679.859     91.703      0.000    8.69e+05    9.07e+05
===================================================================================
Ljung-Box (L1) (Q):                   0.26   Jarque-Bera (JB):             15099.74
Prob(Q):                              0.61   Prob(JB):                         0.00
Heteroskedasticity (H):               0.51   Skew:                            -0.88
Prob(H) (two-sided):                  0.00   Kurtosis:                        13.36
===================================================================================

Warnings:
[1] Covariance matrix calculated using the outer product of gradients (complex-step).
2023-05-04 18:11:22,920 SARIMAX Model Prediction ..
2023-05-04 18:11:22,956 SARIMAX Model MAPE: 0.0589
2023-05-04 18:11:22,957 Sarimax Model Parameters {'sarimax_order': (1, 1, 1), 'sarimax_seasonal_order': (0, 0, 2, 4)}
2023-05-04 18:11:23,031 Creating Arimax Model Forecasting Insample LNG Production PT Badak ...
2023-05-04 18:11:23,031 Creating ARIMAX Model ...
2023-05-04 18:12:58,180 ARIMAX Model Summary
2023-05-04 18:12:58,184                                SARIMAX Results                                
==============================================================================
Dep. Variable:                      y   No. Observations:                 3283
Model:               SARIMAX(1, 1, 3)   Log Likelihood              -27128.376
Date:                Thu, 04 May 2023   AIC                          54272.753
Time:                        18:12:58   BIC                          54321.523
Sample:                    01-01-2013   HQIC                         54290.215
                         - 12-27-2021                                         
Covariance Type:                  opg                                         
==============================================================================
                 coef    std err          z      P>|z|      [0.025      0.975]
------------------------------------------------------------------------------
month         -9.0508     12.606     -0.718      0.473     -33.758      15.657
day           -0.8826      2.199     -0.401      0.688      -5.193       3.428
fg_exog       40.8506      0.147    278.108      0.000      40.563      41.138
ar.L1          0.8877      0.040     22.334      0.000       0.810       0.966
ma.L1         -1.7281      0.043    -40.464      0.000      -1.812      -1.644
ma.L2          0.6890      0.038     18.208      0.000       0.615       0.763
ma.L3          0.0432      0.016      2.730      0.006       0.012       0.074
sigma2      9.267e+05   1.04e+04     89.424      0.000    9.06e+05    9.47e+05
===================================================================================
Ljung-Box (L1) (Q):                   0.00   Jarque-Bera (JB):             15505.42
Prob(Q):                              0.97   Prob(JB):                         0.00
Heteroskedasticity (H):               0.50   Skew:                            -0.88
Prob(H) (two-sided):                  0.00   Kurtosis:                        13.50
===================================================================================

Warnings:
[1] Covariance matrix calculated using the outer product of gradients (complex-step).
[2] Covariance matrix is singular or near-singular, with condition number 5.95e+14. Standard errors may be unstable.
2023-05-04 18:12:58,191 ARIMAX Model Prediction ..
2023-05-04 18:12:58,224 ARIMAX Model MAPE: 0.0588
2023-05-04 18:12:58,224 Arimax Model Parameters (1, 1, 3)
2023-05-04 18:12:58,296 Creating Prophet Model Forecasting Insample LNG Production PT Badak ...
2023-05-04 18:12:58,296 Creating Prophet Regressor Object ....
2023-05-04 18:12:58,296 Creating Window Splitter Prophet Model ....
2023-05-04 18:12:58,297 Creating Prophet Model ...
2023-05-04 18:19:05,078 Show Best Prophet Models ...
2023-05-04 18:19:05,078 Best Prophet Models {'changepoint_prior_scale': 0.1, 'daily_seasonality': 10, 'n_changepoints': 7, 'seasonality_mode': 'additive', 'seasonality_prior_scale': 0.1, 'weekly_seasonality': 1, 'yearly_seasonality': 8}
2023-05-04 18:19:05,078 Prophet Model Prediction ...
2023-05-04 18:19:05,399 Prophet Model MAPE: 0.0616
2023-05-04 18:19:05,460 Creating Random Forest Model Forecasting Insample LNG Production PT Badak ...
2023-05-04 18:19:05,461 Creating Window Splitter Random Forest Model ....
2023-05-04 18:19:05,461 Creating Random Forest Model ...
2023-05-04 18:21:46,909 Show Best Random Forest Models ...
2023-05-04 18:21:46,910 Best Random Forest Models {'estimator__n_estimators': 100, 'window_length': 30}
2023-05-04 18:21:46,910 Random Forest Model Prediction ...
2023-05-04 18:21:48,689 Random Forest Model MAPE: 0.0705
2023-05-04 18:21:48,750 Creating XGBoost Model Forecasting Insample LNG Production PT Badak ...
2023-05-04 18:21:48,751 Creating XGBoost Model ....
2023-05-04 18:21:55,381 Show Best XGBoost Models ...
2023-05-04 18:21:55,381 Best XGBoost Models {'estimator__n_estimators': 100, 'window_length': 30}
2023-05-04 18:21:55,381 XGBoost Model Prediction ...
2023-05-04 18:21:55,661 XGBoost Model MAPE: 0.0741
2023-05-04 18:21:55,722 Creating Linear Regression Model Forecasting Insample LNG Production PT Badak ...
2023-05-04 18:21:55,723 Creating Linear Regression Model ...
2023-05-04 18:21:55,968 Show Best Linear Regression Models ...
2023-05-04 18:21:55,969 Best Linear Regression Models {'window_length': 2}
2023-05-04 18:21:55,969 Linear Regression Model Prediction ...
2023-05-04 18:21:55,998 Linear Regression Model MAPE: 0.0646
2023-05-04 18:21:56,059 Creating Polynomial Regression Degree=2 Model Forecasting Insample LNG Production PT Badak ...
2023-05-04 18:21:56,060 Creating Polynomial Regression Orde 2 Model ...
2023-05-04 18:21:56,223 Show Best Polynomial Regression Degree=2 Models ...
2023-05-04 18:21:56,223 Best Polynomial Regression Degree=3 Models {'window_length': 1}
2023-05-04 18:21:56,223 Polynomial Regression Degree=2 Model Prediction ...
2023-05-04 18:21:56,260 Polynomial Regression Degree=2 Model MAPE: 0.0610
2023-05-04 18:21:56,328 Creating Polynomial Regression Degree=3 Model Forecasting Insample LNG Production PT Badak ...
2023-05-04 18:21:56,328 Creating Polynomial Regression Orde 3 Model ...
2023-05-04 18:21:56,514 Show Best Polynomial Regression Degree=3 Models ...
2023-05-04 18:21:56,514 Best Polynomial Regression Degree=3 Models {'window_length': 1}
2023-05-04 18:21:56,514 Polynomial Regression Degree=3 Model Prediction ...
2023-05-04 18:21:56,551 Polynomial Regression Degree=3 Model MAPE: 0.0597
2023-05-04 18:21:56,619 Creating best model config dataframe ...
2023-05-04 18:21:56,680 Creating all model params result data frame ...
2023-05-04 18:21:56,680 Creating all model mape result data frame ...
2023-05-04 18:21:56,681 Creating all adjustment value dataframe ...
2023-05-04 18:21:56,681 Updating MAPE result to database ...
2023-05-04 18:21:56,685 Updated rows: 1
2023-05-04 18:21:56,744 Updating Model Parameter result to database ...
2023-05-04 18:21:56,752 Updated rows: 1
2023-05-04 18:21:56,812 Updating Adjustment Value result to database ...
2023-05-04 18:21:56,821 Updated rows: 1
2023-05-04 18:21:56,882 Updating Model Config to database ...
2023-05-04 18:21:56,890 Updated rows: 1
