2023-06-30 13:06:24,103 Connecting to database ...
2023-06-30 13:06:24,193 LPG C4 PT Badak Null Value Cleaning ...
2023-06-30 13:06:24,368 Finished Query
2023-06-30 13:06:24,369 Null Value Cleaning ...
2023-06-30 13:06:24,370 AD Fuller Test ...
2023-06-30 13:06:24,440 Creating Sarimax Model Forecasting Insample LPG C4 PT Badak ...
2023-06-30 13:06:24,441 Creating SARIMAX Model ...
2023-06-30 13:06:45,157 SARIMAX Model Summary
2023-06-30 13:06:45,159                                       SARIMAX Results                                      
===========================================================================================
Dep. Variable:                                   y   No. Observations:                  110
Model:             SARIMAX(1, 0, 1)x(2, 1, [], 12)   Log Likelihood                -575.669
Date:                             Fri, 30 Jun 2023   AIC                           1165.339
Time:                                     13:06:45   BIC                           1183.434
Sample:                                 07-01-2022   HQIC                          1172.658
                                      - 10-18-2022                                         
Covariance Type:                               opg                                         
==============================================================================
                 coef    std err          z      P>|z|      [0.025      0.975]
------------------------------------------------------------------------------
day           -0.9931      1.585     -0.627      0.531      -4.099       2.113
fg_exog        0.0500      0.299      0.167      0.867      -0.536       0.636
ar.L1          0.9365      0.058     16.096      0.000       0.823       1.051
ma.L1         -0.6194      0.096     -6.484      0.000      -0.807      -0.432
ar.S.L12      -0.9459      0.081    -11.642      0.000      -1.105      -0.787
ar.S.L24      -0.3348      0.084     -3.992      0.000      -0.499      -0.170
sigma2      6601.0341    975.847      6.764      0.000    4688.408    8513.660
===================================================================================
Ljung-Box (L1) (Q):                   1.35   Jarque-Bera (JB):                16.09
Prob(Q):                              0.24   Prob(JB):                         0.00
Heteroskedasticity (H):               0.13   Skew:                            -0.70
Prob(H) (two-sided):                  0.00   Kurtosis:                         4.40
===================================================================================

Warnings:
[1] Covariance matrix calculated using the outer product of gradients (complex-step).
2023-06-30 13:06:45,165 SARIMAX Model Prediction ..
2023-06-30 13:06:45,178 SARIMAX Model MAPE: 0.0598
2023-06-30 13:06:45,179 Sarimax Model Parameters {'sarimax_order': (1, 0, 1), 'sarimax_seasonal_order': (2, 1, 0, 12)}
2023-06-30 13:06:45,253 Creating Arimax Model Forecasting Insample LPG C4 PT Badak ...
2023-06-30 13:06:45,254 Creating ARIMAX Model ...
2023-06-30 13:06:47,857 ARIMAX Model Summary
2023-06-30 13:06:47,859                                SARIMAX Results                                
==============================================================================
Dep. Variable:                      y   No. Observations:                  110
Model:               SARIMAX(1, 0, 2)   Log Likelihood                -630.436
Date:                Fri, 30 Jun 2023   AIC                           1274.873
Time:                        13:06:47   BIC                           1293.776
Sample:                    07-01-2022   HQIC                          1282.540
                         - 10-18-2022                                         
Covariance Type:                  opg                                         
==============================================================================
                 coef    std err          z      P>|z|      [0.025      0.975]
------------------------------------------------------------------------------
intercept     13.7255     19.796      0.693      0.488     -25.073      52.524
day           -1.2241      2.305     -0.531      0.595      -5.742       3.294
fg_exog        0.0177      0.401      0.044      0.965      -0.767       0.803
ar.L1          0.9714      0.037     26.413      0.000       0.899       1.043
ma.L1         -0.4733      0.069     -6.814      0.000      -0.609      -0.337
ma.L2         -0.2196      0.100     -2.196      0.028      -0.416      -0.024
sigma2      5446.0441    587.611      9.268      0.000    4294.348    6597.740
===================================================================================
Ljung-Box (L1) (Q):                   0.01   Jarque-Bera (JB):               140.76
Prob(Q):                              0.92   Prob(JB):                         0.00
Heteroskedasticity (H):               0.09   Skew:                            -1.45
Prob(H) (two-sided):                  0.00   Kurtosis:                         7.72
===================================================================================

Warnings:
[1] Covariance matrix calculated using the outer product of gradients (complex-step).
2023-06-30 13:06:47,863 ARIMAX Model Prediction ..
2023-06-30 13:06:47,871 ARIMAX Model MAPE: 0.0618
2023-06-30 13:06:47,871 Arimax Model Parameters (1, 0, 2)
2023-06-30 13:06:47,930 Creating Prophet Model Forecasting Insample LPG C4 PT Badak ...
2023-06-30 13:06:47,930 Creating Prophet Regressor Object ....
2023-06-30 13:06:47,931 Creating Window Splitter Prophet Model ....
2023-06-30 13:06:47,931 Creating Prophet Model ...
2023-06-30 13:08:53,222 Show Best Prophet Models ...
2023-06-30 13:08:53,222 Best Prophet Models {'changepoint_prior_scale': 0.002, 'daily_seasonality': 10, 'n_changepoints': 5, 'seasonality_mode': 'additive', 'seasonality_prior_scale': 1, 'weekly_seasonality': 10, 'yearly_seasonality': 7}
2023-06-30 13:08:53,222 Prophet Model Prediction ...
2023-06-30 13:08:53,565 Prophet Model MAPE: 0.1035
2023-06-30 13:08:53,643 Creating Random Forest Model Forecasting Insample LPG C4 PT Badak ...
2023-06-30 13:08:53,644 Creating Window Splitter Random Forest Model ....
2023-06-30 13:08:53,644 Creating Random Forest Model ...
2023-06-30 13:08:56,656 Show Best Random Forest Models ...
2023-06-30 13:08:56,656 Best Random Forest Models {'estimator__n_estimators': 200, 'window_length': 7}
2023-06-30 13:08:56,656 Random Forest Model Prediction ...
2023-06-30 13:08:56,911 Random Forest Model MAPE: 0.0704
2023-06-30 13:08:56,972 Creating XGBoost Model Forecasting Insample LPG C4 PT Badak ...
2023-06-30 13:08:56,972 Creating XGBoost Model ....
2023-06-30 13:09:33,062 Show Best XGBoost Models ...
2023-06-30 13:09:33,063 Best XGBoost Models {'estimator__n_estimators': 100, 'window_length': 7}
2023-06-30 13:09:33,063 XGBoost Model Prediction ...
2023-06-30 13:09:33,191 XGBoost Model MAPE: 0.0710
2023-06-30 13:09:33,252 Creating Linear Regression Model Forecasting Insample LPG C4 PT Badak ...
2023-06-30 13:09:33,253 Creating Linear Regression Model ...
2023-06-30 13:09:33,321 Show Best Linear Regression Models ...
2023-06-30 13:09:33,321 Best Linear Regression Models {'window_length': 3}
2023-06-30 13:09:33,321 Linear Regression Model Prediction ...
2023-06-30 13:09:33,326 Linear Regression Model MAPE: 0.1496
2023-06-30 13:09:33,388 Creating Polynomial Regression Degree=2 Model Forecasting Insample LPG C4 PT Badak ...
2023-06-30 13:09:33,388 Creating Polynomial Regression Orde 2 Model ...
2023-06-30 13:09:33,431 Show Best Polynomial Regression Degree=2 Models ...
2023-06-30 13:09:33,431 Best Polynomial Regression Degree=2 Models {'window_length': 1}
2023-06-30 13:09:33,431 Polynomial Regression Degree=2 Model Prediction ...
2023-06-30 13:09:33,436 Polynomial Regression Degree=2 Model MAPE: 0.1074
2023-06-30 13:09:33,496 Creating Polynomial Regression Degree=3 Model Forecasting Insample LPG C4 PT Badak ...
2023-06-30 13:09:33,496 Creating Polynomial Regression Orde 3 Model ...
2023-06-30 13:09:33,635 Show Best Polynomial Regression Degree=3 Models ...
2023-06-30 13:09:33,635 Best Polynomial Regression Degree=3 Models {'window_length': 0.8}
2023-06-30 13:09:33,635 Polynomial Regression Degree=3 Model Prediction ...
2023-06-30 13:09:33,713 Polynomial Regression Degree=3 Model MAPE: 0.1545
2023-06-30 13:09:33,774 Creating best model config dataframe ...
2023-06-30 13:09:33,836 Creating all model mape result data frame ...
2023-06-30 13:09:33,836 Creating all model params result data frame ...
2023-06-30 13:09:33,836 Updating MAPE result to database ...
2023-06-30 13:09:33,841 Updated rows: 1
2023-06-30 13:09:33,901 Updating Model Parameter result to database ...
2023-06-30 13:09:33,905 Updated rows: 1
2023-06-30 13:09:33,967 Updating Model Config to database ...
2023-06-30 13:09:33,971 Updated rows: 1
