2023-05-09 10:55:15,038 Connecting to database ...
2023-05-09 10:55:16,753 Condensate PT Badak Prepare Data ...
2023-05-09 10:55:17,094 Finished Query
2023-05-09 10:55:17,094 Null Value Cleaning ...
2023-05-09 10:55:17,096 Condensate PT Badak Data Smoothing ...
2023-05-09 10:55:17,836 AD Fuller Test ...
2023-05-09 10:55:18,018 Creating Sarimax Model Forecasting Insample Condensate PT Badak ...
2023-05-09 10:55:18,019 Creating SARIMAX Model ...
2023-05-09 10:57:17,028 SARIMAX Model Summary
2023-05-09 10:57:17,037                                SARIMAX Results                                
==============================================================================
Dep. Variable:                      y   No. Observations:                 3283
Model:               SARIMAX(1, 1, 1)   Log Likelihood              -21419.890
Date:                Tue, 09 May 2023   AIC                          42851.779
Time:                        10:57:17   BIC                          42888.356
Sample:                    01-01-2013   HQIC                         42864.876
                         - 12-27-2021                                         
Covariance Type:                  opg                                         
==============================================================================
                 coef    std err          z      P>|z|      [0.025      0.975]
------------------------------------------------------------------------------
month         -3.4239      2.435     -1.406      0.160      -8.197       1.349
day            0.9607      0.344      2.790      0.005       0.286       1.635
fg_exog        1.2864      0.025     52.389      0.000       1.238       1.334
ar.L1         -0.0737      0.011     -6.874      0.000      -0.095      -0.053
ma.L1         -0.9190      0.007   -126.993      0.000      -0.933      -0.905
sigma2       2.73e+04    287.931     94.798      0.000    2.67e+04    2.79e+04
===================================================================================
Ljung-Box (L1) (Q):                   0.01   Jarque-Bera (JB):             30756.89
Prob(Q):                              0.93   Prob(JB):                         0.00
Heteroskedasticity (H):               0.20   Skew:                             1.43
Prob(H) (two-sided):                  0.00   Kurtosis:                        17.72
===================================================================================

Warnings:
[1] Covariance matrix calculated using the outer product of gradients (complex-step).
2023-05-09 10:57:17,051 SARIMAX Model Prediction ..
2023-05-09 10:57:17,117 SARIMAX Model MAPE: 0.1610
2023-05-09 10:57:17,120 Sarimax Model Parameters {'sarimax_order': (1, 1, 1), 'sarimax_seasonal_order': (0, 0, 0, 12)}
2023-05-09 10:57:17,192 Creating Arimax Model Forecasting Insample Condensate PT Badak ...
2023-05-09 10:57:17,193 Creating ARIMAX Model ...
2023-05-09 10:58:33,212 ARIMAX Model Summary
2023-05-09 10:58:33,219                                SARIMAX Results                                
==============================================================================
Dep. Variable:                      y   No. Observations:                 3283
Model:               SARIMAX(2, 1, 3)   Log Likelihood              -21414.954
Date:                Tue, 09 May 2023   AIC                          42849.907
Time:                        10:58:33   BIC                          42910.869
Sample:                    01-01-2013   HQIC                         42871.735
                         - 12-27-2021                                         
Covariance Type:                  opg                                         
==============================================================================
                 coef    std err          z      P>|z|      [0.025      0.975]
------------------------------------------------------------------------------
intercept     -0.6309      0.788     -0.801      0.423      -2.175       0.913
month         -3.1547      2.436     -1.295      0.195      -7.929       1.619
day            0.9737      0.354      2.751      0.006       0.280       1.667
fg_exog        1.2866      0.025     50.885      0.000       1.237       1.336
ar.L1         -1.5967      0.090    -17.751      0.000      -1.773      -1.420
ar.L2         -0.7534      0.065    -11.637      0.000      -0.880      -0.627
ma.L1          0.6162      0.092      6.723      0.000       0.437       0.796
ma.L2         -0.7165      0.051    -14.138      0.000      -0.816      -0.617
ma.L3         -0.6580      0.063    -10.488      0.000      -0.781      -0.535
sigma2       2.74e+04    314.100     87.236      0.000    2.68e+04     2.8e+04
===================================================================================
Ljung-Box (L1) (Q):                   0.22   Jarque-Bera (JB):             30968.90
Prob(Q):                              0.64   Prob(JB):                         0.00
Heteroskedasticity (H):               0.20   Skew:                             1.41
Prob(H) (two-sided):                  0.00   Kurtosis:                        17.78
===================================================================================

Warnings:
[1] Covariance matrix calculated using the outer product of gradients (complex-step).
2023-05-09 10:58:33,248 ARIMAX Model Prediction ..
2023-05-09 10:58:33,306 ARIMAX Model MAPE: 0.1918
2023-05-09 10:58:33,308 Arimax Model Parameters (2, 1, 3)
2023-05-09 10:58:33,379 Creating Prophet Model Forecasting Insample Condensate PT Badak ...
2023-05-09 10:58:33,379 Creating Prophet Regressor Object ....
2023-05-09 10:58:33,381 Creating Window Splitter Prophet Model ....
2023-05-09 10:58:33,382 Creating Prophet Model ...
2023-05-09 11:03:45,854 Show Best Prophet Models ...
2023-05-09 11:03:45,854 Best Prophet Models {'changepoint_prior_scale': 0.1, 'daily_seasonality': 10, 'n_changepoints': 30, 'seasonality_mode': 'multiplicative', 'seasonality_prior_scale': 0.05, 'weekly_seasonality': 1, 'yearly_seasonality': 10}
2023-05-09 11:03:45,854 Prophet Model Prediction ...
2023-05-09 11:03:46,513 Prophet Model MAPE: 0.2470
2023-05-09 11:03:46,580 Creating Random Forest Model Forecasting Insample Condensate PT Badak ...
2023-05-09 11:03:46,581 Creating Window Splitter Random Forest Model ....
2023-05-09 11:03:46,582 Creating Random Forest Model ...
2023-05-09 11:07:12,995 Show Best Random Forest Models ...
2023-05-09 11:07:12,995 Best Random Forest Models {'estimator__n_estimators': 200, 'window_length': 30}
2023-05-09 11:07:12,995 Random Forest Model Prediction ...
2023-05-09 11:07:21,757 Random Forest Model MAPE: 0.1896
2023-05-09 11:07:21,822 Creating XGBoost Model Forecasting Insample Condensate PT Badak ...
2023-05-09 11:07:21,823 Creating XGBoost Model ....
2023-05-09 11:07:32,561 Show Best XGBoost Models ...
2023-05-09 11:07:32,562 Best XGBoost Models {'estimator__n_estimators': 200, 'window_length': 30}
2023-05-09 11:07:32,563 XGBoost Model Prediction ...
2023-05-09 11:07:33,106 XGBoost Model MAPE: 0.2024
2023-05-09 11:07:33,172 Creating Linear Regression Model Forecasting Insample Condensate PT Badak ...
2023-05-09 11:07:33,173 Creating Linear Regression Model ...
2023-05-09 11:07:33,713 Show Best Linear Regression Models ...
2023-05-09 11:07:33,714 Best Linear Regression Models {'window_length': 7}
2023-05-09 11:07:33,714 Linear Regression Model Prediction ...
2023-05-09 11:07:33,768 Linear Regression Model MAPE: 0.1431
2023-05-09 11:07:33,834 Creating Polynomial Regression Degree=2 Model Forecasting Insample Condensate PT Badak ...
2023-05-09 11:07:33,836 Creating Polynomial Regression Orde 2 Model ...
2023-05-09 11:13:49,734 Show Best Polynomial Regression Degree=2 Models ...
2023-05-09 11:13:49,735 Best Polynomial Regression Degree=2 Models {'window_length': 0.8}
2023-05-09 11:13:49,735 Polynomial Regression Degree=2 Model Prediction ...
2023-05-09 11:15:43,099 Polynomial Regression Degree=2 Model MAPE: 0.2605
2023-05-09 11:15:43,176 Creating Polynomial Regression Degree=3 Model Forecasting Insample Condensate PT Badak ...
2023-05-09 11:15:43,178 Creating Polynomial Regression Orde 3 Model ...
2023-05-09 11:24:17,734 Show Best Polynomial Regression Degree=3 Models ...
2023-05-09 11:24:17,734 Best Polynomial Regression Degree=3 Models {'window_length': 0.8}
2023-05-09 11:24:17,734 Polynomial Regression Degree=3 Model Prediction ...
2023-05-09 11:26:15,119 Polynomial Regression Degree=3 Model MAPE: 0.2618
2023-05-09 11:26:15,196 Creating best model config dataframe ...
2023-05-09 11:26:15,263 Creating all model mape result data frame ...
2023-05-09 11:26:15,264 Creating all model params result data frame ...
2023-05-09 11:26:15,265 Updating MAPE result to database ...
2023-05-09 11:26:15,276 Updated rows: 1
2023-05-09 11:26:15,341 Updating Model Parameter result to database ...
2023-05-09 11:26:15,349 Updated rows: 1
2023-05-09 11:26:15,414 Updating Model Config to database ...
2023-05-09 11:26:15,423 Updated rows: 1
