2023-05-08 10:52:01,068 Creating Condensate Tangguh Model ...
2023-05-08 10:52:01,068 Connecting to database ...
2023-05-08 10:52:01,096 Cleaning data ...
2023-05-08 10:52:02,462 Null Value Cleaning ...
2023-05-08 10:52:02,473 Unplanned Shutdown Cleaning ...
2023-05-08 10:52:02,848 AD Fuller Test ...
2023-05-08 10:52:02,976 Creating Sarimax Model Forecasting Insample Condensate BP Tangguh ...
2023-05-08 10:52:02,976 Creating SARIMAX Model ...
2023-05-08 11:11:27,816 SARIMAX Model Summary
2023-05-08 11:11:27,818                                       SARIMAX Results                                      
===========================================================================================
Dep. Variable:                                   y   No. Observations:                 2040
Model:             SARIMAX(1, 0, 2)x(2, 1, [], 12)   Log Likelihood              -15109.308
Date:                             Mon, 08 May 2023   AIC                          30238.616
Time:                                     11:11:27   BIC                          30294.764
Sample:                                 01-01-2016   HQIC                         30259.218
                                      - 08-01-2021                                         
Covariance Type:                               opg                                         
====================================================================================
                       coef    std err          z      P>|z|      [0.025      0.975]
------------------------------------------------------------------------------------
month               -5.9882     11.832     -0.506      0.613     -29.178      17.202
planned_shutdown -2685.4701     39.958    -67.207      0.000   -2763.787   -2607.154
day                 -2.4820      1.425     -1.742      0.082      -5.275       0.311
wpnb_oil             0.0552      0.042      1.308      0.191      -0.027       0.138
ar.L1                0.8756      0.016     53.395      0.000       0.843       0.908
ma.L1               -0.5806      0.018    -31.903      0.000      -0.616      -0.545
ma.L2               -0.0581      0.016     -3.663      0.000      -0.089      -0.027
ar.S.L12            -0.6365      0.009    -71.249      0.000      -0.654      -0.619
ar.S.L24            -0.3110      0.010    -32.681      0.000      -0.330      -0.292
sigma2            1.712e+05   1513.234    113.114      0.000    1.68e+05    1.74e+05
===================================================================================
Ljung-Box (L1) (Q):                   0.16   Jarque-Bera (JB):             78207.77
Prob(Q):                              0.69   Prob(JB):                         0.00
Heteroskedasticity (H):               0.71   Skew:                            -2.00
Prob(H) (two-sided):                  0.00   Kurtosis:                        33.16
===================================================================================

Warnings:
[1] Covariance matrix calculated using the outer product of gradients (complex-step).
2023-05-08 11:11:27,823 SARIMAX Model Prediction ..
2023-05-08 11:11:27,860 SARIMAX Model MAPE: 0.0537
2023-05-08 11:11:27,861 Sarimax Model Parameters {'sarimax_order': (1, 0, 2), 'sarimax_seasonal_order': (2, 1, 0, 12)}
2023-05-08 11:11:27,928 Creating Arimax Model Forecasting Insample Condensate BP Tangguh ...
2023-05-08 11:11:27,929 Creating ARIMAX Model ...
2023-05-08 11:11:44,351 ARIMAX Model Summary
2023-05-08 11:11:44,354                                SARIMAX Results                                
==============================================================================
Dep. Variable:                      y   No. Observations:                 2040
Model:               SARIMAX(2, 0, 1)   Log Likelihood              -14962.620
Date:                Mon, 08 May 2023   AIC                          29943.239
Time:                        11:11:44   BIC                          29993.825
Sample:                    01-01-2016   HQIC                         29961.795
                         - 08-01-2021                                         
Covariance Type:                  opg                                         
====================================================================================
                       coef    std err          z      P>|z|      [0.025      0.975]
------------------------------------------------------------------------------------
intercept           19.1938     25.861      0.742      0.458     -31.492      69.880
month                2.5490     12.582      0.203      0.839     -22.111      27.209
planned_shutdown -1357.6465     46.668    -29.092      0.000   -1449.114   -1266.179
day                 -2.9109      1.574     -1.850      0.064      -5.995       0.173
wpnb_oil             0.0690      0.049      1.419      0.156      -0.026       0.164
ar.L1                1.1691      0.017     66.870      0.000       1.135       1.203
ar.L2               -0.1727      0.016    -10.927      0.000      -0.204      -0.142
ma.L1               -0.7274      0.016    -45.364      0.000      -0.759      -0.696
sigma2            1.345e+05   1188.622    113.142      0.000    1.32e+05    1.37e+05
===================================================================================
Ljung-Box (L1) (Q):                   0.06   Jarque-Bera (JB):            233869.11
Prob(Q):                              0.81   Prob(JB):                         0.00
Heteroskedasticity (H):               0.78   Skew:                            -3.60
Prob(H) (two-sided):                  0.00   Kurtosis:                        54.96
===================================================================================

Warnings:
[1] Covariance matrix calculated using the outer product of gradients (complex-step).
2023-05-08 11:11:44,361 ARIMAX Model Prediction ..
2023-05-08 11:11:44,391 ARIMAX Model MAPE: 0.0836
2023-05-08 11:11:44,391 Arimax Model Parameters (2, 0, 1)
2023-05-08 11:11:44,455 Creating Prophet Model Forecasting Insample Condensate BP Tangguh ...
2023-05-08 11:11:44,455 Creating Prophet Regressor Object ....
2023-05-08 11:11:44,455 Creating Window Splitter Prophet Model ....
2023-05-08 11:11:44,456 Creating Prophet Model ...
2023-05-08 11:11:51,955 Optimization terminated abnormally. Falling back to Newton.
2023-05-08 11:12:26,492 Best Prophet Models {'changepoint_prior_scale': 0.1, 'daily_seasonality': 10, 'n_changepoints': 13, 'seasonality_mode': 'additive', 'seasonality_prior_scale': 0.2, 'weekly_seasonality': 1, 'yearly_seasonality': 8}
2023-05-08 11:12:26,492 Prophet Model Prediction ...
2023-05-08 11:12:26,825 Prophet Model MAPE: 0.0509
2023-05-08 11:12:26,888 Creating Random Forest Model Forecasting Insample Condensate BP Tangguh ...
2023-05-08 11:12:26,888 Creating Window Splitter Random Forest Model ....
2023-05-08 11:12:26,889 Creating Random Forest Model ...
2023-05-08 11:13:13,733 Show Best Random Forest Models ...
2023-05-08 11:13:13,733 Best Random Forest Models {'estimator__n_estimators': 150, 'window_length': 7}
2023-05-08 11:13:13,733 Random Forest Model Prediction ...
2023-05-08 11:13:16,281 Random Forest Model MAPE: 0.0742
2023-05-08 11:13:16,342 Creating XGBoost Model Forecasting Insample Condensate BP Tangguh ...
2023-05-08 11:13:16,343 Creating XGBoost Model ....
2023-05-08 11:13:20,169 Show Best XGBoost Models ...
2023-05-08 11:13:20,170 Best XGBoost Models {'estimator__n_estimators': 200, 'window_length': 30}
2023-05-08 11:13:20,170 XGBoost Model Prediction ...
2023-05-08 11:13:20,439 XGBoost Model MAPE: 0.0549
2023-05-08 11:13:20,501 Creating Linear Regression Model Forecasting Insample Condensate BP Tangguh ...
2023-05-08 11:13:20,502 Creating Linear Regression Model ...
2023-05-08 11:13:20,689 Show Best Linear Regression Models ...
2023-05-08 11:13:20,689 Best Linear Regression Models {'window_length': 7}
2023-05-08 11:13:20,689 Linear Regression Model Prediction ...
2023-05-08 11:13:20,718 Linear Regression Model MAPE: 0.0612
2023-05-08 11:13:20,780 Creating Polynomial Regression Degree=2 Model Forecasting Insample Condensate BP Tangguh ...
2023-05-08 11:13:20,781 Creating Polynomial Regression Orde 2 Model ...
2023-05-08 11:13:20,920 Show Best Polynomial Regression Degree=2 Models ...
2023-05-08 11:13:20,920 Best Polynomial Regression Degree=3 Models {'window_length': 1}
2023-05-08 11:13:20,920 Polynomial Regression Degree=2 Model Prediction ...
2023-05-08 11:13:20,962 Polynomial Regression Degree=2 Model MAPE: 0.0589
2023-05-08 11:13:21,029 Creating Polynomial Regression Degree=3 Model Forecasting Insample Condensate BP Tangguh ...
2023-05-08 11:13:21,029 Creating Polynomial Regression Orde 3 Model ...
2023-05-08 11:13:36,212 Show Best Polynomial Regression Degree=3 Models ...
2023-05-08 11:13:36,212 Best Polynomial Regression Degree=3 Models {'window_length': 0.8}
2023-05-08 11:13:36,212 Polynomial Regression Degree=3 Model Prediction ...
2023-05-08 11:13:41,934 Polynomial Regression Degree=3 Model MAPE: 0.1580
2023-05-08 11:13:41,996 Creating best model config dataframe ...
2023-05-08 11:13:42,056 Creating all model mape result data frame ...
2023-05-08 11:13:42,057 Creating all model params result data frame ...
2023-05-08 11:13:42,057 Creating all adjustment value dataframe ...
2023-05-08 11:13:42,057 Updating MAPE result to database ...
2023-05-08 11:13:42,067 Updated rows: 1
2023-05-08 11:13:42,128 Updating Model Parameter result to database ...
2023-05-08 11:13:42,133 Updated rows: 1
2023-05-08 11:13:42,194 Updating Adjustment Value result to database ...
2023-05-08 11:13:42,202 Updated rows: 1
2023-05-08 11:13:42,263 Updating Model Config to database ...
2023-05-08 11:13:42,273 Updated rows: 1
