2023-05-15 21:38:30,992 Creating Feed Gas BP Tangguh Model ...
2023-05-15 21:38:30,992 Connecting to database ...
2023-05-15 21:38:31,019 Cleaning data ...
2023-05-15 21:38:32,441 Null Value Cleaning ...
2023-05-15 21:38:33,290 Unplanned Shutdown Cleaning ...
2023-05-15 21:38:34,771 Final Data Prepare ...
2023-05-15 21:38:34,774 AD Fuller Test ...
2023-05-15 21:38:34,910 Creating Sarimax Model Forecasting Insample Feed Gas BP Tangguh ...
2023-05-15 21:38:34,912 Creating SARIMAX Model ...
2023-05-15 21:44:34,460 SARIMAX Model Summary
2023-05-15 21:44:34,465                                       SARIMAX Results                                      
===========================================================================================
Dep. Variable:                                   y   No. Observations:                 2165
Model:             SARIMAX(1, 0, 1)x(2, 1, [], 12)   Log Likelihood              -11953.842
Date:                             Mon, 15 May 2023   AIC                          23925.684
Time:                                     21:44:34   BIC                          23976.755
Sample:                                 01-01-2016   HQIC                         23944.366
                                      - 12-04-2021                                         
Covariance Type:                               opg                                         
====================================================================================
                       coef    std err          z      P>|z|      [0.025      0.975]
------------------------------------------------------------------------------------
month               -0.2431      2.443     -0.100      0.921      -5.030       4.544
planned_shutdown  -408.7498      5.967    -68.501      0.000    -420.445    -397.055
day                 -0.4114      0.225     -1.825      0.068      -0.853       0.031
wpnb_gas             0.0253      0.027      0.927      0.354      -0.028       0.079
ar.L1                0.8514      0.008    106.021      0.000       0.836       0.867
ma.L1               -0.4164      0.012    -33.690      0.000      -0.441      -0.392
ar.S.L12            -0.6066      0.008    -71.776      0.000      -0.623      -0.590
ar.S.L24            -0.2994      0.011    -26.663      0.000      -0.321      -0.277
sigma2            3838.9619     44.188     86.878      0.000    3752.355    3925.568
===================================================================================
Ljung-Box (L1) (Q):                   0.07   Jarque-Bera (JB):             26629.95
Prob(Q):                              0.79   Prob(JB):                         0.00
Heteroskedasticity (H):               0.26   Skew:                            -0.77
Prob(H) (two-sided):                  0.00   Kurtosis:                        20.16
===================================================================================

Warnings:
[1] Covariance matrix calculated using the outer product of gradients (complex-step).
2023-05-15 21:44:34,477 SARIMAX Model Prediction ..
2023-05-15 21:44:34,535 SARIMAX Model MAPE: 0.0574
2023-05-15 21:44:34,537 Sarimax Model Parameters {'sarimax_order': (1, 0, 1), 'sarimax_seasonal_order': (2, 1, 0, 12)}
2023-05-15 21:44:34,612 Creating Arimax Model Forecasting Insample Feed Gas BP Tangguh ...
2023-05-15 21:44:34,613 Creating ARIMAX Model ...
2023-05-15 21:44:50,170 ARIMAX Model Summary
2023-05-15 21:44:50,175                                SARIMAX Results                                
==============================================================================
Dep. Variable:                      y   No. Observations:                 2165
Model:               SARIMAX(2, 0, 1)   Log Likelihood              -11755.760
Date:                Mon, 15 May 2023   AIC                          23529.520
Time:                        21:44:50   BIC                          23580.642
Sample:                    01-01-2016   HQIC                         23548.216
                         - 12-04-2021                                         
Covariance Type:                  opg                                         
====================================================================================
                       coef    std err          z      P>|z|      [0.025      0.975]
------------------------------------------------------------------------------------
intercept            8.2518      5.450      1.514      0.130      -2.431      18.934
month               -2.8370      3.223     -0.880      0.379      -9.155       3.481
planned_shutdown  -227.2483      6.205    -36.625      0.000    -239.409    -215.087
day                 -0.4660      0.254     -1.835      0.067      -0.964       0.032
wpnb_gas             0.0280      0.038      0.732      0.464      -0.047       0.103
ar.L1                1.2309      0.019     64.367      0.000       1.193       1.268
ar.L2               -0.2386      0.016    -15.027      0.000      -0.270      -0.207
ma.L1               -0.6754      0.016    -41.659      0.000      -0.707      -0.644
sigma2            3094.3304     37.536     82.437      0.000    3020.762    3167.899
===================================================================================
Ljung-Box (L1) (Q):                   0.26   Jarque-Bera (JB):             64129.28
Prob(Q):                              0.61   Prob(JB):                         0.00
Heteroskedasticity (H):               0.27   Skew:                            -1.35
Prob(H) (two-sided):                  0.00   Kurtosis:                        29.53
===================================================================================

Warnings:
[1] Covariance matrix calculated using the outer product of gradients (complex-step).
2023-05-15 21:44:50,188 ARIMAX Model Prediction ..
2023-05-15 21:44:50,242 ARIMAX Model MAPE: 0.0918
2023-05-15 21:44:50,243 Arimax Model Parameters (2, 0, 1)
2023-05-15 21:44:50,309 Creating Prophet Model Forecasting Insample Feed Gas BP Tangguh ...
2023-05-15 21:44:50,310 Creating Prophet Regressor Object ....
2023-05-15 21:44:50,311 Creating Window Splitter Prophet Model ....
2023-05-15 21:44:50,313 Creating Prophet Model ...
2023-05-15 21:45:01,640 Optimization terminated abnormally. Falling back to Newton.
2023-05-15 21:45:17,250 Optimization terminated abnormally. Falling back to Newton.
2023-05-15 21:45:19,610 Optimization terminated abnormally. Falling back to Newton.
2023-05-15 21:46:00,269 Best Prophet Models {'changepoint_prior_scale': 0.1, 'daily_seasonality': 8, 'n_changepoints': 9, 'seasonality_mode': 'additive', 'seasonality_prior_scale': 0.1, 'weekly_seasonality': 1, 'yearly_seasonality': 8}
2023-05-15 21:46:00,270 Prophet Model Prediction ...
2023-05-15 21:46:00,903 Prophet Model MAPE: 0.0550
2023-05-15 21:46:00,971 Creating Random Forest Model Forecasting Insample Feed Gas BP Tangguh ...
2023-05-15 21:46:00,972 Creating Window Splitter Random Forest Model ....
2023-05-15 21:46:00,973 Creating Random Forest Model ...
2023-05-15 21:47:25,836 Show Best Random Forest Models ...
2023-05-15 21:47:25,836 Best Random Forest Models {'estimator__n_estimators': 200, 'window_length': 1}
2023-05-15 21:47:25,836 Random Forest Model Prediction ...
2023-05-15 21:47:34,764 Random Forest Model MAPE: 0.0667
2023-05-15 21:47:34,833 Creating XGBoost Model Forecasting Insample Feed Gas BP Tangguh ...
2023-05-15 21:47:34,835 Creating XGBoost Model ....
2023-05-15 21:47:41,890 Show Best XGBoost Models ...
2023-05-15 21:47:41,891 Best XGBoost Models {'estimator__n_estimators': 200, 'window_length': 7}
2023-05-15 21:47:41,891 XGBoost Model Prediction ...
2023-05-15 21:47:42,427 XGBoost Model MAPE: 0.0744
2023-05-15 21:47:42,495 Creating Linear Regression Model Forecasting Insample Feed Gas BP Tangguh ...
2023-05-15 21:47:42,497 Creating Linear Regression Model ...
2023-05-15 21:47:43,088 Show Best Linear Regression Models ...
2023-05-15 21:47:43,088 Best Linear Regression Models {'window_length': 2}
2023-05-15 21:47:43,088 Linear Regression Model Prediction ...
2023-05-15 21:47:43,145 Linear Regression Model MAPE: 0.0580
2023-05-15 21:47:43,214 Creating Polynomial Regression Degree=2 Model Forecasting Insample Feed Gas BP Tangguh ...
2023-05-15 21:47:43,215 Creating Polynomial Regression Orde 2 Model ...
2023-05-15 21:47:43,525 Show Best Polynomial Regression Degree=2 Models ...
2023-05-15 21:47:43,526 Best Polynomial Regression Degree=3 Models {'window_length': 1}
2023-05-15 21:47:43,526 Polynomial Regression Degree=2 Model Prediction ...
2023-05-15 21:47:43,617 Polynomial Regression Degree=2 Model MAPE: 0.0833
2023-05-15 21:47:43,685 Creating Polynomial Regression Degree=3 Model Forecasting Insample Feed Gas BP Tangguh ...
2023-05-15 21:47:43,687 Creating Polynomial Regression Orde 3 Model ...
2023-05-15 21:51:46,176 Show Best Polynomial Regression Degree=3 Models ...
2023-05-15 21:51:46,176 Best Polynomial Regression Degree=3 Models {'window_length': 0.8}
2023-05-15 21:51:46,177 Polynomial Regression Degree=3 Model Prediction ...
2023-05-15 21:53:23,574 Polynomial Regression Degree=3 Model MAPE: 0.1321
2023-05-15 21:53:23,657 Creating best model config dataframe ...
2023-05-15 21:53:23,722 Creating all model mape result dataframe ...
2023-05-15 21:53:23,724 Creating all model params result dataframe ...
2023-05-15 21:53:23,725 Creating all adjustment value dataframe ...
