2023-05-10 09:09:42,894 Creating Feed Gas PT Badak Model ....
2023-05-10 09:09:42,895 Connecting to database ...
2023-05-10 09:09:51,355 Finished Query
2023-05-10 09:09:51,356 Null Value Cleaning ...
2023-05-10 09:09:51,993 AD Fuller Test ...
2023-05-10 09:09:52,160 Creating Sarimax Model Forecasting Insample Feed Gas PT Badak ...
2023-05-10 09:09:52,161 Creating SARIMAX Model ...
2023-05-10 09:10:07,700 SARIMAX Model Summary
2023-05-10 09:10:07,707                                SARIMAX Results                                
==============================================================================
Dep. Variable:                      y   No. Observations:                 3042
Model:               SARIMAX(0, 1, 0)   Log Likelihood               32205.720
Date:                Wed, 10 May 2023   AIC                         -64403.441
Time:                        09:10:07   BIC                         -64379.361
Sample:                    01-01-2013   HQIC                        -64394.785
                         - 04-30-2021                                         
Covariance Type:                  opg                                         
==============================================================================
                 coef    std err          z      P>|z|      [0.025      0.975]
------------------------------------------------------------------------------
month      -1.273e-15   2.31e-25   -5.5e+09      0.000   -1.27e-15   -1.27e-15
day        -2.157e-15   1.71e-23  -1.26e+08      0.000   -2.16e-15   -2.16e-15
fg_exog        1.0000   7.57e-23   1.32e+22      0.000       1.000       1.000
sigma2          1e-10   3.59e-11      2.782      0.005    2.96e-11     1.7e-10
===================================================================================
Ljung-Box (L1) (Q):                 206.26   Jarque-Bera (JB):            120722.67
Prob(Q):                              0.00   Prob(JB):                         0.00
Heteroskedasticity (H):                inf   Skew:                             0.07
Prob(H) (two-sided):                  0.00   Kurtosis:                        33.87
===================================================================================

Warnings:
[1] Covariance matrix calculated using the outer product of gradients (complex-step).
[2] Covariance matrix is singular or near-singular, with condition number  1e+57. Standard errors may be unstable.
2023-05-10 09:10:07,716 SARIMAX Model Prediction ..
2023-05-10 09:10:07,773 SARIMAX Model MAPE: 0.0114
2023-05-10 09:10:07,775 Sarimax Model Parameters {'sarimax_order': (0, 1, 0), 'sarimax_seasonal_order': (0, 0, 0, 12)}
2023-05-10 09:10:07,836 Creating Arimax Model Forecasting Insample Feed Gas PT Badak ...
2023-05-10 09:10:07,838 Creating ARIMAX Model ...
2023-05-10 09:10:12,010 ARIMAX Model Summary
2023-05-10 09:10:12,016                                SARIMAX Results                                
==============================================================================
Dep. Variable:                      y   No. Observations:                 3042
Model:               SARIMAX(0, 1, 0)   Log Likelihood               32205.720
Date:                Wed, 10 May 2023   AIC                         -64403.441
Time:                        09:10:12   BIC                         -64379.361
Sample:                    01-01-2013   HQIC                        -64394.785
                         - 04-30-2021                                         
Covariance Type:                  opg                                         
==============================================================================
                 coef    std err          z      P>|z|      [0.025      0.975]
------------------------------------------------------------------------------
month      -1.273e-15   2.31e-25   -5.5e+09      0.000   -1.27e-15   -1.27e-15
day        -2.157e-15   1.71e-23  -1.26e+08      0.000   -2.16e-15   -2.16e-15
fg_exog        1.0000   7.57e-23   1.32e+22      0.000       1.000       1.000
sigma2          1e-10   3.59e-11      2.782      0.005    2.96e-11     1.7e-10
===================================================================================
Ljung-Box (L1) (Q):                 206.26   Jarque-Bera (JB):            120722.67
Prob(Q):                              0.00   Prob(JB):                         0.00
Heteroskedasticity (H):                inf   Skew:                             0.07
Prob(H) (two-sided):                  0.00   Kurtosis:                        33.87
===================================================================================

Warnings:
[1] Covariance matrix calculated using the outer product of gradients (complex-step).
[2] Covariance matrix is singular or near-singular, with condition number  1e+57. Standard errors may be unstable.
2023-05-10 09:10:12,025 ARIMAX Model Prediction ..
2023-05-10 09:10:12,077 ARIMAX Model MAPE: 0.0114
2023-05-10 09:10:12,078 Arimax Model Parameters (0, 1, 0)
2023-05-10 09:10:12,139 Creating Prophet Model Forecasting Insample Feed Gas PT Badak ...
2023-05-10 09:10:12,139 Creating Prophet Regressor Object ....
2023-05-10 09:10:12,140 Creating Window Splitter Prophet Model ....
2023-05-10 09:10:12,142 Creating Prophet Model ...
2023-05-10 09:18:33,790 Show Best Prophet Models ...
2023-05-10 09:18:33,790 Best Prophet Models {'changepoint_prior_scale': 0.1, 'daily_seasonality': 10, 'n_changepoints': 7, 'seasonality_mode': 'multiplicative', 'seasonality_prior_scale': 0.1, 'weekly_seasonality': 5, 'yearly_seasonality': 8}
2023-05-10 09:18:33,790 Prophet Model Prediction ...
2023-05-10 09:18:34,354 Prophet Model MAPE: 0.0115
2023-05-10 09:18:34,423 Creating Random Forest Model Forecasting Insample Feed Gas PT Badak ...
2023-05-10 09:18:34,424 Creating Window Splitter Random Forest Model ....
2023-05-10 09:18:34,425 Creating Random Forest Model ...
2023-05-10 09:20:22,506 Show Best Random Forest Models ...
2023-05-10 09:20:22,506 Best Random Forest Models {'estimator__n_estimators': 150, 'window_length': 7}
2023-05-10 09:20:22,506 Random Forest Model Prediction ...
2023-05-10 09:20:29,133 Random Forest Model MAPE: 0.0457
2023-05-10 09:20:29,198 Creating XGBoost Model Forecasting Insample Feed Gas PT Badak ...
2023-05-10 09:20:29,200 Creating XGBoost Model ....
2023-05-10 09:20:38,440 Show Best XGBoost Models ...
2023-05-10 09:20:38,441 Best XGBoost Models {'estimator__n_estimators': 200, 'window_length': 30}
2023-05-10 09:20:38,441 XGBoost Model Prediction ...
2023-05-10 09:20:38,985 XGBoost Model MAPE: 0.2110
2023-05-10 09:20:39,050 Creating Linear Regression Model Forecasting Insample Feed Gas PT Badak ...
2023-05-10 09:20:39,051 Creating Linear Regression Model ...
2023-05-10 09:20:39,504 Show Best Linear Regression Models ...
2023-05-10 09:20:39,504 Best Linear Regression Models {'window_length': 3}
2023-05-10 09:20:39,504 Linear Regression Model Prediction ...
2023-05-10 09:20:39,558 Linear Regression Model MAPE: 0.0402
2023-05-10 09:20:39,621 Creating Polynomial Regression Degree=2 Model Forecasting Insample Feed Gas PT Badak ...
2023-05-10 09:20:39,623 Creating Polynomial Regression Orde 2 Model ...
2023-05-10 09:20:39,944 Show Best Polynomial Regression Degree=2 Models ...
2023-05-10 09:20:39,944 Best Polynomial Regression Degree=3 Models {'window_length': 1}
2023-05-10 09:20:39,944 Polynomial Regression Degree=2 Model Prediction ...
2023-05-10 09:20:40,025 Polynomial Regression Degree=2 Model MAPE: 0.0404
2023-05-10 09:20:40,091 Creating Polynomial Regression Degree=3 Model Forecasting Insample Feed Gas PT Badak ...
2023-05-10 09:20:40,093 Creating Polynomial Regression Orde 3 Model ...
2023-05-10 09:27:40,449 Show Best Polynomial Regression Degree=3 Models ...
2023-05-10 09:27:40,449 Best Polynomial Regression Degree=3 Models {'window_length': 0.8}
2023-05-10 09:27:40,449 Polynomial Regression Degree=3 Model Prediction ...
2023-05-10 09:29:28,414 Polynomial Regression Degree=3 Model MAPE: 0.3045
2023-05-10 09:29:28,491 Creating best model config dataframe ...
2023-05-10 09:29:28,557 Creating all model params result data frame ...
2023-05-10 09:29:28,558 Creating all model mape result data frame ...
