2023-06-30 12:19:40,543 Forecasting LNG Production PT Badak ...
2023-06-30 12:19:40,543 Connecting to database ...
2023-06-30 12:19:40,572 Connected to Database
2023-06-30 12:19:40,701 Finished Query
2023-06-30 12:19:40,701 Null Value Cleaning ...
2023-06-30 12:19:40,985 AD Fuller Test ...
2023-06-30 12:19:41,148 Creating Sarimax Model Forecasting Insample LNG Production PT Badak ...
2023-06-30 12:19:41,148 Creating SARIMAX Model ...
2023-06-30 12:20:58,270 SARIMAX Model Summary
2023-06-30 12:20:58,274                                SARIMAX Results                                
==============================================================================
Dep. Variable:                      y   No. Observations:                 3432
Model:               SARIMAX(1, 1, 1)   Log Likelihood              -28446.892
Date:                Fri, 30 Jun 2023   AIC                          56905.783
Time:                        12:20:58   BIC                          56942.627
Sample:                    01-01-2013   HQIC                         56918.946
                         - 05-25-2022                                         
Covariance Type:                  opg                                         
==============================================================================
                 coef    std err          z      P>|z|      [0.025      0.975]
------------------------------------------------------------------------------
month        -16.8133     13.941     -1.206      0.228     -44.137      10.511
fg_exog       40.7697      0.147    277.138      0.000      40.481      41.058
day           -0.6355      2.029     -0.313      0.754      -4.612       3.342
ar.L1          0.1290      0.013      9.719      0.000       0.103       0.155
ma.L1         -0.9186      0.006   -147.988      0.000      -0.931      -0.906
sigma2      9.255e+05   9976.530     92.766      0.000    9.06e+05    9.45e+05
===================================================================================
Ljung-Box (L1) (Q):                   0.19   Jarque-Bera (JB):             13085.71
Prob(Q):                              0.66   Prob(JB):                         0.00
Heteroskedasticity (H):               0.66   Skew:                            -0.77
Prob(H) (two-sided):                  0.00   Kurtosis:                        12.44
===================================================================================

Warnings:
[1] Covariance matrix calculated using the outer product of gradients (complex-step).
2023-06-30 12:20:58,280 SARIMAX Model Prediction ..
2023-06-30 12:20:58,319 SARIMAX Model MAPE: 0.0725
2023-06-30 12:20:58,325 Sarimax Model Parameters {'sarimax_order': (1, 1, 1), 'sarimax_seasonal_order': (0, 0, 0, 4)}
2023-06-30 12:20:58,416 Creating Arimax Model Forecasting Insample LNG Production PT Badak ...
2023-06-30 12:20:58,417 Creating ARIMAX Model ...
2023-06-30 12:22:15,643 ARIMAX Model Summary
2023-06-30 12:22:15,647                                SARIMAX Results                                
==============================================================================
Dep. Variable:                      y   No. Observations:                 3432
Model:               SARIMAX(1, 1, 3)   Log Likelihood              -28434.832
Date:                Fri, 30 Jun 2023   AIC                          56887.665
Time:                        12:22:15   BIC                          56942.930
Sample:                    01-01-2013   HQIC                         56907.408
                         - 05-25-2022                                         
Covariance Type:                  opg                                         
==============================================================================
                 coef    std err          z      P>|z|      [0.025      0.975]
------------------------------------------------------------------------------
intercept      0.0628      0.043      1.475      0.140      -0.021       0.146
month         14.6848     13.187      1.114      0.265     -11.162      40.532
day            0.2358      2.208      0.107      0.915      -4.092       4.564
fg_exog       40.7459      0.154    264.243      0.000      40.444      41.048
ar.L1          0.9256      0.019     47.941      0.000       0.888       0.963
ma.L1         -1.7329      0.023    -75.024      0.000      -1.778      -1.688
ma.L2          0.6795      0.026     26.494      0.000       0.629       0.730
ma.L3          0.0557      0.014      3.878      0.000       0.028       0.084
sigma2      9.591e+05      0.001   7.72e+08      0.000    9.59e+05    9.59e+05
===================================================================================
Ljung-Box (L1) (Q):                   0.07   Jarque-Bera (JB):             13524.86
Prob(Q):                              0.79   Prob(JB):                         0.00
Heteroskedasticity (H):               0.65   Skew:                            -0.80
Prob(H) (two-sided):                  0.00   Kurtosis:                        12.59
===================================================================================

Warnings:
[1] Covariance matrix calculated using the outer product of gradients (complex-step).
[2] Covariance matrix is singular or near-singular, with condition number 5.85e+23. Standard errors may be unstable.
2023-06-30 12:22:15,654 ARIMAX Model Prediction ..
2023-06-30 12:22:15,691 ARIMAX Model MAPE: 0.0734
2023-06-30 12:22:15,691 Arimax Model Parameters (1, 1, 3)
2023-06-30 12:22:15,760 Creating Prophet Model Forecasting Insample LNG Production PT Badak ...
2023-06-30 12:22:15,761 Creating Prophet Regressor Object ....
2023-06-30 12:22:15,761 Creating Window Splitter Prophet Model ....
2023-06-30 12:22:15,761 Creating Prophet Model ...
2023-06-30 12:24:58,685 Show Best Prophet Models ...
2023-06-30 12:24:58,686 Best Prophet Models {'changepoint_prior_scale': 0.5, 'daily_seasonality': 8, 'n_changepoints': 29, 'seasonality_mode': 'additive', 'seasonality_prior_scale': 0.1, 'weekly_seasonality': 1, 'yearly_seasonality': 8}
2023-06-30 12:24:58,686 Prophet Model Prediction ...
2023-06-30 12:24:59,013 Prophet Model MAPE: 0.0725
2023-06-30 12:24:59,075 Creating Random Forest Model Forecasting Insample LNG Production PT Badak ...
2023-06-30 12:24:59,075 Creating Window Splitter Random Forest Model ....
2023-06-30 12:24:59,076 Creating Random Forest Model ...
2023-06-30 12:27:35,804 Show Best Random Forest Models ...
2023-06-30 12:27:35,804 Best Random Forest Models {'estimator__n_estimators': 200, 'window_length': 29}
2023-06-30 12:27:35,804 Random Forest Model Prediction ...
2023-06-30 12:27:39,201 Random Forest Model MAPE: 0.0744
2023-06-30 12:27:39,261 Creating XGBoost Model Forecasting Insample LNG Production PT Badak ...
2023-06-30 12:27:39,262 Creating XGBoost Model ....
2023-06-30 12:32:42,601 Show Best XGBoost Models ...
2023-06-30 12:32:42,601 Best XGBoost Models {'estimator__n_estimators': 100, 'window_length': 7}
2023-06-30 12:32:42,601 XGBoost Model Prediction ...
2023-06-30 12:32:45,590 XGBoost Model MAPE: 0.0771
2023-06-30 12:32:45,651 Creating Linear Regression Model Forecasting Insample LNG Production PT Badak ...
2023-06-30 12:32:45,651 Creating Linear Regression Model ...
2023-06-30 12:32:45,858 Show Best Linear Regression Models ...
2023-06-30 12:32:45,859 Best Linear Regression Models {'window_length': 2}
2023-06-30 12:32:45,859 Linear Regression Model Prediction ...
2023-06-30 12:32:45,887 Linear Regression Model MAPE: 0.0795
2023-06-30 12:32:45,947 Creating Polynomial Regression Degree=2 Model Forecasting Insample LNG Production PT Badak ...
2023-06-30 12:32:45,948 Creating Polynomial Regression Orde 2 Model ...
2023-06-30 12:32:46,114 Show Best Polynomial Regression Degree=2 Models ...
2023-06-30 12:32:46,114 Best Polynomial Regression Degree=3 Models {'window_length': 1}
2023-06-30 12:32:46,115 Polynomial Regression Degree=2 Model Prediction ...
2023-06-30 12:32:46,152 Polynomial Regression Degree=2 Model MAPE: 0.0819
2023-06-30 12:32:46,220 Creating Polynomial Regression Degree=3 Model Forecasting Insample LNG Production PT Badak ...
2023-06-30 12:32:46,220 Creating Polynomial Regression Orde 3 Model ...
2023-06-30 12:32:46,435 Show Best Polynomial Regression Degree=3 Models ...
2023-06-30 12:32:46,435 Best Polynomial Regression Degree=3 Models {'window_length': 1}
2023-06-30 12:32:46,435 Polynomial Regression Degree=3 Model Prediction ...
2023-06-30 12:32:46,472 Polynomial Regression Degree=3 Model MAPE: 0.0791
2023-06-30 12:32:46,538 Creating best model config dataframe ...
2023-06-30 12:32:46,599 Creating all model params result data frame ...
2023-06-30 12:32:46,600 Creating all model mape result data frame ...
2023-06-30 12:32:46,600 Updating MAPE result to database ...
2023-06-30 12:32:46,605 Updated rows: 1
2023-06-30 12:32:46,667 Updating Model Parameter result to database ...
2023-06-30 12:32:46,671 Updated rows: 1
2023-06-30 12:32:46,733 Updating Model Config to database ...
2023-06-30 12:32:46,737 Updated rows: 1
