2023-06-30 11:10:37,768 Creating LNG Production Tangguh Model ...
2023-06-30 11:10:37,768 Connecting to database ...
2023-06-30 11:10:37,795 Cleaning data ...
2023-06-30 11:10:37,887 Null Value Cleaning ...
2023-06-30 11:10:37,895 Unplanned Shutdown Cleaning ...
2023-06-30 11:10:38,329 Final Data Prepare ...
2023-06-30 11:10:38,330 AD Fuller Test ...
2023-06-30 11:10:38,465 Creating Sarimax Model Forecasting Insample LNG Production BP Tangguh ...
2023-06-30 11:10:38,466 Creating SARIMAX Model ...
2023-06-30 11:14:25,419 SARIMAX Model Summary
2023-06-30 11:14:25,421                                       SARIMAX Results                                      
===========================================================================================
Dep. Variable:                                   y   No. Observations:                 2367
Model:             SARIMAX(1, 0, 1)x(2, 1, [], 12)   Log Likelihood              -21842.394
Date:                             Fri, 30 Jun 2023   AIC                          43700.787
Time:                                     11:14:25   BIC                          43746.901
Sample:                                 01-01-2016   HQIC                         43717.580
                                      - 06-24-2022                                         
Covariance Type:                               opg                                         
====================================================================================
                       coef    std err          z      P>|z|      [0.025      0.975]
------------------------------------------------------------------------------------
month              -28.2408    109.052     -0.259      0.796    -241.979     185.497
day                -17.4134     10.446     -1.667      0.096     -37.888       3.061
planned_shutdown  -2.39e+04    213.236   -112.074      0.000   -2.43e+04   -2.35e+04
ar.L1                0.8224      0.008     97.353      0.000       0.806       0.839
ma.L1               -0.3426      0.018    -19.094      0.000      -0.378      -0.307
ar.S.L12            -0.5841      0.011    -52.877      0.000      -0.606      -0.562
ar.S.L24            -0.2294      0.012    -19.901      0.000      -0.252      -0.207
sigma2            8.477e+06      0.187   4.53e+07      0.000    8.48e+06    8.48e+06
===================================================================================
Ljung-Box (L1) (Q):                  14.30   Jarque-Bera (JB):             37668.64
Prob(Q):                              0.00   Prob(JB):                         0.00
Heteroskedasticity (H):               0.58   Skew:                            -0.94
Prob(H) (two-sided):                  0.00   Kurtosis:                        22.50
===================================================================================

Warnings:
[1] Covariance matrix calculated using the outer product of gradients (complex-step).
[2] Covariance matrix is singular or near-singular, with condition number 1.24e+22. Standard errors may be unstable.
2023-06-30 11:14:25,425 SARIMAX Model Prediction ..
2023-06-30 11:14:25,461 SARIMAX Model MAPE: 0.0528
2023-06-30 11:14:25,461 Sarimax Model Parameters {'sarimax_order': (1, 0, 1), 'sarimax_seasonal_order': (2, 1, 0, 12)}
2023-06-30 11:14:25,530 Creating Arimax Model Forecasting Insample LNG Production BP Tangguh ...
2023-06-30 11:14:25,531 Creating ARIMAX Model ...
2023-06-30 11:14:33,064 ARIMAX Model Summary
2023-06-30 11:14:33,067                                SARIMAX Results                                
==============================================================================
Dep. Variable:                      y   No. Observations:                 2367
Model:               SARIMAX(0, 1, 3)   Log Likelihood              -21470.298
Date:                Fri, 30 Jun 2023   AIC                          42954.596
Time:                        11:14:33   BIC                          42994.979
Sample:                    01-01-2016   HQIC                         42969.298
                         - 06-24-2022                                         
Covariance Type:                  opg                                         
====================================================================================
                       coef    std err          z      P>|z|      [0.025      0.975]
------------------------------------------------------------------------------------
month              -68.9393    101.022     -0.682      0.495    -266.939     129.060
day                -17.6215      7.987     -2.206      0.027     -33.275      -1.968
planned_shutdown -1.207e+04    203.955    -59.199      0.000   -1.25e+04   -1.17e+04
ma.L1               -0.2188      0.009    -25.184      0.000      -0.236      -0.202
ma.L2               -0.1862      0.008    -23.811      0.000      -0.202      -0.171
ma.L3               -0.0550      0.011     -4.855      0.000      -0.077      -0.033
sigma2            4.428e+06   3.28e+04    135.020      0.000    4.36e+06    4.49e+06
===================================================================================
Ljung-Box (L1) (Q):                   0.46   Jarque-Bera (JB):            114813.24
Prob(Q):                              0.50   Prob(JB):                         0.00
Heteroskedasticity (H):               0.69   Skew:                            -1.20
Prob(H) (two-sided):                  0.00   Kurtosis:                        37.04
===================================================================================

Warnings:
[1] Covariance matrix calculated using the outer product of gradients (complex-step).
2023-06-30 11:14:33,073 ARIMAX Model Prediction ..
2023-06-30 11:14:33,105 ARIMAX Model MAPE: 0.0464
2023-06-30 11:14:33,105 Arimax Model Parameters (0, 1, 3)
2023-06-30 11:14:33,169 Creating Prophet Model Forecasting Insample LNG Production BP Tangguh ...
2023-06-30 11:14:33,169 Creating Prophet Regressor Object ....
2023-06-30 11:14:33,169 Creating Window Splitter Prophet Model ....
2023-06-30 11:14:33,170 Creating Prophet Model ...
2023-06-30 11:14:51,813 Optimization terminated abnormally. Falling back to Newton.
2023-06-30 11:15:49,827 Show Best Prophet Models ...
2023-06-30 11:15:49,827 Best Prophet Models {'changepoint_prior_scale': 0.1, 'daily_seasonality': 10, 'n_changepoints': 7, 'seasonality_mode': 'multiplicative', 'seasonality_prior_scale': 0.1, 'weekly_seasonality': 1, 'yearly_seasonality': 8}
2023-06-30 11:15:49,827 Prophet Model Prediction ...
2023-06-30 11:15:50,146 Prophet Model MAPE: 0.0618
2023-06-30 11:15:50,209 Creating Random Forest Model Forecasting Insample LNG Production BP Tangguh ...
2023-06-30 11:15:50,210 Creating Window Splitter Random Forest Model ....
2023-06-30 11:15:50,210 Creating Random Forest Model ...
2023-06-30 11:16:30,824 Show Best Random Forest Models ...
2023-06-30 11:16:30,824 Best Random Forest Models {'estimator__n_estimators': 150, 'window_length': 7}
2023-06-30 11:16:30,824 Random Forest Model Prediction ...
2023-06-30 11:16:33,371 Random Forest Model MAPE: 0.0663
2023-06-30 11:16:33,434 Creating XGBoost Model Forecasting Insample LNG Production BP Tangguh ...
2023-06-30 11:16:33,435 Creating XGBoost Model ....
2023-06-30 11:20:27,986 Show Best XGBoost Models ...
2023-06-30 11:20:27,986 Best XGBoost Models {'estimator__n_estimators': 100, 'window_length': 3}
2023-06-30 11:20:27,986 XGBoost Model Prediction ...
2023-06-30 11:20:32,112 XGBoost Model MAPE: 0.0638
2023-06-30 11:20:32,174 Creating Linear Regression Model Forecasting Insample LNG Production BP Tangguh ...
2023-06-30 11:20:32,175 Creating Linear Regression Model ...
2023-06-30 11:20:32,401 Show Best Linear Regression Models ...
2023-06-30 11:20:32,401 Best Linear Regression Models {'window_length': 2}
2023-06-30 11:20:32,401 Linear Regression Model Prediction ...
2023-06-30 11:20:32,427 Linear Regression Model MAPE: 0.0564
2023-06-30 11:20:32,490 Creating Polynomial Regression Degree=2 Model Forecasting Insample LNG Production BP Tangguh ...
2023-06-30 11:20:32,491 Creating Polynomial Regression Orde 2 Model ...
2023-06-30 11:20:32,623 Show Best Polynomial Regression Degree=2 Models ...
2023-06-30 11:20:32,623 Best Polynomial Regression Degree=3 Models {'window_length': 1}
2023-06-30 11:20:32,623 Polynomial Regression Degree=2 Model Prediction ...
2023-06-30 11:20:32,668 Polynomial Regression Degree=2 Model MAPE: 0.0603
2023-06-30 11:20:32,734 Creating Polynomial Regression Degree=3 Model Forecasting Insample LNG Production BP Tangguh ...
2023-06-30 11:20:32,735 Creating Polynomial Regression Orde 3 Model ...
2023-06-30 11:21:02,692 Show Best Polynomial Regression Degree=3 Models ...
2023-06-30 11:21:02,692 Best Polynomial Regression Degree=3 Models {'window_length': 0.8}
2023-06-30 11:21:02,692 Polynomial Regression Degree=3 Model Prediction ...
2023-06-30 11:21:09,645 Polynomial Regression Degree=3 Model MAPE: 0.0788
2023-06-30 11:21:09,708 Creating best model config dataframe ...
2023-06-30 11:21:09,769 Creating all model mape result data frame ...
2023-06-30 11:21:09,769 Creating all model params result data frame ...
2023-06-30 11:21:09,770 Creating all adjustment value dataframe ...
2023-06-30 11:21:09,770 Updating MAPE result to database ...
2023-06-30 11:21:09,774 Updated rows: 1
2023-06-30 11:21:09,836 Updating Model Parameter result to database ...
2023-06-30 11:21:09,841 Updated rows: 1
2023-06-30 11:21:09,903 Updating Adjustment Value result to database ...
2023-06-30 11:21:09,907 Updated rows: 1
2023-06-30 11:21:09,968 Updating Model Config to database ...
2023-06-30 11:21:09,971 Updated rows: 1
